06-14-2026 21:35:21 RAM 1535/7607MB (lfb 4x4MB) SWAP 329/3804MB (cached 1MB) CPU [9%@1510,1%@1510,3%@1510,1%@1510,0%@1510,5%@1510] GR3D_FREQ 0% cpu@53.656C soc2@52.218C soc0@50.562C gpu@53.5C tj@53.656C soc1@52.625C VDD_IN 5436mW/5436mW VDD_CPU_GPU_CV 1071mW/1071mW VDD_SOC 1468mW/1468mW
06-14-2026 21:35:22 RAM 1535/7607MB (lfb 4x4MB) SWAP 329/3804MB (cached 1MB) CPU [0%@1510,0%@1510,0%@1510,0%@1510,0%@1510,0%@1510] GR3D_FREQ 0% cpu@53.656C soc2@52.218C soc0@50.562C gpu@53.375C tj@53.656C soc1@52.75C VDD_IN 5198mW/5317mW VDD_CPU_GPU_CV 950mW/1011mW VDD_SOC 1428mW/1448mW
06-14-2026 21:35:23 RAM 1535/7607MB (lfb 4x4MB) SWAP 329/3804MB (cached 1MB) CPU [0%@1510,0%@1510,0%@1510,0%@1510,0%@1510,0%@1510] GR3D_FREQ 0% cpu@53.718C soc2@52.218C soc0@50.562C gpu@53.531C tj@53.718C soc1@52.656C VDD_IN 5198mW/5277mW VDD_CPU_GPU_CV 950mW/990mW VDD_SOC 1428mW/1441mW
06-14-2026 21:35:24 RAM 1535/7607MB (lfb 4x4MB) SWAP 329/3804MB (cached 1MB) CPU [0%@1510,1%@1510,0%@1510,0%@1510,0%@1510,0%@1510] GR3D_FREQ 0% cpu@53.656C soc2@52.25C soc0@50.625C gpu@53.593C tj@53.656C soc1@52.687C VDD_IN 5198mW/5258mW VDD_CPU_GPU_CV 950mW/980mW VDD_SOC 1428mW/1438mW
06-14-2026 21:35:25 RAM 1535/7607MB (lfb 4x4MB) SWAP 329/3804MB (cached 1MB) CPU [0%@1510,1%@1510,0%@1510,0%@1510,0%@1510,0%@1510] GR3D_FREQ 0% cpu@53.812C soc2@52.281C soc0@50.656C gpu@53.625C tj@53.812C soc1@52.718C VDD_IN 5237mW/5253mW VDD_CPU_GPU_CV 990mW/982mW VDD_SOC 1428mW/1436mW
06-14-2026 21:35:26 RAM 1845/7607MB (lfb 2x4MB) SWAP 329/3804MB (cached 1MB) CPU [12%@1510,23%@1510,20%@1510,16%@1510,73%@1510,9%@1510] GR3D_FREQ 22% cpu@54C soc2@52.437C soc0@50.687C gpu@53.656C tj@54C soc1@52.656C VDD_IN 6824mW/5515mW VDD_CPU_GPU_CV 1624mW/1089mW VDD_SOC 1745mW/1488mW
06-14-2026 21:35:27 RAM 1662/7607MB (lfb 3x4MB) SWAP 329/3804MB (cached 1MB) CPU [0%@1510,0%@1510,0%@1510,20%@1510,100%@1510,0%@1510] GR3D_FREQ 0% cpu@53.968C soc2@52.375C soc0@50.593C gpu@53.781C tj@53.968C soc1@52.656C VDD_IN 6031mW/5589mW VDD_CPU_GPU_CV 1426mW/1137mW VDD_SOC 1507mW/1490mW
06-14-2026 21:35:28 RAM 1685/7607MB (lfb 2x4MB) SWAP 329/3804MB (cached 1MB) CPU [1%@1510,4%@1510,0%@1510,6%@1510,38%@1510,59%@1510] GR3D_FREQ 0% cpu@53.906C soc2@52.25C soc0@50.625C gpu@53.75C tj@53.906C soc1@52.656C VDD_IN 5991mW/5639mW VDD_CPU_GPU_CV 1465mW/1178mW VDD_SOC 1468mW/1488mW
06-14-2026 21:35:29 RAM 1689/7607MB (lfb 2x4MB) SWAP 329/3804MB (cached 1MB) CPU [3%@1510,4%@1510,0%@1510,3%@1510,0%@1510,97%@1510] GR3D_FREQ 0% cpu@53.937C soc2@52.312C soc0@50.656C gpu@53.75C tj@53.937C soc1@52.75C VDD_IN 5991mW/5678mW VDD_CPU_GPU_CV 1386mW/1201mW VDD_SOC 1507mW/1490mW
06-14-2026 21:35:30 RAM 1696/7607MB (lfb 2x4MB) SWAP 329/3804MB (cached 1MB) CPU [0%@1510,0%@1510,0%@1510,2%@1510,0%@1510,100%@1510] GR3D_FREQ 0% cpu@53.937C soc2@52.312C soc0@50.656C gpu@53.843C tj@53.937C soc1@52.75C VDD_IN 5912mW/5702mW VDD_CPU_GPU_CV 1386mW/1220mW VDD_SOC 1468mW/1488mW
06-14-2026 21:35:31 RAM 2319/7607MB (lfb 2x4MB) SWAP 329/3804MB (cached 1MB) CPU [1%@1510,0%@1510,0%@1510,3%@1510,12%@1510,98%@1510] GR3D_FREQ 0% cpu@54.031C soc2@52.25C soc0@50.687C gpu@53.75C tj@54.031C soc1@52.687C VDD_IN 6229mW/5750mW VDD_CPU_GPU_CV 1545mW/1249mW VDD_SOC 1507mW/1489mW
06-14-2026 21:35:32 RAM 3755/7607MB (lfb 2x4MB) SWAP 329/3804MB (cached 1MB) CPU [61%@1510,21%@1510,0%@1510,1%@1510,4%@1510,93%@1510] GR3D_FREQ 11% cpu@54.187C soc2@52.5C soc0@50.625C gpu@53.812C tj@54.187C soc1@52.75C VDD_IN 6586mW/5819mW VDD_CPU_GPU_CV 1743mW/1291mW VDD_SOC 1587mW/1497mW
06-14-2026 21:35:33 RAM 3755/7607MB (lfb 2x4MB) SWAP 329/3804MB (cached 1MB) CPU [31%@1510,13%@1510,0%@1510,0%@1510,0%@1510,99%@1510] GR3D_FREQ 15% cpu@54.25C soc2@52.468C soc0@50.781C gpu@53.562C tj@54.125C soc1@52.937C VDD_IN 6785mW/5894mW VDD_CPU_GPU_CV 1663mW/1319mW VDD_SOC 1706mW/1513mW
06-14-2026 21:35:34 RAM 4541/7607MB (lfb 1x512kB) SWAP 329/3804MB (cached 1MB) CPU [56%@1510,4%@1510,0%@1510,0%@1510,0%@1510,97%@1510] GR3D_FREQ 0% cpu@54.437C soc2@52.687C soc0@50.781C gpu@53.656C tj@54.437C soc1@52.718C VDD_IN 6785mW/5957mW VDD_CPU_GPU_CV 1782mW/1352mW VDD_SOC 1626mW/1522mW
06-14-2026 21:35:35 RAM 5510/7607MB (lfb 3x512kB) SWAP 330/3804MB (cached 1MB) CPU [55%@1510,7%@1510,0%@1510,0%@1510,0%@1510,82%@1510] GR3D_FREQ 0% cpu@54.156C soc2@52.593C soc0@50.781C gpu@53.531C tj@54.156C soc1@52.843C VDD_IN 6745mW/6010mW VDD_CPU_GPU_CV 1861mW/1386mW VDD_SOC 1587mW/1526mW
06-14-2026 21:35:36 RAM 5539/7607MB (lfb 1x4MB) SWAP 330/3804MB (cached 1MB) CPU [13%@1510,4%@1510,2%@1510,4%@1510,21%@1510,58%@1510] GR3D_FREQ 10% cpu@54.125C soc2@52.531C soc0@50.875C gpu@53.718C tj@54.125C soc1@52.75C VDD_IN 6586mW/6046mW VDD_CPU_GPU_CV 1545mW/1396mW VDD_SOC 1706mW/1537mW
06-14-2026 21:35:37 RAM 5665/7607MB (lfb 4x4MB) SWAP 330/3804MB (cached 1MB) CPU [6%@1510,0%@1510,0%@1510,5%@1510,15%@1510,0%@1510] GR3D_FREQ 0% cpu@53.843C soc2@52.562C soc0@50.656C gpu@53.687C tj@53.843C soc1@52.812C VDD_IN 5753mW/6029mW VDD_CPU_GPU_CV 1188mW/1384mW VDD_SOC 1507mW/1535mW
06-14-2026 21:35:38 RAM 5881/7607MB (lfb 1x512kB) SWAP 330/3804MB (cached 1MB) CPU [5%@1510,4%@1510,0%@1510,3%@1510,28%@1510,0%@1510] GR3D_FREQ 99% cpu@54C soc2@52.687C soc0@50.718C gpu@54.562C tj@54.562C soc1@52.75C VDD_IN 7420mW/6106mW VDD_CPU_GPU_CV 2376mW/1439mW VDD_SOC 1663mW/1542mW
06-14-2026 21:35:39 RAM 5889/7607MB (lfb 2x2MB) SWAP 330/3804MB (cached 1MB) CPU [0%@1510,0%@1510,0%@1510,4%@1510,64%@1510,0%@1510] GR3D_FREQ 99% cpu@54.187C soc2@53C soc0@50.937C gpu@55.375C tj@55.375C soc1@52.906C VDD_IN 10158mW/6319mW VDD_CPU_GPU_CV 4825mW/1617mW VDD_SOC 1743mW/1553mW
06-14-2026 21:35:40 RAM 5885/7607MB (lfb 1x4MB) SWAP 330/3804MB (cached 1MB) CPU [0%@1510,0%@1510,0%@1510,1%@1510,0%@1510,0%@1510] GR3D_FREQ 99% cpu@54.375C soc2@53.093C soc0@51.062C gpu@55.468C tj@55.468C soc1@53.031C VDD_IN 10158mW/6511mW VDD_CPU_GPU_CV 4904mW/1782mW VDD_SOC 1666mW/1559mW
06-14-2026 21:35:41 RAM 5885/7607MB (lfb 1x4MB) SWAP 330/3804MB (cached 1MB) CPU [0%@1510,0%@1510,0%@1510,0%@1510,0%@1510,0%@1510] GR3D_FREQ 99% cpu@54.718C soc2@53.312C soc0@51.281C gpu@55.593C tj@55.593C soc1@53.187C VDD_IN 10396mW/6696mW VDD_CPU_GPU_CV 4944mW/1932mW VDD_SOC 1782mW/1569mW
06-14-2026 21:35:42 RAM 5885/7607MB (lfb 1x4MB) SWAP 330/3804MB (cached 1MB) CPU [0%@1510,0%@1510,0%@1510,0%@1510,0%@1510,0%@1510] GR3D_FREQ 99% cpu@54.718C soc2@53.406C soc0@51.437C gpu@55.906C tj@55.906C soc1@53.375C VDD_IN 10396mW/6864mW VDD_CPU_GPU_CV 4944mW/2069mW VDD_SOC 1743mW/1577mW
06-14-2026 21:35:43 RAM 5885/7607MB (lfb 1x4MB) SWAP 330/3804MB (cached 1MB) CPU [0%@1510,0%@1510,0%@1510,0%@1510,0%@1510,0%@1510] GR3D_FREQ 99% cpu@54.468C soc2@53.437C soc0@51.375C gpu@55.937C tj@55.937C soc1@53.187C VDD_IN 10277mW/7013mW VDD_CPU_GPU_CV 4904mW/2192mW VDD_SOC 1706mW/1583mW
06-14-2026 21:35:44 RAM 5884/7607MB (lfb 1x4MB) SWAP 330/3804MB (cached 1MB) CPU [0%@1510,0%@1510,0%@1510,0%@1510,0%@1510,0%@1510] GR3D_FREQ 99% cpu@54.625C soc2@53.5C soc0@51.531C gpu@56.031C tj@56.031C soc1@53.375C VDD_IN 10158mW/7144mW VDD_CPU_GPU_CV 4904mW/2305mW VDD_SOC 1666mW/1586mW
06-14-2026 21:35:45 RAM 5944/7607MB (lfb 1x512kB) SWAP 331/3804MB (cached 1MB) CPU [3%@1510,0%@1510,0%@1510,5%@1510,15%@1510,0%@1510] GR3D_FREQ 99% cpu@54.875C soc2@53.562C soc0@51.562C gpu@55.843C tj@55.843C soc1@53.406C VDD_IN 9880mW/7253mW VDD_CPU_GPU_CV 4232mW/2382mW VDD_SOC 1861mW/1597mW
06-14-2026 21:35:46 RAM 5951/7607MB (lfb 1x512kB) SWAP 331/3804MB (cached 1MB) CPU [0%@1510,0%@1510,0%@1510,2%@1510,1%@1510,3%@1510] GR3D_FREQ 93% cpu@55.031C soc2@53.75C soc0@51.718C gpu@56.125C tj@56.125C soc1@53.531C VDD_IN 11944mW/7434mW VDD_CPU_GPU_CV 4376mW/2459mW VDD_SOC 2570mW/1635mW
06-14-2026 21:35:47 RAM 5951/7607MB (lfb 1x512kB) SWAP 331/3804MB (cached 1MB) CPU [0%@1510,0%@1510,0%@1510,0%@1510,0%@1510,2%@1510] GR3D_FREQ 99% cpu@55.187C soc2@53.968C soc0@51.937C gpu@56.187C tj@56.187C soc1@53.75C VDD_IN 12102mW/7606mW VDD_CPU_GPU_CV 4376mW/2530mW VDD_SOC 2645mW/1672mW
06-14-2026 21:35:48 RAM 5951/7607MB (lfb 18x64kB) SWAP 331/3804MB (cached 1MB) CPU [0%@1510,0%@1510,0%@1510,0%@1510,4%@1510,5%@1510] GR3D_FREQ 99% cpu@54.968C soc2@54C soc0@52C gpu@56.468C tj@56.468C soc1@53.625C VDD_IN 10735mW/7718mW VDD_CPU_GPU_CV 4580mW/2603mW VDD_SOC 2020mW/1685mW
06-14-2026 21:35:49 RAM 5951/7607MB (lfb 18x64kB) SWAP 331/3804MB (cached 1MB) CPU [0%@1510,0%@1510,0%@1510,0%@1510,0%@1510,0%@1510] GR3D_FREQ 99% cpu@55.187C soc2@54C soc0@51.968C gpu@56.406C tj@56.406C soc1@53.687C VDD_IN 10277mW/7806mW VDD_CPU_GPU_CV 4904mW/2683mW VDD_SOC 1743mW/1687mW
06-14-2026 21:35:50 RAM 5952/7607MB (lfb 18x64kB) SWAP 331/3804MB (cached 1MB) CPU [0%@1510,0%@1510,0%@1510,0%@1510,0%@1510,0%@1510] GR3D_FREQ 99% cpu@55.281C soc2@54.031C soc0@52.062C gpu@56.468C tj@56.468C soc1@53.906C VDD_IN 10237mW/7887mW VDD_CPU_GPU_CV 4944mW/2758mW VDD_SOC 1706mW/1687mW
06-14-2026 21:35:51 RAM 5952/7607MB (lfb 18x64kB) SWAP 331/3804MB (cached 1MB) CPU [0%@1510,0%@1510,0%@1510,0%@1510,0%@1510,0%@1510] GR3D_FREQ 99% cpu@55.343C soc2@54.125C soc0@52.125C gpu@56.531C tj@56.531C soc1@53.906C VDD_IN 10356mW/7967mW VDD_CPU_GPU_CV 4944mW/2828mW VDD_SOC 1782mW/1690mW
06-14-2026 21:35:52 RAM 5951/7607MB (lfb 18x64kB) SWAP 331/3804MB (cached 1MB) CPU [0%@1510,0%@1510,0%@1510,0%@1510,0%@1510,0%@1510] GR3D_FREQ 99% cpu@55.531C soc2@54.25C soc0@52.218C gpu@56.625C tj@56.625C soc1@54.093C VDD_IN 10277mW/8039mW VDD_CPU_GPU_CV 4944mW/2895mW VDD_SOC 1743mW/1692mW
06-14-2026 21:35:53 RAM 5951/7607MB (lfb 18x64kB) SWAP 331/3804MB (cached 1MB) CPU [0%@1510,0%@1510,0%@1510,0%@1510,0%@1510,0%@1510] GR3D_FREQ 99% cpu@55.343C soc2@54.375C soc0@52.312C gpu@56.656C tj@56.656C soc1@54.125C VDD_IN 10118mW/8102mW VDD_CPU_GPU_CV 4904mW/2955mW VDD_SOC 1666mW/1691mW
06-14-2026 21:35:54 RAM 5951/7607MB (lfb 18x64kB) SWAP 331/3804MB (cached 1MB) CPU [0%@1510,0%@1510,0%@1510,0%@1510,0%@1510,0%@1510] GR3D_FREQ 99% cpu@55.625C soc2@54.312C soc0@52.437C gpu@56.781C tj@56.781C soc1@54.062C VDD_IN 10039mW/8159mW VDD_CPU_GPU_CV 4904mW/3013mW VDD_SOC 1666mW/1690mW
06-14-2026 21:35:55 RAM 6000/7607MB (lfb 13x64kB) SWAP 332/3804MB (cached 1MB) CPU [2%@1510,0%@1510,0%@1510,2%@1510,0%@1510,21%@1510] GR3D_FREQ 79% cpu@55.687C soc2@54.468C soc0@52.375C gpu@56.5C tj@56.5C soc1@54.093C VDD_IN 10735mW/8233mW VDD_CPU_GPU_CV 4343mW/3051mW VDD_SOC 2135mW/1703mW
06-14-2026 21:35:56 RAM 6004/7607MB (lfb 14x64kB) SWAP 332/3804MB (cached 1MB) CPU [0%@1510,0%@1510,0%@1510,1%@1510,0%@1510,1%@1510] GR3D_FREQ 93% cpu@55.843C soc2@54.593C soc0@52.5C gpu@56.906C tj@56.906C soc1@54.312C VDD_IN 12221mW/8344mW VDD_CPU_GPU_CV 4454mW/3090mW VDD_SOC 2645mW/1729mW
06-14-2026 21:35:57 RAM 6004/7607MB (lfb 14x64kB) SWAP 332/3804MB (cached 1MB) CPU [0%@1510,0%@1510,0%@1510,0%@1510,0%@1510,1%@1510] GR3D_FREQ 93% cpu@56.031C soc2@54.687C soc0@52.562C gpu@57C tj@57C soc1@54.5C VDD_IN 12340mW/8452mW VDD_CPU_GPU_CV 4454mW/3127mW VDD_SOC 2685mW/1755mW
06-14-2026 21:35:58 RAM 6124/7607MB (lfb 1x512kB) SWAP 333/3804MB (cached 1MB) CPU [4%@1510,4%@1510,0%@1510,0%@1510,0%@1510,9%@1510] GR3D_FREQ 99% cpu@55.906C soc2@54.687C soc0@52.656C gpu@57.125C tj@57.125C soc1@54.562C VDD_IN 10617mW/8509mW VDD_CPU_GPU_CV 4778mW/3170mW VDD_SOC 1941mW/1760mW
06-14-2026 21:35:59 RAM 6124/7607MB (lfb 1x512kB) SWAP 333/3804MB (cached 1MB) CPU [0%@1510,0%@1510,0%@1510,0%@1510,0%@1510,0%@1510] GR3D_FREQ 99% cpu@56.062C soc2@54.781C soc0@52.843C gpu@57.187C tj@57.187C soc1@54.656C VDD_IN 10475mW/8559mW VDD_CPU_GPU_CV 4944mW/3216mW VDD_SOC 1782mW/1761mW
06-14-2026 21:36:00 RAM 6124/7607MB (lfb 1x512kB) SWAP 333/3804MB (cached 1MB) CPU [0%@1510,0%@1510,0%@1510,0%@1510,0%@1510,0%@1510] GR3D_FREQ 99% cpu@55.875C soc2@54.843C soc0@52.906C gpu@57.25C tj@57.25C soc1@54.531C VDD_IN 10435mW/8606mW VDD_CPU_GPU_CV 4983mW/3260mW VDD_SOC 1743mW/1760mW
06-14-2026 21:36:01 RAM 6124/7607MB (lfb 1x512kB) SWAP 333/3804MB (cached 1MB) CPU [0%@1510,0%@1510,0%@1510,0%@1510,0%@1510,0%@1510] GR3D_FREQ 99% cpu@56C soc2@54.875C soc0@52.812C gpu@57.375C tj@57.375C soc1@54.593C VDD_IN 10197mW/8645mW VDD_CPU_GPU_CV 4944mW/3301mW VDD_SOC 1706mW/1759mW
06-14-2026 21:36:02 RAM 6124/7607MB (lfb 1x512kB) SWAP 333/3804MB (cached 1MB) CPU [0%@1510,0%@1510,0%@1510,0%@1510,0%@1510,0%@1510] GR3D_FREQ 99% cpu@56.093C soc2@54.937C soc0@52.875C gpu@57.5C tj@57.5C soc1@54.625C VDD_IN 10078mW/8679mW VDD_CPU_GPU_CV 4944mW/3340mW VDD_SOC 1666mW/1757mW
06-14-2026 21:36:03 RAM 6124/7607MB (lfb 1x512kB) SWAP 333/3804MB (cached 1MB) CPU [1%@1510,0%@1510,0%@1510,0%@1510,0%@1510,0%@1510] GR3D_FREQ 99% cpu@56.218C soc2@55.031C soc0@52.937C gpu@57.531C tj@57.531C soc1@54.718C VDD_IN 10316mW/8717mW VDD_CPU_GPU_CV 4904mW/3376mW VDD_SOC 1743mW/1756mW
06-14-2026 21:36:04 RAM 6125/7607MB (lfb 23x64kB) SWAP 333/3804MB (cached 1MB) CPU [0%@1510,0%@1510,0%@1510,1%@1510,6%@1510,0%@1510] GR3D_FREQ 99% cpu@56.531C soc2@55.093C soc0@53.125C gpu@57.562C tj@57.562C soc1@54.875C VDD_IN 10237mW/8751mW VDD_CPU_GPU_CV 4667mW/3406mW VDD_SOC 1822mW/1758mW
06-14-2026 21:36:05 RAM 6160/7607MB (lfb 4x128kB) SWAP 335/3804MB (cached 1MB) CPU [1%@1510,0%@1510,0%@1510,2%@1510,12%@1510,0%@1510] GR3D_FREQ 99% cpu@56.437C soc2@55.218C soc0@53.25C gpu@57.531C tj@57.531C soc1@55.031C VDD_IN 11746mW/8818mW VDD_CPU_GPU_CV 4454mW/3429mW VDD_SOC 2452mW/1773mW
06-14-2026 21:36:06 RAM 6158/7607MB (lfb 4x128kB) SWAP 335/3804MB (cached 1MB) CPU [0%@1510,0%@1510,0%@1510,0%@1510,1%@1510,0%@1510] GR3D_FREQ 99% cpu@56.843C soc2@55.468C soc0@53.343C gpu@57.718C tj@57.718C soc1@54.968C VDD_IN 12300mW/8894mW VDD_CPU_GPU_CV 4454mW/3451mW VDD_SOC 2685mW/1793mW
06-14-2026 21:36:07 RAM 6260/7607MB (lfb 8x1MB) SWAP 354/3804MB (cached 1MB) CPU [8%@1510,6%@1510,0%@1510,0%@1510,6%@1510,11%@1510] GR3D_FREQ 98% cpu@56.593C soc2@55.312C soc0@53.218C gpu@57.437C tj@57.437C soc1@55.125C VDD_IN 10537mW/8929mW VDD_CPU_GPU_CV 3593mW/3454mW VDD_SOC 2333mW/1804mW
06-14-2026 21:36:08 RAM 6269/7607MB (lfb 8x1MB) SWAP 354/3804MB (cached 1MB) CPU [0%@1510,0%@1510,0%@1510,0%@1510,0%@1510,2%@1510] GR3D_FREQ 99% cpu@56.625C soc2@55.375C soc0@53.375C gpu@58C tj@58C soc1@55.031C VDD_IN 10435mW/8960mW VDD_CPU_GPU_CV 4825mW/3483mW VDD_SOC 1861mW/1806mW
06-14-2026 21:36:09 RAM 6270/7607MB (lfb 8x1MB) SWAP 354/3804MB (cached 1MB) CPU [0%@1510,0%@1510,0%@1510,0%@1510,0%@1510,0%@1510] GR3D_FREQ 99% cpu@56.593C soc2@55.5C soc0@53.406C gpu@57.812C tj@57.812C soc1@55.187C VDD_IN 10515mW/8992mW VDD_CPU_GPU_CV 4944mW/3513mW VDD_SOC 1822mW/1806mW
06-14-2026 21:36:10 RAM 6269/7607MB (lfb 8x1MB) SWAP 354/3804MB (cached 1MB) CPU [0%@1510,0%@1510,0%@1510,0%@1510,0%@1510,0%@1510] GR3D_FREQ 99% cpu@56.812C soc2@55.5C soc0@53.562C gpu@57.968C tj@57.968C soc1@55.343C VDD_IN 10435mW/9021mW VDD_CPU_GPU_CV 4983mW/3542mW VDD_SOC 1782mW/1805mW
06-14-2026 21:36:11 RAM 6269/7607MB (lfb 8x1MB) SWAP 354/3804MB (cached 1MB) CPU [0%@1510,0%@1510,0%@1510,0%@1510,0%@1510,0%@1510] GR3D_FREQ 99% cpu@56.968C soc2@55.593C soc0@53.562C gpu@58C tj@58C soc1@55.312C VDD_IN 10237mW/9044mW VDD_CPU_GPU_CV 4983mW/3570mW VDD_SOC 1703mW/1803mW
06-14-2026 21:36:12 RAM 6270/7607MB (lfb 8x1MB) SWAP 354/3804MB (cached 1MB) CPU [0%@1510,0%@1510,0%@1510,0%@1510,0%@1510,0%@1510] GR3D_FREQ 99% cpu@56.75C soc2@55.562C soc0@53.593C gpu@58.062C tj@58.062C soc1@55.281C VDD_IN 10078mW/9064mW VDD_CPU_GPU_CV 4944mW/3597mW VDD_SOC 1666mW/1801mW
06-14-2026 21:36:13 RAM 6270/7607MB (lfb 8x1MB) SWAP 354/3804MB (cached 1MB) CPU [0%@1510,0%@1510,0%@1510,0%@1510,0%@1510,0%@1510] GR3D_FREQ 99% cpu@56.875C soc2@55.75C soc0@53.687C gpu@57.968C tj@57.968C soc1@55.437C VDD_IN 10237mW/9086mW VDD_CPU_GPU_CV 4904mW/3621mW VDD_SOC 1743mW/1800mW
06-14-2026 21:36:14 RAM 6281/7607MB (lfb 1x2MB) SWAP 360/3804MB (cached 1MB) CPU [4%@1510,0%@1510,0%@1510,2%@1510,0%@1510,9%@1510] GR3D_FREQ 99% cpu@57.031C soc2@55.625C soc0@53.656C gpu@58.062C tj@58.062C soc1@55.531C VDD_IN 10475mW/9112mW VDD_CPU_GPU_CV 4746mW/3642mW VDD_SOC 1861mW/1801mW
06-14-2026 21:36:15 RAM 6318/7607MB (lfb 5x1MB) SWAP 360/3804MB (cached 1MB) CPU [1%@1510,0%@1510,0%@1510,3%@1510,0%@1510,12%@1510] GR3D_FREQ 99% cpu@57.187C soc2@55.906C soc0@53.75C gpu@58.093C tj@58.093C soc1@55.593C VDD_IN 11984mW/9164mW VDD_CPU_GPU_CV 4454mW/3657mW VDD_SOC 2570mW/1815mW
06-14-2026 21:36:16 RAM 6318/7607MB (lfb 5x1MB) SWAP 360/3804MB (cached 1MB) CPU [0%@1510,0%@1510,0%@1510,0%@1510,0%@1510,1%@1510] GR3D_FREQ 93% cpu@57.468C soc2@56.062C soc0@54.062C gpu@58.218C tj@58.218C soc1@55.75C VDD_IN 12340mW/9221mW VDD_CPU_GPU_CV 4454mW/3671mW VDD_SOC 2685mW/1830mW
06-14-2026 21:36:17 RAM 6348/7607MB (lfb 2x2MB) SWAP 370/3804MB (cached 1MB) CPU [2%@1510,8%@1510,0%@1510,1%@1510,4%@1510,10%@1510] GR3D_FREQ 99% cpu@57.375C soc2@56.031C soc0@54C gpu@58.218C tj@58.218C soc1@55.687C VDD_IN 10339mW/9241mW VDD_CPU_GPU_CV 4501mW/3686mW VDD_SOC 1941mW/1832mW
06-14-2026 21:36:18 RAM 6347/7607MB (lfb 2x2MB) SWAP 370/3804MB (cached 1MB) CPU [0%@1510,0%@1510,0%@1510,1%@1510,0%@1510,0%@1510] GR3D_FREQ 99% cpu@57.187C soc2@56.093C soc0@53.906C gpu@58.343C tj@58.343C soc1@55.781C VDD_IN 10475mW/9262mW VDD_CPU_GPU_CV 4904mW/3707mW VDD_SOC 1822mW/1832mW
06-14-2026 21:36:19 RAM 6347/7607MB (lfb 2x2MB) SWAP 370/3804MB (cached 1MB) CPU [0%@1510,0%@1510,0%@1510,0%@1510,0%@1510,0%@1510] GR3D_FREQ 99% cpu@57.25C soc2@56.093C soc0@53.937C gpu@58.562C tj@58.562C soc1@55.75C VDD_IN 10554mW/9284mW VDD_CPU_GPU_CV 4944mW/3728mW VDD_SOC 1822mW/1832mW
06-14-2026 21:36:20 RAM 6347/7607MB (lfb 2x2MB) SWAP 370/3804MB (cached 1MB) CPU [0%@1510,0%@1510,0%@1510,0%@1510,0%@1510,0%@1510] GR3D_FREQ 99% cpu@57.343C soc2@56.125C soc0@54.062C gpu@58.593C tj@58.593C soc1@55.843C VDD_IN 10435mW/9303mW VDD_CPU_GPU_CV 4983mW/3749mW VDD_SOC 1782mW/1831mW
06-14-2026 21:36:21 RAM 6347/7607MB (lfb 2x2MB) SWAP 370/3804MB (cached 1MB) CPU [0%@1510,0%@1510,0%@1510,0%@1510,0%@1510,0%@1510] GR3D_FREQ 99% cpu@57.406C soc2@56.218C soc0@54.125C gpu@58.656C tj@58.656C soc1@55.937C VDD_IN 10197mW/9318mW VDD_CPU_GPU_CV 4983mW/3769mW VDD_SOC 1703mW/1829mW
06-14-2026 21:36:22 RAM 6347/7607MB (lfb 2x2MB) SWAP 370/3804MB (cached 1MB) CPU [0%@1510,0%@1510,0%@1510,0%@1510,0%@1510,0%@1510] GR3D_FREQ 99% cpu@57.562C soc2@56.218C soc0@54.218C gpu@58.687C tj@58.687C soc1@56.218C VDD_IN 10078mW/9330mW VDD_CPU_GPU_CV 4944mW/3788mW VDD_SOC 1666mW/1826mW
06-14-2026 21:36:23 RAM 6348/7607MB (lfb 2x2MB) SWAP 370/3804MB (cached 1MB) CPU [0%@1510,0%@1510,0%@1510,0%@1510,1%@1510,0%@1510] GR3D_FREQ 99% cpu@57.437C soc2@56.343C soc0@54.156C gpu@58.593C tj@58.593C soc1@56C VDD_IN 10237mW/9344mW VDD_CPU_GPU_CV 4864mW/3805mW VDD_SOC 1743mW/1825mW
06-14-2026 21:36:24 RAM 6383/7607MB (lfb 3x512kB) SWAP 370/3804MB (cached 1MB) CPU [0%@1510,0%@1510,0%@1510,4%@1510,14%@1510,0%@1510] GR3D_FREQ 91% cpu@57.625C soc2@56.375C soc0@54.187C gpu@58.593C tj@58.593C soc1@56C VDD_IN 11171mW/9373mW VDD_CPU_GPU_CV 4462mW/3815mW VDD_SOC 2254mW/1832mW
06-14-2026 21:36:25 RAM 6388/7607MB (lfb 2x512kB) SWAP 370/3804MB (cached 1MB) CPU [0%@1510,0%@1510,0%@1510,1%@1510,2%@1510,0%@1510] GR3D_FREQ 93% cpu@57.781C soc2@56.5C soc0@54.343C gpu@58.625C tj@58.625C soc1@56.156C VDD_IN 12261mW/9417mW VDD_CPU_GPU_CV 4494mW/3826mW VDD_SOC 2645mW/1844mW
06-14-2026 21:36:26 RAM 6388/7607MB (lfb 2x512kB) SWAP 370/3804MB (cached 1MB) CPU [1%@1510,0%@1510,0%@1510,0%@1510,1%@1510,0%@1510] GR3D_FREQ 93% cpu@57.843C soc2@56.593C soc0@54.406C gpu@58.687C tj@58.687C soc1@56.218C VDD_IN 12379mW/9462mW VDD_CPU_GPU_CV 4494mW/3836mW VDD_SOC 2685mW/1857mW
06-14-2026 21:36:27 RAM 6379/7607MB (lfb 3x1MB) SWAP 376/3804MB (cached 1MB) CPU [0%@1510,6%@1510,0%@1510,0%@1510,11%@1510,3%@1510] GR3D_FREQ 99% cpu@57.781C soc2@56.531C soc0@54.437C gpu@58.781C tj@58.781C soc1@56.281C VDD_IN 10419mW/9477mW VDD_CPU_GPU_CV 4706mW/3849mW VDD_SOC 1861mW/1857mW
06-14-2026 21:36:28 RAM 6378/7607MB (lfb 3x1MB) SWAP 376/3804MB (cached 1MB) CPU [0%@1510,0%@1510,0%@1510,5%@1510,0%@1510,0%@1510] GR3D_FREQ 99% cpu@57.656C soc2@56.593C soc0@54.562C gpu@58.968C tj@58.968C soc1@56.281C VDD_IN 10594mW/9493mW VDD_CPU_GPU_CV 4936mW/3865mW VDD_SOC 1822mW/1857mW
06-14-2026 21:36:29 RAM 6378/7607MB (lfb 3x1MB) SWAP 376/3804MB (cached 1MB) CPU [0%@1510,0%@1510,0%@1510,0%@1510,0%@1510,0%@1510] GR3D_FREQ 99% cpu@57.687C soc2@56.656C soc0@54.437C gpu@58.968C tj@58.968C soc1@56.218C VDD_IN 10515mW/9508mW VDD_CPU_GPU_CV 4983mW/3881mW VDD_SOC 1782mW/1856mW
06-14-2026 21:36:30 RAM 6379/7607MB (lfb 3x1MB) SWAP 376/3804MB (cached 1MB) CPU [0%@1510,0%@1510,0%@1510,0%@1510,0%@1510,0%@1510] GR3D_FREQ 99% cpu@57.812C soc2@56.593C soc0@54.468C gpu@59C tj@59C soc1@56.312C VDD_IN 10316mW/9519mW VDD_CPU_GPU_CV 4983mW/3897mW VDD_SOC 1743mW/1854mW
06-14-2026 21:36:31 RAM 6379/7607MB (lfb 3x1MB) SWAP 376/3804MB (cached 1MB) CPU [0%@1510,0%@1510,0%@1510,0%@1510,0%@1510,0%@1510] GR3D_FREQ 99% cpu@57.937C soc2@56.687C soc0@54.562C gpu@58.968C tj@58.968C soc1@56.312C VDD_IN 10158mW/9528mW VDD_CPU_GPU_CV 4983mW/3912mW VDD_SOC 1706mW/1852mW
06-14-2026 21:36:32 RAM 6380/7607MB (lfb 3x1MB) SWAP 376/3804MB (cached 1MB) CPU [0%@1510,0%@1510,0%@1510,1%@1510,0%@1510,0%@1510] GR3D_FREQ 99% cpu@57.937C soc2@56.75C soc0@54.656C gpu@58.968C tj@58.968C soc1@56.406C VDD_IN 10158mW/9537mW VDD_CPU_GPU_CV 4944mW/3926mW VDD_SOC 1703mW/1850mW
06-14-2026 21:36:33 RAM 6392/7607MB (lfb 4x64kB) SWAP 376/3804MB (cached 1MB) CPU [0%@1510,0%@1510,0%@1510,1%@1510,0%@1510,7%@1510] GR3D_FREQ 99% cpu@57.968C soc2@56.812C soc0@54.656C gpu@59.031C tj@59.031C soc1@56.562C VDD_IN 10277mW/9547mW VDD_CPU_GPU_CV 4706mW/3937mW VDD_SOC 1822mW/1849mW
06-14-2026 21:36:34 RAM 6414/7607MB (lfb 3x1MB) SWAP 382/3804MB (cached 1MB) CPU [0%@1510,0%@1510,0%@1510,3%@1510,4%@1510,11%@1510] GR3D_FREQ 99% cpu@58.218C soc2@57C soc0@54.812C gpu@59.031C tj@59.031C soc1@56.437C VDD_IN 11786mW/9577mW VDD_CPU_GPU_CV 4454mW/3944mW VDD_SOC 2452mW/1858mW
06-14-2026 21:36:35 RAM 6414/7607MB (lfb 3x1MB) SWAP 382/3804MB (cached 1MB) CPU [0%@1510,0%@1510,0%@1510,0%@1510,0%@1510,1%@1510] GR3D_FREQ 93% cpu@58.218C soc2@57C soc0@54.718C gpu@59.125C tj@59.125C soc1@56.593C VDD_IN 12300mW/9614mW VDD_CPU_GPU_CV 4454mW/3951mW VDD_SOC 2685mW/1869mW
06-14-2026 21:36:36 RAM 6414/7607MB (lfb 3x1MB) SWAP 382/3804MB (cached 1MB) CPU [2%@1510,3%@1510,4%@1510,5%@1510,2%@1510,3%@1510] GR3D_FREQ 0% cpu@58.437C soc2@56.906C soc0@54.875C gpu@58.437C tj@58.437C soc1@56.625C VDD_IN 9151mW/9608mW VDD_CPU_GPU_CV 2922mW/3937mW VDD_SOC 2096mW/1872mW
06-14-2026 21:36:37 RAM 1565/7607MB (lfb 130x4MB) SWAP 330/3804MB (cached 1MB) CPU [37%@1510,13%@1510,19%@1510,12%@1510,86%@1510,11%@1510] GR3D_FREQ 0% cpu@58.25C soc2@56.593C soc0@54.75C gpu@58.156C tj@58.25C soc1@56.75C VDD_IN 6388mW/9566mW VDD_CPU_GPU_CV 1624mW/3907mW VDD_SOC 1547mW/1867mW
06-14-2026 21:36:38 RAM 1458/7607MB (lfb 149x4MB) SWAP 330/3804MB (cached 1MB) CPU [4%@1510,6%@1510,4%@1510,6%@1510,1%@1510,0%@1510] GR3D_FREQ 0% cpu@57.781C soc2@56.437C soc0@54.656C gpu@57.968C tj@57.968C soc1@56.5C VDD_IN 5356mW/9512mW VDD_CPU_GPU_CV 1069mW/3871mW VDD_SOC 1428mW/1862mW
06-14-2026 21:36:39 RAM 1458/7607MB (lfb 149x4MB) SWAP 330/3804MB (cached 1MB) CPU [3%@1510,12%@1510,3%@1510,4%@1510,1%@1510,2%@1510] GR3D_FREQ 0% cpu@57.656C soc2@56.343C soc0@54.562C gpu@57.406C tj@57.656C soc1@56.5C VDD_IN 5277mW/9458mW VDD_CPU_GPU_CV 1030mW/3835mW VDD_SOC 1388mW/1856mW
