06-14-2026 21:38:54 RAM 618/7607MB (lfb 24x1MB) SWAP 329/3804MB (cached 1MB) CPU [2%@1510,5%@1510,1%@1510,13%@1510,0%@1510,0%@1510] GR3D_FREQ 0% cpu@55.593C soc2@54.125C soc0@52.437C gpu@55.531C tj@55.718C soc1@54.625C VDD_IN 5237mW/5237mW VDD_CPU_GPU_CV 1030mW/1030mW VDD_SOC 1388mW/1388mW
06-14-2026 21:38:55 RAM 618/7607MB (lfb 24x1MB) SWAP 329/3804MB (cached 1MB) CPU [0%@1510,0%@1510,0%@1510,0%@1510,0%@1510,0%@1510] GR3D_FREQ 0% cpu@55.625C soc2@54.156C soc0@52.437C gpu@55.531C tj@55.625C soc1@54.562C VDD_IN 5158mW/5198mW VDD_CPU_GPU_CV 950mW/990mW VDD_SOC 1388mW/1388mW
06-14-2026 21:38:56 RAM 618/7607MB (lfb 24x1MB) SWAP 329/3804MB (cached 1MB) CPU [0%@1510,0%@1510,0%@1510,0%@1510,0%@1510,0%@1510] GR3D_FREQ 0% cpu@55.687C soc2@54.062C soc0@52.468C gpu@55.531C tj@55.687C soc1@54.625C VDD_IN 5158mW/5184mW VDD_CPU_GPU_CV 950mW/977mW VDD_SOC 1388mW/1388mW
06-14-2026 21:38:57 RAM 618/7607MB (lfb 24x1MB) SWAP 329/3804MB (cached 1MB) CPU [0%@1510,0%@1510,0%@1510,0%@1510,0%@1510,0%@1510] GR3D_FREQ 0% cpu@55.437C soc2@54.125C soc0@52.5C gpu@55.468C tj@55.468C soc1@54.437C VDD_IN 5158mW/5178mW VDD_CPU_GPU_CV 950mW/970mW VDD_SOC 1388mW/1388mW
06-14-2026 21:38:58 RAM 618/7607MB (lfb 24x1MB) SWAP 329/3804MB (cached 1MB) CPU [0%@1510,0%@1510,0%@1510,0%@1510,0%@1510,0%@1510] GR3D_FREQ 0% cpu@55.406C soc2@54C soc0@52.343C gpu@55.562C tj@55.562C soc1@54.468C VDD_IN 5158mW/5174mW VDD_CPU_GPU_CV 950mW/966mW VDD_SOC 1388mW/1388mW
06-14-2026 21:38:59 RAM 1087/7607MB (lfb 25x1MB) SWAP 329/3804MB (cached 1MB) CPU [26%@1510,24%@1510,21%@1510,24%@1510,46%@1510,10%@1510] GR3D_FREQ 0% cpu@55.718C soc2@54.125C soc0@52.343C gpu@55.625C tj@55.718C soc1@54.468C VDD_IN 6309mW/5363mW VDD_CPU_GPU_CV 1545mW/1063mW VDD_SOC 1547mW/1415mW
06-14-2026 21:39:00 RAM 1448/7607MB (lfb 8x512kB) SWAP 329/3804MB (cached 1MB) CPU [16%@1510,0%@1510,6%@1510,0%@1510,31%@1510,68%@1510] GR3D_FREQ 0% cpu@55.75C soc2@54.125C soc0@52.406C gpu@55.343C tj@55.75C soc1@54.531C VDD_IN 6269mW/5492mW VDD_CPU_GPU_CV 1624mW/1143mW VDD_SOC 1507mW/1428mW
06-14-2026 21:39:01 RAM 1502/7607MB (lfb 1x1MB) SWAP 329/3804MB (cached 1MB) CPU [2%@1510,0%@1510,0%@1510,2%@1510,0%@1510,99%@1510] GR3D_FREQ 0% cpu@55.843C soc2@54.093C soc0@52.437C gpu@55.218C tj@55.843C soc1@54.531C VDD_IN 5912mW/5545mW VDD_CPU_GPU_CV 1386mW/1173mW VDD_SOC 1428mW/1428mW
06-14-2026 21:39:02 RAM 1428/7607MB (lfb 16x512kB) SWAP 329/3804MB (cached 1MB) CPU [5%@1510,0%@1510,1%@1510,2%@1510,0%@1510,98%@1510] GR3D_FREQ 0% cpu@55.781C soc2@54.125C soc0@52.375C gpu@55.281C tj@55.593C soc1@54.312C VDD_IN 5991mW/5594mW VDD_CPU_GPU_CV 1346mW/1192mW VDD_SOC 1468mW/1432mW
06-14-2026 21:39:03 RAM 1431/7607MB (lfb 3x2MB) SWAP 329/3804MB (cached 1MB) CPU [1%@1510,3%@1510,0%@1510,0%@1510,0%@1510,100%@1510] GR3D_FREQ 0% cpu@55.562C soc2@54.187C soc0@52.468C gpu@55.25C tj@55.562C soc1@54.375C VDD_IN 5912mW/5626mW VDD_CPU_GPU_CV 1346mW/1208mW VDD_SOC 1468mW/1436mW
06-14-2026 21:39:04 RAM 1451/7607MB (lfb 1x2MB) SWAP 329/3804MB (cached 1MB) CPU [5%@1510,0%@1510,1%@1510,0%@1510,18%@1510,81%@1510] GR3D_FREQ 0% cpu@55.562C soc2@54.031C soc0@52.25C gpu@55.218C tj@55.562C soc1@54.406C VDD_IN 5952mW/5656mW VDD_CPU_GPU_CV 1426mW/1228mW VDD_SOC 1468mW/1439mW
06-14-2026 21:39:05 RAM 1451/7607MB (lfb 1x2MB) SWAP 329/3804MB (cached 1MB) CPU [2%@1510,0%@1510,0%@1510,0%@1510,100%@1510,0%@1510] GR3D_FREQ 0% cpu@55.781C soc2@53.968C soc0@52.375C gpu@55.312C tj@55.781C soc1@54.406C VDD_IN 5991mW/5684mW VDD_CPU_GPU_CV 1465mW/1247mW VDD_SOC 1468mW/1441mW
06-14-2026 21:39:06 RAM 1451/7607MB (lfb 1x2MB) SWAP 329/3804MB (cached 1MB) CPU [0%@1510,0%@1510,0%@1510,0%@1510,100%@1510,0%@1510] GR3D_FREQ 0% cpu@55.75C soc2@54.031C soc0@52.281C gpu@55.25C tj@55.75C soc1@54.531C VDD_IN 5872mW/5698mW VDD_CPU_GPU_CV 1346mW/1255mW VDD_SOC 1428mW/1440mW
06-14-2026 21:39:07 RAM 1104/7607MB (lfb 1x1MB) SWAP 329/3804MB (cached 1MB) CPU [20%@1510,0%@1510,7%@1510,27%@1510,58%@1510,0%@1510] GR3D_FREQ 0% cpu@55.781C soc2@54.093C soc0@52.375C gpu@55.281C tj@55.781C soc1@54.562C VDD_IN 6150mW/5731mW VDD_CPU_GPU_CV 1545mW/1276mW VDD_SOC 1507mW/1445mW
06-14-2026 21:39:08 RAM 894/7607MB (lfb 23x1MB) SWAP 329/3804MB (cached 1MB) CPU [11%@1510,28%@1510,8%@1510,53%@1510,62%@1510,0%@1510] GR3D_FREQ 0% cpu@56.093C soc2@54.125C soc0@52.375C gpu@55.312C tj@56.093C soc1@54.343C VDD_IN 6348mW/5772mW VDD_CPU_GPU_CV 1703mW/1304mW VDD_SOC 1507mW/1449mW
06-14-2026 21:39:09 RAM 831/7607MB (lfb 2x512kB) SWAP 329/3804MB (cached 1MB) CPU [18%@1510,61%@1510,4%@1510,24%@1510,36%@1510,35%@1510] GR3D_FREQ 0% cpu@55.843C soc2@54.031C soc0@52.281C gpu@55.093C tj@55.843C soc1@54.437C VDD_IN 6388mW/5810mW VDD_CPU_GPU_CV 1743mW/1332mW VDD_SOC 1507mW/1453mW
06-14-2026 21:39:10 RAM 2240/7607MB (lfb 3x64kB) SWAP 329/3804MB (cached 1MB) CPU [6%@1510,4%@1510,92%@1510,1%@1510,0%@1510,53%@1510] GR3D_FREQ 0% cpu@55.687C soc2@54.031C soc0@52.312C gpu@55.218C tj@55.687C soc1@54.375C VDD_IN 6507mW/5851mW VDD_CPU_GPU_CV 1703mW/1353mW VDD_SOC 1547mW/1458mW
06-14-2026 21:39:11 RAM 3521/7607MB (lfb 25x64kB) SWAP 329/3804MB (cached 1MB) CPU [0%@1510,0%@1510,100%@1510,0%@1510,0%@1510,69%@1510] GR3D_FREQ 0% cpu@55.75C soc2@54.062C soc0@52.312C gpu@55.187C tj@55.75C soc1@54.5C VDD_IN 6229mW/5872mW VDD_CPU_GPU_CV 1663mW/1371mW VDD_SOC 1468mW/1459mW
06-14-2026 21:39:12 RAM 3522/7607MB (lfb 7x2MB) SWAP 330/3804MB (cached 1MB) CPU [21%@1510,27%@1510,95%@1510,0%@1510,10%@1510,50%@1510] GR3D_FREQ 7% cpu@55.875C soc2@54.125C soc0@52.375C gpu@55.312C tj@55.875C soc1@54.562C VDD_IN 6904mW/5926mW VDD_CPU_GPU_CV 1901mW/1399mW VDD_SOC 1626mW/1468mW
06-14-2026 21:39:13 RAM 3520/7607MB (lfb 2x2MB) SWAP 330/3804MB (cached 1MB) CPU [27%@1510,30%@1510,90%@1510,13%@1510,42%@1510,52%@1510] GR3D_FREQ 8% cpu@56.218C soc2@54.25C soc0@52.468C gpu@55.343C tj@56.218C soc1@54.375C VDD_IN 7142mW/5987mW VDD_CPU_GPU_CV 2139mW/1436mW VDD_SOC 1666mW/1478mW
06-14-2026 21:39:14 RAM 4637/7607MB (lfb 3x64kB) SWAP 330/3804MB (cached 1MB) CPU [13%@1510,12%@1510,95%@1510,0%@1510,56%@1510,0%@1510] GR3D_FREQ 0% cpu@55.75C soc2@54.187C soc0@52.312C gpu@55.281C tj@55.75C soc1@54.406C VDD_IN 6745mW/6023mW VDD_CPU_GPU_CV 1782mW/1452mW VDD_SOC 1587mW/1483mW
06-14-2026 21:39:15 RAM 5424/7607MB (lfb 2x128kB) SWAP 331/3804MB (cached 1MB) CPU [0%@1510,2%@1510,78%@1510,0%@1510,31%@1510,0%@1510] GR3D_FREQ 3% cpu@55.656C soc2@54.125C soc0@52.281C gpu@55.5C tj@55.656C soc1@54.375C VDD_IN 7261mW/6080mW VDD_CPU_GPU_CV 2060mW/1480mW VDD_SOC 1663mW/1491mW
06-14-2026 21:39:16 RAM 5904/7607MB (lfb 2x512kB) SWAP 331/3804MB (cached 1MB) CPU [4%@1510,11%@1510,48%@1510,28%@1510,24%@1510,0%@1510] GR3D_FREQ 11% cpu@55.906C soc2@54.125C soc0@52.343C gpu@55.468C tj@55.906C soc1@54.468C VDD_IN 6547mW/6100mW VDD_CPU_GPU_CV 1584mW/1484mW VDD_SOC 1587mW/1495mW
06-14-2026 21:39:17 RAM 6023/7607MB (lfb 3x4MB) SWAP 331/3804MB (cached 1MB) CPU [0%@1510,0%@1510,0%@1510,12%@1510,9%@1510,21%@1510] GR3D_FREQ 0% cpu@55.625C soc2@54.062C soc0@52.375C gpu@55.468C tj@55.625C soc1@54.625C VDD_IN 6031mW/6097mW VDD_CPU_GPU_CV 1346mW/1478mW VDD_SOC 1507mW/1496mW
06-14-2026 21:39:18 RAM 6023/7607MB (lfb 3x4MB) SWAP 331/3804MB (cached 1MB) CPU [0%@1510,0%@1510,0%@1510,0%@1510,0%@1510,1%@1510] GR3D_FREQ 0% cpu@55.625C soc2@54.093C soc0@52.406C gpu@55.312C tj@55.625C soc1@54.562C VDD_IN 5237mW/6063mW VDD_CPU_GPU_CV 990mW/1459mW VDD_SOC 1388mW/1491mW
06-14-2026 21:39:19 RAM 6023/7607MB (lfb 3x4MB) SWAP 331/3804MB (cached 1MB) CPU [0%@1510,0%@1510,0%@1510,0%@1510,0%@1510,0%@1510] GR3D_FREQ 0% cpu@55.343C soc2@54.062C soc0@52.375C gpu@55.281C tj@55.343C soc1@54.281C VDD_IN 5158mW/6028mW VDD_CPU_GPU_CV 950mW/1439mW VDD_SOC 1388mW/1487mW
06-14-2026 21:39:20 RAM 6143/7607MB (lfb 15x1MB) SWAP 331/3804MB (cached 1MB) CPU [0%@1510,0%@1510,0%@1510,19%@1510,0%@1510,3%@1510] GR3D_FREQ 99% cpu@55.593C soc2@54.218C soc0@52.281C gpu@56.343C tj@56.343C soc1@54.343C VDD_IN 8928mW/6135mW VDD_CPU_GPU_CV 3164mW/1503mW VDD_SOC 1941mW/1504mW
06-14-2026 21:39:21 RAM 6229/7607MB (lfb 1x256kB) SWAP 331/3804MB (cached 1MB) CPU [3%@1510,1%@1510,40%@1510,15%@1510,9%@1510,2%@1510] GR3D_FREQ 98% cpu@55.812C soc2@54.312C soc0@52.375C gpu@56.5C tj@56.5C soc1@54.375C VDD_IN 8689mW/6226mW VDD_CPU_GPU_CV 3282mW/1567mW VDD_SOC 1782mW/1514mW
06-14-2026 21:39:22 RAM 6255/7607MB (lfb 1x64kB) SWAP 331/3804MB (cached 1MB) CPU [0%@1510,0%@1510,7%@1510,7%@1510,0%@1510,0%@1510] GR3D_FREQ 99% cpu@55.875C soc2@54.656C soc0@52.593C gpu@57.031C tj@57.031C soc1@54.562C VDD_IN 11549mW/6410mW VDD_CPU_GPU_CV 4336mW/1662mW VDD_SOC 2412mW/1545mW
06-14-2026 21:39:23 RAM 6253/7607MB (lfb 1x1MB) SWAP 331/3804MB (cached 1MB) CPU [0%@1510,0%@1510,0%@1510,2%@1510,0%@1510,1%@1510] GR3D_FREQ 99% cpu@56.281C soc2@54.843C soc0@52.781C gpu@57.343C tj@57.343C soc1@54.75C VDD_IN 12142mW/6601mW VDD_CPU_GPU_CV 4612mW/1761mW VDD_SOC 2566mW/1579mW
06-14-2026 21:39:25 RAM 6257/7607MB (lfb 2x512kB) SWAP 331/3804MB (cached 1MB) CPU [0%@1510,0%@1510,0%@1510,3%@1510,0%@1510,0%@1510] GR3D_FREQ 99% cpu@56.125C soc2@55.031C soc0@52.906C gpu@57.5C tj@57.5C soc1@54.687C VDD_IN 12102mW/6779mW VDD_CPU_GPU_CV 4573mW/1851mW VDD_SOC 2527mW/1610mW
06-14-2026 21:39:26 RAM 6258/7607MB (lfb 2x512kB) SWAP 331/3804MB (cached 1MB) CPU [0%@1510,0%@1510,1%@1510,0%@1510,0%@1510,0%@1510] GR3D_FREQ 99% cpu@56.25C soc2@55.093C soc0@52.906C gpu@57.562C tj@57.562C soc1@54.75C VDD_IN 12182mW/6947mW VDD_CPU_GPU_CV 4573mW/1936mW VDD_SOC 2566mW/1640mW
06-14-2026 21:39:27 RAM 6315/7607MB (lfb 1x512kB) SWAP 331/3804MB (cached 1MB) CPU [1%@1510,2%@1510,15%@1510,0%@1510,0%@1510,2%@1510] GR3D_FREQ 99% cpu@56.343C soc2@55.093C soc0@53.031C gpu@57.156C tj@57.156C soc1@54.937C VDD_IN 11351mW/7081mW VDD_CPU_GPU_CV 4533mW/2015mW VDD_SOC 2294mW/1659mW
06-14-2026 21:39:28 RAM 6342/7607MB (lfb 473x32kB) SWAP 331/3804MB (cached 1MB) CPU [0%@1510,0%@1510,14%@1510,3%@1510,37%@1510,5%@1510] GR3D_FREQ 98% cpu@56.468C soc2@55.062C soc0@53.093C gpu@57.156C tj@57.156C soc1@55.062C VDD_IN 9745mW/7159mW VDD_CPU_GPU_CV 3955mW/2072mW VDD_SOC 1941mW/1668mW
06-14-2026 21:39:29 RAM 6351/7607MB (lfb 473x32kB) SWAP 331/3804MB (cached 1MB) CPU [0%@1510,0%@1510,0%@1510,0%@1510,9%@1510,0%@1510] GR3D_FREQ 99% cpu@56.812C soc2@55.25C soc0@53.125C gpu@57.468C tj@57.468C soc1@55.093C VDD_IN 11865mW/7294mW VDD_CPU_GPU_CV 4533mW/2142mW VDD_SOC 2487mW/1691mW
06-14-2026 21:39:30 RAM 6351/7607MB (lfb 473x32kB) SWAP 331/3804MB (cached 1MB) CPU [0%@1510,0%@1510,0%@1510,0%@1510,2%@1510,0%@1510] GR3D_FREQ 99% cpu@56.781C soc2@55.406C soc0@53.375C gpu@57.656C tj@57.656C soc1@55.218C VDD_IN 12221mW/7431mW VDD_CPU_GPU_CV 4652mW/2212mW VDD_SOC 2566mW/1715mW
06-14-2026 21:39:31 RAM 6352/7607MB (lfb 473x32kB) SWAP 331/3804MB (cached 1MB) CPU [0%@1510,0%@1510,0%@1510,0%@1510,1%@1510,0%@1510] GR3D_FREQ 99% cpu@56.812C soc2@55.531C soc0@53.343C gpu@57.843C tj@58.031C soc1@55.343C VDD_IN 12340mW/7563mW VDD_CPU_GPU_CV 4691mW/2279mW VDD_SOC 2606mW/1739mW
06-14-2026 21:39:32 RAM 6352/7607MB (lfb 473x32kB) SWAP 331/3804MB (cached 1MB) CPU [1%@1510,0%@1510,0%@1510,0%@1510,1%@1510,0%@1510] GR3D_FREQ 99% cpu@56.843C soc2@55.593C soc0@53.5C gpu@57.968C tj@57.968C soc1@55.343C VDD_IN 12182mW/7685mW VDD_CPU_GPU_CV 4612mW/2341mW VDD_SOC 2566mW/1761mW
06-14-2026 21:39:33 RAM 6379/7607MB (lfb 399x32kB) SWAP 331/3804MB (cached 1MB) CPU [14%@1510,0%@1510,0%@1510,0%@1510,16%@1510,6%@1510] GR3D_FREQ 99% cpu@57C soc2@55.625C soc0@53.468C gpu@57.781C tj@57.781C soc1@55.5C VDD_IN 10220mW/7750mW VDD_CPU_GPU_CV 3909mW/2381mW VDD_SOC 2096mW/1770mW
06-14-2026 21:39:34 RAM 6389/7607MB (lfb 3x256kB) SWAP 332/3804MB (cached 1MB) CPU [27%@1510,0%@1510,0%@1510,1%@1510,0%@1510,9%@1510] GR3D_FREQ 99% cpu@57.031C soc2@55.75C soc0@53.656C gpu@58C tj@58C soc1@55.531C VDD_IN 11430mW/7842mW VDD_CPU_GPU_CV 4336mW/2430mW VDD_SOC 2408mW/1786mW
06-14-2026 21:39:35 RAM 6396/7607MB (lfb 6x64kB) SWAP 332/3804MB (cached 1MB) CPU [1%@1510,0%@1510,0%@1510,2%@1510,0%@1510,0%@1510] GR3D_FREQ 92% cpu@57.156C soc2@55.875C soc0@53.781C gpu@58.25C tj@58.25C soc1@55.687C VDD_IN 12063mW/7945mW VDD_CPU_GPU_CV 4573mW/2482mW VDD_SOC 2527mW/1804mW
06-14-2026 21:39:36 RAM 6397/7607MB (lfb 6x64kB) SWAP 332/3804MB (cached 1MB) CPU [1%@1510,0%@1510,1%@1510,0%@1510,0%@1510,0%@1510] GR3D_FREQ 99% cpu@57.281C soc2@56.062C soc0@53.937C gpu@58.343C tj@58.343C soc1@55.687C VDD_IN 12142mW/8045mW VDD_CPU_GPU_CV 4573mW/2532mW VDD_SOC 2566mW/1822mW
06-14-2026 21:39:37 RAM 6397/7607MB (lfb 6x64kB) SWAP 332/3804MB (cached 1MB) CPU [1%@1510,0%@1510,0%@1510,0%@1510,0%@1510,0%@1510] GR3D_FREQ 99% cpu@57.25C soc2@56.187C soc0@54.031C gpu@58.5C tj@58.5C soc1@55.718C VDD_IN 12182mW/8141mW VDD_CPU_GPU_CV 4612mW/2580mW VDD_SOC 2566mW/1839mW
06-14-2026 21:39:38 RAM 6409/7607MB (lfb 6x64kB) SWAP 332/3804MB (cached 1MB) CPU [13%@1510,0%@1510,0%@1510,0%@1510,0%@1510,1%@1510] GR3D_FREQ 97% cpu@57.312C soc2@56.125C soc0@54.062C gpu@58.531C tj@58.531C soc1@55.843C VDD_IN 11667mW/8221mW VDD_CPU_GPU_CV 4730mW/2629mW VDD_SOC 2333mW/1850mW
06-14-2026 21:39:39 RAM 6418/7607MB (lfb 412x32kB) SWAP 332/3804MB (cached 1MB) CPU [45%@1510,0%@1510,0%@1510,0%@1510,0%@1510,9%@1510] GR3D_FREQ 99% cpu@57.437C soc2@56.156C soc0@53.937C gpu@58.312C tj@58.312C soc1@55.906C VDD_IN 10656mW/8275mW VDD_CPU_GPU_CV 4146mW/2663mW VDD_SOC 2135mW/1857mW
06-14-2026 21:39:40 RAM 6418/7607MB (lfb 412x32kB) SWAP 332/3804MB (cached 1MB) CPU [2%@1510,0%@1510,0%@1510,0%@1510,0%@1510,0%@1510] GR3D_FREQ 99% cpu@57.593C soc2@56.218C soc0@54.093C gpu@58.781C tj@58.781C soc1@56C VDD_IN 12142mW/8359mW VDD_CPU_GPU_CV 4612mW/2705mW VDD_SOC 2566mW/1872mW
06-14-2026 21:39:41 RAM 6418/7607MB (lfb 412x32kB) SWAP 332/3804MB (cached 1MB) CPU [0%@1510,2%@1510,0%@1510,2%@1510,0%@1510,0%@1510] GR3D_FREQ 99% cpu@57.718C soc2@56.468C soc0@54.312C gpu@58.843C tj@58.843C soc1@56.125C VDD_IN 12261mW/8442mW VDD_CPU_GPU_CV 4652mW/2746mW VDD_SOC 2566mW/1887mW
06-14-2026 21:39:42 RAM 6417/7607MB (lfb 412x32kB) SWAP 332/3804MB (cached 1MB) CPU [0%@1510,0%@1510,0%@1510,2%@1510,0%@1510,0%@1510] GR3D_FREQ 93% cpu@57.843C soc2@56.5C soc0@54.406C gpu@58.968C tj@58.968C soc1@56.093C VDD_IN 12261mW/8522mW VDD_CPU_GPU_CV 4652mW/2786mW VDD_SOC 2566mW/1901mW
06-14-2026 21:39:43 RAM 6417/7607MB (lfb 412x32kB) SWAP 332/3804MB (cached 1MB) CPU [0%@1510,0%@1510,0%@1510,2%@1510,0%@1510,0%@1510] GR3D_FREQ 99% cpu@58.062C soc2@56.687C soc0@54.343C gpu@59.062C tj@59.062C soc1@56.125C VDD_IN 12300mW/8599mW VDD_CPU_GPU_CV 4691mW/2825mW VDD_SOC 2606mW/1915mW
06-14-2026 21:39:44 RAM 6429/7607MB (lfb 412x32kB) SWAP 332/3804MB (cached 1MB) CPU [0%@1510,0%@1510,1%@1510,35%@1510,2%@1510,4%@1510] GR3D_FREQ 99% cpu@57.937C soc2@56.437C soc0@54.406C gpu@58.906C tj@58.906C soc1@56.25C VDD_IN 10141mW/8630mW VDD_CPU_GPU_CV 3988mW/2848mW VDD_SOC 2060mW/1918mW
06-14-2026 21:39:45 RAM 6429/7607MB (lfb 412x32kB) SWAP 332/3804MB (cached 1MB) CPU [0%@1510,0%@1510,0%@1510,28%@1510,0%@1510,5%@1510] GR3D_FREQ 99% cpu@57.937C soc2@56.625C soc0@54.5C gpu@59.125C tj@59.125C soc1@56.312C VDD_IN 11153mW/8679mW VDD_CPU_GPU_CV 4376mW/2878mW VDD_SOC 2294mW/1926mW
06-14-2026 21:39:46 RAM 6429/7607MB (lfb 412x32kB) SWAP 332/3804MB (cached 1MB) CPU [0%@1510,0%@1510,0%@1510,1%@1510,0%@1510,0%@1510] GR3D_FREQ 99% cpu@58.031C soc2@56.718C soc0@54.468C gpu@59.312C tj@59.312C soc1@56.5C VDD_IN 12221mW/8747mW VDD_CPU_GPU_CV 4652mW/2912mW VDD_SOC 2566mW/1938mW
06-14-2026 21:39:47 RAM 6429/7607MB (lfb 412x32kB) SWAP 332/3804MB (cached 1MB) CPU [0%@1510,0%@1510,0%@1510,1%@1510,0%@1510,0%@1510] GR3D_FREQ 99% cpu@58.187C soc2@56.843C soc0@54.75C gpu@59.406C tj@59.406C soc1@56.5C VDD_IN 12300mW/8814mW VDD_CPU_GPU_CV 4652mW/2945mW VDD_SOC 2606mW/1951mW
06-14-2026 21:39:48 RAM 6429/7607MB (lfb 412x32kB) SWAP 332/3804MB (cached 1MB) CPU [0%@1510,0%@1510,0%@1510,1%@1510,0%@1510,0%@1510] GR3D_FREQ 99% cpu@58.25C soc2@57.031C soc0@54.937C gpu@59C tj@59C soc1@56.468C VDD_IN 12300mW/8879mW VDD_CPU_GPU_CV 4652mW/2977mW VDD_SOC 2606mW/1963mW
06-14-2026 21:39:49 RAM 6440/7607MB (lfb 2x256kB) SWAP 344/3804MB (cached 1MB) CPU [0%@1510,0%@1510,0%@1510,9%@1510,8%@1510,1%@1510] GR3D_FREQ 99% cpu@58.312C soc2@57C soc0@54.875C gpu@59.125C tj@59.125C soc1@56.5C VDD_IN 11746mW/8931mW VDD_CPU_GPU_CV 4573mW/3006mW VDD_SOC 2408mW/1971mW
06-14-2026 21:39:50 RAM 6444/7607MB (lfb 1x64kB) SWAP 344/3804MB (cached 1MB) CPU [0%@1510,0%@1510,0%@1510,47%@1510,0%@1510,10%@1510] GR3D_FREQ 99% cpu@58.187C soc2@56.875C soc0@54.75C gpu@59.062C tj@59.062C soc1@56.656C VDD_IN 10458mW/8958mW VDD_CPU_GPU_CV 4146mW/3026mW VDD_SOC 2096mW/1973mW
06-14-2026 21:39:51 RAM 6444/7607MB (lfb 1x64kB) SWAP 344/3804MB (cached 1MB) CPU [0%@1510,0%@1510,0%@1510,3%@1510,0%@1510,0%@1510] GR3D_FREQ 99% cpu@58.312C soc2@57.093C soc0@54.937C gpu@59.281C tj@59.281C soc1@56.687C VDD_IN 12102mW/9013mW VDD_CPU_GPU_CV 4612mW/3054mW VDD_SOC 2566mW/1984mW
06-14-2026 21:39:52 RAM 6444/7607MB (lfb 1x64kB) SWAP 344/3804MB (cached 1MB) CPU [0%@1510,0%@1510,0%@1510,1%@1510,0%@1510,0%@1510] GR3D_FREQ 99% cpu@58.5C soc2@57.156C soc0@55.031C gpu@59.468C tj@59.468C soc1@56.812C VDD_IN 12300mW/9070mW VDD_CPU_GPU_CV 4652mW/3082mW VDD_SOC 2606mW/1994mW
06-14-2026 21:39:53 RAM 6444/7607MB (lfb 1x64kB) SWAP 344/3804MB (cached 1MB) CPU [0%@1510,0%@1510,0%@1510,1%@1510,0%@1510,0%@1510] GR3D_FREQ 99% cpu@58.625C soc2@57.312C soc0@55.156C gpu@59.562C tj@59.562C soc1@57.031C VDD_IN 12340mW/9126mW VDD_CPU_GPU_CV 4691mW/3109mW VDD_SOC 2606mW/2005mW
06-14-2026 21:39:54 RAM 6444/7607MB (lfb 1x64kB) SWAP 344/3804MB (cached 1MB) CPU [0%@1510,0%@1510,0%@1510,1%@1510,0%@1510,0%@1510] GR3D_FREQ 93% cpu@58.781C soc2@57.406C soc0@55.25C gpu@59.593C tj@59.593C soc1@56.843C VDD_IN 12340mW/9179mW VDD_CPU_GPU_CV 4691mW/3135mW VDD_SOC 2606mW/2015mW
06-14-2026 21:39:55 RAM 3022/7607MB (lfb 16x4MB) SWAP 363/3804MB (cached 1MB) CPU [44%@1510,13%@1510,15%@1510,14%@1510,19%@1510,53%@1510] GR3D_FREQ 0% cpu@58.468C soc2@57.031C soc0@55.031C gpu@58.406C tj@58.468C soc1@56.968C VDD_IN 7301mW/9148mW VDD_CPU_GPU_CV 2099mW/3118mW VDD_SOC 1663mW/2009mW
06-14-2026 21:39:56 RAM 1470/7607MB (lfb 79x4MB) SWAP 332/3804MB (cached 1MB) CPU [2%@1510,16%@1510,3%@1510,4%@1510,0%@1510,61%@1510] GR3D_FREQ 0% cpu@58.25C soc2@56.687C soc0@54.812C gpu@58.125C tj@58.25C soc1@56.906C VDD_IN 5793mW/9094mW VDD_CPU_GPU_CV 1307mW/3089mW VDD_SOC 1468mW/2000mW
06-14-2026 21:39:57 RAM 1469/7607MB (lfb 79x4MB) SWAP 332/3804MB (cached 1MB) CPU [4%@1510,1%@1510,1%@1510,4%@1510,10%@1510,2%@1510] GR3D_FREQ 0% cpu@57.968C soc2@56.593C soc0@54.843C gpu@57.937C tj@58.25C soc1@56.937C VDD_IN 5396mW/9035mW VDD_CPU_GPU_CV 1109mW/3058mW VDD_SOC 1428mW/1991mW
06-14-2026 21:44:31 RAM 605/7607MB (lfb 125x1MB) SWAP 331/3804MB (cached 1MB) CPU [3%@1510,1%@1510,1%@1510,3%@1510,13%@1510,3%@1510] GR3D_FREQ 0% cpu@54.781C soc2@53.281C soc0@51.656C gpu@54.593C tj@54.781C soc1@53.781C VDD_IN 5237mW/5237mW VDD_CPU_GPU_CV 1030mW/1030mW VDD_SOC 1388mW/1388mW
06-14-2026 21:44:32 RAM 605/7607MB (lfb 125x1MB) SWAP 331/3804MB (cached 1MB) CPU [1%@1510,2%@1510,0%@1510,0%@1510,0%@1510,0%@1510] GR3D_FREQ 0% cpu@54.687C soc2@53.156C soc0@51.562C gpu@54.531C tj@54.687C soc1@53.687C VDD_IN 5198mW/5218mW VDD_CPU_GPU_CV 990mW/1010mW VDD_SOC 1388mW/1388mW
06-14-2026 21:44:33 RAM 605/7607MB (lfb 125x1MB) SWAP 331/3804MB (cached 1MB) CPU [0%@1510,0%@1510,0%@1510,0%@1510,0%@1510,0%@1510] GR3D_FREQ 0% cpu@54.781C soc2@53.156C soc0@51.5C gpu@54.531C tj@54.781C soc1@53.656C VDD_IN 5158mW/5198mW VDD_CPU_GPU_CV 950mW/990mW VDD_SOC 1388mW/1388mW
06-14-2026 21:44:34 RAM 604/7607MB (lfb 125x1MB) SWAP 331/3804MB (cached 1MB) CPU [0%@1510,0%@1510,0%@1510,2%@1510,0%@1510,0%@1510] GR3D_FREQ 0% cpu@54.593C soc2@53.156C soc0@51.531C gpu@54.468C tj@54.593C soc1@53.75C VDD_IN 5198mW/5198mW VDD_CPU_GPU_CV 990mW/990mW VDD_SOC 1388mW/1388mW
06-14-2026 21:44:35 RAM 604/7607MB (lfb 125x1MB) SWAP 331/3804MB (cached 1MB) CPU [1%@1510,0%@1510,0%@1510,1%@1510,0%@1510,0%@1510] GR3D_FREQ 0% cpu@54.718C soc2@53.187C soc0@51.593C gpu@54.5C tj@54.718C soc1@53.656C VDD_IN 5158mW/5190mW VDD_CPU_GPU_CV 950mW/982mW VDD_SOC 1388mW/1388mW
06-14-2026 21:44:36 RAM 1297/7607MB (lfb 70x1MB) SWAP 331/3804MB (cached 1MB) CPU [27%@1510,16%@1510,16%@1510,21%@1510,26%@1510,57%@1510] GR3D_FREQ 0% cpu@54.781C soc2@53.312C soc0@51.406C gpu@54.562C tj@54.781C soc1@53.625C VDD_IN 6388mW/5390mW VDD_CPU_GPU_CV 1584mW/1082mW VDD_SOC 1547mW/1415mW
06-14-2026 21:44:37 RAM 1447/7607MB (lfb 2x4MB) SWAP 331/3804MB (cached 1MB) CPU [59%@1510,5%@1510,1%@1510,0%@1510,24%@1510,39%@1510] GR3D_FREQ 0% cpu@54.843C soc2@53.343C soc0@51.5C gpu@54.656C tj@54.843C soc1@53.656C VDD_IN 6229mW/5509mW VDD_CPU_GPU_CV 1584mW/1154mW VDD_SOC 1507mW/1428mW
06-14-2026 21:44:38 RAM 1487/7607MB (lfb 14x1MB) SWAP 331/3804MB (cached 1MB) CPU [100%@1510,0%@1510,1%@1510,0%@1510,0%@1510,0%@1510] GR3D_FREQ 0% cpu@54.718C soc2@53.281C soc0@51.531C gpu@54.437C tj@54.718C soc1@53.593C VDD_IN 5872mW/5555mW VDD_CPU_GPU_CV 1346mW/1178mW VDD_SOC 1428mW/1428mW
06-14-2026 21:44:39 RAM 1490/7607MB (lfb 2x2MB) SWAP 331/3804MB (cached 1MB) CPU [22%@1510,52%@1510,1%@1510,0%@1510,26%@1510,4%@1510] GR3D_FREQ 0% cpu@54.812C soc2@53.25C soc0@51.5C gpu@54.468C tj@54.812C soc1@53.656C VDD_IN 6031mW/5608mW VDD_CPU_GPU_CV 1386mW/1201mW VDD_SOC 1468mW/1432mW
06-14-2026 21:44:40 RAM 1488/7607MB (lfb 3x2MB) SWAP 331/3804MB (cached 1MB) CPU [0%@1510,0%@1510,0%@1510,0%@1510,100%@1510,1%@1510] GR3D_FREQ 0% cpu@54.968C soc2@53.187C soc0@51.625C gpu@54.406C tj@54.968C soc1@53.687C VDD_IN 5872mW/5634mW VDD_CPU_GPU_CV 1346mW/1216mW VDD_SOC 1468mW/1436mW
06-14-2026 21:44:41 RAM 1503/7607MB (lfb 14x1MB) SWAP 331/3804MB (cached 1MB) CPU [0%@1510,1%@1510,0%@1510,0%@1510,97%@1510,4%@1510] GR3D_FREQ 0% cpu@54.812C soc2@53.312C soc0@51.562C gpu@54.437C tj@54.812C soc1@53.593C VDD_IN 5952mW/5663mW VDD_CPU_GPU_CV 1386mW/1231mW VDD_SOC 1468mW/1439mW
06-14-2026 21:44:42 RAM 1502/7607MB (lfb 14x1MB) SWAP 331/3804MB (cached 1MB) CPU [0%@1510,0%@1510,0%@1510,0%@1510,100%@1510,1%@1510] GR3D_FREQ 0% cpu@54.718C soc2@53.156C soc0@51.406C gpu@54.406C tj@54.718C soc1@53.593C VDD_IN 5952mW/5687mW VDD_CPU_GPU_CV 1386mW/1244mW VDD_SOC 1428mW/1438mW
06-14-2026 21:44:43 RAM 1503/7607MB (lfb 14x1MB) SWAP 331/3804MB (cached 1MB) CPU [0%@1510,0%@1510,0%@1510,0%@1510,100%@1510,0%@1510] GR3D_FREQ 15% cpu@54.812C soc2@53.156C soc0@51.406C gpu@54.406C tj@54.812C soc1@53.562C VDD_IN 5912mW/5704mW VDD_CPU_GPU_CV 1386mW/1255mW VDD_SOC 1428mW/1437mW
06-14-2026 21:44:44 RAM 1100/7607MB (lfb 100x1MB) SWAP 331/3804MB (cached 1MB) CPU [35%@1510,20%@1510,8%@1510,36%@1510,27%@1510,2%@1510] GR3D_FREQ 0% cpu@54.906C soc2@53.156C soc0@51.437C gpu@54.406C tj@54.906C soc1@53.593C VDD_IN 6190mW/5739mW VDD_CPU_GPU_CV 1584mW/1278mW VDD_SOC 1507mW/1442mW
06-14-2026 21:44:45 RAM 812/7607MB (lfb 1x2MB) SWAP 331/3804MB (cached 1MB) CPU [38%@1510,22%@1510,53%@1510,2%@1510,0%@1510,73%@1510] GR3D_FREQ 0% cpu@55.062C soc2@53.281C soc0@51.5C gpu@54.468C tj@55.062C soc1@53.75C VDD_IN 6388mW/5782mW VDD_CPU_GPU_CV 1743mW/1309mW VDD_SOC 1507mW/1446mW
06-14-2026 21:44:46 RAM 817/7607MB (lfb 161x1MB) SWAP 331/3804MB (cached 1MB) CPU [13%@1510,26%@1510,81%@1510,0%@1510,1%@1510,71%@1510] GR3D_FREQ 0% cpu@54.906C soc2@53.25C soc0@51.531C gpu@54.468C tj@54.906C soc1@53.625C VDD_IN 6388mW/5820mW VDD_CPU_GPU_CV 1782mW/1339mW VDD_SOC 1507mW/1450mW
06-14-2026 21:44:47 RAM 2700/7607MB (lfb 116x32kB) SWAP 331/3804MB (cached 1MB) CPU [2%@1510,1%@1510,96%@1510,0%@1510,40%@1510,5%@1510] GR3D_FREQ 0% cpu@54.812C soc2@53.25C soc0@51.437C gpu@54.75C tj@54.812C soc1@53.625C VDD_IN 6507mW/5861mW VDD_CPU_GPU_CV 1663mW/1358mW VDD_SOC 1547mW/1456mW
06-14-2026 21:44:48 RAM 3509/7607MB (lfb 1x2MB) SWAP 331/3804MB (cached 1MB) CPU [4%@1510,4%@1510,89%@1510,1%@1510,55%@1510,0%@1510] GR3D_FREQ 6% cpu@54.843C soc2@53.218C soc0@51.437C gpu@54.468C tj@54.843C soc1@53.625C VDD_IN 6269mW/5883mW VDD_CPU_GPU_CV 1624mW/1373mW VDD_SOC 1507mW/1459mW
06-14-2026 21:44:49 RAM 3511/7607MB (lfb 2x4MB) SWAP 332/3804MB (cached 1MB) CPU [26%@1510,43%@1510,1%@1510,1%@1510,24%@1510,75%@1510] GR3D_FREQ 8% cpu@55.093C soc2@53.25C soc0@51.5C gpu@54.375C tj@55.093C soc1@53.656C VDD_IN 6666mW/5924mW VDD_CPU_GPU_CV 1743mW/1392mW VDD_SOC 1626mW/1468mW
06-14-2026 21:44:50 RAM 3508/7607MB (lfb 1x512kB) SWAP 335/3804MB (cached 1MB) CPU [25%@1510,50%@1510,36%@1510,2%@1510,37%@1510,36%@1510] GR3D_FREQ 15% cpu@55.187C soc2@53.437C soc0@51.531C gpu@54.531C tj@55.187C soc1@53.718C VDD_IN 6983mW/5977mW VDD_CPU_GPU_CV 1861mW/1416mW VDD_SOC 1666mW/1477mW
06-14-2026 21:44:51 RAM 4693/7607MB (lfb 9x256kB) SWAP 339/3804MB (cached 1MB) CPU [2%@1510,2%@1510,98%@1510,0%@1510,52%@1510,0%@1510] GR3D_FREQ 0% cpu@54.687C soc2@53.375C soc0@51.656C gpu@54.406C tj@54.687C soc1@53.562C VDD_IN 6388mW/5997mW VDD_CPU_GPU_CV 1703mW/1429mW VDD_SOC 1507mW/1479mW
06-14-2026 21:44:52 RAM 5393/7607MB (lfb 2x256kB) SWAP 339/3804MB (cached 1MB) CPU [2%@1510,4%@1510,70%@1510,1%@1510,25%@1510,2%@1510] GR3D_FREQ 10% cpu@54.906C soc2@53.375C soc0@51.625C gpu@54.593C tj@54.906C soc1@53.656C VDD_IN 6785mW/6033mW VDD_CPU_GPU_CV 1743mW/1444mW VDD_SOC 1626mW/1486mW
06-14-2026 21:44:53 RAM 5927/7607MB (lfb 1x128kB) SWAP 352/3804MB (cached 1MB) CPU [3%@1510,8%@1510,72%@1510,0%@1510,40%@1510,0%@1510] GR3D_FREQ 99% cpu@54.875C soc2@53.468C soc0@51.562C gpu@55.156C tj@55.156C soc1@53.812C VDD_IN 7975mW/6117mW VDD_CPU_GPU_CV 2373mW/1484mW VDD_SOC 1861mW/1502mW
06-14-2026 21:44:54 RAM 6046/7607MB (lfb 1x4MB) SWAP 384/3804MB (cached 1MB) CPU [1%@1510,0%@1510,5%@1510,37%@1510,24%@1510,0%@1510] GR3D_FREQ 99% cpu@54.875C soc2@53.562C soc0@51.718C gpu@55.406C tj@55.406C soc1@53.656C VDD_IN 9166mW/6244mW VDD_CPU_GPU_CV 3243mW/1557mW VDD_SOC 1980mW/1522mW
06-14-2026 21:44:55 RAM 6166/7607MB (lfb 1x2MB) SWAP 387/3804MB (cached 1MB) CPU [33%@1510,0%@1510,7%@1510,10%@1510,15%@1510,14%@1510] GR3D_FREQ 98% cpu@54.968C soc2@53.656C soc0@51.718C gpu@55.593C tj@55.593C soc1@53.687C VDD_IN 9245mW/6364mW VDD_CPU_GPU_CV 3599mW/1639mW VDD_SOC 1861mW/1535mW
06-14-2026 21:44:56 RAM 6174/7607MB (lfb 1x1MB) SWAP 387/3804MB (cached 1MB) CPU [0%@1510,0%@1510,0%@1510,0%@1510,9%@1510,0%@1510] GR3D_FREQ 93% cpu@55.281C soc2@53.968C soc0@51.843C gpu@56.218C tj@56.218C soc1@53.812C VDD_IN 11826mW/6574mW VDD_CPU_GPU_CV 4494mW/1749mW VDD_SOC 2487mW/1572mW
06-14-2026 21:44:57 RAM 6174/7607MB (lfb 1x1MB) SWAP 387/3804MB (cached 1MB) CPU [0%@1510,0%@1510,4%@1510,0%@1510,1%@1510,0%@1510] GR3D_FREQ 99% cpu@55.312C soc2@54.125C soc0@52.031C gpu@56.5C tj@56.5C soc1@53.968C VDD_IN 12142mW/6781mW VDD_CPU_GPU_CV 4573mW/1853mW VDD_SOC 2566mW/1609mW
06-14-2026 21:44:58 RAM 6232/7607MB (lfb 5x128kB) SWAP 397/3804MB (cached 1MB) CPU [0%@1510,1%@1510,4%@1510,1%@1510,13%@1510,39%@1510] GR3D_FREQ 99% cpu@55.531C soc2@54.125C soc0@52.156C gpu@56.468C tj@56.468C soc1@54.062C VDD_IN 10220mW/6903mW VDD_CPU_GPU_CV 4146mW/1935mW VDD_SOC 2020mW/1623mW
06-14-2026 21:44:59 RAM 6243/7607MB (lfb 1x128kB) SWAP 397/3804MB (cached 1MB) CPU [5%@1510,0%@1510,0%@1510,0%@1510,0%@1510,27%@1510] GR3D_FREQ 99% cpu@55.531C soc2@54.281C soc0@52.25C gpu@56.593C tj@56.593C soc1@54.156C VDD_IN 11390mW/7058mW VDD_CPU_GPU_CV 4376mW/2019mW VDD_SOC 2373mW/1649mW
06-14-2026 21:45:00 RAM 6249/7607MB (lfb 2x256kB) SWAP 396/3804MB (cached 1MB) CPU [1%@1510,0%@1510,2%@1510,0%@1510,0%@1510,1%@1510] GR3D_FREQ 99% cpu@55.656C soc2@54.468C soc0@52.531C gpu@56.906C tj@56.906C soc1@54.093C VDD_IN 12102mW/7226mW VDD_CPU_GPU_CV 4573mW/2105mW VDD_SOC 2566mW/1680mW
06-14-2026 21:45:01 RAM 6280/7607MB (lfb 2x2MB) SWAP 396/3804MB (cached 1MB) CPU [9%@1510,0%@1510,5%@1510,0%@1510,1%@1510,45%@1510] GR3D_FREQ 99% cpu@55.625C soc2@54.312C soc0@52.343C gpu@56.531C tj@56.531C soc1@54.187C VDD_IN 9705mW/7306mW VDD_CPU_GPU_CV 3632mW/2154mW VDD_SOC 2020mW/1691mW
06-14-2026 21:45:02 RAM 6297/7607MB (lfb 5x128kB) SWAP 396/3804MB (cached 1MB) CPU [0%@1510,0%@1510,0%@1510,0%@1510,0%@1510,9%@1510] GR3D_FREQ 99% cpu@55.812C soc2@54.625C soc0@52.562C gpu@57.062C tj@57.062C soc1@54.343C VDD_IN 11944mW/7451mW VDD_CPU_GPU_CV 4533mW/2228mW VDD_SOC 2487mW/1716mW
06-14-2026 21:45:03 RAM 6324/7607MB (lfb 940x32kB) SWAP 397/3804MB (cached 1MB) CPU [10%@1510,0%@1510,4%@1510,0%@1510,1%@1510,34%@1510] GR3D_FREQ 0% cpu@56.093C soc2@54.562C soc0@52.531C gpu@56.375C tj@56.375C soc1@54.468C VDD_IN 9943mW/7527mW VDD_CPU_GPU_CV 3711mW/2273mW VDD_SOC 2060mW/1726mW
06-14-2026 21:45:04 RAM 6339/7607MB (lfb 940x32kB) SWAP 397/3804MB (cached 1MB) CPU [0%@1510,0%@1510,0%@1510,0%@1510,0%@1510,21%@1510] GR3D_FREQ 99% cpu@56C soc2@54.687C soc0@52.687C gpu@57.093C tj@57.093C soc1@54.562C VDD_IN 11826mW/7653mW VDD_CPU_GPU_CV 4494mW/2338mW VDD_SOC 2487mW/1749mW
06-14-2026 21:45:05 RAM 6339/7607MB (lfb 940x32kB) SWAP 397/3804MB (cached 1MB) CPU [0%@1510,0%@1510,0%@1510,0%@1510,0%@1510,1%@1510] GR3D_FREQ 93% cpu@56.25C soc2@54.937C soc0@53C gpu@57.281C tj@57.281C soc1@54.562C VDD_IN 12182mW/7782mW VDD_CPU_GPU_CV 4612mW/2403mW VDD_SOC 2566mW/1772mW
06-14-2026 21:45:06 RAM 6351/7607MB (lfb 890x32kB) SWAP 397/3804MB (cached 1MB) CPU [4%@1510,0%@1510,2%@1510,0%@1510,0%@1510,27%@1510] GR3D_FREQ 99% cpu@56.406C soc2@54.781C soc0@52.812C gpu@57.093C tj@57.093C soc1@54.687C VDD_IN 10102mW/7847mW VDD_CPU_GPU_CV 3790mW/2442mW VDD_SOC 2099mW/1781mW
06-14-2026 21:45:07 RAM 6355/7607MB (lfb 911x32kB) SWAP 404/3804MB (cached 1MB) CPU [4%@1510,0%@1510,1%@1510,0%@1510,5%@1510,34%@1510] GR3D_FREQ 90% cpu@56.218C soc2@55C soc0@52.843C gpu@57.156C tj@57.156C soc1@54.718C VDD_IN 10955mW/7931mW VDD_CPU_GPU_CV 4304mW/2492mW VDD_SOC 2214mW/1793mW
06-14-2026 21:45:08 RAM 6355/7607MB (lfb 911x32kB) SWAP 404/3804MB (cached 1MB) CPU [0%@1510,0%@1510,0%@1510,0%@1510,0%@1510,1%@1510] GR3D_FREQ 93% cpu@56.468C soc2@55.125C soc0@53.093C gpu@57.375C tj@57.375C soc1@54.937C VDD_IN 12182mW/8043mW VDD_CPU_GPU_CV 4652mW/2549mW VDD_SOC 2566mW/1813mW
06-14-2026 21:45:09 RAM 6368/7607MB (lfb 884x32kB) SWAP 404/3804MB (cached 1MB) CPU [0%@1510,0%@1510,1%@1510,0%@1510,0%@1510,8%@1510] GR3D_FREQ 98% cpu@56.531C soc2@55.312C soc0@53.218C gpu@57.468C tj@57.468C soc1@55.031C VDD_IN 11746mW/8138mW VDD_CPU_GPU_CV 4454mW/2598mW VDD_SOC 2448mW/1829mW
06-14-2026 21:45:10 RAM 6379/7607MB (lfb 884x32kB) SWAP 404/3804MB (cached 1MB) CPU [9%@1510,0%@1510,0%@1510,0%@1510,0%@1510,44%@1510] GR3D_FREQ 99% cpu@56.625C soc2@55.281C soc0@53.187C gpu@57.406C tj@57.406C soc1@54.937C VDD_IN 10758mW/8203mW VDD_CPU_GPU_CV 4146mW/2637mW VDD_SOC 2214mW/1839mW
06-14-2026 21:45:11 RAM 6379/7607MB (lfb 872x32kB) SWAP 404/3804MB (cached 1MB) CPU [0%@1510,0%@1510,0%@1510,1%@1510,0%@1510,1%@1510] GR3D_FREQ 99% cpu@56.781C soc2@55.312C soc0@53.343C gpu@57.687C tj@57.687C soc1@55.062C VDD_IN 12142mW/8299mW VDD_CPU_GPU_CV 4612mW/2685mW VDD_SOC 2566mW/1857mW
06-14-2026 21:45:12 RAM 6372/7607MB (lfb 11x128kB) SWAP 423/3804MB (cached 1MB) CPU [14%@1510,19%@1510,5%@1510,7%@1510,1%@1510,3%@1510] GR3D_FREQ 0% cpu@56.843C soc2@55.343C soc0@53.281C gpu@56.781C tj@56.843C soc1@55.156C VDD_IN 8715mW/8309mW VDD_CPU_GPU_CV 2887mW/2690mW VDD_SOC 1941mW/1859mW
06-14-2026 21:45:13 RAM 2366/7607MB (lfb 21x4MB) SWAP 394/3804MB (cached 1MB) CPU [36%@1510,20%@1510,42%@1510,26%@1510,33%@1510,97%@1510] GR3D_FREQ 0% cpu@56.781C soc2@55.062C soc0@53.187C gpu@56.406C tj@56.781C soc1@55.218C VDD_IN 6904mW/8277mW VDD_CPU_GPU_CV 2020mW/2674mW VDD_SOC 1547mW/1851mW
06-14-2026 21:45:14 RAM 1465/7607MB (lfb 34x4MB) SWAP 340/3804MB (cached 1MB) CPU [4%@1510,1%@1510,2%@1510,21%@1510,3%@1510,16%@1510] GR3D_FREQ 0% cpu@56.343C soc2@54.843C soc0@53.125C gpu@56.25C tj@56.343C soc1@55.25C VDD_IN 5515mW/8214mW VDD_CPU_GPU_CV 1148mW/2639mW VDD_SOC 1428mW/1842mW
06-14-2026 21:45:15 RAM 1465/7607MB (lfb 34x4MB) SWAP 340/3804MB (cached 1MB) CPU [11%@1510,2%@1510,1%@1510,3%@1510,1%@1510,1%@1510] GR3D_FREQ 0% cpu@56.312C soc2@54.843C soc0@53.125C gpu@56.156C tj@56.312C soc1@55.187C VDD_IN 5237mW/8148mW VDD_CPU_GPU_CV 1030mW/2604mW VDD_SOC 1388mW/1832mW
