[run] loading refdrone 'val' subset (n=all)...
[run] 439 samples; building jetson backend (/home/jfdg/grounding/phase3-terse100eos-1024-q8_0.gguf) max_side=1024...
[run] evaluating...
  [jetson] 1/439  parsed=1  gate_hits=1
  [jetson] 2/439  parsed=2  gate_hits=2
  [jetson] 3/439  parsed=3  gate_hits=3
  [jetson] 4/439  parsed=4  gate_hits=3
  [jetson] 5/439  parsed=5  gate_hits=3
  [jetson] 6/439  parsed=6  gate_hits=4
  [jetson] 7/439  parsed=7  gate_hits=5
  [jetson] 8/439  parsed=8  gate_hits=5
  [jetson] 9/439  parsed=9  gate_hits=6
  [jetson] 10/439  parsed=10  gate_hits=7
  [jetson] 11/439  parsed=11  gate_hits=8
  [jetson] 12/439  parsed=12  gate_hits=8
  [jetson] 13/439  parsed=13  gate_hits=8
  [jetson] 14/439  parsed=14  gate_hits=9
  [jetson] 15/439  parsed=15  gate_hits=10
  [jetson] 16/439  parsed=16  gate_hits=10
  [jetson] 17/439  parsed=17  gate_hits=11
  [jetson] 18/439  parsed=18  gate_hits=12
  [jetson] 19/439  parsed=19  gate_hits=13
  [jetson] 20/439  parsed=20  gate_hits=14
  [jetson] 21/439  parsed=21  gate_hits=14
  [jetson] 22/439  parsed=22  gate_hits=14
  [jetson] 23/439  parsed=23  gate_hits=15
  [jetson] 24/439  parsed=24  gate_hits=15
  [jetson] 25/439  parsed=25  gate_hits=15
  [jetson] 26/439  parsed=26  gate_hits=16
  [jetson] 27/439  parsed=27  gate_hits=17
  [jetson] 28/439  parsed=28  gate_hits=18
  [jetson] 29/439  parsed=29  gate_hits=19
  [jetson] 30/439  parsed=30  gate_hits=20
  [jetson] 31/439  parsed=31  gate_hits=21
  [jetson] 32/439  parsed=32  gate_hits=22
  [jetson] 33/439  parsed=33  gate_hits=23
  [jetson] 34/439  parsed=34  gate_hits=24
  [jetson] 35/439  parsed=35  gate_hits=25
  [jetson] 36/439  parsed=36  gate_hits=26
  [jetson] 37/439  parsed=37  gate_hits=26
  [jetson] 38/439  parsed=38  gate_hits=27
  [jetson] 39/439  parsed=39  gate_hits=28
  [jetson] 40/439  parsed=40  gate_hits=28
  [jetson] 41/439  parsed=41  gate_hits=29
  [jetson] 42/439  parsed=42  gate_hits=30
  [jetson] 43/439  parsed=43  gate_hits=31
  [jetson] 44/439  parsed=44  gate_hits=32
  [jetson] 45/439  parsed=45  gate_hits=33
  [jetson] 46/439  parsed=46  gate_hits=34
  [jetson] 47/439  parsed=47  gate_hits=34
  [jetson] 48/439  parsed=48  gate_hits=34
  [jetson] 49/439  parsed=49  gate_hits=35
  [jetson] 50/439  parsed=50  gate_hits=36
  [jetson] 51/439  parsed=51  gate_hits=36
  [jetson] 52/439  parsed=52  gate_hits=36
  [jetson] 53/439  parsed=53  gate_hits=37
  [jetson] 54/439  parsed=54  gate_hits=38
  [jetson] 55/439  parsed=55  gate_hits=39
  [jetson] 56/439  parsed=56  gate_hits=40
  [jetson] 57/439  parsed=57  gate_hits=41
  [jetson] 58/439  parsed=58  gate_hits=41
  [jetson] 59/439  parsed=59  gate_hits=42
  [jetson] 60/439  parsed=60  gate_hits=43
  [jetson] 61/439  parsed=61  gate_hits=44
  [jetson] 62/439  parsed=62  gate_hits=44
  [jetson] 63/439  parsed=63  gate_hits=45
  [jetson] 64/439  parsed=64  gate_hits=46
  [jetson] 65/439  parsed=65  gate_hits=47
  [jetson] 66/439  parsed=66  gate_hits=47
  [jetson] 67/439  parsed=67  gate_hits=47
  [jetson] 68/439  parsed=68  gate_hits=47
  [jetson] 69/439  parsed=69  gate_hits=48
  [jetson] 70/439  parsed=70  gate_hits=48
  [jetson] 71/439  parsed=71  gate_hits=49
  [jetson] 72/439  parsed=72  gate_hits=50
  [jetson] 73/439  parsed=73  gate_hits=51
  [jetson] 74/439  parsed=74  gate_hits=52
  [jetson] 75/439  parsed=75  gate_hits=52
  [jetson] 76/439  parsed=76  gate_hits=53
  [jetson] 77/439  parsed=77  gate_hits=54
  [jetson] 78/439  parsed=78  gate_hits=55
  [jetson] 79/439  parsed=79  gate_hits=56
  [jetson] 80/439  parsed=80  gate_hits=56
  [jetson] 81/439  parsed=81  gate_hits=57
  [jetson] 82/439  parsed=82  gate_hits=58
  [jetson] 83/439  parsed=83  gate_hits=59
  [jetson] 84/439  parsed=84  gate_hits=60
  [jetson] 85/439  parsed=85  gate_hits=61
  [jetson] 86/439  parsed=86  gate_hits=61
  [jetson] 87/439  parsed=87  gate_hits=62
  [jetson] 88/439  parsed=88  gate_hits=62
  [jetson] 89/439  parsed=89  gate_hits=63
  [jetson] 90/439  parsed=90  gate_hits=64
  [jetson] 91/439  parsed=91  gate_hits=65
  [jetson] 92/439  parsed=92  gate_hits=66
  [jetson] 93/439  parsed=93  gate_hits=67
  [jetson] 94/439  parsed=94  gate_hits=68
  [jetson] 95/439  parsed=95  gate_hits=68
  [jetson] 96/439  parsed=96  gate_hits=68
  [jetson] 97/439  parsed=97  gate_hits=68
  [jetson] 98/439  parsed=98  gate_hits=68
  [jetson] 99/439  parsed=99  gate_hits=69
  [jetson] 100/439  parsed=100  gate_hits=69
  [jetson] 101/439  parsed=101  gate_hits=70
  [jetson] 102/439  parsed=102  gate_hits=70
  [jetson] 103/439  parsed=103  gate_hits=71
  [jetson] 104/439  parsed=104  gate_hits=71
  [jetson] 105/439  parsed=105  gate_hits=71
  [jetson] 106/439  parsed=106  gate_hits=71
  [jetson] 107/439  parsed=107  gate_hits=71
  [jetson] 108/439  parsed=108  gate_hits=72
  [jetson] 109/439  parsed=109  gate_hits=73
  [jetson] 110/439  parsed=110  gate_hits=74
  [jetson] 111/439  parsed=111  gate_hits=74
  [jetson] 112/439  parsed=112  gate_hits=75
  [jetson] 113/439  parsed=113  gate_hits=76
  [jetson] 114/439  parsed=114  gate_hits=77
  [jetson] 115/439  parsed=115  gate_hits=78
  [jetson] 116/439  parsed=116  gate_hits=79
  [jetson] 117/439  parsed=117  gate_hits=80
  [jetson] 118/439  parsed=118  gate_hits=81
  [jetson] 119/439  parsed=119  gate_hits=82
  [jetson] 120/439  parsed=120  gate_hits=83
  [jetson] 121/439  parsed=121  gate_hits=84
  [jetson] 122/439  parsed=122  gate_hits=84
  [jetson] 123/439  parsed=123  gate_hits=85
  [jetson] 124/439  parsed=124  gate_hits=86
  [jetson] 125/439  parsed=125  gate_hits=87
  [jetson] 126/439  parsed=126  gate_hits=88
  [jetson] 127/439  parsed=127  gate_hits=88
  [jetson] 128/439  parsed=128  gate_hits=88
  [jetson] 129/439  parsed=129  gate_hits=89
  [jetson] 130/439  parsed=130  gate_hits=90
  [jetson] 131/439  parsed=131  gate_hits=91
  [jetson] 132/439  parsed=132  gate_hits=92
  [jetson] 133/439  parsed=133  gate_hits=92
  [jetson] 134/439  parsed=134  gate_hits=93
  [jetson] 135/439  parsed=135  gate_hits=94
  [jetson] 136/439  parsed=136  gate_hits=95
  [jetson] 137/439  parsed=137  gate_hits=95
  [jetson] 138/439  parsed=138  gate_hits=96
  [jetson] 139/439  parsed=139  gate_hits=96
  [jetson] 140/439  parsed=140  gate_hits=96
  [jetson] 141/439  parsed=141  gate_hits=97
  [jetson] 142/439  parsed=142  gate_hits=97
  [jetson] 143/439  parsed=143  gate_hits=97
  [jetson] 144/439  parsed=144  gate_hits=98
  [jetson] 145/439  parsed=145  gate_hits=98
  [jetson] 146/439  parsed=146  gate_hits=98
  [jetson] 147/439  parsed=147  gate_hits=99
  [jetson] 148/439  parsed=148  gate_hits=99
  [jetson] 149/439  parsed=149  gate_hits=99
  [jetson] 150/439  parsed=150  gate_hits=100
  [jetson] 151/439  parsed=151  gate_hits=100
  [jetson] 152/439  parsed=152  gate_hits=100
  [jetson] 153/439  parsed=153  gate_hits=101
  [jetson] 154/439  parsed=154  gate_hits=102
  [jetson] 155/439  parsed=155  gate_hits=103
  [jetson] 156/439  parsed=156  gate_hits=103
  [jetson] 157/439  parsed=157  gate_hits=104
  [jetson] 158/439  parsed=158  gate_hits=105
  [jetson] 159/439  parsed=159  gate_hits=105
  [jetson] 160/439  parsed=160  gate_hits=106
  [jetson] 161/439  parsed=161  gate_hits=107
  [jetson] 162/439  parsed=162  gate_hits=108
  [jetson] 163/439  parsed=163  gate_hits=109
  [jetson] 164/439  parsed=164  gate_hits=109
  [jetson] 165/439  parsed=165  gate_hits=110
  [jetson] 166/439  parsed=166  gate_hits=111
  [jetson] 167/439  parsed=167  gate_hits=112
  [jetson] 168/439  parsed=168  gate_hits=113
  [jetson] 169/439  parsed=169  gate_hits=114
  [jetson] 170/439  parsed=170  gate_hits=115
  [jetson] 171/439  parsed=171  gate_hits=115
  [jetson] 172/439  parsed=172  gate_hits=116
  [jetson] 173/439  parsed=173  gate_hits=116
  [jetson] 174/439  parsed=174  gate_hits=117
  [jetson] 175/439  parsed=175  gate_hits=118
  [jetson] 176/439  parsed=176  gate_hits=119
  [jetson] 177/439  parsed=177  gate_hits=119
  [jetson] 178/439  parsed=178  gate_hits=119
  [jetson] 179/439  parsed=179  gate_hits=120
  [jetson] 180/439  parsed=180  gate_hits=121
  [jetson] 181/439  parsed=181  gate_hits=122
  [jetson] 182/439  parsed=182  gate_hits=123
  [jetson] 183/439  parsed=183  gate_hits=124
  [jetson] 184/439  parsed=184  gate_hits=124
  [jetson] 185/439  parsed=185  gate_hits=125
  [jetson] 186/439  parsed=186  gate_hits=125
  [jetson] 187/439  parsed=187  gate_hits=126
  [jetson] 188/439  parsed=188  gate_hits=126
  [jetson] 189/439  parsed=189  gate_hits=127
  [jetson] 190/439  parsed=190  gate_hits=127
  [jetson] 191/439  parsed=191  gate_hits=128
  [jetson] 192/439  parsed=192  gate_hits=129
  [jetson] 193/439  parsed=193  gate_hits=130
  [jetson] 194/439  parsed=194  gate_hits=130
  [jetson] 195/439  parsed=195  gate_hits=131
  [jetson] 196/439  parsed=196  gate_hits=132
  [jetson] 197/439  parsed=197  gate_hits=133
  [jetson] 198/439  parsed=198  gate_hits=133
  [jetson] 199/439  parsed=199  gate_hits=134
  [jetson] 200/439  parsed=200  gate_hits=135
  [jetson] 201/439  parsed=201  gate_hits=135
  [jetson] 202/439  parsed=202  gate_hits=136
  [jetson] 203/439  parsed=203  gate_hits=137
  [jetson] 204/439  parsed=204  gate_hits=138
  [jetson] 205/439  parsed=205  gate_hits=139
  [jetson] 206/439  parsed=206  gate_hits=139
  [jetson] 207/439  parsed=207  gate_hits=140
  [jetson] 208/439  parsed=208  gate_hits=141
  [jetson] 209/439  parsed=209  gate_hits=141
  [jetson] 210/439  parsed=210  gate_hits=141
  [jetson] 211/439  parsed=211  gate_hits=141
  [jetson] 212/439  parsed=212  gate_hits=141
  [jetson] 213/439  parsed=213  gate_hits=141
  [jetson] 214/439  parsed=214  gate_hits=142
  [jetson] 215/439  parsed=215  gate_hits=142
  [jetson] 216/439  parsed=216  gate_hits=142
  [jetson] 217/439  parsed=217  gate_hits=143
  [jetson] 218/439  parsed=218  gate_hits=144
  [jetson] 219/439  parsed=219  gate_hits=145
  [jetson] 220/439  parsed=220  gate_hits=146
  [jetson] 221/439  parsed=221  gate_hits=147
  [jetson] 222/439  parsed=222  gate_hits=148
  [jetson] 223/439  parsed=223  gate_hits=148
  [jetson] 224/439  parsed=224  gate_hits=148
  [jetson] 225/439  parsed=225  gate_hits=148
  [jetson] 226/439  parsed=226  gate_hits=149
  [jetson] 227/439  parsed=227  gate_hits=149
  [jetson] 228/439  parsed=228  gate_hits=149
  [jetson] 229/439  parsed=229  gate_hits=150
  [jetson] 230/439  parsed=230  gate_hits=151
  [jetson] 231/439  parsed=231  gate_hits=152
  [jetson] 232/439  parsed=232  gate_hits=152
  [jetson] 233/439  parsed=233  gate_hits=153
  [jetson] 234/439  parsed=234  gate_hits=153
  [jetson] 235/439  parsed=235  gate_hits=153
  [jetson] 236/439  parsed=236  gate_hits=154
  [jetson] 237/439  parsed=237  gate_hits=155
  [jetson] 238/439  parsed=238  gate_hits=156
  [jetson] 239/439  parsed=239  gate_hits=157
  [jetson] 240/439  parsed=240  gate_hits=158
  [jetson] 241/439  parsed=241  gate_hits=159
  [jetson] 242/439  parsed=242  gate_hits=160
  [jetson] 243/439  parsed=243  gate_hits=160
  [jetson] 244/439  parsed=244  gate_hits=161
  [jetson] 245/439  parsed=245  gate_hits=162
  [jetson] 246/439  parsed=246  gate_hits=163
  [jetson] 247/439  parsed=247  gate_hits=164
  [jetson] 248/439  parsed=248  gate_hits=165
  [jetson] 249/439  parsed=249  gate_hits=166
  [jetson] 250/439  parsed=250  gate_hits=167
  [jetson] 251/439  parsed=251  gate_hits=168
  [jetson] 252/439  parsed=252  gate_hits=168
  [jetson] 253/439  parsed=253  gate_hits=168
  [jetson] 254/439  parsed=254  gate_hits=169
  [jetson] 255/439  parsed=255  gate_hits=170
  [jetson] 256/439  parsed=256  gate_hits=170
  [jetson] 257/439  parsed=257  gate_hits=171
  [jetson] 258/439  parsed=258  gate_hits=171
  [jetson] 259/439  parsed=259  gate_hits=171
  [jetson] 260/439  parsed=260  gate_hits=172
  [jetson] 261/439  parsed=261  gate_hits=172
  [jetson] 262/439  parsed=262  gate_hits=173
  [jetson] 263/439  parsed=263  gate_hits=173
  [jetson] 264/439  parsed=264  gate_hits=173
  [jetson] 265/439  parsed=265  gate_hits=174
  [jetson] 266/439  parsed=266  gate_hits=174
  [jetson] 267/439  parsed=267  gate_hits=175
  [jetson] 268/439  parsed=268  gate_hits=176
  [jetson] 269/439  parsed=269  gate_hits=177
  [jetson] 270/439  parsed=270  gate_hits=178
  [jetson] 271/439  parsed=271  gate_hits=178
  [jetson] 272/439  parsed=272  gate_hits=179
  [jetson] 273/439  parsed=273  gate_hits=180
  [jetson] 274/439  parsed=274  gate_hits=181
  [jetson] 275/439  parsed=275  gate_hits=181
  [jetson] 276/439  parsed=276  gate_hits=182
  [jetson] 277/439  parsed=277  gate_hits=183
  [jetson] 278/439  parsed=278  gate_hits=184
  [jetson] 279/439  parsed=279  gate_hits=184
  [jetson] 280/439  parsed=280  gate_hits=184
  [jetson] 281/439  parsed=281  gate_hits=185
  [jetson] 282/439  parsed=282  gate_hits=186
  [jetson] 283/439  parsed=283  gate_hits=186
  [jetson] 284/439  parsed=284  gate_hits=186
  [jetson] 285/439  parsed=285  gate_hits=186
  [jetson] 286/439  parsed=286  gate_hits=186
  [jetson] 287/439  parsed=287  gate_hits=187
  [jetson] 288/439  parsed=288  gate_hits=187
  [jetson] 289/439  parsed=289  gate_hits=188
  [jetson] 290/439  parsed=290  gate_hits=189
  [jetson] 291/439  parsed=291  gate_hits=190
  [jetson] 292/439  parsed=292  gate_hits=191
  [jetson] 293/439  parsed=293  gate_hits=191
  [jetson] 294/439  parsed=294  gate_hits=191
  [jetson] 295/439  parsed=295  gate_hits=192
  [jetson] 296/439  parsed=296  gate_hits=192
  [jetson] 297/439  parsed=297  gate_hits=192
  [jetson] 298/439  parsed=298  gate_hits=192
  [jetson] 299/439  parsed=299  gate_hits=193
  [jetson] 300/439  parsed=300  gate_hits=194
  [jetson] 301/439  parsed=301  gate_hits=194
  [jetson] 302/439  parsed=302  gate_hits=195
  [jetson] 303/439  parsed=303  gate_hits=196
  [jetson] 304/439  parsed=304  gate_hits=197
  [jetson] 305/439  parsed=305  gate_hits=198
  [jetson] 306/439  parsed=306  gate_hits=198
  [jetson] 307/439  parsed=307  gate_hits=199
  [jetson] 308/439  parsed=308  gate_hits=200
  [jetson] 309/439  parsed=309  gate_hits=201
  [jetson] 310/439  parsed=310  gate_hits=202
  [jetson] 311/439  parsed=311  gate_hits=203
  [jetson] 312/439  parsed=312  gate_hits=203
  [jetson] 313/439  parsed=313  gate_hits=203
  [jetson] 314/439  parsed=314  gate_hits=204
  [jetson] 315/439  parsed=315  gate_hits=205
  [jetson] 316/439  parsed=316  gate_hits=205
  [jetson] 317/439  parsed=317  gate_hits=205
  [jetson] 318/439  parsed=318  gate_hits=206
  [jetson] 319/439  parsed=319  gate_hits=207
  [jetson] 320/439  parsed=320  gate_hits=208
  [jetson] 321/439  parsed=321  gate_hits=209
  [jetson] 322/439  parsed=322  gate_hits=209
  [jetson] 323/439  parsed=323  gate_hits=209
  [jetson] 324/439  parsed=324  gate_hits=210
  [jetson] 325/439  parsed=325  gate_hits=211
  [jetson] 326/439  parsed=326  gate_hits=211
  [jetson] 327/439  parsed=327  gate_hits=211
  [jetson] 328/439  parsed=328  gate_hits=211
  [jetson] 329/439  parsed=329  gate_hits=212
  [jetson] 330/439  parsed=330  gate_hits=213
  [jetson] 331/439  parsed=331  gate_hits=213
  [jetson] 332/439  parsed=332  gate_hits=213
  [jetson] 333/439  parsed=333  gate_hits=214
  [jetson] 334/439  parsed=334  gate_hits=215
  [jetson] 335/439  parsed=335  gate_hits=215
  [jetson] 336/439  parsed=336  gate_hits=215
  [jetson] 337/439  parsed=337  gate_hits=215
  [jetson] 338/439  parsed=338  gate_hits=216
  [jetson] 339/439  parsed=339  gate_hits=217
  [jetson] 340/439  parsed=340  gate_hits=218
  [jetson] 341/439  parsed=341  gate_hits=218
  [jetson] 342/439  parsed=342  gate_hits=219
  [jetson] 343/439  parsed=343  gate_hits=220
  [jetson] 344/439  parsed=344  gate_hits=221
  [jetson] 345/439  parsed=345  gate_hits=221
  [jetson] 346/439  parsed=346  gate_hits=221
  [jetson] 347/439  parsed=347  gate_hits=221
  [jetson] 348/439  parsed=348  gate_hits=222
  [jetson] 349/439  parsed=349  gate_hits=222
  [jetson] 350/439  parsed=350  gate_hits=223
  [jetson] 351/439  parsed=351  gate_hits=223
  [jetson] 352/439  parsed=352  gate_hits=224
  [jetson] 353/439  parsed=353  gate_hits=224
  [jetson] 354/439  parsed=354  gate_hits=225
  [jetson] 355/439  parsed=355  gate_hits=226
  [jetson] 356/439  parsed=356  gate_hits=227
  [jetson] 357/439  parsed=357  gate_hits=228
  [jetson] 358/439  parsed=358  gate_hits=229
  [jetson] 359/439  parsed=359  gate_hits=229
  [jetson] 360/439  parsed=360  gate_hits=230
  [jetson] 361/439  parsed=361  gate_hits=231
  [jetson] 362/439  parsed=362  gate_hits=231
  [jetson] 363/439  parsed=363  gate_hits=231
  [jetson] 364/439  parsed=364  gate_hits=231
  [jetson] 365/439  parsed=365  gate_hits=231
  [jetson] 366/439  parsed=366  gate_hits=232
  [jetson] 367/439  parsed=367  gate_hits=233
  [jetson] 368/439  parsed=368  gate_hits=233
  [jetson] 369/439  parsed=369  gate_hits=234
  [jetson] 370/439  parsed=370  gate_hits=234
  [jetson] 371/439  parsed=371  gate_hits=234
  [jetson] 372/439  parsed=372  gate_hits=234
  [jetson] 373/439  parsed=373  gate_hits=235
  [jetson] 374/439  parsed=374  gate_hits=236
  [jetson] 375/439  parsed=375  gate_hits=237
  [jetson] 376/439  parsed=376  gate_hits=238
  [jetson] 377/439  parsed=377  gate_hits=239
  [jetson] 378/439  parsed=378  gate_hits=240
  [jetson] 379/439  parsed=379  gate_hits=241
  [jetson] 380/439  parsed=380  gate_hits=242
  [jetson] 381/439  parsed=381  gate_hits=242
  [jetson] 382/439  parsed=382  gate_hits=243
  [jetson] 383/439  parsed=383  gate_hits=243
  [jetson] 384/439  parsed=384  gate_hits=244
  [jetson] 385/439  parsed=385  gate_hits=245
  [jetson] 386/439  parsed=386  gate_hits=246
  [jetson] 387/439  parsed=387  gate_hits=246
  [jetson] 388/439  parsed=388  gate_hits=247
  [jetson] 389/439  parsed=389  gate_hits=248
  [jetson] 390/439  parsed=390  gate_hits=249
  [jetson] 391/439  parsed=391  gate_hits=249
  [jetson] 392/439  parsed=392  gate_hits=249
  [jetson] 393/439  parsed=393  gate_hits=250
  [jetson] 394/439  parsed=394  gate_hits=251
  [jetson] 395/439  parsed=395  gate_hits=252
  [jetson] 396/439  parsed=396  gate_hits=252
  [jetson] 397/439  parsed=397  gate_hits=252
  [jetson] 398/439  parsed=398  gate_hits=253
  [jetson] 399/439  parsed=399  gate_hits=254
  [jetson] 400/439  parsed=400  gate_hits=255
  [jetson] 401/439  parsed=401  gate_hits=256
  [jetson] 402/439  parsed=402  gate_hits=257
  [jetson] 403/439  parsed=403  gate_hits=258
  [jetson] 404/439  parsed=404  gate_hits=259
  [jetson] 405/439  parsed=405  gate_hits=260
  [jetson] 406/439  parsed=406  gate_hits=260
  [jetson] 407/439  parsed=407  gate_hits=261
  [jetson] 408/439  parsed=408  gate_hits=262
  [jetson] 409/439  parsed=409  gate_hits=263
  [jetson] 410/439  parsed=410  gate_hits=263
  [jetson] 411/439  parsed=411  gate_hits=264
  [jetson] 412/439  parsed=412  gate_hits=265
  [jetson] 413/439  parsed=413  gate_hits=266
  [jetson] 414/439  parsed=414  gate_hits=266
  [jetson] 415/439  parsed=415  gate_hits=266
  [jetson] 416/439  parsed=416  gate_hits=267
  [jetson] 417/439  parsed=417  gate_hits=268
  [jetson] 418/439  parsed=418  gate_hits=268
  [jetson] 419/439  parsed=419  gate_hits=268
  [jetson] 420/439  parsed=420  gate_hits=268
  [jetson] 421/439  parsed=421  gate_hits=268
  [jetson] 422/439  parsed=422  gate_hits=269
  [jetson] 423/439  parsed=423  gate_hits=269
  [jetson] 424/439  parsed=424  gate_hits=270
  [jetson] 425/439  parsed=425  gate_hits=271
  [jetson] 426/439  parsed=426  gate_hits=271
  [jetson] 427/439  parsed=427  gate_hits=271
  [jetson] 428/439  parsed=428  gate_hits=272
  [jetson] 429/439  parsed=429  gate_hits=273
  [jetson] 430/439  parsed=430  gate_hits=274
  [jetson] 431/439  parsed=431  gate_hits=274
  [jetson] 432/439  parsed=432  gate_hits=275
  [jetson] 433/439  parsed=433  gate_hits=275
  [jetson] 434/439  parsed=434  gate_hits=276
  [jetson] 435/439  parsed=435  gate_hits=276
  [jetson] 436/439  parsed=436  gate_hits=276
  [jetson] 437/439  parsed=437  gate_hits=276
  [jetson] 438/439  parsed=438  gate_hits=276
  [jetson] 439/439  parsed=439  gate_hits=277
[run] DONE  n=439  parse_rate=100.0%  iou@0.25=63.1%  mean_iou=0.477  center_std=21.9
[run] manifest -> runs/20260626T040441Z
