06-15-2026 09:34:06 RAM 1516/7607MB (lfb 43x2MB) SWAP 321/3804MB (cached 1MB) CPU [1%@1510,2%@1510,2%@1510,1%@1510,6%@1510,3%@1510] GR3D_FREQ 0% cpu@51.187C soc2@50.031C soc0@48.281C gpu@51.031C tj@51.187C soc1@50.25C VDD_IN 5198mW/5198mW VDD_CPU_GPU_CV 992mW/992mW VDD_SOC 1428mW/1428mW
06-15-2026 09:34:07 RAM 1516/7607MB (lfb 43x2MB) SWAP 321/3804MB (cached 1MB) CPU [0%@1510,0%@1510,0%@1510,0%@1510,0%@1510,0%@1510] GR3D_FREQ 0% cpu@51.25C soc2@49.843C soc0@48.312C gpu@51.062C tj@51.25C soc1@50.218C VDD_IN 5158mW/5178mW VDD_CPU_GPU_CV 952mW/972mW VDD_SOC 1428mW/1428mW
06-15-2026 09:34:08 RAM 1518/7607MB (lfb 43x2MB) SWAP 321/3804MB (cached 1MB) CPU [0%@1510,0%@1510,0%@1510,0%@1510,0%@1510,0%@1510] GR3D_FREQ 0% cpu@51.218C soc2@49.937C soc0@48.125C gpu@51C tj@51.218C soc1@50.187C VDD_IN 5158mW/5171mW VDD_CPU_GPU_CV 952mW/965mW VDD_SOC 1428mW/1428mW
06-15-2026 09:34:09 RAM 1518/7607MB (lfb 43x2MB) SWAP 321/3804MB (cached 1MB) CPU [0%@1510,0%@1510,0%@1510,0%@1510,0%@1510,0%@1510] GR3D_FREQ 0% cpu@51.312C soc2@49.906C soc0@48.156C gpu@51.093C tj@51.312C soc1@50.312C VDD_IN 5158mW/5168mW VDD_CPU_GPU_CV 952mW/962mW VDD_SOC 1428mW/1428mW
06-15-2026 09:34:10 RAM 1519/7607MB (lfb 43x2MB) SWAP 321/3804MB (cached 1MB) CPU [2%@1510,1%@1510,0%@1510,1%@1510,0%@1510,0%@1510] GR3D_FREQ 0% cpu@51.437C soc2@49.875C soc0@48.218C gpu@51.031C tj@51.437C soc1@50.281C VDD_IN 5198mW/5174mW VDD_CPU_GPU_CV 952mW/960mW VDD_SOC 1428mW/1428mW
06-15-2026 09:34:11 RAM 1646/7607MB (lfb 1x2MB) SWAP 321/3804MB (cached 1MB) CPU [27%@1510,42%@1510,13%@1510,25%@1510,27%@1510,34%@1510] GR3D_FREQ 0% cpu@51.531C soc2@50.125C soc0@48.312C gpu@51.062C tj@51.531C soc1@50.406C VDD_IN 6359mW/5372mW VDD_CPU_GPU_CV 1587mW/1065mW VDD_SOC 1587mW/1455mW
06-15-2026 09:34:12 RAM 1567/7607MB (lfb 259x1MB) SWAP 321/3804MB (cached 1MB) CPU [4%@1510,6%@1510,2%@1510,0%@1510,85%@1510,12%@1510] GR3D_FREQ 0% cpu@51.468C soc2@50.093C soc0@48.343C gpu@51C tj@51.468C soc1@50.343C VDD_IN 6001mW/5461mW VDD_CPU_GPU_CV 1428mW/1116mW VDD_SOC 1507mW/1462mW
06-15-2026 09:34:13 RAM 1908/7607MB (lfb 1x2MB) SWAP 321/3804MB (cached 1MB) CPU [1%@1510,0%@1510,0%@1510,0%@1510,56%@1510,6%@1510] GR3D_FREQ 0% cpu@51.406C soc2@50C soc0@48.218C gpu@50.937C tj@51.406C soc1@50.437C VDD_IN 5753mW/5498mW VDD_CPU_GPU_CV 1228mW/1130mW VDD_SOC 1507mW/1468mW
06-15-2026 09:34:14 RAM 2066/7607MB (lfb 4x2MB) SWAP 321/3804MB (cached 1MB) CPU [5%@1510,5%@1510,0%@1510,0%@1510,25%@1510,5%@1510] GR3D_FREQ 79% cpu@51.468C soc2@50.187C soc0@48.25C gpu@51.781C tj@51.781C soc1@50.312C VDD_IN 8451mW/5826mW VDD_CPU_GPU_CV 2773mW/1313mW VDD_SOC 1901mW/1516mW
06-15-2026 09:34:15 RAM 2097/7607MB (lfb 232x1MB) SWAP 321/3804MB (cached 1MB) CPU [7%@1510,5%@1510,2%@1510,0%@1510,12%@1510,0%@1510] GR3D_FREQ 55% cpu@51.781C soc2@50.406C soc0@48.437C gpu@51.875C tj@51.875C soc1@50.5C VDD_IN 9047mW/6148mW VDD_CPU_GPU_CV 3045mW/1486mW VDD_SOC 2020mW/1566mW
06-15-2026 09:34:16 RAM 2121/7607MB (lfb 3x2MB) SWAP 321/3804MB (cached 1MB) CPU [9%@1510,0%@1510,0%@1510,0%@1510,13%@1510,0%@1510] GR3D_FREQ 85% cpu@51.75C soc2@50.593C soc0@48.625C gpu@52.125C tj@52.125C soc1@50.687C VDD_IN 9523mW/6455mW VDD_CPU_GPU_CV 3322mW/1653mW VDD_SOC 2099mW/1615mW
06-15-2026 09:34:17 RAM 2128/7607MB (lfb 4x2MB) SWAP 321/3804MB (cached 1MB) CPU [5%@1510,5%@1510,1%@1510,1%@1510,6%@1510,6%@1510] GR3D_FREQ 99% cpu@52.062C soc2@50.718C soc0@48.75C gpu@52.562C tj@52.562C soc1@50.687C VDD_IN 9547mW/6713mW VDD_CPU_GPU_CV 3282mW/1789mW VDD_SOC 2139mW/1658mW
06-15-2026 09:34:18 RAM 2129/7607MB (lfb 3x2MB) SWAP 321/3804MB (cached 1MB) CPU [4%@1510,8%@1510,2%@1510,0%@1510,0%@1510,12%@1510] GR3D_FREQ 99% cpu@51.937C soc2@50.718C soc0@48.656C gpu@52.625C tj@52.625C soc1@50.687C VDD_IN 9324mW/6913mW VDD_CPU_GPU_CV 3164mW/1895mW VDD_SOC 2099mW/1692mW
06-15-2026 09:34:19 RAM 2134/7607MB (lfb 1x2MB) SWAP 321/3804MB (cached 1MB) CPU [8%@1510,0%@1510,1%@1510,0%@1510,0%@1510,10%@1510] GR3D_FREQ 93% cpu@51.937C soc2@50.75C soc0@48.75C gpu@52.687C tj@52.687C soc1@50.812C VDD_IN 9602mW/7106mW VDD_CPU_GPU_CV 3361mW/1999mW VDD_SOC 2139mW/1724mW
06-15-2026 09:34:20 RAM 2136/7607MB (lfb 1x2MB) SWAP 321/3804MB (cached 1MB) CPU [4%@1510,4%@1510,1%@1510,0%@1510,0%@1510,10%@1510] GR3D_FREQ 99% cpu@52.281C soc2@50.875C soc0@48.937C gpu@53.031C tj@53.031C soc1@50.937C VDD_IN 9824mW/7287mW VDD_CPU_GPU_CV 3361mW/2090mW VDD_SOC 2178mW/1754mW
06-15-2026 09:34:21 RAM 2151/7607MB (lfb 13x2MB) SWAP 321/3804MB (cached 1MB) CPU [9%@1510,5%@1510,1%@1510,1%@1510,12%@1510,1%@1510] GR3D_FREQ 99% cpu@52.218C soc2@51C soc0@49C gpu@52.875C tj@52.875C soc1@51C VDD_IN 9205mW/7407mW VDD_CPU_GPU_CV 3085mW/2152mW VDD_SOC 2099mW/1776mW
06-15-2026 09:34:22 RAM 2173/7607MB (lfb 2x2MB) SWAP 321/3804MB (cached 1MB) CPU [7%@1510,4%@1510,2%@1510,5%@1510,13%@1510,0%@1510] GR3D_FREQ 99% cpu@52.406C soc2@51.093C soc0@49.187C gpu@53.156C tj@53.156C soc1@50.968C VDD_IN 9205mW/7512mW VDD_CPU_GPU_CV 3164mW/2212mW VDD_SOC 2060mW/1793mW
06-15-2026 09:34:23 RAM 2182/7607MB (lfb 9x2MB) SWAP 321/3804MB (cached 1MB) CPU [5%@1510,3%@1510,1%@1510,0%@1510,11%@1510,2%@1510] GR3D_FREQ 94% cpu@52.312C soc2@51.093C soc0@49.062C gpu@53.156C tj@53.156C soc1@51.125C VDD_IN 9602mW/7629mW VDD_CPU_GPU_CV 3282mW/2271mW VDD_SOC 2178mW/1814mW
06-15-2026 09:34:24 RAM 2203/7607MB (lfb 8x2MB) SWAP 321/3804MB (cached 1MB) CPU [11%@1510,10%@1510,0%@1510,0%@1510,0%@1510,14%@1510] GR3D_FREQ 99% cpu@52.406C soc2@51.156C soc0@49.156C gpu@53.187C tj@53.187C soc1@51C VDD_IN 9245mW/7714mW VDD_CPU_GPU_CV 3164mW/2318mW VDD_SOC 2060mW/1827mW
06-15-2026 09:34:25 RAM 2232/7607MB (lfb 2x2MB) SWAP 321/3804MB (cached 1MB) CPU [3%@1510,0%@1510,6%@1510,8%@1510,0%@1510,12%@1510] GR3D_FREQ 99% cpu@52.593C soc2@51.25C soc0@49.312C gpu@53.281C tj@53.281C soc1@51.156C VDD_IN 9587mW/7807mW VDD_CPU_GPU_CV 3401mW/2372mW VDD_SOC 2099mW/1841mW
06-15-2026 09:34:26 RAM 2245/7607MB (lfb 4x2MB) SWAP 321/3804MB (cached 1MB) CPU [1%@1510,4%@1510,5%@1510,1%@1510,0%@1510,14%@1510] GR3D_FREQ 91% cpu@52.531C soc2@51.281C soc0@49.312C gpu@53.093C tj@53.093C soc1@51.281C VDD_IN 9562mW/7891mW VDD_CPU_GPU_CV 3322mW/2418mW VDD_SOC 2099mW/1853mW
06-15-2026 09:34:27 RAM 2258/7607MB (lfb 1x2MB) SWAP 321/3804MB (cached 1MB) CPU [0%@1510,14%@1510,0%@1510,1%@1510,0%@1510,13%@1510] GR3D_FREQ 96% cpu@52.75C soc2@51.437C soc0@49.531C gpu@53.156C tj@53.156C soc1@51.156C VDD_IN 9507mW/7964mW VDD_CPU_GPU_CV 3322mW/2459mW VDD_SOC 2099mW/1864mW
06-15-2026 09:34:28 RAM 2274/7607MB (lfb 1x2MB) SWAP 321/3804MB (cached 1MB) CPU [1%@1510,3%@1510,10%@1510,3%@1510,8%@1510,5%@1510] GR3D_FREQ 99% cpu@52.781C soc2@51.406C soc0@49.437C gpu@53.312C tj@53.312C soc1@51.25C VDD_IN 9285mW/8022mW VDD_CPU_GPU_CV 3164mW/2489mW VDD_SOC 2060mW/1873mW
06-15-2026 09:34:29 RAM 2277/7607MB (lfb 2x2MB) SWAP 321/3804MB (cached 1MB) CPU [1%@1510,4%@1510,4%@1510,0%@1510,13%@1510,0%@1510] GR3D_FREQ 93% cpu@52.781C soc2@51.5C soc0@49.468C gpu@53.406C tj@53.406C soc1@51.375C VDD_IN 9587mW/8087mW VDD_CPU_GPU_CV 3282mW/2522mW VDD_SOC 2178mW/1885mW
06-15-2026 09:34:30 RAM 2287/7607MB (lfb 3x2MB) SWAP 321/3804MB (cached 1MB) CPU [0%@1510,0%@1510,17%@1510,0%@1510,14%@1510,0%@1510] GR3D_FREQ 0% cpu@52.906C soc2@51.531C soc0@49.562C gpu@53.093C tj@53.093C soc1@51.5C VDD_IN 9086mW/8127mW VDD_CPU_GPU_CV 3124mW/2546mW VDD_SOC 2020mW/1891mW
06-15-2026 09:34:31 RAM 2303/7607MB (lfb 1x4MB) SWAP 321/3804MB (cached 1MB) CPU [1%@1510,1%@1510,11%@1510,1%@1510,14%@1510,0%@1510] GR3D_FREQ 93% cpu@52.843C soc2@51.625C soc0@49.687C gpu@53.437C tj@53.437C soc1@51.562C VDD_IN 9602mW/8184mW VDD_CPU_GPU_CV 3441mW/2581mW VDD_SOC 2099mW/1899mW
06-15-2026 09:34:32 RAM 2317/7607MB (lfb 2x2MB) SWAP 321/3804MB (cached 1MB) CPU [4%@1510,0%@1510,8%@1510,0%@1510,13%@1510,1%@1510] GR3D_FREQ 99% cpu@53.031C soc2@51.687C soc0@49.781C gpu@53.781C tj@53.781C soc1@51.75C VDD_IN 9626mW/8237mW VDD_CPU_GPU_CV 3361mW/2610mW VDD_SOC 2139mW/1908mW
06-15-2026 09:34:33 RAM 2327/7607MB (lfb 217x1MB) SWAP 321/3804MB (cached 1MB) CPU [0%@1510,1%@1510,9%@1510,0%@1510,12%@1510,0%@1510] GR3D_FREQ 93% cpu@53C soc2@51.687C soc0@49.75C gpu@53.625C tj@53.625C soc1@51.593C VDD_IN 9626mW/8287mW VDD_CPU_GPU_CV 3361mW/2637mW VDD_SOC 2139mW/1916mW
06-15-2026 09:34:34 RAM 2332/7607MB (lfb 226x1MB) SWAP 321/3804MB (cached 1MB) CPU [1%@1510,0%@1510,14%@1510,1%@1510,13%@1510,0%@1510] GR3D_FREQ 58% cpu@53.062C soc2@51.687C soc0@49.75C gpu@53.437C tj@53.437C soc1@51.687C VDD_IN 9324mW/8322mW VDD_CPU_GPU_CV 3124mW/2653mW VDD_SOC 2099mW/1922mW
06-15-2026 09:34:35 RAM 2338/7607MB (lfb 8x2MB) SWAP 321/3804MB (cached 1MB) CPU [4%@1510,0%@1510,8%@1510,1%@1510,15%@1510,1%@1510] GR3D_FREQ 96% cpu@53.281C soc2@51.781C soc0@49.812C gpu@53.562C tj@53.562C soc1@51.75C VDD_IN 9547mW/8363mW VDD_CPU_GPU_CV 3401mW/2678mW VDD_SOC 2099mW/1928mW
06-15-2026 09:34:36 RAM 2052/7607MB (lfb 4x4MB) SWAP 321/3804MB (cached 1MB) CPU [16%@1510,7%@1510,18%@1510,10%@1510,29%@1510,17%@1510] GR3D_FREQ 0% cpu@53.531C soc2@51.843C soc0@49.875C gpu@52.906C tj@53.531C soc1@51.875C VDD_IN 7618mW/8339mW VDD_CPU_GPU_CV 2337mW/2667mW VDD_SOC 1745mW/1922mW
06-15-2026 09:34:37 RAM 1501/7607MB (lfb 22x4MB) SWAP 321/3804MB (cached 1MB) CPU [12%@1510,1%@1510,1%@1510,1%@1510,4%@1510,8%@1510] GR3D_FREQ 0% cpu@53C soc2@51.593C soc0@49.843C gpu@52.625C tj@53C soc1@51.875C VDD_IN 5475mW/8250mW VDD_CPU_GPU_CV 1109mW/2619mW VDD_SOC 1468mW/1908mW
06-15-2026 09:34:38 RAM 1501/7607MB (lfb 22x4MB) SWAP 321/3804MB (cached 1MB) CPU [2%@1510,3%@1510,3%@1510,1%@1510,11%@1510,1%@1510] GR3D_FREQ 0% cpu@53.031C soc2@51.562C soc0@49.812C gpu@52.625C tj@53.031C soc1@51.718C VDD_IN 5515mW/8167mW VDD_CPU_GPU_CV 1188mW/2575mW VDD_SOC 1428mW/1893mW
06-15-2026 09:34:39 RAM 1502/7607MB (lfb 22x4MB) SWAP 321/3804MB (cached 1MB) CPU [3%@1510,1%@1510,1%@1510,2%@1510,6%@1510,0%@1510] GR3D_FREQ 0% cpu@52.781C soc2@51.312C soc0@49.718C gpu@52.5C tj@52.781C soc1@51.656C VDD_IN 5277mW/8082mW VDD_CPU_GPU_CV 990mW/2529mW VDD_SOC 1428mW/1880mW
