=== convert F16 ===
Wed Jun 17 07:21:49 AM CEST 2026
INFO:hf-to-gguf:Loading model: smolvlm_ft3
INFO:hf-to-gguf:Model architecture: VLlama3ForCausalLM
INFO:hf-to-gguf:gguf: indexing model part 'model.safetensors'
INFO:gguf.gguf_writer:gguf: This GGUF file is for Little Endian only
INFO:hf-to-gguf:Exporting model...
INFO:hf-to-gguf:output.weight,               torch.bfloat16 --> F16, shape = {960, 49280}
INFO:hf-to-gguf:token_embd.weight,           torch.bfloat16 --> F16, shape = {960, 49280}
INFO:hf-to-gguf:blk.0.attn_norm.weight,      torch.bfloat16 --> F32, shape = {960}
INFO:hf-to-gguf:blk.0.ffn_down.weight,       torch.bfloat16 --> F16, shape = {2560, 960}
INFO:hf-to-gguf:blk.0.ffn_gate.weight,       torch.bfloat16 --> F16, shape = {960, 2560}
INFO:hf-to-gguf:blk.0.ffn_up.weight,         torch.bfloat16 --> F16, shape = {960, 2560}
INFO:hf-to-gguf:blk.0.ffn_norm.weight,       torch.bfloat16 --> F32, shape = {960}
INFO:hf-to-gguf:blk.0.attn_k.weight,         torch.bfloat16 --> F16, shape = {960, 320}
INFO:hf-to-gguf:blk.0.attn_output.weight,    torch.bfloat16 --> F16, shape = {960, 960}
INFO:hf-to-gguf:blk.0.attn_q.weight,         torch.bfloat16 --> F16, shape = {960, 960}
INFO:hf-to-gguf:blk.0.attn_v.weight,         torch.bfloat16 --> F16, shape = {960, 320}
INFO:hf-to-gguf:blk.1.attn_norm.weight,      torch.bfloat16 --> F32, shape = {960}
INFO:hf-to-gguf:blk.1.ffn_down.weight,       torch.bfloat16 --> F16, shape = {2560, 960}
INFO:hf-to-gguf:blk.1.ffn_gate.weight,       torch.bfloat16 --> F16, shape = {960, 2560}
INFO:hf-to-gguf:blk.1.ffn_up.weight,         torch.bfloat16 --> F16, shape = {960, 2560}
INFO:hf-to-gguf:blk.1.ffn_norm.weight,       torch.bfloat16 --> F32, shape = {960}
INFO:hf-to-gguf:blk.1.attn_k.weight,         torch.bfloat16 --> F16, shape = {960, 320}
INFO:hf-to-gguf:blk.1.attn_output.weight,    torch.bfloat16 --> F16, shape = {960, 960}
INFO:hf-to-gguf:blk.1.attn_q.weight,         torch.bfloat16 --> F16, shape = {960, 960}
INFO:hf-to-gguf:blk.1.attn_v.weight,         torch.bfloat16 --> F16, shape = {960, 320}
INFO:hf-to-gguf:blk.10.attn_norm.weight,     torch.bfloat16 --> F32, shape = {960}
INFO:hf-to-gguf:blk.10.ffn_down.weight,      torch.bfloat16 --> F16, shape = {2560, 960}
INFO:hf-to-gguf:blk.10.ffn_gate.weight,      torch.bfloat16 --> F16, shape = {960, 2560}
INFO:hf-to-gguf:blk.10.ffn_up.weight,        torch.bfloat16 --> F16, shape = {960, 2560}
INFO:hf-to-gguf:blk.10.ffn_norm.weight,      torch.bfloat16 --> F32, shape = {960}
INFO:hf-to-gguf:blk.10.attn_k.weight,        torch.bfloat16 --> F16, shape = {960, 320}
INFO:hf-to-gguf:blk.10.attn_output.weight,   torch.bfloat16 --> F16, shape = {960, 960}
INFO:hf-to-gguf:blk.10.attn_q.weight,        torch.bfloat16 --> F16, shape = {960, 960}
INFO:hf-to-gguf:blk.10.attn_v.weight,        torch.bfloat16 --> F16, shape = {960, 320}
INFO:hf-to-gguf:blk.11.attn_norm.weight,     torch.bfloat16 --> F32, shape = {960}
INFO:hf-to-gguf:blk.11.ffn_down.weight,      torch.bfloat16 --> F16, shape = {2560, 960}
INFO:hf-to-gguf:blk.11.ffn_gate.weight,      torch.bfloat16 --> F16, shape = {960, 2560}
INFO:hf-to-gguf:blk.11.ffn_up.weight,        torch.bfloat16 --> F16, shape = {960, 2560}
INFO:hf-to-gguf:blk.11.ffn_norm.weight,      torch.bfloat16 --> F32, shape = {960}
INFO:hf-to-gguf:blk.11.attn_k.weight,        torch.bfloat16 --> F16, shape = {960, 320}
INFO:hf-to-gguf:blk.11.attn_output.weight,   torch.bfloat16 --> F16, shape = {960, 960}
INFO:hf-to-gguf:blk.11.attn_q.weight,        torch.bfloat16 --> F16, shape = {960, 960}
INFO:hf-to-gguf:blk.11.attn_v.weight,        torch.bfloat16 --> F16, shape = {960, 320}
INFO:hf-to-gguf:blk.12.attn_norm.weight,     torch.bfloat16 --> F32, shape = {960}
INFO:hf-to-gguf:blk.12.ffn_down.weight,      torch.bfloat16 --> F16, shape = {2560, 960}
INFO:hf-to-gguf:blk.12.ffn_gate.weight,      torch.bfloat16 --> F16, shape = {960, 2560}
INFO:hf-to-gguf:blk.12.ffn_up.weight,        torch.bfloat16 --> F16, shape = {960, 2560}
INFO:hf-to-gguf:blk.12.ffn_norm.weight,      torch.bfloat16 --> F32, shape = {960}
INFO:hf-to-gguf:blk.12.attn_k.weight,        torch.bfloat16 --> F16, shape = {960, 320}
INFO:hf-to-gguf:blk.12.attn_output.weight,   torch.bfloat16 --> F16, shape = {960, 960}
INFO:hf-to-gguf:blk.12.attn_q.weight,        torch.bfloat16 --> F16, shape = {960, 960}
INFO:hf-to-gguf:blk.12.attn_v.weight,        torch.bfloat16 --> F16, shape = {960, 320}
INFO:hf-to-gguf:blk.13.attn_norm.weight,     torch.bfloat16 --> F32, shape = {960}
INFO:hf-to-gguf:blk.13.ffn_down.weight,      torch.bfloat16 --> F16, shape = {2560, 960}
INFO:hf-to-gguf:blk.13.ffn_gate.weight,      torch.bfloat16 --> F16, shape = {960, 2560}
INFO:hf-to-gguf:blk.13.ffn_up.weight,        torch.bfloat16 --> F16, shape = {960, 2560}
INFO:hf-to-gguf:blk.13.ffn_norm.weight,      torch.bfloat16 --> F32, shape = {960}
INFO:hf-to-gguf:blk.13.attn_k.weight,        torch.bfloat16 --> F16, shape = {960, 320}
INFO:hf-to-gguf:blk.13.attn_output.weight,   torch.bfloat16 --> F16, shape = {960, 960}
INFO:hf-to-gguf:blk.13.attn_q.weight,        torch.bfloat16 --> F16, shape = {960, 960}
INFO:hf-to-gguf:blk.13.attn_v.weight,        torch.bfloat16 --> F16, shape = {960, 320}
INFO:hf-to-gguf:blk.14.attn_norm.weight,     torch.bfloat16 --> F32, shape = {960}
INFO:hf-to-gguf:blk.14.ffn_down.weight,      torch.bfloat16 --> F16, shape = {2560, 960}
INFO:hf-to-gguf:blk.14.ffn_gate.weight,      torch.bfloat16 --> F16, shape = {960, 2560}
INFO:hf-to-gguf:blk.14.ffn_up.weight,        torch.bfloat16 --> F16, shape = {960, 2560}
INFO:hf-to-gguf:blk.14.ffn_norm.weight,      torch.bfloat16 --> F32, shape = {960}
INFO:hf-to-gguf:blk.14.attn_k.weight,        torch.bfloat16 --> F16, shape = {960, 320}
INFO:hf-to-gguf:blk.14.attn_output.weight,   torch.bfloat16 --> F16, shape = {960, 960}
INFO:hf-to-gguf:blk.14.attn_q.weight,        torch.bfloat16 --> F16, shape = {960, 960}
INFO:hf-to-gguf:blk.14.attn_v.weight,        torch.bfloat16 --> F16, shape = {960, 320}
INFO:hf-to-gguf:blk.15.attn_norm.weight,     torch.bfloat16 --> F32, shape = {960}
INFO:hf-to-gguf:blk.15.ffn_down.weight,      torch.bfloat16 --> F16, shape = {2560, 960}
INFO:hf-to-gguf:blk.15.ffn_gate.weight,      torch.bfloat16 --> F16, shape = {960, 2560}
INFO:hf-to-gguf:blk.15.ffn_up.weight,        torch.bfloat16 --> F16, shape = {960, 2560}
INFO:hf-to-gguf:blk.15.ffn_norm.weight,      torch.bfloat16 --> F32, shape = {960}
INFO:hf-to-gguf:blk.15.attn_k.weight,        torch.bfloat16 --> F16, shape = {960, 320}
INFO:hf-to-gguf:blk.15.attn_output.weight,   torch.bfloat16 --> F16, shape = {960, 960}
INFO:hf-to-gguf:blk.15.attn_q.weight,        torch.bfloat16 --> F16, shape = {960, 960}
INFO:hf-to-gguf:blk.15.attn_v.weight,        torch.bfloat16 --> F16, shape = {960, 320}
INFO:hf-to-gguf:blk.16.attn_norm.weight,     torch.bfloat16 --> F32, shape = {960}
INFO:hf-to-gguf:blk.16.ffn_down.weight,      torch.bfloat16 --> F16, shape = {2560, 960}
INFO:hf-to-gguf:blk.16.ffn_gate.weight,      torch.bfloat16 --> F16, shape = {960, 2560}
INFO:hf-to-gguf:blk.16.ffn_up.weight,        torch.bfloat16 --> F16, shape = {960, 2560}
INFO:hf-to-gguf:blk.16.ffn_norm.weight,      torch.bfloat16 --> F32, shape = {960}
INFO:hf-to-gguf:blk.16.attn_k.weight,        torch.bfloat16 --> F16, shape = {960, 320}
INFO:hf-to-gguf:blk.16.attn_output.weight,   torch.bfloat16 --> F16, shape = {960, 960}
INFO:hf-to-gguf:blk.16.attn_q.weight,        torch.bfloat16 --> F16, shape = {960, 960}
INFO:hf-to-gguf:blk.16.attn_v.weight,        torch.bfloat16 --> F16, shape = {960, 320}
INFO:hf-to-gguf:blk.17.attn_norm.weight,     torch.bfloat16 --> F32, shape = {960}
INFO:hf-to-gguf:blk.17.ffn_down.weight,      torch.bfloat16 --> F16, shape = {2560, 960}
INFO:hf-to-gguf:blk.17.ffn_gate.weight,      torch.bfloat16 --> F16, shape = {960, 2560}
INFO:hf-to-gguf:blk.17.ffn_up.weight,        torch.bfloat16 --> F16, shape = {960, 2560}
INFO:hf-to-gguf:blk.17.ffn_norm.weight,      torch.bfloat16 --> F32, shape = {960}
INFO:hf-to-gguf:blk.17.attn_k.weight,        torch.bfloat16 --> F16, shape = {960, 320}
INFO:hf-to-gguf:blk.17.attn_output.weight,   torch.bfloat16 --> F16, shape = {960, 960}
INFO:hf-to-gguf:blk.17.attn_q.weight,        torch.bfloat16 --> F16, shape = {960, 960}
INFO:hf-to-gguf:blk.17.attn_v.weight,        torch.bfloat16 --> F16, shape = {960, 320}
INFO:hf-to-gguf:blk.18.attn_norm.weight,     torch.bfloat16 --> F32, shape = {960}
INFO:hf-to-gguf:blk.18.ffn_down.weight,      torch.bfloat16 --> F16, shape = {2560, 960}
INFO:hf-to-gguf:blk.18.ffn_gate.weight,      torch.bfloat16 --> F16, shape = {960, 2560}
INFO:hf-to-gguf:blk.18.ffn_up.weight,        torch.bfloat16 --> F16, shape = {960, 2560}
INFO:hf-to-gguf:blk.18.ffn_norm.weight,      torch.bfloat16 --> F32, shape = {960}
INFO:hf-to-gguf:blk.18.attn_k.weight,        torch.bfloat16 --> F16, shape = {960, 320}
INFO:hf-to-gguf:blk.18.attn_output.weight,   torch.bfloat16 --> F16, shape = {960, 960}
INFO:hf-to-gguf:blk.18.attn_q.weight,        torch.bfloat16 --> F16, shape = {960, 960}
INFO:hf-to-gguf:blk.18.attn_v.weight,        torch.bfloat16 --> F16, shape = {960, 320}
INFO:hf-to-gguf:blk.19.attn_norm.weight,     torch.bfloat16 --> F32, shape = {960}
INFO:hf-to-gguf:blk.19.ffn_down.weight,      torch.bfloat16 --> F16, shape = {2560, 960}
INFO:hf-to-gguf:blk.19.ffn_gate.weight,      torch.bfloat16 --> F16, shape = {960, 2560}
INFO:hf-to-gguf:blk.19.ffn_up.weight,        torch.bfloat16 --> F16, shape = {960, 2560}
INFO:hf-to-gguf:blk.19.ffn_norm.weight,      torch.bfloat16 --> F32, shape = {960}
INFO:hf-to-gguf:blk.19.attn_k.weight,        torch.bfloat16 --> F16, shape = {960, 320}
INFO:hf-to-gguf:blk.19.attn_output.weight,   torch.bfloat16 --> F16, shape = {960, 960}
INFO:hf-to-gguf:blk.19.attn_q.weight,        torch.bfloat16 --> F16, shape = {960, 960}
INFO:hf-to-gguf:blk.19.attn_v.weight,        torch.bfloat16 --> F16, shape = {960, 320}
INFO:hf-to-gguf:blk.2.attn_norm.weight,      torch.bfloat16 --> F32, shape = {960}
INFO:hf-to-gguf:blk.2.ffn_down.weight,       torch.bfloat16 --> F16, shape = {2560, 960}
INFO:hf-to-gguf:blk.2.ffn_gate.weight,       torch.bfloat16 --> F16, shape = {960, 2560}
INFO:hf-to-gguf:blk.2.ffn_up.weight,         torch.bfloat16 --> F16, shape = {960, 2560}
INFO:hf-to-gguf:blk.2.ffn_norm.weight,       torch.bfloat16 --> F32, shape = {960}
INFO:hf-to-gguf:blk.2.attn_k.weight,         torch.bfloat16 --> F16, shape = {960, 320}
INFO:hf-to-gguf:blk.2.attn_output.weight,    torch.bfloat16 --> F16, shape = {960, 960}
INFO:hf-to-gguf:blk.2.attn_q.weight,         torch.bfloat16 --> F16, shape = {960, 960}
INFO:hf-to-gguf:blk.2.attn_v.weight,         torch.bfloat16 --> F16, shape = {960, 320}
INFO:hf-to-gguf:blk.20.attn_norm.weight,     torch.bfloat16 --> F32, shape = {960}
INFO:hf-to-gguf:blk.20.ffn_down.weight,      torch.bfloat16 --> F16, shape = {2560, 960}
INFO:hf-to-gguf:blk.20.ffn_gate.weight,      torch.bfloat16 --> F16, shape = {960, 2560}
INFO:hf-to-gguf:blk.20.ffn_up.weight,        torch.bfloat16 --> F16, shape = {960, 2560}
INFO:hf-to-gguf:blk.20.ffn_norm.weight,      torch.bfloat16 --> F32, shape = {960}
INFO:hf-to-gguf:blk.20.attn_k.weight,        torch.bfloat16 --> F16, shape = {960, 320}
INFO:hf-to-gguf:blk.20.attn_output.weight,   torch.bfloat16 --> F16, shape = {960, 960}
INFO:hf-to-gguf:blk.20.attn_q.weight,        torch.bfloat16 --> F16, shape = {960, 960}
INFO:hf-to-gguf:blk.20.attn_v.weight,        torch.bfloat16 --> F16, shape = {960, 320}
INFO:hf-to-gguf:blk.21.attn_norm.weight,     torch.bfloat16 --> F32, shape = {960}
INFO:hf-to-gguf:blk.21.ffn_down.weight,      torch.bfloat16 --> F16, shape = {2560, 960}
INFO:hf-to-gguf:blk.21.ffn_gate.weight,      torch.bfloat16 --> F16, shape = {960, 2560}
INFO:hf-to-gguf:blk.21.ffn_up.weight,        torch.bfloat16 --> F16, shape = {960, 2560}
INFO:hf-to-gguf:blk.21.ffn_norm.weight,      torch.bfloat16 --> F32, shape = {960}
INFO:hf-to-gguf:blk.21.attn_k.weight,        torch.bfloat16 --> F16, shape = {960, 320}
INFO:hf-to-gguf:blk.21.attn_output.weight,   torch.bfloat16 --> F16, shape = {960, 960}
INFO:hf-to-gguf:blk.21.attn_q.weight,        torch.bfloat16 --> F16, shape = {960, 960}
INFO:hf-to-gguf:blk.21.attn_v.weight,        torch.bfloat16 --> F16, shape = {960, 320}
INFO:hf-to-gguf:blk.22.attn_norm.weight,     torch.bfloat16 --> F32, shape = {960}
INFO:hf-to-gguf:blk.22.ffn_down.weight,      torch.bfloat16 --> F16, shape = {2560, 960}
INFO:hf-to-gguf:blk.22.ffn_gate.weight,      torch.bfloat16 --> F16, shape = {960, 2560}
INFO:hf-to-gguf:blk.22.ffn_up.weight,        torch.bfloat16 --> F16, shape = {960, 2560}
INFO:hf-to-gguf:blk.22.ffn_norm.weight,      torch.bfloat16 --> F32, shape = {960}
INFO:hf-to-gguf:blk.22.attn_k.weight,        torch.bfloat16 --> F16, shape = {960, 320}
INFO:hf-to-gguf:blk.22.attn_output.weight,   torch.bfloat16 --> F16, shape = {960, 960}
INFO:hf-to-gguf:blk.22.attn_q.weight,        torch.bfloat16 --> F16, shape = {960, 960}
INFO:hf-to-gguf:blk.22.attn_v.weight,        torch.bfloat16 --> F16, shape = {960, 320}
INFO:hf-to-gguf:blk.23.attn_norm.weight,     torch.bfloat16 --> F32, shape = {960}
INFO:hf-to-gguf:blk.23.ffn_down.weight,      torch.bfloat16 --> F16, shape = {2560, 960}
INFO:hf-to-gguf:blk.23.ffn_gate.weight,      torch.bfloat16 --> F16, shape = {960, 2560}
INFO:hf-to-gguf:blk.23.ffn_up.weight,        torch.bfloat16 --> F16, shape = {960, 2560}
INFO:hf-to-gguf:blk.23.ffn_norm.weight,      torch.bfloat16 --> F32, shape = {960}
INFO:hf-to-gguf:blk.23.attn_k.weight,        torch.bfloat16 --> F16, shape = {960, 320}
INFO:hf-to-gguf:blk.23.attn_output.weight,   torch.bfloat16 --> F16, shape = {960, 960}
INFO:hf-to-gguf:blk.23.attn_q.weight,        torch.bfloat16 --> F16, shape = {960, 960}
INFO:hf-to-gguf:blk.23.attn_v.weight,        torch.bfloat16 --> F16, shape = {960, 320}
INFO:hf-to-gguf:blk.24.attn_norm.weight,     torch.bfloat16 --> F32, shape = {960}
INFO:hf-to-gguf:blk.24.ffn_down.weight,      torch.bfloat16 --> F16, shape = {2560, 960}
INFO:hf-to-gguf:blk.24.ffn_gate.weight,      torch.bfloat16 --> F16, shape = {960, 2560}
INFO:hf-to-gguf:blk.24.ffn_up.weight,        torch.bfloat16 --> F16, shape = {960, 2560}
INFO:hf-to-gguf:blk.24.ffn_norm.weight,      torch.bfloat16 --> F32, shape = {960}
INFO:hf-to-gguf:blk.24.attn_k.weight,        torch.bfloat16 --> F16, shape = {960, 320}
INFO:hf-to-gguf:blk.24.attn_output.weight,   torch.bfloat16 --> F16, shape = {960, 960}
INFO:hf-to-gguf:blk.24.attn_q.weight,        torch.bfloat16 --> F16, shape = {960, 960}
INFO:hf-to-gguf:blk.24.attn_v.weight,        torch.bfloat16 --> F16, shape = {960, 320}
INFO:hf-to-gguf:blk.25.attn_norm.weight,     torch.bfloat16 --> F32, shape = {960}
INFO:hf-to-gguf:blk.25.ffn_down.weight,      torch.bfloat16 --> F16, shape = {2560, 960}
INFO:hf-to-gguf:blk.25.ffn_gate.weight,      torch.bfloat16 --> F16, shape = {960, 2560}
INFO:hf-to-gguf:blk.25.ffn_up.weight,        torch.bfloat16 --> F16, shape = {960, 2560}
INFO:hf-to-gguf:blk.25.ffn_norm.weight,      torch.bfloat16 --> F32, shape = {960}
INFO:hf-to-gguf:blk.25.attn_k.weight,        torch.bfloat16 --> F16, shape = {960, 320}
INFO:hf-to-gguf:blk.25.attn_output.weight,   torch.bfloat16 --> F16, shape = {960, 960}
INFO:hf-to-gguf:blk.25.attn_q.weight,        torch.bfloat16 --> F16, shape = {960, 960}
INFO:hf-to-gguf:blk.25.attn_v.weight,        torch.bfloat16 --> F16, shape = {960, 320}
INFO:hf-to-gguf:blk.26.attn_norm.weight,     torch.bfloat16 --> F32, shape = {960}
INFO:hf-to-gguf:blk.26.ffn_down.weight,      torch.bfloat16 --> F16, shape = {2560, 960}
INFO:hf-to-gguf:blk.26.ffn_gate.weight,      torch.bfloat16 --> F16, shape = {960, 2560}
INFO:hf-to-gguf:blk.26.ffn_up.weight,        torch.bfloat16 --> F16, shape = {960, 2560}
INFO:hf-to-gguf:blk.26.ffn_norm.weight,      torch.bfloat16 --> F32, shape = {960}
INFO:hf-to-gguf:blk.26.attn_k.weight,        torch.bfloat16 --> F16, shape = {960, 320}
INFO:hf-to-gguf:blk.26.attn_output.weight,   torch.bfloat16 --> F16, shape = {960, 960}
INFO:hf-to-gguf:blk.26.attn_q.weight,        torch.bfloat16 --> F16, shape = {960, 960}
INFO:hf-to-gguf:blk.26.attn_v.weight,        torch.bfloat16 --> F16, shape = {960, 320}
INFO:hf-to-gguf:blk.27.attn_norm.weight,     torch.bfloat16 --> F32, shape = {960}
INFO:hf-to-gguf:blk.27.ffn_down.weight,      torch.bfloat16 --> F16, shape = {2560, 960}
INFO:hf-to-gguf:blk.27.ffn_gate.weight,      torch.bfloat16 --> F16, shape = {960, 2560}
INFO:hf-to-gguf:blk.27.ffn_up.weight,        torch.bfloat16 --> F16, shape = {960, 2560}
INFO:hf-to-gguf:blk.27.ffn_norm.weight,      torch.bfloat16 --> F32, shape = {960}
INFO:hf-to-gguf:blk.27.attn_k.weight,        torch.bfloat16 --> F16, shape = {960, 320}
INFO:hf-to-gguf:blk.27.attn_output.weight,   torch.bfloat16 --> F16, shape = {960, 960}
INFO:hf-to-gguf:blk.27.attn_q.weight,        torch.bfloat16 --> F16, shape = {960, 960}
INFO:hf-to-gguf:blk.27.attn_v.weight,        torch.bfloat16 --> F16, shape = {960, 320}
INFO:hf-to-gguf:blk.28.attn_norm.weight,     torch.bfloat16 --> F32, shape = {960}
INFO:hf-to-gguf:blk.28.ffn_down.weight,      torch.bfloat16 --> F16, shape = {2560, 960}
INFO:hf-to-gguf:blk.28.ffn_gate.weight,      torch.bfloat16 --> F16, shape = {960, 2560}
INFO:hf-to-gguf:blk.28.ffn_up.weight,        torch.bfloat16 --> F16, shape = {960, 2560}
INFO:hf-to-gguf:blk.28.ffn_norm.weight,      torch.bfloat16 --> F32, shape = {960}
INFO:hf-to-gguf:blk.28.attn_k.weight,        torch.bfloat16 --> F16, shape = {960, 320}
INFO:hf-to-gguf:blk.28.attn_output.weight,   torch.bfloat16 --> F16, shape = {960, 960}
INFO:hf-to-gguf:blk.28.attn_q.weight,        torch.bfloat16 --> F16, shape = {960, 960}
INFO:hf-to-gguf:blk.28.attn_v.weight,        torch.bfloat16 --> F16, shape = {960, 320}
INFO:hf-to-gguf:blk.29.attn_norm.weight,     torch.bfloat16 --> F32, shape = {960}
INFO:hf-to-gguf:blk.29.ffn_down.weight,      torch.bfloat16 --> F16, shape = {2560, 960}
INFO:hf-to-gguf:blk.29.ffn_gate.weight,      torch.bfloat16 --> F16, shape = {960, 2560}
INFO:hf-to-gguf:blk.29.ffn_up.weight,        torch.bfloat16 --> F16, shape = {960, 2560}
INFO:hf-to-gguf:blk.29.ffn_norm.weight,      torch.bfloat16 --> F32, shape = {960}
INFO:hf-to-gguf:blk.29.attn_k.weight,        torch.bfloat16 --> F16, shape = {960, 320}
INFO:hf-to-gguf:blk.29.attn_output.weight,   torch.bfloat16 --> F16, shape = {960, 960}
INFO:hf-to-gguf:blk.29.attn_q.weight,        torch.bfloat16 --> F16, shape = {960, 960}
INFO:hf-to-gguf:blk.29.attn_v.weight,        torch.bfloat16 --> F16, shape = {960, 320}
INFO:hf-to-gguf:blk.3.attn_norm.weight,      torch.bfloat16 --> F32, shape = {960}
INFO:hf-to-gguf:blk.3.ffn_down.weight,       torch.bfloat16 --> F16, shape = {2560, 960}
INFO:hf-to-gguf:blk.3.ffn_gate.weight,       torch.bfloat16 --> F16, shape = {960, 2560}
INFO:hf-to-gguf:blk.3.ffn_up.weight,         torch.bfloat16 --> F16, shape = {960, 2560}
INFO:hf-to-gguf:blk.3.ffn_norm.weight,       torch.bfloat16 --> F32, shape = {960}
INFO:hf-to-gguf:blk.3.attn_k.weight,         torch.bfloat16 --> F16, shape = {960, 320}
INFO:hf-to-gguf:blk.3.attn_output.weight,    torch.bfloat16 --> F16, shape = {960, 960}
INFO:hf-to-gguf:blk.3.attn_q.weight,         torch.bfloat16 --> F16, shape = {960, 960}
INFO:hf-to-gguf:blk.3.attn_v.weight,         torch.bfloat16 --> F16, shape = {960, 320}
INFO:hf-to-gguf:blk.30.attn_norm.weight,     torch.bfloat16 --> F32, shape = {960}
INFO:hf-to-gguf:blk.30.ffn_down.weight,      torch.bfloat16 --> F16, shape = {2560, 960}
INFO:hf-to-gguf:blk.30.ffn_gate.weight,      torch.bfloat16 --> F16, shape = {960, 2560}
INFO:hf-to-gguf:blk.30.ffn_up.weight,        torch.bfloat16 --> F16, shape = {960, 2560}
INFO:hf-to-gguf:blk.30.ffn_norm.weight,      torch.bfloat16 --> F32, shape = {960}
INFO:hf-to-gguf:blk.30.attn_k.weight,        torch.bfloat16 --> F16, shape = {960, 320}
INFO:hf-to-gguf:blk.30.attn_output.weight,   torch.bfloat16 --> F16, shape = {960, 960}
INFO:hf-to-gguf:blk.30.attn_q.weight,        torch.bfloat16 --> F16, shape = {960, 960}
INFO:hf-to-gguf:blk.30.attn_v.weight,        torch.bfloat16 --> F16, shape = {960, 320}
INFO:hf-to-gguf:blk.31.attn_norm.weight,     torch.bfloat16 --> F32, shape = {960}
INFO:hf-to-gguf:blk.31.ffn_down.weight,      torch.bfloat16 --> F16, shape = {2560, 960}
INFO:hf-to-gguf:blk.31.ffn_gate.weight,      torch.bfloat16 --> F16, shape = {960, 2560}
INFO:hf-to-gguf:blk.31.ffn_up.weight,        torch.bfloat16 --> F16, shape = {960, 2560}
INFO:hf-to-gguf:blk.31.ffn_norm.weight,      torch.bfloat16 --> F32, shape = {960}
INFO:hf-to-gguf:blk.31.attn_k.weight,        torch.bfloat16 --> F16, shape = {960, 320}
INFO:hf-to-gguf:blk.31.attn_output.weight,   torch.bfloat16 --> F16, shape = {960, 960}
INFO:hf-to-gguf:blk.31.attn_q.weight,        torch.bfloat16 --> F16, shape = {960, 960}
INFO:hf-to-gguf:blk.31.attn_v.weight,        torch.bfloat16 --> F16, shape = {960, 320}
INFO:hf-to-gguf:blk.4.attn_norm.weight,      torch.bfloat16 --> F32, shape = {960}
INFO:hf-to-gguf:blk.4.ffn_down.weight,       torch.bfloat16 --> F16, shape = {2560, 960}
INFO:hf-to-gguf:blk.4.ffn_gate.weight,       torch.bfloat16 --> F16, shape = {960, 2560}
INFO:hf-to-gguf:blk.4.ffn_up.weight,         torch.bfloat16 --> F16, shape = {960, 2560}
INFO:hf-to-gguf:blk.4.ffn_norm.weight,       torch.bfloat16 --> F32, shape = {960}
INFO:hf-to-gguf:blk.4.attn_k.weight,         torch.bfloat16 --> F16, shape = {960, 320}
INFO:hf-to-gguf:blk.4.attn_output.weight,    torch.bfloat16 --> F16, shape = {960, 960}
INFO:hf-to-gguf:blk.4.attn_q.weight,         torch.bfloat16 --> F16, shape = {960, 960}
INFO:hf-to-gguf:blk.4.attn_v.weight,         torch.bfloat16 --> F16, shape = {960, 320}
INFO:hf-to-gguf:blk.5.attn_norm.weight,      torch.bfloat16 --> F32, shape = {960}
INFO:hf-to-gguf:blk.5.ffn_down.weight,       torch.bfloat16 --> F16, shape = {2560, 960}
INFO:hf-to-gguf:blk.5.ffn_gate.weight,       torch.bfloat16 --> F16, shape = {960, 2560}
INFO:hf-to-gguf:blk.5.ffn_up.weight,         torch.bfloat16 --> F16, shape = {960, 2560}
INFO:hf-to-gguf:blk.5.ffn_norm.weight,       torch.bfloat16 --> F32, shape = {960}
INFO:hf-to-gguf:blk.5.attn_k.weight,         torch.bfloat16 --> F16, shape = {960, 320}
INFO:hf-to-gguf:blk.5.attn_output.weight,    torch.bfloat16 --> F16, shape = {960, 960}
INFO:hf-to-gguf:blk.5.attn_q.weight,         torch.bfloat16 --> F16, shape = {960, 960}
INFO:hf-to-gguf:blk.5.attn_v.weight,         torch.bfloat16 --> F16, shape = {960, 320}
INFO:hf-to-gguf:blk.6.attn_norm.weight,      torch.bfloat16 --> F32, shape = {960}
INFO:hf-to-gguf:blk.6.ffn_down.weight,       torch.bfloat16 --> F16, shape = {2560, 960}
INFO:hf-to-gguf:blk.6.ffn_gate.weight,       torch.bfloat16 --> F16, shape = {960, 2560}
INFO:hf-to-gguf:blk.6.ffn_up.weight,         torch.bfloat16 --> F16, shape = {960, 2560}
INFO:hf-to-gguf:blk.6.ffn_norm.weight,       torch.bfloat16 --> F32, shape = {960}
INFO:hf-to-gguf:blk.6.attn_k.weight,         torch.bfloat16 --> F16, shape = {960, 320}
INFO:hf-to-gguf:blk.6.attn_output.weight,    torch.bfloat16 --> F16, shape = {960, 960}
INFO:hf-to-gguf:blk.6.attn_q.weight,         torch.bfloat16 --> F16, shape = {960, 960}
INFO:hf-to-gguf:blk.6.attn_v.weight,         torch.bfloat16 --> F16, shape = {960, 320}
INFO:hf-to-gguf:blk.7.attn_norm.weight,      torch.bfloat16 --> F32, shape = {960}
INFO:hf-to-gguf:blk.7.ffn_down.weight,       torch.bfloat16 --> F16, shape = {2560, 960}
INFO:hf-to-gguf:blk.7.ffn_gate.weight,       torch.bfloat16 --> F16, shape = {960, 2560}
INFO:hf-to-gguf:blk.7.ffn_up.weight,         torch.bfloat16 --> F16, shape = {960, 2560}
INFO:hf-to-gguf:blk.7.ffn_norm.weight,       torch.bfloat16 --> F32, shape = {960}
INFO:hf-to-gguf:blk.7.attn_k.weight,         torch.bfloat16 --> F16, shape = {960, 320}
INFO:hf-to-gguf:blk.7.attn_output.weight,    torch.bfloat16 --> F16, shape = {960, 960}
INFO:hf-to-gguf:blk.7.attn_q.weight,         torch.bfloat16 --> F16, shape = {960, 960}
INFO:hf-to-gguf:blk.7.attn_v.weight,         torch.bfloat16 --> F16, shape = {960, 320}
INFO:hf-to-gguf:blk.8.attn_norm.weight,      torch.bfloat16 --> F32, shape = {960}
INFO:hf-to-gguf:blk.8.ffn_down.weight,       torch.bfloat16 --> F16, shape = {2560, 960}
INFO:hf-to-gguf:blk.8.ffn_gate.weight,       torch.bfloat16 --> F16, shape = {960, 2560}
INFO:hf-to-gguf:blk.8.ffn_up.weight,         torch.bfloat16 --> F16, shape = {960, 2560}
INFO:hf-to-gguf:blk.8.ffn_norm.weight,       torch.bfloat16 --> F32, shape = {960}
INFO:hf-to-gguf:blk.8.attn_k.weight,         torch.bfloat16 --> F16, shape = {960, 320}
INFO:hf-to-gguf:blk.8.attn_output.weight,    torch.bfloat16 --> F16, shape = {960, 960}
INFO:hf-to-gguf:blk.8.attn_q.weight,         torch.bfloat16 --> F16, shape = {960, 960}
INFO:hf-to-gguf:blk.8.attn_v.weight,         torch.bfloat16 --> F16, shape = {960, 320}
INFO:hf-to-gguf:blk.9.attn_norm.weight,      torch.bfloat16 --> F32, shape = {960}
INFO:hf-to-gguf:blk.9.ffn_down.weight,       torch.bfloat16 --> F16, shape = {2560, 960}
INFO:hf-to-gguf:blk.9.ffn_gate.weight,       torch.bfloat16 --> F16, shape = {960, 2560}
INFO:hf-to-gguf:blk.9.ffn_up.weight,         torch.bfloat16 --> F16, shape = {960, 2560}
INFO:hf-to-gguf:blk.9.ffn_norm.weight,       torch.bfloat16 --> F32, shape = {960}
INFO:hf-to-gguf:blk.9.attn_k.weight,         torch.bfloat16 --> F16, shape = {960, 320}
INFO:hf-to-gguf:blk.9.attn_output.weight,    torch.bfloat16 --> F16, shape = {960, 960}
INFO:hf-to-gguf:blk.9.attn_q.weight,         torch.bfloat16 --> F16, shape = {960, 960}
INFO:hf-to-gguf:blk.9.attn_v.weight,         torch.bfloat16 --> F16, shape = {960, 320}
INFO:hf-to-gguf:output_norm.weight,          torch.bfloat16 --> F32, shape = {960}
INFO:hf-to-gguf:Set meta model
INFO:hf-to-gguf:Set model parameters
INFO:hf-to-gguf:gguf: context length = 8192
INFO:hf-to-gguf:gguf: embedding length = 960
INFO:hf-to-gguf:gguf: feed forward length = 2560
INFO:hf-to-gguf:gguf: head count = 15
INFO:hf-to-gguf:gguf: key-value head count = 5
INFO:hf-to-gguf:gguf: rope theta = 100000
INFO:hf-to-gguf:gguf: rms norm epsilon = 1e-05
INFO:hf-to-gguf:gguf: file type = 1
INFO:hf-to-gguf:Set model quantization version
INFO:hf-to-gguf:Set model tokenizer
INFO:gguf.vocab:Adding 48900 merge(s).
INFO:gguf.vocab:Setting special token type bos to 1
INFO:gguf.vocab:Setting special token type eos to 49279
INFO:gguf.vocab:Setting special token type unk to 0
INFO:gguf.vocab:Setting special token type pad to 2
INFO:gguf.vocab:Setting chat_template to <|im_start|>{% for message in messages %}{{message['role'] | capitalize}}{% if message['content'][0]['type'] == 'image' %}{{':'}}{% else %}{{': '}}{% endif %}{% for line in message['content'] %}{% if line['type'] == 'text' %}{{line['text']}}{% elif line['type'] == 'image' %}{{ '<image>' }}{% endif %}{% endfor %}<end_of_utterance>
{% endfor %}{% if add_generation_prompt %}{{ 'Assistant:' }}{% endif %}
INFO:gguf.gguf_writer:Writing the following files:
INFO:gguf.gguf_writer:smolvlm_ft3_f16.gguf: n_tensors = 291, total_size = 818.6M
Writing:   0%|          | 0.00/819M [00:00<?, ?byte/s]Writing:  12%|█▏        | 94.6M/819M [00:00<00:01, 515Mbyte/s]Writing:  23%|██▎       | 189M/819M [00:00<00:01, 493Mbyte/s] Writing:  30%|███       | 246M/819M [00:00<00:01, 513Mbyte/s]Writing:  38%|███▊      | 312M/819M [00:00<00:00, 547Mbyte/s]Writing:  47%|████▋     | 381M/819M [00:00<00:00, 585Mbyte/s]Writing:  55%|█████▍    | 450M/819M [00:00<00:00, 610Mbyte/s]Writing:  63%|██████▎   | 519M/819M [00:00<00:00, 629Mbyte/s]Writing:  72%|███████▏  | 588M/819M [00:01<00:00, 641Mbyte/s]Writing:  80%|████████  | 656M/819M [00:01<00:00, 632Mbyte/s]Writing:  89%|████████▊ | 725M/819M [00:01<00:00, 640Mbyte/s]Writing:  97%|█████████▋| 794M/819M [00:01<00:00, 649Mbyte/s]Writing: 100%|██████████| 819M/819M [00:01<00:00, 602Mbyte/s]
INFO:hf-to-gguf:Model successfully exported to smolvlm_ft3_f16.gguf
-rw-rw-r-- 1 gara gara 820421632 Jun 17 07:21 ./smolvlm_ft3_f16.gguf
=== scp to jetson ===
Wed Jun 17 07:21:54 AM CEST 2026
=== md5 parity ===
31be67f74c5f3269f3234bd3397cf81a  ./smolvlm_ft3_f16.gguf
31be67f74c5f3269f3234bd3397cf81a  /home/jfdg/models/smolvlm_ft3_f16.gguf
=== F16 EXPORT DONE ===
Wed Jun 17 07:22:06 AM CEST 2026
