06-14-2026 21:37:23 RAM 992/7607MB (lfb 26x1MB) SWAP 330/3804MB (cached 1MB) CPU [3%@1510,3%@1510,15%@1510,3%@1510,0%@1510,0%@1510] GR3D_FREQ 0% cpu@56.281C soc2@54.625C soc0@52.875C gpu@55.781C tj@56.281C soc1@55.125C VDD_IN 5277mW/5277mW VDD_CPU_GPU_CV 1030mW/1030mW VDD_SOC 1388mW/1388mW
06-14-2026 21:37:24 RAM 986/7607MB (lfb 26x1MB) SWAP 330/3804MB (cached 1MB) CPU [2%@1510,0%@1510,9%@1510,8%@1510,0%@1510,0%@1510] GR3D_FREQ 0% cpu@56.093C soc2@54.5C soc0@52.875C gpu@55.812C tj@56.093C soc1@55.093C VDD_IN 5277mW/5277mW VDD_CPU_GPU_CV 1069mW/1050mW VDD_SOC 1388mW/1388mW
06-14-2026 21:37:25 RAM 988/7607MB (lfb 26x1MB) SWAP 330/3804MB (cached 1MB) CPU [1%@1510,0%@1510,0%@1510,0%@1510,0%@1510,0%@1510] GR3D_FREQ 0% cpu@55.843C soc2@54.562C soc0@52.843C gpu@55.781C tj@55.843C soc1@54.812C VDD_IN 5198mW/5251mW VDD_CPU_GPU_CV 990mW/1030mW VDD_SOC 1388mW/1388mW
06-14-2026 21:37:26 RAM 988/7607MB (lfb 26x1MB) SWAP 330/3804MB (cached 1MB) CPU [0%@1510,0%@1510,0%@1510,0%@1510,0%@1510,0%@1510] GR3D_FREQ 0% cpu@55.843C soc2@54.5C soc0@52.75C gpu@55.718C tj@55.843C soc1@54.906C VDD_IN 5158mW/5228mW VDD_CPU_GPU_CV 950mW/1010mW VDD_SOC 1388mW/1388mW
06-14-2026 21:37:27 RAM 988/7607MB (lfb 26x1MB) SWAP 330/3804MB (cached 1MB) CPU [0%@1510,0%@1510,0%@1510,0%@1510,0%@1510,0%@1510] GR3D_FREQ 0% cpu@55.843C soc2@54.437C soc0@52.656C gpu@55.625C tj@55.937C soc1@54.875C VDD_IN 5158mW/5214mW VDD_CPU_GPU_CV 950mW/998mW VDD_SOC 1388mW/1388mW
06-14-2026 21:37:28 RAM 1537/7607MB (lfb 7x2MB) SWAP 329/3804MB (cached 1MB) CPU [31%@1510,27%@1510,17%@1510,44%@1510,16%@1510,32%@1510] GR3D_FREQ 0% cpu@56.187C soc2@54.468C soc0@52.718C gpu@55.718C tj@56.187C soc1@54.843C VDD_IN 6428mW/5416mW VDD_CPU_GPU_CV 1624mW/1102mW VDD_SOC 1547mW/1415mW
06-14-2026 21:37:29 RAM 1616/7607MB (lfb 3x2MB) SWAP 329/3804MB (cached 1MB) CPU [8%@1510,1%@1510,0%@1510,95%@1510,13%@1510,3%@1510] GR3D_FREQ 0% cpu@56.187C soc2@54.531C soc0@52.812C gpu@55.875C tj@56.187C soc1@54.906C VDD_IN 6190mW/5527mW VDD_CPU_GPU_CV 1545mW/1165mW VDD_SOC 1468mW/1422mW
06-14-2026 21:37:30 RAM 1645/7607MB (lfb 34x1MB) SWAP 329/3804MB (cached 1MB) CPU [0%@1510,0%@1510,0%@1510,100%@1510,0%@1510,0%@1510] GR3D_FREQ 0% cpu@55.906C soc2@54.468C soc0@52.781C gpu@55.781C tj@55.906C soc1@55C VDD_IN 5912mW/5575mW VDD_CPU_GPU_CV 1386mW/1193mW VDD_SOC 1428mW/1423mW
06-14-2026 21:37:31 RAM 1645/7607MB (lfb 4x2MB) SWAP 329/3804MB (cached 1MB) CPU [1%@1510,0%@1510,61%@1510,36%@1510,5%@1510,1%@1510] GR3D_FREQ 0% cpu@55.968C soc2@54.406C soc0@52.812C gpu@55.625C tj@55.968C soc1@54.75C VDD_IN 6031mW/5625mW VDD_CPU_GPU_CV 1426mW/1219mW VDD_SOC 1468mW/1428mW
06-14-2026 21:37:32 RAM 1645/7607MB (lfb 4x2MB) SWAP 329/3804MB (cached 1MB) CPU [0%@1510,0%@1510,100%@1510,0%@1510,2%@1510,0%@1510] GR3D_FREQ 0% cpu@55.937C soc2@54.406C soc0@52.625C gpu@55.593C tj@55.937C soc1@54.843C VDD_IN 5912mW/5654mW VDD_CPU_GPU_CV 1307mW/1228mW VDD_SOC 1468mW/1432mW
06-14-2026 21:37:33 RAM 1464/7607MB (lfb 33x1MB) SWAP 329/3804MB (cached 1MB) CPU [2%@1510,6%@1510,63%@1510,14%@1510,2%@1510,8%@1510] GR3D_FREQ 0% cpu@56.062C soc2@54.343C soc0@52.656C gpu@55.5C tj@56.062C soc1@54.781C VDD_IN 5991mW/5685mW VDD_CPU_GPU_CV 1426mW/1246mW VDD_SOC 1468mW/1435mW
06-14-2026 21:37:34 RAM 1175/7607MB (lfb 34x1MB) SWAP 329/3804MB (cached 1MB) CPU [3%@1510,14%@1510,0%@1510,81%@1510,2%@1510,23%@1510] GR3D_FREQ 0% cpu@56.125C soc2@54.437C soc0@52.625C gpu@55.562C tj@56.125C soc1@54.781C VDD_IN 6071mW/5717mW VDD_CPU_GPU_CV 1545mW/1271mW VDD_SOC 1468mW/1438mW
06-14-2026 21:37:35 RAM 2917/7607MB (lfb 12x64kB) SWAP 329/3804MB (cached 1MB) CPU [1%@1510,0%@1510,0%@1510,95%@1510,8%@1510,0%@1510] GR3D_FREQ 0% cpu@55.937C soc2@54.375C soc0@52.718C gpu@55.593C tj@55.937C soc1@54.937C VDD_IN 6586mW/5784mW VDD_CPU_GPU_CV 1505mW/1289mW VDD_SOC 1666mW/1455mW
06-14-2026 21:37:36 RAM 3703/7607MB (lfb 2x256kB) SWAP 329/3804MB (cached 1MB) CPU [5%@1510,3%@1510,0%@1510,86%@1510,49%@1510,2%@1510] GR3D_FREQ 0% cpu@56.062C soc2@54.375C soc0@52.656C gpu@55.593C tj@56.062C soc1@54.718C VDD_IN 6904mW/5864mW VDD_CPU_GPU_CV 1861mW/1330mW VDD_SOC 1626mW/1468mW
06-14-2026 21:37:37 RAM 4197/7607MB (lfb 1x128kB) SWAP 329/3804MB (cached 1MB) CPU [13%@1510,3%@1510,1%@1510,31%@1510,42%@1510,8%@1510] GR3D_FREQ 0% cpu@55.812C soc2@54.312C soc0@52.593C gpu@55.593C tj@55.812C soc1@54.687C VDD_IN 6467mW/5904mW VDD_CPU_GPU_CV 1624mW/1349mW VDD_SOC 1584mW/1475mW
06-14-2026 21:37:38 RAM 4209/7607MB (lfb 4x4MB) SWAP 329/3804MB (cached 1MB) CPU [2%@1510,1%@1510,0%@1510,0%@1510,0%@1510,7%@1510] GR3D_FREQ 0% cpu@55.843C soc2@54.312C soc0@52.593C gpu@55.5C tj@55.843C soc1@54.781C VDD_IN 5356mW/5870mW VDD_CPU_GPU_CV 1030mW/1329mW VDD_SOC 1428mW/1472mW
06-14-2026 21:37:39 RAM 4209/7607MB (lfb 4x4MB) SWAP 329/3804MB (cached 1MB) CPU [0%@1510,0%@1510,0%@1510,0%@1510,0%@1510,0%@1510] GR3D_FREQ 0% cpu@55.781C soc2@54.25C soc0@52.625C gpu@55.656C tj@55.781C soc1@54.625C VDD_IN 5198mW/5830mW VDD_CPU_GPU_CV 990mW/1309mW VDD_SOC 1388mW/1467mW
06-14-2026 21:37:40 RAM 4324/7607MB (lfb 7x1MB) SWAP 329/3804MB (cached 1MB) CPU [0%@1510,0%@1510,0%@1510,3%@1510,17%@1510,1%@1510] GR3D_FREQ 99% cpu@55.781C soc2@54.375C soc0@52.625C gpu@56.531C tj@56.531C soc1@54.843C VDD_IN 8729mW/5991mW VDD_CPU_GPU_CV 3005mW/1404mW VDD_SOC 1901mW/1492mW
06-14-2026 21:37:41 RAM 4439/7607MB (lfb 1x1MB) SWAP 329/3804MB (cached 1MB) CPU [48%@1510,0%@1510,0%@1510,0%@1510,4%@1510,23%@1510] GR3D_FREQ 86% cpu@56.125C soc2@54.625C soc0@52.687C gpu@56.468C tj@56.468C soc1@54.593C VDD_IN 8848mW/6142mW VDD_CPU_GPU_CV 3203mW/1498mW VDD_SOC 1861mW/1511mW
06-14-2026 21:37:42 RAM 4442/7607MB (lfb 1x2MB) SWAP 329/3804MB (cached 1MB) CPU [2%@1510,0%@1510,0%@1510,0%@1510,1%@1510,0%@1510] GR3D_FREQ 99% cpu@56.25C soc2@54.75C soc0@52.875C gpu@57.031C tj@57.031C soc1@54.75C VDD_IN 10973mW/6383mW VDD_CPU_GPU_CV 4027mW/1625mW VDD_SOC 2333mW/1552mW
06-14-2026 21:37:43 RAM 4442/7607MB (lfb 1x2MB) SWAP 329/3804MB (cached 1MB) CPU [2%@1510,0%@1510,0%@1510,0%@1510,0%@1510,0%@1510] GR3D_FREQ 59% cpu@56.281C soc2@54.968C soc0@52.843C gpu@57.156C tj@57.156C soc1@54.781C VDD_IN 11211mW/6613mW VDD_CPU_GPU_CV 4106mW/1743mW VDD_SOC 2412mW/1593mW
06-14-2026 21:37:44 RAM 4500/7607MB (lfb 5x512kB) SWAP 329/3804MB (cached 1MB) CPU [14%@1510,0%@1510,0%@1510,3%@1510,0%@1510,9%@1510] GR3D_FREQ 0% cpu@56.531C soc2@55.031C soc0@52.906C gpu@56.781C tj@56.781C soc1@54.937C VDD_IN 10022mW/6768mW VDD_CPU_GPU_CV 3717mW/1833mW VDD_SOC 2139mW/1618mW
06-14-2026 21:37:45 RAM 4521/7607MB (lfb 1x2MB) SWAP 329/3804MB (cached 1MB) CPU [9%@1510,0%@1510,26%@1510,0%@1510,2%@1510,8%@1510] GR3D_FREQ 99% cpu@56.343C soc2@55.093C soc0@53.125C gpu@57.531C tj@57.531C soc1@55.031C VDD_IN 10458mW/6928mW VDD_CPU_GPU_CV 3909mW/1923mW VDD_SOC 2214mW/1644mW
06-14-2026 21:37:46 RAM 4523/7607MB (lfb 1x4MB) SWAP 329/3804MB (cached 1MB) CPU [40%@1510,1%@1510,4%@1510,8%@1510,2%@1510,0%@1510] GR3D_FREQ 88% cpu@56.75C soc2@55.406C soc0@53.25C gpu@57.593C tj@57.593C soc1@55C VDD_IN 11588mW/7123mW VDD_CPU_GPU_CV 4454mW/2028mW VDD_SOC 2412mW/1676mW
06-14-2026 21:37:47 RAM 4524/7607MB (lfb 1x4MB) SWAP 329/3804MB (cached 1MB) CPU [0%@1510,0%@1510,0%@1510,0%@1510,0%@1510,0%@1510] GR3D_FREQ 99% cpu@56.75C soc2@55.281C soc0@53.343C gpu@57.75C tj@57.75C soc1@55.093C VDD_IN 11351mW/7292mW VDD_CPU_GPU_CV 4185mW/2115mW VDD_SOC 2452mW/1707mW
06-14-2026 21:37:48 RAM 4561/7607MB (lfb 1x512kB) SWAP 329/3804MB (cached 1MB) CPU [0%@1510,0%@1510,44%@1510,0%@1510,1%@1510,15%@1510] GR3D_FREQ 28% cpu@56.593C soc2@55.218C soc0@53.187C gpu@57.031C tj@57.031C soc1@55.031C VDD_IN 9468mW/7375mW VDD_CPU_GPU_CV 3480mW/2167mW VDD_SOC 1980mW/1717mW
06-14-2026 21:37:49 RAM 4557/7607MB (lfb 1x4MB) SWAP 329/3804MB (cached 1MB) CPU [0%@1510,1%@1510,2%@1510,0%@1510,2%@1510,0%@1510] GR3D_FREQ 99% cpu@56.562C soc2@55.343C soc0@53.281C gpu@57.406C tj@57.406C soc1@55.125C VDD_IN 11193mW/7517mW VDD_CPU_GPU_CV 4106mW/2239mW VDD_SOC 2412mW/1743mW
06-14-2026 21:37:50 RAM 4557/7607MB (lfb 1x4MB) SWAP 329/3804MB (cached 1MB) CPU [0%@1510,0%@1510,3%@1510,0%@1510,0%@1510,0%@1510] GR3D_FREQ 99% cpu@56.812C soc2@55.437C soc0@53.343C gpu@57.656C tj@57.656C soc1@55.25C VDD_IN 11390mW/7655mW VDD_CPU_GPU_CV 4185mW/2308mW VDD_SOC 2452mW/1768mW
06-14-2026 21:37:51 RAM 4572/7607MB (lfb 3x256kB) SWAP 329/3804MB (cached 1MB) CPU [0%@1510,0%@1510,31%@1510,0%@1510,1%@1510,14%@1510] GR3D_FREQ 0% cpu@57.031C soc2@55.406C soc0@53.468C gpu@57.031C tj@57.031C soc1@55.5C VDD_IN 9111mW/7705mW VDD_CPU_GPU_CV 3203mW/2339mW VDD_SOC 1941mW/1774mW
06-14-2026 21:37:52 RAM 4577/7607MB (lfb 3x256kB) SWAP 329/3804MB (cached 1MB) CPU [0%@1510,0%@1510,13%@1510,0%@1510,0%@1510,0%@1510] GR3D_FREQ 99% cpu@56.906C soc2@55.593C soc0@53.593C gpu@57.906C tj@57.906C soc1@55.343C VDD_IN 11092mW/7818mW VDD_CPU_GPU_CV 4067mW/2397mW VDD_SOC 2373mW/1794mW
06-14-2026 21:37:53 RAM 4578/7607MB (lfb 3x256kB) SWAP 329/3804MB (cached 1MB) CPU [0%@1510,0%@1510,3%@1510,0%@1510,0%@1510,0%@1510] GR3D_FREQ 89% cpu@56.968C soc2@55.687C soc0@53.531C gpu@57.843C tj@57.843C soc1@55.312C VDD_IN 11311mW/7931mW VDD_CPU_GPU_CV 4146mW/2453mW VDD_SOC 2412mW/1814mW
06-14-2026 21:37:54 RAM 4594/7607MB (lfb 4x256kB) SWAP 329/3804MB (cached 1MB) CPU [0%@1510,0%@1510,6%@1510,2%@1510,0%@1510,0%@1510] GR3D_FREQ 99% cpu@56.906C soc2@55.687C soc0@53.625C gpu@58C tj@58C soc1@55.531C VDD_IN 10815mW/8021mW VDD_CPU_GPU_CV 4146mW/2506mW VDD_SOC 2254mW/1828mW
06-14-2026 21:37:55 RAM 4603/7607MB (lfb 34x64kB) SWAP 329/3804MB (cached 1MB) CPU [0%@1510,0%@1510,39%@1510,0%@1510,1%@1510,14%@1510] GR3D_FREQ 91% cpu@57.062C soc2@55.687C soc0@53.625C gpu@57.718C tj@57.718C soc1@55.625C VDD_IN 9824mW/8076mW VDD_CPU_GPU_CV 3672mW/2541mW VDD_SOC 2060mW/1835mW
06-14-2026 21:37:56 RAM 4603/7607MB (lfb 34x64kB) SWAP 329/3804MB (cached 1MB) CPU [0%@1510,0%@1510,2%@1510,0%@1510,0%@1510,0%@1510] GR3D_FREQ 98% cpu@57.281C soc2@55.906C soc0@53.718C gpu@58.156C tj@58.156C soc1@55.687C VDD_IN 11272mW/8170mW VDD_CPU_GPU_CV 4185mW/2590mW VDD_SOC 2412mW/1852mW
06-14-2026 21:37:57 RAM 4603/7607MB (lfb 34x64kB) SWAP 329/3804MB (cached 1MB) CPU [0%@1510,0%@1510,3%@1510,0%@1510,0%@1510,0%@1510] GR3D_FREQ 98% cpu@57.281C soc2@56C soc0@54.031C gpu@58.281C tj@58.281C soc1@55.843C VDD_IN 11430mW/8263mW VDD_CPU_GPU_CV 4225mW/2637mW VDD_SOC 2452mW/1869mW
06-14-2026 21:37:58 RAM 4616/7607MB (lfb 2x128kB) SWAP 329/3804MB (cached 1MB) CPU [0%@1510,0%@1510,19%@1510,20%@1510,0%@1510,13%@1510] GR3D_FREQ 98% cpu@57.281C soc2@55.75C soc0@53.75C gpu@57.781C tj@57.781C soc1@55.687C VDD_IN 9032mW/8284mW VDD_CPU_GPU_CV 3203mW/2652mW VDD_SOC 1941mW/1871mW
06-14-2026 21:37:59 RAM 4616/7607MB (lfb 2x4MB) SWAP 329/3804MB (cached 1MB) CPU [0%@1510,0%@1510,0%@1510,7%@1510,1%@1510,0%@1510] GR3D_FREQ 99% cpu@57.25C soc2@55.937C soc0@53.875C gpu@58.031C tj@58.031C soc1@55.75C VDD_IN 11171mW/8362mW VDD_CPU_GPU_CV 4106mW/2692mW VDD_SOC 2412mW/1886mW
06-14-2026 21:38:00 RAM 4616/7607MB (lfb 2x4MB) SWAP 329/3804MB (cached 1MB) CPU [0%@1510,0%@1510,0%@1510,3%@1510,0%@1510,0%@1510] GR3D_FREQ 99% cpu@57.406C soc2@56.093C soc0@53.906C gpu@58.187C tj@58.187C soc1@55.843C VDD_IN 11390mW/8442mW VDD_CPU_GPU_CV 4185mW/2731mW VDD_SOC 2452mW/1901mW
06-14-2026 21:38:01 RAM 3002/7607MB (lfb 2x4MB) SWAP 329/3804MB (cached 1MB) CPU [16%@1510,28%@1510,12%@1510,26%@1510,7%@1510,5%@1510] GR3D_FREQ 0% cpu@57.781C soc2@55.968C soc0@54.031C gpu@57.218C tj@57.781C soc1@56.062C VDD_IN 8015mW/8431mW VDD_CPU_GPU_CV 2491mW/2725mW VDD_SOC 1782mW/1898mW
06-14-2026 21:38:02 RAM 1480/7607MB (lfb 14x4MB) SWAP 329/3804MB (cached 1MB) CPU [15%@1510,2%@1510,3%@1510,51%@1510,24%@1510,1%@1510] GR3D_FREQ 0% cpu@57.093C soc2@55.625C soc0@53.968C gpu@56.968C tj@57.093C soc1@56C VDD_IN 5952mW/8369mW VDD_CPU_GPU_CV 1386mW/2691mW VDD_SOC 1468mW/1887mW
06-14-2026 21:38:03 RAM 1477/7607MB (lfb 14x4MB) SWAP 329/3804MB (cached 1MB) CPU [11%@1510,1%@1510,0%@1510,0%@1510,3%@1510,4%@1510] GR3D_FREQ 0% cpu@57.281C soc2@55.593C soc0@53.843C gpu@56.75C tj@57.281C soc1@55.781C VDD_IN 5515mW/8299mW VDD_CPU_GPU_CV 1188mW/2655mW VDD_SOC 1428mW/1876mW
06-14-2026 21:38:04 RAM 1482/7607MB (lfb 14x4MB) SWAP 329/3804MB (cached 1MB) CPU [3%@1510,3%@1510,6%@1510,3%@1510,1%@1510,0%@1510] GR3D_FREQ 0% cpu@57.031C soc2@55.406C soc0@53.656C gpu@56.687C tj@57.031C soc1@55.781C VDD_IN 5436mW/8231mW VDD_CPU_GPU_CV 1148mW/2619mW VDD_SOC 1428mW/1865mW
06-14-2026 21:43:16 RAM 724/7607MB (lfb 132x1MB) SWAP 331/3804MB (cached 1MB) CPU [0%@1510,8%@1510,1%@1510,1%@1510,1%@1510,2%@1510] GR3D_FREQ 0% cpu@54C soc2@52.687C soc0@51C gpu@53.875C tj@54C soc1@53.062C VDD_IN 5198mW/5198mW VDD_CPU_GPU_CV 990mW/990mW VDD_SOC 1388mW/1388mW
06-14-2026 21:43:17 RAM 724/7607MB (lfb 132x1MB) SWAP 331/3804MB (cached 1MB) CPU [0%@1510,0%@1510,0%@1510,0%@1510,0%@1510,0%@1510] GR3D_FREQ 0% cpu@54.031C soc2@52.593C soc0@50.875C gpu@53.906C tj@54.031C soc1@53.187C VDD_IN 5158mW/5178mW VDD_CPU_GPU_CV 950mW/970mW VDD_SOC 1388mW/1388mW
06-14-2026 21:43:18 RAM 724/7607MB (lfb 132x1MB) SWAP 331/3804MB (cached 1MB) CPU [0%@1510,0%@1510,0%@1510,0%@1510,0%@1510,0%@1510] GR3D_FREQ 0% cpu@54.093C soc2@52.593C soc0@50.906C gpu@53.75C tj@54.093C soc1@53.093C VDD_IN 5158mW/5171mW VDD_CPU_GPU_CV 950mW/963mW VDD_SOC 1388mW/1388mW
06-14-2026 21:43:19 RAM 724/7607MB (lfb 132x1MB) SWAP 331/3804MB (cached 1MB) CPU [0%@1510,0%@1510,0%@1510,0%@1510,0%@1510,0%@1510] GR3D_FREQ 0% cpu@53.906C soc2@52.625C soc0@50.968C gpu@53.75C tj@53.906C soc1@52.937C VDD_IN 5158mW/5168mW VDD_CPU_GPU_CV 950mW/960mW VDD_SOC 1388mW/1388mW
06-14-2026 21:43:20 RAM 724/7607MB (lfb 132x1MB) SWAP 331/3804MB (cached 1MB) CPU [0%@1510,0%@1510,0%@1510,0%@1510,0%@1510,0%@1510] GR3D_FREQ 0% cpu@54.25C soc2@52.531C soc0@50.843C gpu@53.812C tj@54.25C soc1@52.968C VDD_IN 5158mW/5166mW VDD_CPU_GPU_CV 950mW/958mW VDD_SOC 1388mW/1388mW
06-14-2026 21:43:21 RAM 1363/7607MB (lfb 2x4MB) SWAP 331/3804MB (cached 1MB) CPU [16%@1510,13%@1510,17%@1510,62%@1510,32%@1510,25%@1510] GR3D_FREQ 0% cpu@54.156C soc2@52.593C soc0@50.906C gpu@54C tj@54.156C soc1@53C VDD_IN 6348mW/5363mW VDD_CPU_GPU_CV 1584mW/1062mW VDD_SOC 1547mW/1415mW
06-14-2026 21:43:22 RAM 1552/7607MB (lfb 114x1MB) SWAP 331/3804MB (cached 1MB) CPU [11%@1510,0%@1510,1%@1510,91%@1510,12%@1510,3%@1510] GR3D_FREQ 0% cpu@54.218C soc2@52.625C soc0@50.812C gpu@54.031C tj@54.218C soc1@53C VDD_IN 6190mW/5481mW VDD_CPU_GPU_CV 1545mW/1131mW VDD_SOC 1468mW/1422mW
06-14-2026 21:43:23 RAM 1574/7607MB (lfb 113x1MB) SWAP 331/3804MB (cached 1MB) CPU [0%@1510,0%@1510,0%@1510,100%@1510,0%@1510,2%@1510] GR3D_FREQ 0% cpu@54.281C soc2@52.656C soc0@50.906C gpu@54.062C tj@54.281C soc1@53.031C VDD_IN 5872mW/5530mW VDD_CPU_GPU_CV 1346mW/1158mW VDD_SOC 1428mW/1423mW
06-14-2026 21:43:24 RAM 1562/7607MB (lfb 5x2MB) SWAP 331/3804MB (cached 1MB) CPU [1%@1510,0%@1510,1%@1510,97%@1510,0%@1510,5%@1510] GR3D_FREQ 0% cpu@54.281C soc2@52.687C soc0@51.093C gpu@53.75C tj@54.125C soc1@52.968C VDD_IN 6031mW/5586mW VDD_CPU_GPU_CV 1386mW/1183mW VDD_SOC 1468mW/1428mW
06-14-2026 21:43:25 RAM 1562/7607MB (lfb 5x2MB) SWAP 331/3804MB (cached 1MB) CPU [0%@1510,0%@1510,0%@1510,100%@1510,0%@1510,2%@1510] GR3D_FREQ 0% cpu@54.437C soc2@52.531C soc0@51C gpu@53.75C tj@54.437C soc1@52.937C VDD_IN 5872mW/5614mW VDD_CPU_GPU_CV 1307mW/1196mW VDD_SOC 1468mW/1432mW
06-14-2026 21:43:26 RAM 1526/7607MB (lfb 2x2MB) SWAP 331/3804MB (cached 1MB) CPU [2%@1510,0%@1510,6%@1510,83%@1510,0%@1510,5%@1510] GR3D_FREQ 0% cpu@54.187C soc2@52.593C soc0@50.843C gpu@53.781C tj@54.187C soc1@53.062C VDD_IN 5912mW/5641mW VDD_CPU_GPU_CV 1386mW/1213mW VDD_SOC 1468mW/1435mW
06-14-2026 21:43:27 RAM 1129/7607MB (lfb 166x1MB) SWAP 331/3804MB (cached 1MB) CPU [6%@1510,1%@1510,26%@1510,75%@1510,0%@1510,32%@1510] GR3D_FREQ 0% cpu@54.218C soc2@52.687C soc0@50.875C gpu@53.812C tj@54.218C soc1@53C VDD_IN 6110mW/5680mW VDD_CPU_GPU_CV 1584mW/1244mW VDD_SOC 1468mW/1438mW
06-14-2026 21:43:28 RAM 2185/7607MB (lfb 165x1MB) SWAP 331/3804MB (cached 1MB) CPU [1%@1510,0%@1510,0%@1510,93%@1510,0%@1510,3%@1510] GR3D_FREQ 0% cpu@54.375C soc2@52.718C soc0@51C gpu@53.906C tj@54.375C soc1@53.062C VDD_IN 6705mW/5759mW VDD_CPU_GPU_CV 1545mW/1267mW VDD_SOC 1706mW/1459mW
06-14-2026 21:43:29 RAM 3648/7607MB (lfb 25x64kB) SWAP 331/3804MB (cached 1MB) CPU [0%@1510,0%@1510,1%@1510,87%@1510,0%@1510,21%@1510] GR3D_FREQ 25% cpu@54.312C soc2@52.718C soc0@50.968C gpu@53.968C tj@54.312C soc1@53.093C VDD_IN 6864mW/5838mW VDD_CPU_GPU_CV 1782mW/1304mW VDD_SOC 1666mW/1473mW
06-14-2026 21:43:30 RAM 4186/7607MB (lfb 721x32kB) SWAP 331/3804MB (cached 1MB) CPU [8%@1510,0%@1510,4%@1510,67%@1510,0%@1510,33%@1510] GR3D_FREQ 0% cpu@54.375C soc2@52.781C soc0@51.031C gpu@54C tj@54.375C soc1@53.062C VDD_IN 6666mW/5893mW VDD_CPU_GPU_CV 1743mW/1333mW VDD_SOC 1624mW/1483mW
06-14-2026 21:43:31 RAM 4189/7607MB (lfb 3x4MB) SWAP 331/3804MB (cached 1MB) CPU [0%@1510,0%@1510,0%@1510,0%@1510,9%@1510,0%@1510] GR3D_FREQ 0% cpu@53.906C soc2@52.531C soc0@50.968C gpu@53.781C tj@53.906C soc1@53.031C VDD_IN 5317mW/5857mW VDD_CPU_GPU_CV 1030mW/1314mW VDD_SOC 1428mW/1480mW
06-14-2026 21:43:32 RAM 4189/7607MB (lfb 3x4MB) SWAP 331/3804MB (cached 1MB) CPU [0%@1510,0%@1510,0%@1510,0%@1510,0%@1510,0%@1510] GR3D_FREQ 0% cpu@54.031C soc2@52.5C soc0@50.906C gpu@53.812C tj@54.031C soc1@53.062C VDD_IN 5158mW/5816mW VDD_CPU_GPU_CV 950mW/1293mW VDD_SOC 1388mW/1475mW
06-14-2026 21:43:33 RAM 4318/7607MB (lfb 3x2MB) SWAP 331/3804MB (cached 1MB) CPU [19%@1510,0%@1510,1%@1510,2%@1510,2%@1510,2%@1510] GR3D_FREQ 0% cpu@54.218C soc2@52.875C soc0@50.968C gpu@54.781C tj@54.781C soc1@53.062C VDD_IN 8531mW/5967mW VDD_CPU_GPU_CV 2847mW/1379mW VDD_SOC 1901mW/1498mW
06-14-2026 21:43:34 RAM 4432/7607MB (lfb 3x1MB) SWAP 331/3804MB (cached 1MB) CPU [11%@1510,30%@1510,0%@1510,1%@1510,12%@1510,13%@1510] GR3D_FREQ 99% cpu@54.437C soc2@53.125C soc0@51.093C gpu@55C tj@55C soc1@53.187C VDD_IN 9587mW/6158mW VDD_CPU_GPU_CV 3520mW/1492mW VDD_SOC 2020mW/1526mW
06-14-2026 21:43:35 RAM 4435/7607MB (lfb 3x1MB) SWAP 331/3804MB (cached 1MB) CPU [0%@1510,3%@1510,0%@1510,0%@1510,0%@1510,0%@1510] GR3D_FREQ 99% cpu@54.781C soc2@53.343C soc0@51.312C gpu@55.187C tj@55.187C soc1@53.343C VDD_IN 11052mW/6402mW VDD_CPU_GPU_CV 4027mW/1619mW VDD_SOC 2373mW/1568mW
06-14-2026 21:43:36 RAM 4491/7607MB (lfb 1779x32kB) SWAP 331/3804MB (cached 1MB) CPU [19%@1510,1%@1510,6%@1510,0%@1510,3%@1510,6%@1510] GR3D_FREQ 99% cpu@54.718C soc2@53.406C soc0@51.406C gpu@55.093C tj@55.093C soc1@53.25C VDD_IN 9507mW/6550mW VDD_CPU_GPU_CV 3401mW/1703mW VDD_SOC 2060mW/1591mW
06-14-2026 21:43:37 RAM 4505/7607MB (lfb 2x1MB) SWAP 331/3804MB (cached 1MB) CPU [0%@1510,0%@1510,19%@1510,0%@1510,1%@1510,7%@1510] GR3D_FREQ 99% cpu@54.718C soc2@53.406C soc0@51.437C gpu@55.625C tj@55.625C soc1@53.406C VDD_IN 10775mW/6742mW VDD_CPU_GPU_CV 3988mW/1807mW VDD_SOC 2294mW/1623mW
06-14-2026 21:43:38 RAM 4505/7607MB (lfb 2x1MB) SWAP 331/3804MB (cached 1MB) CPU [0%@1510,0%@1510,5%@1510,0%@1510,0%@1510,0%@1510] GR3D_FREQ 93% cpu@54.875C soc2@53.593C soc0@51.625C gpu@55.656C tj@55.656C soc1@53.593C VDD_IN 11211mW/6936mW VDD_CPU_GPU_CV 4106mW/1907mW VDD_SOC 2412mW/1658mW
06-14-2026 21:43:39 RAM 4529/7607MB (lfb 1777x32kB) SWAP 331/3804MB (cached 1MB) CPU [0%@1510,0%@1510,23%@1510,0%@1510,2%@1510,7%@1510] GR3D_FREQ 90% cpu@55.062C soc2@53.656C soc0@51.718C gpu@55.343C tj@55.343C soc1@53.593C VDD_IN 9587mW/7047mW VDD_CPU_GPU_CV 3401mW/1969mW VDD_SOC 2060mW/1674mW
06-14-2026 21:43:40 RAM 4545/7607MB (lfb 2x128kB) SWAP 331/3804MB (cached 1MB) CPU [0%@1510,0%@1510,18%@1510,0%@1510,1%@1510,6%@1510] GR3D_FREQ 93% cpu@55.281C soc2@53.812C soc0@51.843C gpu@55.843C tj@55.843C soc1@53.843C VDD_IN 10934mW/7202mW VDD_CPU_GPU_CV 3988mW/2050mW VDD_SOC 2333mW/1701mW
06-14-2026 21:43:41 RAM 4559/7607MB (lfb 2x2MB) SWAP 331/3804MB (cached 1MB) CPU [16%@1510,0%@1510,23%@1510,0%@1510,1%@1510,12%@1510] GR3D_FREQ 98% cpu@55.031C soc2@53.843C soc0@51.843C gpu@55.687C tj@55.687C soc1@53.625C VDD_IN 9547mW/7293mW VDD_CPU_GPU_CV 3480mW/2105mW VDD_SOC 2020mW/1713mW
06-14-2026 21:43:42 RAM 4568/7607MB (lfb 1x2MB) SWAP 331/3804MB (cached 1MB) CPU [0%@1510,0%@1510,3%@1510,0%@1510,0%@1510,1%@1510] GR3D_FREQ 98% cpu@55.218C soc2@53.968C soc0@51.875C gpu@56.156C tj@56.156C soc1@53.781C VDD_IN 11250mW/7439mW VDD_CPU_GPU_CV 4146mW/2181mW VDD_SOC 2412mW/1739mW
06-14-2026 21:43:43 RAM 4597/7607MB (lfb 1529x32kB) SWAP 331/3804MB (cached 1MB) CPU [21%@1510,0%@1510,4%@1510,0%@1510,2%@1510,6%@1510] GR3D_FREQ 99% cpu@55.312C soc2@54C soc0@52C gpu@56.25C tj@56.25C soc1@53.906C VDD_IN 9824mW/7524mW VDD_CPU_GPU_CV 3796mW/2239mW VDD_SOC 2020mW/1749mW
06-14-2026 21:43:44 RAM 4607/7607MB (lfb 1x512kB) SWAP 331/3804MB (cached 1MB) CPU [23%@1510,0%@1510,0%@1510,0%@1510,0%@1510,7%@1510] GR3D_FREQ 50% cpu@55.468C soc2@54.093C soc0@52.093C gpu@56.093C tj@56.093C soc1@54.031C VDD_IN 10775mW/7636mW VDD_CPU_GPU_CV 3948mW/2297mW VDD_SOC 2294mW/1768mW
06-14-2026 21:43:45 RAM 4614/7607MB (lfb 1x2MB) SWAP 331/3804MB (cached 1MB) CPU [35%@1510,0%@1510,0%@1510,0%@1510,1%@1510,14%@1510] GR3D_FREQ 99% cpu@55.625C soc2@54.156C soc0@52.187C gpu@56.406C tj@56.406C soc1@54.156C VDD_IN 10260mW/7724mW VDD_CPU_GPU_CV 3751mW/2346mW VDD_SOC 2175mW/1781mW
06-14-2026 21:43:46 RAM 4616/7607MB (lfb 1x2MB) SWAP 331/3804MB (cached 1MB) CPU [3%@1510,0%@1510,0%@1510,0%@1510,0%@1510,0%@1510] GR3D_FREQ 99% cpu@55.531C soc2@54.437C soc0@52.375C gpu@56.687C tj@56.687C soc1@54C VDD_IN 11272mW/7838mW VDD_CPU_GPU_CV 4146mW/2404mW VDD_SOC 2412mW/1802mW
06-14-2026 21:43:47 RAM 3012/7607MB (lfb 3x2MB) SWAP 331/3804MB (cached 1MB) CPU [19%@1510,15%@1510,53%@1510,7%@1510,27%@1510,9%@1510] GR3D_FREQ 0% cpu@55.437C soc2@54.093C soc0@52.218C gpu@55.593C tj@55.593C soc1@54.062C VDD_IN 7142mW/7817mW VDD_CPU_GPU_CV 1941mW/2390mW VDD_SOC 1663mW/1797mW
06-14-2026 21:43:48 RAM 1474/7607MB (lfb 11x4MB) SWAP 331/3804MB (cached 1MB) CPU [1%@1510,0%@1510,22%@1510,2%@1510,20%@1510,0%@1510] GR3D_FREQ 0% cpu@55.312C soc2@53.843C soc0@52.187C gpu@55.343C tj@55.343C soc1@54.156C VDD_IN 5515mW/7747mW VDD_CPU_GPU_CV 1148mW/2352mW VDD_SOC 1428mW/1786mW
06-14-2026 21:43:49 RAM 1474/7607MB (lfb 11x4MB) SWAP 331/3804MB (cached 1MB) CPU [2%@1510,0%@1510,1%@1510,1%@1510,14%@1510,2%@1510] GR3D_FREQ 0% cpu@55.187C soc2@53.687C soc0@52.093C gpu@55.281C tj@55.281C soc1@54.125C VDD_IN 5317mW/7675mW VDD_CPU_GPU_CV 1069mW/2314mW VDD_SOC 1388mW/1774mW
