06-14-2026 17:56:49 RAM 698/7607MB (lfb 2x2MB) SWAP 303/3804MB (cached 2MB) CPU [1%@1510,1%@1510,0%@1510,11%@1510,4%@1510,6%@1510] GR3D_FREQ 0% cpu@55.343C soc2@53.75C soc0@52.093C gpu@55.062C tj@55.343C soc1@54.156C VDD_IN 5237mW/5237mW VDD_CPU_GPU_CV 1030mW/1030mW VDD_SOC 1388mW/1388mW
06-14-2026 17:56:50 RAM 698/7607MB (lfb 2x2MB) SWAP 303/3804MB (cached 2MB) CPU [0%@1510,0%@1510,0%@1510,0%@1510,0%@1510,0%@1510] GR3D_FREQ 0% cpu@55.093C soc2@53.75C soc0@52.218C gpu@55C tj@55.093C soc1@54.25C VDD_IN 5158mW/5198mW VDD_CPU_GPU_CV 950mW/990mW VDD_SOC 1388mW/1388mW
06-14-2026 17:56:51 RAM 698/7607MB (lfb 2x2MB) SWAP 303/3804MB (cached 2MB) CPU [0%@1510,0%@1510,0%@1510,0%@1510,0%@1510,0%@1510] GR3D_FREQ 0% cpu@55.125C soc2@53.656C soc0@52.031C gpu@55.062C tj@55.125C soc1@54.125C VDD_IN 5158mW/5184mW VDD_CPU_GPU_CV 950mW/977mW VDD_SOC 1388mW/1388mW
06-14-2026 17:56:52 RAM 698/7607MB (lfb 2x2MB) SWAP 303/3804MB (cached 2MB) CPU [0%@1510,0%@1510,0%@1510,0%@1510,0%@1510,0%@1510] GR3D_FREQ 0% cpu@55.093C soc2@53.687C soc0@52.031C gpu@55.093C tj@55.093C soc1@54.156C VDD_IN 5158mW/5178mW VDD_CPU_GPU_CV 950mW/970mW VDD_SOC 1388mW/1388mW
06-14-2026 17:56:53 RAM 699/7607MB (lfb 2x2MB) SWAP 303/3804MB (cached 2MB) CPU [0%@1510,0%@1510,0%@1510,1%@1510,0%@1510,0%@1510] GR3D_FREQ 0% cpu@55.218C soc2@53.656C soc0@52C gpu@55.093C tj@55.218C soc1@54.062C VDD_IN 5198mW/5182mW VDD_CPU_GPU_CV 990mW/974mW VDD_SOC 1388mW/1388mW
06-14-2026 17:56:54 RAM 808/7607MB (lfb 231x1MB) SWAP 303/3804MB (cached 2MB) CPU [9%@1510,73%@1510,5%@1510,11%@1510,15%@1510,7%@1510] GR3D_FREQ 0% cpu@55.5C soc2@53.812C soc0@52.031C gpu@55.125C tj@55.5C soc1@54.187C VDD_IN 5912mW/5304mW VDD_CPU_GPU_CV 1426mW/1049mW VDD_SOC 1428mW/1395mW
06-14-2026 17:56:55 RAM 823/7607MB (lfb 231x1MB) SWAP 303/3804MB (cached 2MB) CPU [6%@1510,88%@1510,6%@1510,0%@1510,1%@1510,0%@1510] GR3D_FREQ 0% cpu@55.312C soc2@53.812C soc0@52.125C gpu@55.093C tj@55.312C soc1@54.25C VDD_IN 5952mW/5396mW VDD_CPU_GPU_CV 1465mW/1109mW VDD_SOC 1428mW/1399mW
06-14-2026 17:56:56 RAM 2637/7607MB (lfb 11874x32kB) SWAP 303/3804MB (cached 2MB) CPU [2%@1510,1%@1510,4%@1510,0%@1510,94%@1510,2%@1510] GR3D_FREQ 0% cpu@55.593C soc2@53.781C soc0@52.187C gpu@55.156C tj@55.593C soc1@54.062C VDD_IN 6031mW/5476mW VDD_CPU_GPU_CV 1346mW/1138mW VDD_SOC 1507mW/1413mW
06-14-2026 17:56:57 RAM 3795/7607MB (lfb 1x512kB) SWAP 304/3804MB (cached 1MB) CPU [3%@1510,0%@1510,41%@1510,2%@1510,97%@1510,0%@1510] GR3D_FREQ 10% cpu@55.593C soc2@53.812C soc0@52C gpu@55.062C tj@55.593C soc1@54.062C VDD_IN 6388mW/5577mW VDD_CPU_GPU_CV 1624mW/1192mW VDD_SOC 1547mW/1428mW
06-14-2026 17:56:58 RAM 3798/7607MB (lfb 4x512kB) SWAP 304/3804MB (cached 1MB) CPU [32%@1510,17%@1510,10%@1510,0%@1510,88%@1510,0%@1510] GR3D_FREQ 13% cpu@55.687C soc2@53.843C soc0@52.093C gpu@55.156C tj@55.687C soc1@54.187C VDD_IN 6864mW/5706mW VDD_CPU_GPU_CV 1743mW/1247mW VDD_SOC 1666mW/1452mW
06-14-2026 17:56:59 RAM 4363/7607MB (lfb 1x1MB) SWAP 304/3804MB (cached 1MB) CPU [17%@1510,9%@1510,56%@1510,0%@1510,97%@1510,0%@1510] GR3D_FREQ 0% cpu@55.781C soc2@53.875C soc0@52.125C gpu@55.093C tj@55.781C soc1@54.218C VDD_IN 6745mW/5800mW VDD_CPU_GPU_CV 1822mW/1300mW VDD_SOC 1587mW/1464mW
06-14-2026 17:57:00 RAM 4401/7607MB (lfb 5x4MB) SWAP 304/3804MB (cached 1MB) CPU [0%@1510,1%@1510,0%@1510,0%@1510,12%@1510,13%@1510] GR3D_FREQ 99% cpu@55.593C soc2@54.281C soc0@52.375C gpu@56.562C tj@56.562C soc1@54.312C VDD_IN 10577mW/6198mW VDD_CPU_GPU_CV 4580mW/1573mW VDD_SOC 1980mW/1507mW
06-14-2026 17:57:01 RAM 4439/7607MB (lfb 3x4MB) SWAP 304/3804MB (cached 1MB) CPU [1%@1510,0%@1510,0%@1510,0%@1510,7%@1510,0%@1510] GR3D_FREQ 99% cpu@55.875C soc2@54.562C soc0@52.531C gpu@56.843C tj@56.843C soc1@54.281C VDD_IN 10815mW/6553mW VDD_CPU_GPU_CV 4817mW/1823mW VDD_SOC 2020mW/1546mW
06-14-2026 17:57:02 RAM 4440/7607MB (lfb 3x4MB) SWAP 304/3804MB (cached 1MB) CPU [0%@1510,0%@1510,0%@1510,0%@1510,2%@1510,0%@1510] GR3D_FREQ 99% cpu@55.781C soc2@54.593C soc0@52.625C gpu@57.031C tj@57.031C soc1@54.406C VDD_IN 10894mW/6863mW VDD_CPU_GPU_CV 4896mW/2042mW VDD_SOC 2020mW/1580mW
06-14-2026 17:57:03 RAM 4440/7607MB (lfb 3x4MB) SWAP 304/3804MB (cached 1MB) CPU [0%@1510,0%@1510,0%@1510,0%@1510,2%@1510,0%@1510] GR3D_FREQ 99% cpu@55.906C soc2@54.781C soc0@52.656C gpu@57.156C tj@57.156C soc1@54.562C VDD_IN 10973mW/7137mW VDD_CPU_GPU_CV 4936mW/2235mW VDD_SOC 2020mW/1610mW
06-14-2026 17:57:04 RAM 4440/7607MB (lfb 3x4MB) SWAP 304/3804MB (cached 1MB) CPU [0%@1510,0%@1510,0%@1510,0%@1510,1%@1510,0%@1510] GR3D_FREQ 99% cpu@56.031C soc2@54.875C soc0@52.812C gpu@57.25C tj@57.25C soc1@54.687C VDD_IN 10934mW/7375mW VDD_CPU_GPU_CV 4896mW/2401mW VDD_SOC 2020mW/1635mW
06-14-2026 17:57:05 RAM 4440/7607MB (lfb 3x4MB) SWAP 304/3804MB (cached 1MB) CPU [0%@1510,0%@1510,0%@1510,1%@1510,0%@1510,0%@1510] GR3D_FREQ 99% cpu@56.25C soc2@54.968C soc0@52.937C gpu@57.437C tj@57.437C soc1@54.843C VDD_IN 10934mW/7584mW VDD_CPU_GPU_CV 4896mW/2548mW VDD_SOC 2020mW/1658mW
06-14-2026 17:57:06 RAM 4492/7607MB (lfb 1x4MB) SWAP 304/3804MB (cached 1MB) CPU [0%@1510,0%@1510,0%@1510,0%@1510,12%@1510,21%@1510] GR3D_FREQ 98% cpu@56.468C soc2@55.187C soc0@53.031C gpu@57.375C tj@57.375C soc1@54.968C VDD_IN 11826mW/7820mW VDD_CPU_GPU_CV 4376mW/2650mW VDD_SOC 2531mW/1706mW
06-14-2026 17:57:07 RAM 4490/7607MB (lfb 1x4MB) SWAP 304/3804MB (cached 1MB) CPU [0%@1510,0%@1510,0%@1510,0%@1510,0%@1510,0%@1510] GR3D_FREQ 98% cpu@56.5C soc2@55.343C soc0@53.218C gpu@57.531C tj@57.531C soc1@54.875C VDD_IN 12300mW/8055mW VDD_CPU_GPU_CV 4454mW/2745mW VDD_SOC 2685mW/1758mW
06-14-2026 17:57:08 RAM 4490/7607MB (lfb 1x4MB) SWAP 304/3804MB (cached 1MB) CPU [0%@1510,0%@1510,0%@1510,0%@1510,0%@1510,0%@1510] GR3D_FREQ 99% cpu@56.468C soc2@55.312C soc0@53.156C gpu@57.625C tj@57.625C soc1@54.968C VDD_IN 12379mW/8272mW VDD_CPU_GPU_CV 4494mW/2832mW VDD_SOC 2685mW/1804mW
06-14-2026 17:57:09 RAM 4490/7607MB (lfb 1x4MB) SWAP 304/3804MB (cached 1MB) CPU [0%@1510,0%@1510,0%@1510,0%@1510,0%@1510,0%@1510] GR3D_FREQ 99% cpu@56.687C soc2@55.437C soc0@53.406C gpu@57.875C tj@57.875C soc1@55.125C VDD_IN 12419mW/8469mW VDD_CPU_GPU_CV 4494mW/2911mW VDD_SOC 2685mW/1846mW
06-14-2026 17:57:10 RAM 4490/7607MB (lfb 1x4MB) SWAP 304/3804MB (cached 1MB) CPU [0%@1510,0%@1510,0%@1510,0%@1510,1%@1510,0%@1510] GR3D_FREQ 98% cpu@56.781C soc2@55.593C soc0@53.437C gpu@57.906C tj@57.906C soc1@55.343C VDD_IN 12419mW/8649mW VDD_CPU_GPU_CV 4494mW/2983mW VDD_SOC 2685mW/1884mW
06-14-2026 17:57:11 RAM 4490/7607MB (lfb 1x4MB) SWAP 304/3804MB (cached 1MB) CPU [0%@1510,0%@1510,0%@1510,0%@1510,0%@1510,0%@1510] GR3D_FREQ 98% cpu@57.062C soc2@55.812C soc0@53.562C gpu@58.062C tj@58.062C soc1@55.375C VDD_IN 12419mW/8813mW VDD_CPU_GPU_CV 4494mW/3049mW VDD_SOC 2685mW/1919mW
06-14-2026 17:57:12 RAM 4490/7607MB (lfb 1x4MB) SWAP 304/3804MB (cached 1MB) CPU [0%@1510,0%@1510,0%@1510,0%@1510,0%@1510,0%@1510] GR3D_FREQ 99% cpu@57.218C soc2@55.875C soc0@53.781C gpu@58.156C tj@58.156C soc1@55.593C VDD_IN 12340mW/8960mW VDD_CPU_GPU_CV 4454mW/3107mW VDD_SOC 2685mW/1951mW
06-14-2026 17:57:13 RAM 4490/7607MB (lfb 1x4MB) SWAP 304/3804MB (cached 1MB) CPU [0%@1510,0%@1510,0%@1510,0%@1510,0%@1510,0%@1510] GR3D_FREQ 99% cpu@57.218C soc2@56.031C soc0@53.875C gpu@58.343C tj@58.343C soc1@55.531C VDD_IN 12300mW/9093mW VDD_CPU_GPU_CV 4454mW/3161mW VDD_SOC 2685mW/1980mW
06-14-2026 17:57:14 RAM 4490/7607MB (lfb 1x4MB) SWAP 304/3804MB (cached 1MB) CPU [0%@1510,0%@1510,0%@1510,0%@1510,0%@1510,0%@1510] GR3D_FREQ 99% cpu@57.281C soc2@55.968C soc0@53.843C gpu@58.343C tj@58.343C soc1@55.562C VDD_IN 12340mW/9218mW VDD_CPU_GPU_CV 4454mW/3211mW VDD_SOC 2685mW/2007mW
06-14-2026 17:57:15 RAM 4490/7607MB (lfb 1x4MB) SWAP 304/3804MB (cached 1MB) CPU [0%@1510,0%@1510,0%@1510,0%@1510,0%@1510,0%@1510] GR3D_FREQ 99% cpu@57.281C soc2@56.156C soc0@54C gpu@58.437C tj@58.437C soc1@55.781C VDD_IN 12340mW/9334mW VDD_CPU_GPU_CV 4454mW/3257mW VDD_SOC 2685mW/2033mW
06-14-2026 17:57:16 RAM 4490/7607MB (lfb 1x4MB) SWAP 304/3804MB (cached 1MB) CPU [0%@1510,0%@1510,0%@1510,0%@1510,0%@1510,0%@1510] GR3D_FREQ 99% cpu@57.468C soc2@56.218C soc0@54.125C gpu@58.75C tj@58.75C soc1@55.843C VDD_IN 12379mW/9442mW VDD_CPU_GPU_CV 4494mW/3301mW VDD_SOC 2685mW/2056mW
06-14-2026 17:57:17 RAM 4490/7607MB (lfb 4x2MB) SWAP 304/3804MB (cached 1MB) CPU [0%@1510,0%@1510,0%@1510,0%@1510,0%@1510,0%@1510] GR3D_FREQ 99% cpu@57.625C soc2@56.406C soc0@54.156C gpu@58.812C tj@58.812C soc1@56C VDD_IN 12379mW/9544mW VDD_CPU_GPU_CV 4494mW/3342mW VDD_SOC 2685mW/2078mW
06-14-2026 17:57:18 RAM 4490/7607MB (lfb 4x2MB) SWAP 304/3804MB (cached 1MB) CPU [0%@1510,0%@1510,0%@1510,0%@1510,0%@1510,0%@1510] GR3D_FREQ 99% cpu@57.906C soc2@56.562C soc0@54.312C gpu@58.968C tj@58.968C soc1@56.062C VDD_IN 12419mW/9640mW VDD_CPU_GPU_CV 4494mW/3381mW VDD_SOC 2685mW/2098mW
06-14-2026 17:57:19 RAM 4490/7607MB (lfb 4x2MB) SWAP 304/3804MB (cached 1MB) CPU [0%@1510,0%@1510,0%@1510,0%@1510,1%@1510,0%@1510] GR3D_FREQ 99% cpu@57.812C soc2@56.562C soc0@54.531C gpu@59.062C tj@59.062C soc1@56.281C VDD_IN 12419mW/9729mW VDD_CPU_GPU_CV 4494mW/3417mW VDD_SOC 2724mW/2118mW
06-14-2026 17:57:20 RAM 4490/7607MB (lfb 4x2MB) SWAP 304/3804MB (cached 1MB) CPU [0%@1510,0%@1510,0%@1510,0%@1510,0%@1510,0%@1510] GR3D_FREQ 98% cpu@58C soc2@56.781C soc0@54.468C gpu@59.156C tj@59.156C soc1@56.187C VDD_IN 12419mW/9813mW VDD_CPU_GPU_CV 4494mW/3450mW VDD_SOC 2724mW/2137mW
06-14-2026 17:57:21 RAM 4490/7607MB (lfb 4x2MB) SWAP 304/3804MB (cached 1MB) CPU [0%@1510,0%@1510,0%@1510,0%@1510,0%@1510,0%@1510] GR3D_FREQ 99% cpu@57.937C soc2@56.75C soc0@54.562C gpu@59.25C tj@59.25C soc1@56.312C VDD_IN 12379mW/9891mW VDD_CPU_GPU_CV 4494mW/3482mW VDD_SOC 2685mW/2154mW
06-14-2026 17:57:22 RAM 4490/7607MB (lfb 4x2MB) SWAP 304/3804MB (cached 1MB) CPU [0%@1510,0%@1510,0%@1510,1%@1510,0%@1510,0%@1510] GR3D_FREQ 99% cpu@58.062C soc2@56.843C soc0@54.562C gpu@59.312C tj@59.062C soc1@56.5C VDD_IN 12419mW/9965mW VDD_CPU_GPU_CV 4494mW/3512mW VDD_SOC 2685mW/2169mW
06-14-2026 17:57:23 RAM 4490/7607MB (lfb 4x2MB) SWAP 304/3804MB (cached 1MB) CPU [0%@1510,0%@1510,0%@1510,0%@1510,0%@1510,0%@1510] GR3D_FREQ 99% cpu@58.25C soc2@57C soc0@54.812C gpu@59.093C tj@59.218C soc1@56.562C VDD_IN 12379mW/10034mW VDD_CPU_GPU_CV 4494mW/3540mW VDD_SOC 2685mW/2184mW
06-14-2026 17:57:24 RAM 4490/7607MB (lfb 4x2MB) SWAP 304/3804MB (cached 1MB) CPU [0%@1510,0%@1510,0%@1510,0%@1510,0%@1510,0%@1510] GR3D_FREQ 98% cpu@58.312C soc2@57.062C soc0@54.937C gpu@59.187C tj@59.218C soc1@56.687C VDD_IN 12379mW/10099mW VDD_CPU_GPU_CV 4494mW/3566mW VDD_SOC 2685mW/2198mW
06-14-2026 17:57:25 RAM 4490/7607MB (lfb 4x2MB) SWAP 304/3804MB (cached 1MB) CPU [0%@1510,0%@1510,0%@1510,0%@1510,0%@1510,0%@1510] GR3D_FREQ 99% cpu@58.437C soc2@57.156C soc0@55.062C gpu@59.281C tj@59.281C soc1@56.875C VDD_IN 12379mW/10161mW VDD_CPU_GPU_CV 4494mW/3591mW VDD_SOC 2685mW/2211mW
06-14-2026 17:57:26 RAM 4490/7607MB (lfb 4x2MB) SWAP 304/3804MB (cached 1MB) CPU [0%@1510,0%@1510,0%@1510,0%@1510,0%@1510,0%@1510] GR3D_FREQ 99% cpu@58.625C soc2@57.343C soc0@55C gpu@59.406C tj@59.406C soc1@56.75C VDD_IN 12458mW/10222mW VDD_CPU_GPU_CV 4533mW/3616mW VDD_SOC 2724mW/2224mW
06-14-2026 17:57:27 RAM 4490/7607MB (lfb 4x2MB) SWAP 304/3804MB (cached 1MB) CPU [0%@1510,0%@1510,0%@1510,0%@1510,0%@1510,0%@1510] GR3D_FREQ 99% cpu@58.437C soc2@57.281C soc0@55.062C gpu@59.531C tj@59.531C soc1@56.843C VDD_IN 12419mW/10278mW VDD_CPU_GPU_CV 4494mW/3639mW VDD_SOC 2724mW/2237mW
06-14-2026 17:57:28 RAM 4490/7607MB (lfb 4x2MB) SWAP 304/3804MB (cached 1MB) CPU [0%@1510,1%@1510,0%@1510,0%@1510,0%@1510,0%@1510] GR3D_FREQ 98% cpu@58.625C soc2@57.375C soc0@55.156C gpu@59.687C tj@59.687C soc1@56.968C VDD_IN 12458mW/10332mW VDD_CPU_GPU_CV 4533mW/3661mW VDD_SOC 2724mW/2249mW
06-14-2026 17:57:29 RAM 4484/7607MB (lfb 4x2MB) SWAP 304/3804MB (cached 1MB) CPU [0%@1510,0%@1510,0%@1510,0%@1510,0%@1510,0%@1510] GR3D_FREQ 98% cpu@58.781C soc2@57.531C soc0@55.25C gpu@59.75C tj@59.75C soc1@57.093C VDD_IN 12340mW/10381mW VDD_CPU_GPU_CV 4454mW/3680mW VDD_SOC 2685mW/2260mW
06-14-2026 17:57:30 RAM 4485/7607MB (lfb 4x2MB) SWAP 304/3804MB (cached 1MB) CPU [0%@1510,0%@1510,0%@1510,0%@1510,0%@1510,0%@1510] GR3D_FREQ 99% cpu@58.875C soc2@57.562C soc0@55.281C gpu@60C tj@60C soc1@57.187C VDD_IN 12458mW/10431mW VDD_CPU_GPU_CV 4533mW/3701mW VDD_SOC 2724mW/2271mW
06-14-2026 17:57:31 RAM 4485/7607MB (lfb 4x2MB) SWAP 304/3804MB (cached 1MB) CPU [0%@1510,1%@1510,0%@1510,0%@1510,0%@1510,0%@1510] GR3D_FREQ 99% cpu@58.968C soc2@57.687C soc0@55.5C gpu@59.906C tj@59.906C soc1@57.343C VDD_IN 12458mW/10478mW VDD_CPU_GPU_CV 4494mW/3719mW VDD_SOC 2724mW/2282mW
06-14-2026 17:57:32 RAM 4485/7607MB (lfb 4x2MB) SWAP 304/3804MB (cached 1MB) CPU [0%@1510,0%@1510,0%@1510,0%@1510,0%@1510,0%@1510] GR3D_FREQ 98% cpu@58.781C soc2@57.843C soc0@55.406C gpu@60.062C tj@60.062C soc1@57.281C VDD_IN 12458mW/10523mW VDD_CPU_GPU_CV 4494mW/3737mW VDD_SOC 2724mW/2292mW
06-14-2026 17:57:33 RAM 4485/7607MB (lfb 4x2MB) SWAP 304/3804MB (cached 1MB) CPU [0%@1510,1%@1510,0%@1510,0%@1510,0%@1510,0%@1510] GR3D_FREQ 98% cpu@58.937C soc2@57.843C soc0@55.531C gpu@60.156C tj@60.156C soc1@57.312C VDD_IN 12458mW/10566mW VDD_CPU_GPU_CV 4533mW/3754mW VDD_SOC 2724mW/2301mW
06-14-2026 17:57:34 RAM 4485/7607MB (lfb 4x2MB) SWAP 304/3804MB (cached 1MB) CPU [0%@1510,0%@1510,0%@1510,0%@1510,0%@1510,0%@1510] GR3D_FREQ 99% cpu@59.062C soc2@57.906C soc0@55.687C gpu@60.187C tj@60.187C soc1@57.406C VDD_IN 12458mW/10607mW VDD_CPU_GPU_CV 4494mW/3770mW VDD_SOC 2724mW/2311mW
06-14-2026 17:57:35 RAM 4485/7607MB (lfb 4x2MB) SWAP 304/3804MB (cached 1MB) CPU [0%@1510,0%@1510,0%@1510,0%@1510,0%@1510,0%@1510] GR3D_FREQ 99% cpu@59.25C soc2@58C soc0@55.75C gpu@60.281C tj@60.281C soc1@57.531C VDD_IN 12419mW/10646mW VDD_CPU_GPU_CV 4494mW/3786mW VDD_SOC 2685mW/2318mW
06-14-2026 17:57:36 RAM 4486/7607MB (lfb 4x2MB) SWAP 304/3804MB (cached 1MB) CPU [0%@1510,0%@1510,0%@1510,0%@1510,0%@1510,0%@1510] GR3D_FREQ 99% cpu@59.437C soc2@58.062C soc0@55.781C gpu@60.437C tj@60.437C soc1@57.562C VDD_IN 12419mW/10683mW VDD_CPU_GPU_CV 4494mW/3801mW VDD_SOC 2724mW/2327mW
06-14-2026 17:57:37 RAM 4486/7607MB (lfb 4x2MB) SWAP 304/3804MB (cached 1MB) CPU [0%@1510,1%@1510,0%@1510,0%@1510,0%@1510,0%@1510] GR3D_FREQ 99% cpu@59.406C soc2@58.218C soc0@56C gpu@60.437C tj@60.437C soc1@57.875C VDD_IN 12379mW/10717mW VDD_CPU_GPU_CV 4494mW/3815mW VDD_SOC 2724mW/2335mW
06-14-2026 17:57:38 RAM 4486/7607MB (lfb 4x2MB) SWAP 304/3804MB (cached 1MB) CPU [0%@1510,0%@1510,0%@1510,0%@1510,0%@1510,0%@1510] GR3D_FREQ 98% cpu@59.406C soc2@58.312C soc0@56.125C gpu@60.625C tj@60.625C soc1@57.625C VDD_IN 12419mW/10751mW VDD_CPU_GPU_CV 4494mW/3828mW VDD_SOC 2724mW/2343mW
06-14-2026 17:57:39 RAM 4486/7607MB (lfb 4x2MB) SWAP 304/3804MB (cached 1MB) CPU [0%@1510,0%@1510,0%@1510,0%@1510,0%@1510,0%@1510] GR3D_FREQ 99% cpu@59.5C soc2@58.218C soc0@56.031C gpu@60.687C tj@60.687C soc1@57.781C VDD_IN 12458mW/10785mW VDD_CPU_GPU_CV 4494mW/3841mW VDD_SOC 2724mW/2350mW
06-14-2026 17:57:40 RAM 4486/7607MB (lfb 4x2MB) SWAP 304/3804MB (cached 1MB) CPU [0%@1510,0%@1510,0%@1510,0%@1510,0%@1510,0%@1510] GR3D_FREQ 99% cpu@59.593C soc2@58.343C soc0@56.093C gpu@60.812C tj@60.812C soc1@57.812C VDD_IN 12498mW/10818mW VDD_CPU_GPU_CV 4533mW/3855mW VDD_SOC 2724mW/2357mW
06-14-2026 17:57:41 RAM 4486/7607MB (lfb 4x2MB) SWAP 304/3804MB (cached 1MB) CPU [0%@1510,0%@1510,0%@1510,0%@1510,0%@1510,0%@1510] GR3D_FREQ 99% cpu@59.593C soc2@58.437C soc0@56.156C gpu@60.906C tj@60.906C soc1@57.968C VDD_IN 12498mW/10849mW VDD_CPU_GPU_CV 4533mW/3867mW VDD_SOC 2724mW/2364mW
06-14-2026 17:57:42 RAM 4486/7607MB (lfb 4x2MB) SWAP 304/3804MB (cached 1MB) CPU [0%@1510,0%@1510,0%@1510,0%@1510,0%@1510,0%@1510] GR3D_FREQ 99% cpu@59.75C soc2@58.562C soc0@56.343C gpu@60.843C tj@60.843C soc1@58.156C VDD_IN 12379mW/10878mW VDD_CPU_GPU_CV 4454mW/3878mW VDD_SOC 2685mW/2370mW
06-14-2026 17:57:43 RAM 4486/7607MB (lfb 4x2MB) SWAP 304/3804MB (cached 1MB) CPU [0%@1510,0%@1510,0%@1510,0%@1510,0%@1510,0%@1510] GR3D_FREQ 99% cpu@59.968C soc2@58.625C soc0@56.406C gpu@61C tj@61C soc1@58.187C VDD_IN 12419mW/10906mW VDD_CPU_GPU_CV 4494mW/3890mW VDD_SOC 2724mW/2377mW
06-14-2026 17:57:44 RAM 4486/7607MB (lfb 4x2MB) SWAP 304/3804MB (cached 1MB) CPU [0%@1510,0%@1510,0%@1510,0%@1510,0%@1510,0%@1510] GR3D_FREQ 99% cpu@59.906C soc2@58.687C soc0@56.5C gpu@60.656C tj@60.656C soc1@58.281C VDD_IN 12419mW/10933mW VDD_CPU_GPU_CV 4494mW/3900mW VDD_SOC 2724mW/2383mW
06-14-2026 17:57:45 RAM 4486/7607MB (lfb 4x2MB) SWAP 304/3804MB (cached 1MB) CPU [0%@1510,0%@1510,0%@1510,1%@1510,0%@1510,0%@1510] GR3D_FREQ 99% cpu@59.843C soc2@58.687C soc0@56.468C gpu@60.718C tj@60.718C soc1@58.25C VDD_IN 12419mW/10959mW VDD_CPU_GPU_CV 4533mW/3911mW VDD_SOC 2724mW/2389mW
06-14-2026 17:57:46 RAM 4485/7607MB (lfb 4x2MB) SWAP 304/3804MB (cached 1MB) CPU [0%@1510,0%@1510,0%@1510,10%@1510,0%@1510,0%@1510] GR3D_FREQ 99% cpu@59.968C soc2@58.781C soc0@56.468C gpu@60.875C tj@60.875C soc1@58.281C VDD_IN 12458mW/10985mW VDD_CPU_GPU_CV 4494mW/3921mW VDD_SOC 2724mW/2395mW
06-14-2026 17:57:48 RAM 4485/7607MB (lfb 4x2MB) SWAP 304/3804MB (cached 1MB) CPU [0%@1510,0%@1510,0%@1510,0%@1510,0%@1510,0%@1510] GR3D_FREQ 98% cpu@60.062C soc2@58.875C soc0@56.593C gpu@60.906C tj@60.906C soc1@58.375C VDD_IN 12419mW/11009mW VDD_CPU_GPU_CV 4494mW/3931mW VDD_SOC 2724mW/2400mW
06-14-2026 17:57:49 RAM 4485/7607MB (lfb 4x2MB) SWAP 304/3804MB (cached 1MB) CPU [0%@1510,0%@1510,0%@1510,0%@1510,0%@1510,0%@1510] GR3D_FREQ 99% cpu@60.125C soc2@58.812C soc0@56.625C gpu@61C tj@61C soc1@58.5C VDD_IN 12340mW/11031mW VDD_CPU_GPU_CV 4454mW/3940mW VDD_SOC 2685mW/2405mW
06-14-2026 17:57:50 RAM 4485/7607MB (lfb 4x2MB) SWAP 304/3804MB (cached 1MB) CPU [0%@1510,1%@1510,0%@1510,0%@1510,0%@1510,0%@1510] GR3D_FREQ 99% cpu@60.312C soc2@59.062C soc0@56.687C gpu@61C tj@61C soc1@58.468C VDD_IN 12419mW/11054mW VDD_CPU_GPU_CV 4494mW/3949mW VDD_SOC 2724mW/2410mW
06-14-2026 17:57:51 RAM 4485/7607MB (lfb 4x2MB) SWAP 304/3804MB (cached 1MB) CPU [0%@1510,0%@1510,0%@1510,0%@1510,0%@1510,0%@1510] GR3D_FREQ 99% cpu@60.343C soc2@59.093C soc0@56.843C gpu@61.093C tj@61.093C soc1@58.437C VDD_IN 12458mW/11077mW VDD_CPU_GPU_CV 4494mW/3958mW VDD_SOC 2724mW/2415mW
06-14-2026 17:57:52 RAM 4485/7607MB (lfb 4x2MB) SWAP 304/3804MB (cached 1MB) CPU [0%@1510,0%@1510,0%@1510,0%@1510,0%@1510,0%@1510] GR3D_FREQ 99% cpu@60.312C soc2@59.062C soc0@56.875C gpu@61.218C tj@61.218C soc1@58.593C VDD_IN 12478mW/11099mW VDD_CPU_GPU_CV 4533mW/3967mW VDD_SOC 2724mW/2420mW
06-14-2026 17:57:53 RAM 4485/7607MB (lfb 4x2MB) SWAP 304/3804MB (cached 1MB) CPU [0%@1510,1%@1510,0%@1510,0%@1510,0%@1510,0%@1510] GR3D_FREQ 99% cpu@60.281C soc2@59.218C soc0@56.843C gpu@61.281C tj@61.281C soc1@58.687C VDD_IN 12438mW/11120mW VDD_CPU_GPU_CV 4533mW/3976mW VDD_SOC 2724mW/2425mW
06-14-2026 17:57:54 RAM 4485/7607MB (lfb 4x2MB) SWAP 304/3804MB (cached 1MB) CPU [0%@1510,0%@1510,0%@1510,0%@1510,0%@1510,0%@1510] GR3D_FREQ 99% cpu@60.437C soc2@59.187C soc0@56.937C gpu@61.312C tj@61.312C soc1@58.75C VDD_IN 12498mW/11141mW VDD_CPU_GPU_CV 4533mW/3984mW VDD_SOC 2724mW/2430mW
06-14-2026 17:57:55 RAM 4485/7607MB (lfb 4x2MB) SWAP 304/3804MB (cached 1MB) CPU [0%@1510,0%@1510,0%@1510,0%@1510,0%@1510,0%@1510] GR3D_FREQ 99% cpu@60.593C soc2@59.343C soc0@57.093C gpu@61.406C tj@61.406C soc1@58.875C VDD_IN 12478mW/11161mW VDD_CPU_GPU_CV 4533mW/3993mW VDD_SOC 2724mW/2434mW
06-14-2026 17:57:56 RAM 4485/7607MB (lfb 4x2MB) SWAP 304/3804MB (cached 1MB) CPU [0%@1510,0%@1510,0%@1510,0%@1510,0%@1510,0%@1510] GR3D_FREQ 99% cpu@60.625C soc2@59.343C soc0@57.093C gpu@61.531C tj@61.531C soc1@58.843C VDD_IN 12478mW/11181mW VDD_CPU_GPU_CV 4526mW/4001mW VDD_SOC 2724mW/2438mW
06-14-2026 17:57:57 RAM 4485/7607MB (lfb 4x2MB) SWAP 304/3804MB (cached 1MB) CPU [0%@1510,0%@1510,0%@1510,0%@1510,0%@1510,0%@1510] GR3D_FREQ 99% cpu@60.75C soc2@59.5C soc0@57.25C gpu@61.5C tj@61.5C soc1@58.875C VDD_IN 12438mW/11199mW VDD_CPU_GPU_CV 4533mW/4008mW VDD_SOC 2724mW/2443mW
06-14-2026 17:57:58 RAM 4485/7607MB (lfb 4x2MB) SWAP 304/3804MB (cached 1MB) CPU [0%@1510,0%@1510,0%@1510,0%@1510,0%@1510,0%@1510] GR3D_FREQ 99% cpu@60.625C soc2@59.531C soc0@57.218C gpu@61.562C tj@61.562C soc1@58.937C VDD_IN 12419mW/11217mW VDD_CPU_GPU_CV 4494mW/4015mW VDD_SOC 2724mW/2447mW
06-14-2026 17:57:59 RAM 4075/7607MB (lfb 4x2MB) SWAP 304/3804MB (cached 1MB) CPU [12%@1510,0%@1510,0%@1510,0%@1510,0%@1510,8%@1510] GR3D_FREQ 0% cpu@60.875C soc2@59.468C soc0@57.187C gpu@60.906C tj@61.062C soc1@58.937C VDD_IN 11035mW/11214mW VDD_CPU_GPU_CV 3824mW/4013mW VDD_SOC 2452mW/2447mW
06-14-2026 17:58:00 RAM 1611/7607MB (lfb 3x2MB) SWAP 304/3804MB (cached 1MB) CPU [56%@1510,22%@1510,8%@1510,7%@1510,11%@1510,24%@1510] GR3D_FREQ 0% cpu@60.75C soc2@59.093C soc0@57C gpu@60.437C tj@60.75C soc1@58.968C VDD_IN 6655mW/11150mW VDD_CPU_GPU_CV 1782mW/3981mW VDD_SOC 1584mW/2435mW
06-14-2026 17:58:01 RAM 1648/7607MB (lfb 258x1MB) SWAP 304/3804MB (cached 1MB) CPU [0%@1510,98%@1510,0%@1510,0%@1510,0%@1510,1%@1510] GR3D_FREQ 0% cpu@60.531C soc2@58.937C soc0@57.062C gpu@60.281C tj@60.531C soc1@58.937C VDD_IN 6031mW/11079mW VDD_CPU_GPU_CV 1465mW/3946mW VDD_SOC 1465mW/2421mW
06-14-2026 17:58:02 RAM 1338/7607MB (lfb 226x1MB) SWAP 304/3804MB (cached 1MB) CPU [28%@1510,50%@1510,12%@1510,0%@1510,48%@1510,2%@1510] GR3D_FREQ 0% cpu@60.625C soc2@58.906C soc0@56.968C gpu@60.218C tj@60.625C soc1@58.968C VDD_IN 6269mW/11013mW VDD_CPU_GPU_CV 1663mW/3915mW VDD_SOC 1505mW/2409mW
06-14-2026 17:58:03 RAM 3789/7607MB (lfb 3691x32kB) SWAP 304/3804MB (cached 1MB) CPU [1%@1510,0%@1510,0%@1510,0%@1510,97%@1510,2%@1510] GR3D_FREQ 0% cpu@60.218C soc2@58.656C soc0@56.968C gpu@60.125C tj@60.218C soc1@58.781C VDD_IN 6190mW/10948mW VDD_CPU_GPU_CV 1465mW/3882mW VDD_SOC 1545mW/2397mW
06-14-2026 17:58:04 RAM 4015/7607MB (lfb 1x1MB) SWAP 304/3804MB (cached 1MB) CPU [3%@1510,1%@1510,9%@1510,0%@1510,53%@1510,42%@1510] GR3D_FREQ 0% cpu@60.343C soc2@58.687C soc0@56.781C gpu@60.218C tj@60.343C soc1@58.75C VDD_IN 7023mW/10896mW VDD_CPU_GPU_CV 1624mW/3852mW VDD_SOC 1782mW/2389mW
06-14-2026 17:58:05 RAM 4382/7607MB (lfb 6x2MB) SWAP 320/3804MB (cached 1MB) CPU [0%@1510,0%@1510,21%@1510,37%@1510,0%@1510,50%@1510] GR3D_FREQ 99% cpu@60.25C soc2@58.906C soc0@56.781C gpu@61.343C tj@61.343C soc1@58.812C VDD_IN 9666mW/10879mW VDD_CPU_GPU_CV 3948mW/3853mW VDD_SOC 1901mW/2382mW
06-14-2026 17:58:06 RAM 4412/7607MB (lfb 4x4MB) SWAP 320/3804MB (cached 1MB) CPU [20%@1510,0%@1510,0%@1510,0%@1510,0%@1510,5%@1510] GR3D_FREQ 99% cpu@60.281C soc2@58.968C soc0@56.937C gpu@61.468C tj@61.468C soc1@58.875C VDD_IN 10735mW/10878mW VDD_CPU_GPU_CV 4699mW/3864mW VDD_SOC 2017mW/2378mW
06-14-2026 17:58:07 RAM 4412/7607MB (lfb 4x4MB) SWAP 320/3804MB (cached 1MB) CPU [0%@1510,0%@1510,0%@1510,0%@1510,0%@1510,1%@1510] GR3D_FREQ 99% cpu@60.5C soc2@59.125C soc0@57C gpu@61.781C tj@61.781C soc1@58.875C VDD_IN 10973mW/10879mW VDD_CPU_GPU_CV 4857mW/3877mW VDD_SOC 2056mW/2373mW
06-14-2026 17:58:08 RAM 4412/7607MB (lfb 4x4MB) SWAP 320/3804MB (cached 1MB) CPU [0%@1510,0%@1510,0%@1510,0%@1510,0%@1510,0%@1510] GR3D_FREQ 99% cpu@60.406C soc2@59.25C soc0@57.218C gpu@61.718C tj@61.718C soc1@58.968C VDD_IN 10934mW/10880mW VDD_CPU_GPU_CV 4857mW/3889mW VDD_SOC 2056mW/2369mW
06-14-2026 17:58:09 RAM 4612/7607MB (lfb 9x2MB) SWAP 320/3804MB (cached 1MB) CPU [4%@1510,0%@1510,15%@1510,0%@1510,23%@1510,0%@1510] GR3D_FREQ 99% cpu@60.687C soc2@59.25C soc0@57C gpu@61.062C tj@61.062C soc1@58.875C VDD_IN 9983mW/10868mW VDD_CPU_GPU_CV 3711mW/3887mW VDD_SOC 2096mW/2366mW
06-14-2026 17:58:10 RAM 4610/7607MB (lfb 9x2MB) SWAP 320/3804MB (cached 1MB) CPU [1%@1510,1%@1510,0%@1510,0%@1510,1%@1510,0%@1510] GR3D_FREQ 99% cpu@60.531C soc2@59.375C soc0@57.093C gpu@61.375C tj@61.375C soc1@58.906C VDD_IN 12300mW/10886mW VDD_CPU_GPU_CV 4494mW/3895mW VDD_SOC 2685mW/2370mW
06-14-2026 17:58:11 RAM 4610/7607MB (lfb 9x2MB) SWAP 320/3804MB (cached 1MB) CPU [0%@1510,0%@1510,0%@1510,0%@1510,0%@1510,0%@1510] GR3D_FREQ 98% cpu@60.656C soc2@59.5C soc0@57.187C gpu@61.437C tj@61.437C soc1@58.968C VDD_IN 12458mW/10905mW VDD_CPU_GPU_CV 4533mW/3902mW VDD_SOC 2724mW/2374mW
06-14-2026 17:58:12 RAM 4610/7607MB (lfb 9x2MB) SWAP 320/3804MB (cached 1MB) CPU [0%@1510,0%@1510,0%@1510,0%@1510,0%@1510,0%@1510] GR3D_FREQ 98% cpu@60.781C soc2@59.531C soc0@57.312C gpu@61.531C tj@61.531C soc1@59.156C VDD_IN 12419mW/10923mW VDD_CPU_GPU_CV 4494mW/3909mW VDD_SOC 2724mW/2378mW
06-14-2026 17:58:13 RAM 4610/7607MB (lfb 9x2MB) SWAP 320/3804MB (cached 1MB) CPU [0%@1510,0%@1510,0%@1510,0%@1510,1%@1510,0%@1510] GR3D_FREQ 99% cpu@60.843C soc2@59.656C soc0@57.375C gpu@61.656C tj@61.656C soc1@59.218C VDD_IN 12458mW/10942mW VDD_CPU_GPU_CV 4533mW/3917mW VDD_SOC 2724mW/2383mW
06-14-2026 17:58:14 RAM 4610/7607MB (lfb 9x2MB) SWAP 320/3804MB (cached 1MB) CPU [0%@1510,0%@1510,0%@1510,0%@1510,0%@1510,0%@1510] GR3D_FREQ 99% cpu@61.062C soc2@59.781C soc0@57.468C gpu@61.781C tj@61.781C soc1@59.125C VDD_IN 12517mW/10960mW VDD_CPU_GPU_CV 4526mW/3924mW VDD_SOC 2724mW/2387mW
06-14-2026 17:58:15 RAM 4610/7607MB (lfb 9x2MB) SWAP 320/3804MB (cached 1MB) CPU [0%@1510,0%@1510,0%@1510,0%@1510,0%@1510,0%@1510] GR3D_FREQ 98% cpu@60.812C soc2@59.75C soc0@57.406C gpu@61.781C tj@61.781C soc1@59.156C VDD_IN 12458mW/10978mW VDD_CPU_GPU_CV 4533mW/3931mW VDD_SOC 2724mW/2390mW
06-14-2026 17:58:16 RAM 4610/7607MB (lfb 9x2MB) SWAP 320/3804MB (cached 1MB) CPU [0%@1510,0%@1510,0%@1510,0%@1510,0%@1510,0%@1510] GR3D_FREQ 98% cpu@60.937C soc2@59.843C soc0@57.468C gpu@61.781C tj@61.781C soc1@59.25C VDD_IN 12458mW/10995mW VDD_CPU_GPU_CV 4526mW/3938mW VDD_SOC 2724mW/2394mW
06-14-2026 17:58:17 RAM 4610/7607MB (lfb 9x2MB) SWAP 320/3804MB (cached 1MB) CPU [0%@1510,0%@1510,0%@1510,0%@1510,0%@1510,0%@1510] GR3D_FREQ 99% cpu@60.968C soc2@59.906C soc0@57.531C gpu@61.875C tj@61.875C soc1@59.343C VDD_IN 12498mW/11012mW VDD_CPU_GPU_CV 4533mW/3945mW VDD_SOC 2724mW/2398mW
06-14-2026 17:58:18 RAM 4610/7607MB (lfb 9x2MB) SWAP 320/3804MB (cached 1MB) CPU [0%@1510,0%@1510,0%@1510,0%@1510,0%@1510,0%@1510] GR3D_FREQ 99% cpu@61.125C soc2@59.843C soc0@57.562C gpu@61.875C tj@61.875C soc1@59.406C VDD_IN 12517mW/11029mW VDD_CPU_GPU_CV 4526mW/3951mW VDD_SOC 2724mW/2402mW
06-14-2026 17:58:19 RAM 4610/7607MB (lfb 9x2MB) SWAP 320/3804MB (cached 1MB) CPU [0%@1510,0%@1510,0%@1510,0%@1510,0%@1510,0%@1510] GR3D_FREQ 98% cpu@61.312C soc2@60C soc0@57.812C gpu@61.906C tj@61.906C soc1@59.406C VDD_IN 12517mW/11045mW VDD_CPU_GPU_CV 4526mW/3958mW VDD_SOC 2724mW/2405mW
06-14-2026 17:58:20 RAM 4610/7607MB (lfb 9x2MB) SWAP 320/3804MB (cached 1MB) CPU [0%@1510,0%@1510,0%@1510,0%@1510,0%@1510,0%@1510] GR3D_FREQ 99% cpu@61.156C soc2@59.968C soc0@57.812C gpu@62.062C tj@62.062C soc1@59.437C VDD_IN 12517mW/11061mW VDD_CPU_GPU_CV 4565mW/3964mW VDD_SOC 2724mW/2409mW
06-14-2026 17:58:21 RAM 4610/7607MB (lfb 9x2MB) SWAP 320/3804MB (cached 1MB) CPU [0%@1510,0%@1510,0%@1510,0%@1510,0%@1510,0%@1510] GR3D_FREQ 99% cpu@61.062C soc2@60.093C soc0@57.781C gpu@62.062C tj@62.062C soc1@59.437C VDD_IN 12517mW/11077mW VDD_CPU_GPU_CV 4526mW/3970mW VDD_SOC 2724mW/2412mW
06-14-2026 17:58:22 RAM 4611/7607MB (lfb 9x2MB) SWAP 320/3804MB (cached 1MB) CPU [0%@1510,0%@1510,0%@1510,0%@1510,0%@1510,0%@1510] GR3D_FREQ 99% cpu@61.218C soc2@60.125C soc0@57.781C gpu@62.125C tj@62.125C soc1@59.531C VDD_IN 12438mW/11092mW VDD_CPU_GPU_CV 4487mW/3976mW VDD_SOC 2724mW/2416mW
06-14-2026 17:58:23 RAM 4610/7607MB (lfb 9x2MB) SWAP 320/3804MB (cached 1MB) CPU [0%@1510,0%@1510,0%@1510,0%@1510,0%@1510,0%@1510] GR3D_FREQ 98% cpu@61.406C soc2@60.187C soc0@57.843C gpu@62.156C tj@62.156C soc1@59.656C VDD_IN 12517mW/11107mW VDD_CPU_GPU_CV 4526mW/3982mW VDD_SOC 2724mW/2419mW
06-14-2026 17:58:24 RAM 4610/7607MB (lfb 9x2MB) SWAP 320/3804MB (cached 1MB) CPU [0%@1510,0%@1510,0%@1510,0%@1510,1%@1510,0%@1510] GR3D_FREQ 98% cpu@61.343C soc2@60.25C soc0@57.968C gpu@62.218C tj@62.218C soc1@59.625C VDD_IN 12399mW/11121mW VDD_CPU_GPU_CV 4487mW/3987mW VDD_SOC 2724mW/2422mW
06-14-2026 17:58:25 RAM 4610/7607MB (lfb 9x2MB) SWAP 320/3804MB (cached 1MB) CPU [0%@1510,0%@1510,0%@1510,0%@1510,0%@1510,0%@1510] GR3D_FREQ 99% cpu@61.406C soc2@60.312C soc0@57.968C gpu@62.25C tj@62.25C soc1@59.718C VDD_IN 12517mW/11135mW VDD_CPU_GPU_CV 4565mW/3993mW VDD_SOC 2724mW/2425mW
06-14-2026 17:58:26 RAM 4610/7607MB (lfb 9x2MB) SWAP 320/3804MB (cached 1MB) CPU [0%@1510,0%@1510,0%@1510,0%@1510,0%@1510,0%@1510] GR3D_FREQ 99% cpu@61.5C soc2@60.406C soc0@58.125C gpu@62.375C tj@62.375C soc1@59.656C VDD_IN 12517mW/11149mW VDD_CPU_GPU_CV 4565mW/3999mW VDD_SOC 2724mW/2428mW
06-14-2026 17:58:27 RAM 4611/7607MB (lfb 9x2MB) SWAP 320/3804MB (cached 1MB) CPU [0%@1510,0%@1510,0%@1510,0%@1510,0%@1510,0%@1510] GR3D_FREQ 64% cpu@61.437C soc2@60.406C soc0@58.218C gpu@62.312C tj@62.312C soc1@59.718C VDD_IN 12399mW/11162mW VDD_CPU_GPU_CV 4487mW/4004mW VDD_SOC 2724mW/2431mW
06-14-2026 17:58:28 RAM 4610/7607MB (lfb 9x2MB) SWAP 320/3804MB (cached 1MB) CPU [1%@1510,1%@1510,0%@1510,0%@1510,0%@1510,0%@1510] GR3D_FREQ 63% cpu@61.437C soc2@60.406C soc0@58.125C gpu@62.437C tj@62.437C soc1@59.875C VDD_IN 12399mW/11175mW VDD_CPU_GPU_CV 4487mW/4009mW VDD_SOC 2724mW/2434mW
06-14-2026 17:58:29 RAM 4611/7607MB (lfb 9x2MB) SWAP 318/3804MB (cached 1MB) CPU [4%@1510,6%@1510,1%@1510,3%@1510,2%@1510,5%@1510] GR3D_FREQ 99% cpu@61.656C soc2@60.562C soc0@58.093C gpu@62.531C tj@62.75C soc1@59.875C VDD_IN 12675mW/11190mW VDD_CPU_GPU_CV 4723mW/4016mW VDD_SOC 2724mW/2437mW
06-14-2026 17:58:30 RAM 4612/7607MB (lfb 9x2MB) SWAP 318/3804MB (cached 1MB) CPU [0%@1510,1%@1510,0%@1510,0%@1510,0%@1510,0%@1510] GR3D_FREQ 99% cpu@61.656C soc2@60.562C soc0@58.187C gpu@62.406C tj@62.406C soc1@59.937C VDD_IN 12419mW/11202mW VDD_CPU_GPU_CV 4494mW/4021mW VDD_SOC 2685mW/2440mW
06-14-2026 17:58:31 RAM 4612/7607MB (lfb 9x2MB) SWAP 318/3804MB (cached 1MB) CPU [0%@1510,0%@1510,0%@1510,0%@1510,0%@1510,0%@1510] GR3D_FREQ 99% cpu@61.625C soc2@60.437C soc0@58.187C gpu@62.5C tj@62.5C soc1@60.093C VDD_IN 12379mW/11213mW VDD_CPU_GPU_CV 4454mW/4025mW VDD_SOC 2685mW/2442mW
06-14-2026 17:58:32 RAM 4612/7607MB (lfb 9x2MB) SWAP 318/3804MB (cached 1MB) CPU [0%@1510,0%@1510,0%@1510,0%@1510,0%@1510,0%@1510] GR3D_FREQ 99% cpu@61.75C soc2@60.593C soc0@58.312C gpu@62.562C tj@62.562C soc1@59.968C VDD_IN 12478mW/11226mW VDD_CPU_GPU_CV 4526mW/4030mW VDD_SOC 2724mW/2445mW
06-14-2026 17:58:33 RAM 4612/7607MB (lfb 9x2MB) SWAP 318/3804MB (cached 1MB) CPU [0%@1510,0%@1510,0%@1510,0%@1510,0%@1510,0%@1510] GR3D_FREQ 99% cpu@61.812C soc2@60.656C soc0@58.218C gpu@62.531C tj@62.531C soc1@60.031C VDD_IN 12438mW/11237mW VDD_CPU_GPU_CV 4487mW/4034mW VDD_SOC 2724mW/2447mW
06-14-2026 17:58:34 RAM 4612/7607MB (lfb 9x2MB) SWAP 318/3804MB (cached 1MB) CPU [0%@1510,1%@1510,0%@1510,0%@1510,0%@1510,0%@1510] GR3D_FREQ 99% cpu@61.718C soc2@60.625C soc0@58.312C gpu@62.593C tj@62.593C soc1@60C VDD_IN 12517mW/11249mW VDD_CPU_GPU_CV 4526mW/4039mW VDD_SOC 2724mW/2450mW
06-14-2026 17:58:35 RAM 4612/7607MB (lfb 9x2MB) SWAP 318/3804MB (cached 1MB) CPU [0%@1510,1%@1510,0%@1510,0%@1510,0%@1510,0%@1510] GR3D_FREQ 99% cpu@61.812C soc2@60.718C soc0@58.375C gpu@62.718C tj@62.718C soc1@60.093C VDD_IN 12438mW/11261mW VDD_CPU_GPU_CV 4487mW/4043mW VDD_SOC 2724mW/2453mW
06-14-2026 17:58:36 RAM 4612/7607MB (lfb 9x2MB) SWAP 318/3804MB (cached 1MB) CPU [0%@1510,0%@1510,0%@1510,0%@1510,0%@1510,0%@1510] GR3D_FREQ 99% cpu@62C soc2@60.843C soc0@58.375C gpu@62.75C tj@62.75C soc1@60.156C VDD_IN 12399mW/11271mW VDD_CPU_GPU_CV 4487mW/4047mW VDD_SOC 2724mW/2455mW
06-14-2026 17:58:37 RAM 4612/7607MB (lfb 9x2MB) SWAP 318/3804MB (cached 1MB) CPU [0%@1510,1%@1510,0%@1510,0%@1510,0%@1510,0%@1510] GR3D_FREQ 99% cpu@62C soc2@60.843C soc0@58.437C gpu@62.687C tj@62.687C soc1@60.281C VDD_IN 12438mW/11282mW VDD_CPU_GPU_CV 4487mW/4051mW VDD_SOC 2724mW/2458mW
06-14-2026 17:58:38 RAM 4612/7607MB (lfb 9x2MB) SWAP 318/3804MB (cached 1MB) CPU [0%@1510,0%@1510,0%@1510,0%@1510,0%@1510,0%@1510] GR3D_FREQ 99% cpu@62C soc2@60.843C soc0@58.5C gpu@62.625C tj@62.625C soc1@60.343C VDD_IN 12438mW/11293mW VDD_CPU_GPU_CV 4487mW/4055mW VDD_SOC 2724mW/2460mW
06-14-2026 17:58:39 RAM 4612/7607MB (lfb 9x2MB) SWAP 318/3804MB (cached 1MB) CPU [0%@1510,1%@1510,0%@1510,0%@1510,0%@1510,0%@1510] GR3D_FREQ 99% cpu@62.125C soc2@60.968C soc0@58.5C gpu@62.843C tj@62.843C soc1@60.218C VDD_IN 12399mW/11303mW VDD_CPU_GPU_CV 4487mW/4059mW VDD_SOC 2724mW/2463mW
06-14-2026 17:58:40 RAM 4613/7607MB (lfb 9x2MB) SWAP 318/3804MB (cached 1MB) CPU [4%@1510,0%@1510,0%@1510,0%@1510,0%@1510,0%@1510] GR3D_FREQ 99% cpu@62.031C soc2@60.968C soc0@58.531C gpu@62.843C tj@62.843C soc1@60.218C VDD_IN 12438mW/11313mW VDD_CPU_GPU_CV 4487mW/4063mW VDD_SOC 2724mW/2465mW
06-14-2026 17:58:41 RAM 4612/7607MB (lfb 9x2MB) SWAP 318/3804MB (cached 1MB) CPU [0%@1510,1%@1510,0%@1510,0%@1510,0%@1510,0%@1510] GR3D_FREQ 99% cpu@62.093C soc2@60.937C soc0@58.562C gpu@62.937C tj@62.937C soc1@60.375C VDD_IN 12478mW/11323mW VDD_CPU_GPU_CV 4526mW/4067mW VDD_SOC 2724mW/2467mW
06-14-2026 17:58:42 RAM 4612/7607MB (lfb 9x2MB) SWAP 318/3804MB (cached 1MB) CPU [0%@1510,0%@1510,0%@1510,0%@1510,0%@1510,0%@1510] GR3D_FREQ 66% cpu@62.187C soc2@60.937C soc0@58.625C gpu@62.937C tj@62.937C soc1@60.375C VDD_IN 12399mW/11333mW VDD_CPU_GPU_CV 4487mW/4071mW VDD_SOC 2724mW/2469mW
06-14-2026 17:58:43 RAM 4615/7607MB (lfb 9x2MB) SWAP 318/3804MB (cached 1MB) CPU [1%@1510,0%@1510,0%@1510,0%@1510,0%@1510,0%@1510] GR3D_FREQ 98% cpu@62.25C soc2@61.093C soc0@58.75C gpu@63.062C tj@63.062C soc1@60.468C VDD_IN 12478mW/11343mW VDD_CPU_GPU_CV 4526mW/4075mW VDD_SOC 2724mW/2472mW
06-14-2026 17:58:44 RAM 4615/7607MB (lfb 9x2MB) SWAP 318/3804MB (cached 1MB) CPU [0%@1510,0%@1510,0%@1510,0%@1510,0%@1510,0%@1510] GR3D_FREQ 98% cpu@62.343C soc2@61.125C soc0@58.843C gpu@63.031C tj@63.031C soc1@60.562C VDD_IN 12517mW/11353mW VDD_CPU_GPU_CV 4526mW/4079mW VDD_SOC 2724mW/2474mW
06-14-2026 17:58:45 RAM 4615/7607MB (lfb 9x2MB) SWAP 318/3804MB (cached 1MB) CPU [0%@1510,1%@1510,0%@1510,0%@1510,0%@1510,0%@1510] GR3D_FREQ 99% cpu@62.093C soc2@61.031C soc0@58.656C gpu@63.093C tj@63.093C soc1@60.5C VDD_IN 12517mW/11363mW VDD_CPU_GPU_CV 4526mW/4083mW VDD_SOC 2724mW/2476mW
06-14-2026 17:58:46 RAM 4615/7607MB (lfb 9x2MB) SWAP 318/3804MB (cached 1MB) CPU [0%@1510,0%@1510,0%@1510,0%@1510,0%@1510,0%@1510] GR3D_FREQ 99% cpu@62.25C soc2@61.125C soc0@58.781C gpu@63.187C tj@63.187C soc1@60.468C VDD_IN 12399mW/11372mW VDD_CPU_GPU_CV 4487mW/4086mW VDD_SOC 2724mW/2478mW
06-14-2026 17:58:47 RAM 4615/7607MB (lfb 9x2MB) SWAP 318/3804MB (cached 1MB) CPU [0%@1510,0%@1510,0%@1510,0%@1510,0%@1510,0%@1510] GR3D_FREQ 99% cpu@62.25C soc2@61.187C soc0@58.843C gpu@63.156C tj@63.156C soc1@60.562C VDD_IN 12478mW/11381mW VDD_CPU_GPU_CV 4526mW/4090mW VDD_SOC 2724mW/2480mW
06-14-2026 17:58:48 RAM 4615/7607MB (lfb 9x2MB) SWAP 318/3804MB (cached 1MB) CPU [0%@1510,0%@1510,0%@1510,0%@1510,0%@1510,0%@1510] GR3D_FREQ 99% cpu@62.312C soc2@61.187C soc0@58.781C gpu@63.25C tj@63.25C soc1@60.562C VDD_IN 12517mW/11391mW VDD_CPU_GPU_CV 4526mW/4094mW VDD_SOC 2724mW/2482mW
06-14-2026 17:58:49 RAM 4615/7607MB (lfb 9x2MB) SWAP 318/3804MB (cached 1MB) CPU [0%@1510,0%@1510,0%@1510,0%@1510,0%@1510,0%@1510] GR3D_FREQ 99% cpu@62.562C soc2@61.25C soc0@59C gpu@63.343C tj@63.343C soc1@60.687C VDD_IN 12557mW/11401mW VDD_CPU_GPU_CV 4565mW/4098mW VDD_SOC 2764mW/2485mW
06-14-2026 17:58:50 RAM 4615/7607MB (lfb 9x2MB) SWAP 318/3804MB (cached 1MB) CPU [0%@1510,0%@1510,0%@1510,0%@1510,0%@1510,0%@1510] GR3D_FREQ 99% cpu@62.531C soc2@61.375C soc0@59C gpu@63.093C tj@63.093C soc1@60.843C VDD_IN 12478mW/11410mW VDD_CPU_GPU_CV 4487mW/4101mW VDD_SOC 2724mW/2487mW
06-14-2026 17:58:51 RAM 4615/7607MB (lfb 9x2MB) SWAP 318/3804MB (cached 1MB) CPU [0%@1510,1%@1510,0%@1510,0%@1510,0%@1510,0%@1510] GR3D_FREQ 99% cpu@62.468C soc2@61.25C soc0@59.125C gpu@63.375C tj@63.375C soc1@60.625C VDD_IN 12517mW/11419mW VDD_CPU_GPU_CV 4526mW/4104mW VDD_SOC 2724mW/2489mW
06-14-2026 17:58:52 RAM 4615/7607MB (lfb 9x2MB) SWAP 318/3804MB (cached 1MB) CPU [0%@1510,0%@1510,0%@1510,0%@1510,0%@1510,0%@1510] GR3D_FREQ 98% cpu@62.406C soc2@61.343C soc0@58.937C gpu@63.343C tj@63.343C soc1@60.718C VDD_IN 12517mW/11428mW VDD_CPU_GPU_CV 4526mW/4108mW VDD_SOC 2724mW/2491mW
06-14-2026 17:58:53 RAM 4615/7607MB (lfb 9x2MB) SWAP 318/3804MB (cached 1MB) CPU [0%@1510,0%@1510,0%@1510,0%@1510,0%@1510,0%@1510] GR3D_FREQ 98% cpu@62.593C soc2@61.375C soc0@58.968C gpu@63.406C tj@63.406C soc1@60.75C VDD_IN 12478mW/11436mW VDD_CPU_GPU_CV 4526mW/4111mW VDD_SOC 2724mW/2492mW
06-14-2026 17:58:54 RAM 4615/7607MB (lfb 9x2MB) SWAP 318/3804MB (cached 1MB) CPU [0%@1510,0%@1510,0%@1510,0%@1510,0%@1510,0%@1510] GR3D_FREQ 99% cpu@62.593C soc2@61.468C soc0@59.031C gpu@63.562C tj@63.562C soc1@60.843C VDD_IN 12557mW/11445mW VDD_CPU_GPU_CV 4565mW/4115mW VDD_SOC 2724mW/2494mW
06-14-2026 17:58:55 RAM 4615/7607MB (lfb 9x2MB) SWAP 318/3804MB (cached 1MB) CPU [0%@1510,0%@1510,0%@1510,0%@1510,0%@1510,0%@1510] GR3D_FREQ 99% cpu@62.687C soc2@61.531C soc0@59.156C gpu@63.468C tj@63.468C soc1@60.812C VDD_IN 12478mW/11453mW VDD_CPU_GPU_CV 4526mW/4118mW VDD_SOC 2724mW/2496mW
06-14-2026 17:58:56 RAM 4615/7607MB (lfb 9x2MB) SWAP 318/3804MB (cached 1MB) CPU [0%@1510,0%@1510,0%@1510,0%@1510,0%@1510,0%@1510] GR3D_FREQ 98% cpu@62.593C soc2@61.656C soc0@59.25C gpu@63.625C tj@63.625C soc1@60.781C VDD_IN 12557mW/11462mW VDD_CPU_GPU_CV 4565mW/4121mW VDD_SOC 2724mW/2498mW
06-14-2026 17:58:57 RAM 4615/7607MB (lfb 9x2MB) SWAP 318/3804MB (cached 1MB) CPU [0%@1510,0%@1510,0%@1510,0%@1510,0%@1510,0%@1510] GR3D_FREQ 99% cpu@62.625C soc2@61.656C soc0@59.406C gpu@63.656C tj@63.656C soc1@60.843C VDD_IN 12557mW/11470mW VDD_CPU_GPU_CV 4565mW/4125mW VDD_SOC 2724mW/2500mW
06-14-2026 17:58:58 RAM 4615/7607MB (lfb 9x2MB) SWAP 318/3804MB (cached 1MB) CPU [0%@1510,0%@1510,0%@1510,0%@1510,0%@1510,0%@1510] GR3D_FREQ 99% cpu@62.687C soc2@61.562C soc0@59.156C gpu@63.718C tj@63.718C soc1@60.968C VDD_IN 12557mW/11479mW VDD_CPU_GPU_CV 4565mW/4128mW VDD_SOC 2724mW/2501mW
06-14-2026 17:58:59 RAM 4615/7607MB (lfb 9x2MB) SWAP 318/3804MB (cached 1MB) CPU [0%@1510,0%@1510,0%@1510,0%@1510,0%@1510,0%@1510] GR3D_FREQ 99% cpu@62.75C soc2@61.625C soc0@59.343C gpu@63.781C tj@63.781C soc1@60.968C VDD_IN 12557mW/11487mW VDD_CPU_GPU_CV 4565mW/4132mW VDD_SOC 2764mW/2503mW
06-14-2026 17:59:00 RAM 4615/7607MB (lfb 9x2MB) SWAP 318/3804MB (cached 1MB) CPU [0%@1510,0%@1510,0%@1510,0%@1510,0%@1510,0%@1510] GR3D_FREQ 88% cpu@62.781C soc2@61.656C soc0@59.281C gpu@63.75C tj@63.75C soc1@61C VDD_IN 12478mW/11495mW VDD_CPU_GPU_CV 4526mW/4135mW VDD_SOC 2724mW/2505mW
06-14-2026 17:59:01 RAM 4615/7607MB (lfb 9x2MB) SWAP 317/3804MB (cached 1MB) CPU [2%@1510,3%@1510,3%@1510,2%@1510,3%@1510,9%@1510] GR3D_FREQ 98% cpu@62.906C soc2@61.781C soc0@59.406C gpu@63.843C tj@63.625C soc1@61.062C VDD_IN 12636mW/11503mW VDD_CPU_GPU_CV 4644mW/4139mW VDD_SOC 2764mW/2507mW
06-14-2026 17:59:02 RAM 4615/7607MB (lfb 9x2MB) SWAP 317/3804MB (cached 1MB) CPU [1%@1510,1%@1510,0%@1510,0%@1510,0%@1510,0%@1510] GR3D_FREQ 99% cpu@63.031C soc2@61.781C soc0@59.437C gpu@63.75C tj@63.75C soc1@61.031C VDD_IN 12557mW/11511mW VDD_CPU_GPU_CV 4565mW/4142mW VDD_SOC 2724mW/2509mW
06-14-2026 17:59:03 RAM 4615/7607MB (lfb 9x2MB) SWAP 317/3804MB (cached 1MB) CPU [0%@1510,0%@1510,0%@1510,0%@1510,0%@1510,0%@1510] GR3D_FREQ 99% cpu@63C soc2@61.843C soc0@59.343C gpu@63.687C tj@63.687C soc1@61.125C VDD_IN 12438mW/11518mW VDD_CPU_GPU_CV 4526mW/4145mW VDD_SOC 2724mW/2510mW
06-14-2026 17:59:04 RAM 4615/7607MB (lfb 9x2MB) SWAP 317/3804MB (cached 1MB) CPU [0%@1510,0%@1510,0%@1510,0%@1510,0%@1510,0%@1510] GR3D_FREQ 99% cpu@62.812C soc2@61.875C soc0@59.406C gpu@63.781C tj@63.781C soc1@61.093C VDD_IN 12438mW/11525mW VDD_CPU_GPU_CV 4526mW/4147mW VDD_SOC 2724mW/2512mW
06-14-2026 17:59:05 RAM 4615/7607MB (lfb 9x2MB) SWAP 317/3804MB (cached 1MB) CPU [0%@1510,0%@1510,0%@1510,0%@1510,0%@1510,0%@1510] GR3D_FREQ 99% cpu@62.875C soc2@61.906C soc0@59.437C gpu@63.812C tj@63.812C soc1@61.187C VDD_IN 12517mW/11532mW VDD_CPU_GPU_CV 4526mW/4150mW VDD_SOC 2724mW/2513mW
06-14-2026 17:59:06 RAM 4615/7607MB (lfb 9x2MB) SWAP 317/3804MB (cached 1MB) CPU [0%@1510,0%@1510,0%@1510,0%@1510,0%@1510,0%@1510] GR3D_FREQ 98% cpu@63.062C soc2@61.875C soc0@59.562C gpu@63.812C tj@63.812C soc1@61.218C VDD_IN 12517mW/11540mW VDD_CPU_GPU_CV 4526mW/4153mW VDD_SOC 2724mW/2515mW
06-14-2026 17:59:07 RAM 4615/7607MB (lfb 9x2MB) SWAP 317/3804MB (cached 1MB) CPU [0%@1510,0%@1510,0%@1510,0%@1510,0%@1510,0%@1510] GR3D_FREQ 98% cpu@63.093C soc2@61.968C soc0@59.562C gpu@63.812C tj@63.812C soc1@61.406C VDD_IN 12517mW/11547mW VDD_CPU_GPU_CV 4526mW/4156mW VDD_SOC 2724mW/2516mW
06-14-2026 17:59:08 RAM 4615/7607MB (lfb 9x2MB) SWAP 317/3804MB (cached 1MB) CPU [0%@1510,1%@1510,0%@1510,0%@1510,0%@1510,0%@1510] GR3D_FREQ 99% cpu@63.093C soc2@61.906C soc0@59.718C gpu@63.875C tj@63.875C soc1@61.468C VDD_IN 12478mW/11553mW VDD_CPU_GPU_CV 4526mW/4158mW VDD_SOC 2724mW/2518mW
06-14-2026 17:59:09 RAM 4615/7607MB (lfb 9x2MB) SWAP 317/3804MB (cached 1MB) CPU [0%@1510,0%@1510,0%@1510,0%@1510,0%@1510,0%@1510] GR3D_FREQ 99% cpu@63.187C soc2@62C soc0@59.625C gpu@63.968C tj@63.968C soc1@61.281C VDD_IN 12478mW/11560mW VDD_CPU_GPU_CV 4526mW/4161mW VDD_SOC 2724mW/2519mW
06-14-2026 17:59:10 RAM 4615/7607MB (lfb 9x2MB) SWAP 317/3804MB (cached 1MB) CPU [0%@1510,0%@1510,0%@1510,0%@1510,0%@1510,0%@1510] GR3D_FREQ 98% cpu@63.062C soc2@61.968C soc0@59.593C gpu@63.968C tj@63.968C soc1@61.343C VDD_IN 12557mW/11567mW VDD_CPU_GPU_CV 4565mW/4164mW VDD_SOC 2764mW/2521mW
06-14-2026 17:59:11 RAM 4615/7607MB (lfb 9x2MB) SWAP 317/3804MB (cached 1MB) CPU [0%@1510,0%@1510,0%@1510,1%@1510,0%@1510,0%@1510] GR3D_FREQ 98% cpu@63.093C soc2@62C soc0@59.687C gpu@64.062C tj@64.062C soc1@61.343C VDD_IN 12557mW/11574mW VDD_CPU_GPU_CV 4565mW/4167mW VDD_SOC 2724mW/2523mW
06-14-2026 17:59:12 RAM 4615/7607MB (lfb 9x2MB) SWAP 317/3804MB (cached 1MB) CPU [0%@1510,0%@1510,0%@1510,0%@1510,0%@1510,0%@1510] GR3D_FREQ 99% cpu@63.218C soc2@62.062C soc0@59.625C gpu@64.031C tj@64.031C soc1@61.468C VDD_IN 12478mW/11580mW VDD_CPU_GPU_CV 4526mW/4169mW VDD_SOC 2724mW/2524mW
06-14-2026 17:59:13 RAM 4615/7607MB (lfb 9x2MB) SWAP 317/3804MB (cached 1MB) CPU [0%@1510,1%@1510,0%@1510,0%@1510,0%@1510,0%@1510] GR3D_FREQ 99% cpu@63.312C soc2@62.031C soc0@59.812C gpu@64C tj@64C soc1@61.5C VDD_IN 12517mW/11587mW VDD_CPU_GPU_CV 4526mW/4172mW VDD_SOC 2764mW/2526mW
06-14-2026 17:59:14 RAM 4615/7607MB (lfb 9x2MB) SWAP 317/3804MB (cached 1MB) CPU [0%@1510,0%@1510,0%@1510,0%@1510,0%@1510,0%@1510] GR3D_FREQ 99% cpu@63.343C soc2@62.125C soc0@59.812C gpu@64.125C tj@64.125C soc1@61.468C VDD_IN 12557mW/11593mW VDD_CPU_GPU_CV 4565mW/4174mW VDD_SOC 2764mW/2527mW
06-14-2026 17:59:15 RAM 4617/7607MB (lfb 9x2MB) SWAP 317/3804MB (cached 1MB) CPU [0%@1510,0%@1510,0%@1510,0%@1510,0%@1510,0%@1510] GR3D_FREQ 99% cpu@63.093C soc2@62.187C soc0@59.718C gpu@64.156C tj@64.156C soc1@61.437C VDD_IN 12517mW/11600mW VDD_CPU_GPU_CV 4526mW/4177mW VDD_SOC 2764mW/2529mW
06-14-2026 17:59:16 RAM 4617/7607MB (lfb 9x2MB) SWAP 317/3804MB (cached 1MB) CPU [0%@1510,1%@1510,0%@1510,0%@1510,0%@1510,0%@1510] GR3D_FREQ 99% cpu@63.281C soc2@62.156C soc0@59.812C gpu@64.25C tj@64.25C soc1@61.437C VDD_IN 12557mW/11606mW VDD_CPU_GPU_CV 4526mW/4179mW VDD_SOC 2764mW/2531mW
06-14-2026 17:59:17 RAM 4617/7607MB (lfb 9x2MB) SWAP 317/3804MB (cached 1MB) CPU [0%@1510,0%@1510,0%@1510,0%@1510,0%@1510,0%@1510] GR3D_FREQ 99% cpu@63.187C soc2@62.125C soc0@59.812C gpu@64.125C tj@64.125C soc1@61.468C VDD_IN 12596mW/11613mW VDD_CPU_GPU_CV 4565mW/4182mW VDD_SOC 2764mW/2532mW
06-14-2026 17:59:18 RAM 4617/7607MB (lfb 9x2MB) SWAP 317/3804MB (cached 1MB) CPU [0%@1510,0%@1510,0%@1510,0%@1510,0%@1510,0%@1510] GR3D_FREQ 99% cpu@63.187C soc2@62.093C soc0@59.812C gpu@64.187C tj@64.187C soc1@61.562C VDD_IN 12438mW/11619mW VDD_CPU_GPU_CV 4487mW/4184mW VDD_SOC 2724mW/2533mW
06-14-2026 17:59:19 RAM 4617/7607MB (lfb 9x2MB) SWAP 317/3804MB (cached 1MB) CPU [0%@1510,1%@1510,0%@1510,0%@1510,0%@1510,0%@1510] GR3D_FREQ 99% cpu@63.468C soc2@62.187C soc0@59.906C gpu@64.093C tj@64.093C soc1@61.625C VDD_IN 12438mW/11624mW VDD_CPU_GPU_CV 4487mW/4186mW VDD_SOC 2724mW/2535mW
06-14-2026 17:59:20 RAM 4617/7607MB (lfb 9x2MB) SWAP 317/3804MB (cached 1MB) CPU [0%@1510,0%@1510,0%@1510,0%@1510,0%@1510,0%@1510] GR3D_FREQ 99% cpu@63.312C soc2@62.25C soc0@60C gpu@64.187C tj@64.187C soc1@61.468C VDD_IN 12478mW/11630mW VDD_CPU_GPU_CV 4526mW/4188mW VDD_SOC 2724mW/2536mW
06-14-2026 17:59:21 RAM 4617/7607MB (lfb 9x2MB) SWAP 317/3804MB (cached 1MB) CPU [0%@1510,0%@1510,0%@1510,0%@1510,0%@1510,0%@1510] GR3D_FREQ 98% cpu@63.281C soc2@62.218C soc0@60.031C gpu@64.312C tj@64.312C soc1@61.531C VDD_IN 12517mW/11636mW VDD_CPU_GPU_CV 4526mW/4190mW VDD_SOC 2764mW/2537mW
06-14-2026 17:59:22 RAM 4617/7607MB (lfb 9x2MB) SWAP 317/3804MB (cached 1MB) CPU [0%@1510,0%@1510,0%@1510,0%@1510,0%@1510,0%@1510] GR3D_FREQ 98% cpu@63.281C soc2@62.25C soc0@59.843C gpu@64.312C tj@64.312C soc1@61.625C VDD_IN 12478mW/11641mW VDD_CPU_GPU_CV 4526mW/4193mW VDD_SOC 2724mW/2539mW
06-14-2026 17:59:23 RAM 4617/7607MB (lfb 9x2MB) SWAP 317/3804MB (cached 1MB) CPU [0%@1510,0%@1510,0%@1510,0%@1510,0%@1510,0%@1510] GR3D_FREQ 99% cpu@63.468C soc2@62.281C soc0@59.937C gpu@64.437C tj@64.437C soc1@61.593C VDD_IN 12557mW/11647mW VDD_CPU_GPU_CV 4565mW/4195mW VDD_SOC 2764mW/2540mW
06-14-2026 17:59:24 RAM 4617/7607MB (lfb 9x2MB) SWAP 317/3804MB (cached 1MB) CPU [0%@1510,0%@1510,0%@1510,0%@1510,0%@1510,0%@1510] GR3D_FREQ 99% cpu@63.375C soc2@62.281C soc0@59.906C gpu@64.375C tj@64.375C soc1@61.625C VDD_IN 12478mW/11652mW VDD_CPU_GPU_CV 4526mW/4197mW VDD_SOC 2724mW/2541mW
06-14-2026 17:59:25 RAM 4617/7607MB (lfb 9x2MB) SWAP 317/3804MB (cached 1MB) CPU [0%@1510,1%@1510,0%@1510,0%@1510,0%@1510,0%@1510] GR3D_FREQ 99% cpu@63.406C soc2@62.375C soc0@59.906C gpu@64.437C tj@64.437C soc1@61.75C VDD_IN 12557mW/11658mW VDD_CPU_GPU_CV 4565mW/4199mW VDD_SOC 2764mW/2543mW
06-14-2026 17:59:26 RAM 4617/7607MB (lfb 9x2MB) SWAP 317/3804MB (cached 1MB) CPU [0%@1510,0%@1510,0%@1510,0%@1510,0%@1510,0%@1510] GR3D_FREQ 99% cpu@63.375C soc2@62.375C soc0@60.062C gpu@64.468C tj@64.468C soc1@61.625C VDD_IN 12478mW/11663mW VDD_CPU_GPU_CV 4526mW/4202mW VDD_SOC 2724mW/2544mW
06-14-2026 17:59:27 RAM 4617/7607MB (lfb 9x2MB) SWAP 317/3804MB (cached 1MB) CPU [0%@1510,0%@1510,0%@1510,0%@1510,0%@1510,0%@1510] GR3D_FREQ 99% cpu@63.343C soc2@62.406C soc0@60.125C gpu@64.625C tj@64.625C soc1@61.593C VDD_IN 12596mW/11669mW VDD_CPU_GPU_CV 4565mW/4204mW VDD_SOC 2764mW/2545mW
06-14-2026 17:59:28 RAM 4617/7607MB (lfb 9x2MB) SWAP 317/3804MB (cached 1MB) CPU [0%@1510,0%@1510,0%@1510,0%@1510,0%@1510,0%@1510] GR3D_FREQ 99% cpu@63.375C soc2@62.312C soc0@59.968C gpu@64.531C tj@64.531C soc1@61.656C VDD_IN 12517mW/11675mW VDD_CPU_GPU_CV 4526mW/4206mW VDD_SOC 2724mW/2546mW
06-14-2026 17:59:29 RAM 4617/7607MB (lfb 9x2MB) SWAP 316/3804MB (cached 1MB) CPU [0%@1510,0%@1510,0%@1510,0%@1510,0%@1510,0%@1510] GR3D_FREQ 99% cpu@63.406C soc2@62.375C soc0@59.937C gpu@64.625C tj@64.625C soc1@61.812C VDD_IN 12596mW/11680mW VDD_CPU_GPU_CV 4565mW/4208mW VDD_SOC 2764mW/2548mW
06-14-2026 17:59:30 RAM 4617/7607MB (lfb 9x2MB) SWAP 316/3804MB (cached 1MB) CPU [0%@1510,1%@1510,0%@1510,0%@1510,0%@1510,0%@1510] GR3D_FREQ 99% cpu@63.593C soc2@62.437C soc0@60C gpu@64.312C tj@64.312C soc1@61.812C VDD_IN 12596mW/11686mW VDD_CPU_GPU_CV 4565mW/4210mW VDD_SOC 2759mW/2549mW
06-14-2026 17:59:31 RAM 4617/7607MB (lfb 9x2MB) SWAP 316/3804MB (cached 1MB) CPU [0%@1510,1%@1510,0%@1510,0%@1510,0%@1510,0%@1510] GR3D_FREQ 99% cpu@63.562C soc2@62.406C soc0@60.125C gpu@64.281C tj@64.406C soc1@61.843C VDD_IN 12517mW/11691mW VDD_CPU_GPU_CV 4526mW/4212mW VDD_SOC 2724mW/2550mW
06-14-2026 17:59:32 RAM 4617/7607MB (lfb 9x2MB) SWAP 316/3804MB (cached 1MB) CPU [0%@1510,0%@1510,0%@1510,0%@1510,0%@1510,0%@1510] GR3D_FREQ 80% cpu@63.625C soc2@62.406C soc0@60.125C gpu@64.375C tj@64.375C soc1@61.937C VDD_IN 12438mW/11696mW VDD_CPU_GPU_CV 4487mW/4214mW VDD_SOC 2724mW/2551mW
06-14-2026 17:59:33 RAM 4617/7607MB (lfb 9x2MB) SWAP 316/3804MB (cached 1MB) CPU [0%@1510,1%@1510,0%@1510,0%@1510,0%@1510,0%@1510] GR3D_FREQ 99% cpu@63.593C soc2@62.531C soc0@60.25C gpu@64.468C tj@64.468C soc1@61.812C VDD_IN 12517mW/11701mW VDD_CPU_GPU_CV 4526mW/4216mW VDD_SOC 2724mW/2552mW
06-14-2026 17:59:34 RAM 4617/7607MB (lfb 9x2MB) SWAP 316/3804MB (cached 1MB) CPU [0%@1510,1%@1510,0%@1510,0%@1510,0%@1510,0%@1510] GR3D_FREQ 99% cpu@63.593C soc2@62.531C soc0@60.125C gpu@64.562C tj@64.562C soc1@61.812C VDD_IN 12517mW/11706mW VDD_CPU_GPU_CV 4526mW/4218mW VDD_SOC 2724mW/2553mW
06-14-2026 17:59:35 RAM 4617/7607MB (lfb 9x2MB) SWAP 316/3804MB (cached 1MB) CPU [0%@1510,0%@1510,0%@1510,0%@1510,0%@1510,0%@1510] GR3D_FREQ 99% cpu@63.562C soc2@62.437C soc0@60.218C gpu@64.531C tj@64.531C soc1@61.812C VDD_IN 12596mW/11711mW VDD_CPU_GPU_CV 4565mW/4220mW VDD_SOC 2764mW/2555mW
06-14-2026 17:59:36 RAM 4617/7607MB (lfb 9x2MB) SWAP 316/3804MB (cached 1MB) CPU [0%@1510,0%@1510,0%@1510,0%@1510,0%@1510,0%@1510] GR3D_FREQ 99% cpu@63.593C soc2@62.531C soc0@60.156C gpu@64.531C tj@64.531C soc1@61.906C VDD_IN 12596mW/11716mW VDD_CPU_GPU_CV 4565mW/4222mW VDD_SOC 2764mW/2556mW
06-14-2026 17:59:37 RAM 4617/7607MB (lfb 9x2MB) SWAP 316/3804MB (cached 1MB) CPU [0%@1510,0%@1510,0%@1510,0%@1510,0%@1510,0%@1510] GR3D_FREQ 98% cpu@63.75C soc2@62.531C soc0@60.187C gpu@64.562C tj@64.562C soc1@61.812C VDD_IN 12557mW/11721mW VDD_CPU_GPU_CV 4565mW/4224mW VDD_SOC 2724mW/2557mW
06-14-2026 17:59:38 RAM 4602/7607MB (lfb 9x2MB) SWAP 316/3804MB (cached 1MB) CPU [0%@1510,0%@1510,0%@1510,1%@1510,0%@1510,0%@1510] GR3D_FREQ 99% cpu@63.656C soc2@62.531C soc0@60.218C gpu@64.656C tj@64.656C soc1@62C VDD_IN 12557mW/11726mW VDD_CPU_GPU_CV 4565mW/4226mW VDD_SOC 2724mW/2558mW
06-14-2026 17:59:39 RAM 4602/7607MB (lfb 9x2MB) SWAP 316/3804MB (cached 1MB) CPU [0%@1510,0%@1510,0%@1510,0%@1510,0%@1510,0%@1510] GR3D_FREQ 99% cpu@63.812C soc2@62.656C soc0@60.25C gpu@64.656C tj@64.656C soc1@61.875C VDD_IN 12557mW/11731mW VDD_CPU_GPU_CV 4565mW/4228mW VDD_SOC 2724mW/2559mW
06-14-2026 17:59:40 RAM 4602/7607MB (lfb 9x2MB) SWAP 316/3804MB (cached 1MB) CPU [0%@1510,0%@1510,0%@1510,0%@1510,0%@1510,0%@1510] GR3D_FREQ 99% cpu@63.625C soc2@62.593C soc0@60.25C gpu@64.656C tj@64.656C soc1@61.906C VDD_IN 12636mW/11736mW VDD_CPU_GPU_CV 4565mW/4230mW VDD_SOC 2764mW/2560mW
06-14-2026 17:59:41 RAM 4602/7607MB (lfb 9x2MB) SWAP 316/3804MB (cached 1MB) CPU [0%@1510,0%@1510,0%@1510,0%@1510,0%@1510,0%@1510] GR3D_FREQ 98% cpu@63.718C soc2@62.625C soc0@60.187C gpu@64.656C tj@64.656C soc1@61.937C VDD_IN 12517mW/11741mW VDD_CPU_GPU_CV 4526mW/4232mW VDD_SOC 2724mW/2561mW
06-14-2026 17:59:42 RAM 4602/7607MB (lfb 9x2MB) SWAP 316/3804MB (cached 1MB) CPU [0%@1510,0%@1510,0%@1510,0%@1510,0%@1510,0%@1510] GR3D_FREQ 98% cpu@63.75C soc2@62.656C soc0@60.343C gpu@64.687C tj@64.687C soc1@61.937C VDD_IN 12517mW/11745mW VDD_CPU_GPU_CV 4526mW/4233mW VDD_SOC 2724mW/2562mW
06-14-2026 17:59:43 RAM 4602/7607MB (lfb 9x2MB) SWAP 316/3804MB (cached 1MB) CPU [0%@1510,0%@1510,0%@1510,0%@1510,0%@1510,0%@1510] GR3D_FREQ 99% cpu@63.781C soc2@62.656C soc0@60.281C gpu@64.781C tj@64.781C soc1@61.968C VDD_IN 12557mW/11750mW VDD_CPU_GPU_CV 4565mW/4235mW VDD_SOC 2764mW/2563mW
06-14-2026 17:59:44 RAM 4602/7607MB (lfb 9x2MB) SWAP 316/3804MB (cached 1MB) CPU [0%@1510,0%@1510,0%@1510,0%@1510,0%@1510,0%@1510] GR3D_FREQ 99% cpu@63.781C soc2@62.718C soc0@60.406C gpu@64.781C tj@64.781C soc1@62.093C VDD_IN 12517mW/11755mW VDD_CPU_GPU_CV 4526mW/4237mW VDD_SOC 2724mW/2564mW
06-14-2026 17:59:45 RAM 4602/7607MB (lfb 9x2MB) SWAP 316/3804MB (cached 1MB) CPU [0%@1510,0%@1510,0%@1510,0%@1510,0%@1510,0%@1510] GR3D_FREQ 99% cpu@63.687C soc2@62.718C soc0@60.25C gpu@64.781C tj@64.781C soc1@61.875C VDD_IN 12478mW/11759mW VDD_CPU_GPU_CV 4526mW/4239mW VDD_SOC 2724mW/2565mW
06-14-2026 17:59:46 RAM 4602/7607MB (lfb 9x2MB) SWAP 316/3804MB (cached 1MB) CPU [0%@1510,0%@1510,0%@1510,0%@1510,0%@1510,0%@1510] GR3D_FREQ 99% cpu@63.656C soc2@62.593C soc0@60.281C gpu@64.812C tj@64.812C soc1@61.968C VDD_IN 12517mW/11763mW VDD_CPU_GPU_CV 4565mW/4240mW VDD_SOC 2724mW/2566mW
06-14-2026 17:59:47 RAM 4602/7607MB (lfb 9x2MB) SWAP 316/3804MB (cached 1MB) CPU [0%@1510,0%@1510,0%@1510,0%@1510,0%@1510,0%@1510] GR3D_FREQ 99% cpu@63.75C soc2@62.687C soc0@60.312C gpu@64.812C tj@64.812C soc1@62.062C VDD_IN 12517mW/11767mW VDD_CPU_GPU_CV 4526mW/4242mW VDD_SOC 2724mW/2567mW
06-14-2026 17:59:48 RAM 4601/7607MB (lfb 9x2MB) SWAP 316/3804MB (cached 1MB) CPU [0%@1510,0%@1510,0%@1510,0%@1510,0%@1510,0%@1510] GR3D_FREQ 99% cpu@63.875C soc2@62.687C soc0@60.312C gpu@64.968C tj@64.968C soc1@62.031C VDD_IN 12557mW/11772mW VDD_CPU_GPU_CV 4565mW/4244mW VDD_SOC 2724mW/2568mW
06-14-2026 17:59:49 RAM 4601/7607MB (lfb 9x2MB) SWAP 316/3804MB (cached 1MB) CPU [0%@1510,0%@1510,0%@1510,0%@1510,0%@1510,0%@1510] GR3D_FREQ 99% cpu@64C soc2@62.781C soc0@60.375C gpu@64.937C tj@64.937C soc1@62.062C VDD_IN 12478mW/11776mW VDD_CPU_GPU_CV 4526mW/4245mW VDD_SOC 2724mW/2568mW
06-14-2026 17:59:50 RAM 4601/7607MB (lfb 9x2MB) SWAP 316/3804MB (cached 1MB) CPU [0%@1510,0%@1510,0%@1510,0%@1510,0%@1510,0%@1510] GR3D_FREQ 99% cpu@63.937C soc2@62.812C soc0@60.562C gpu@64.937C tj@64.937C soc1@62.187C VDD_IN 12596mW/11780mW VDD_CPU_GPU_CV 4565mW/4247mW VDD_SOC 2764mW/2570mW
06-14-2026 17:59:51 RAM 4601/7607MB (lfb 9x2MB) SWAP 316/3804MB (cached 1MB) CPU [0%@1510,0%@1510,0%@1510,0%@1510,0%@1510,0%@1510] GR3D_FREQ 98% cpu@63.843C soc2@62.812C soc0@60.5C gpu@64.562C tj@64.562C soc1@62.093C VDD_IN 12517mW/11784mW VDD_CPU_GPU_CV 4565mW/4249mW VDD_SOC 2764mW/2571mW
06-14-2026 17:59:52 RAM 4601/7607MB (lfb 9x2MB) SWAP 316/3804MB (cached 1MB) CPU [0%@1510,0%@1510,0%@1510,0%@1510,0%@1510,0%@1510] GR3D_FREQ 98% cpu@63.875C soc2@62.781C soc0@60.343C gpu@64.625C tj@64.625C soc1@62.125C VDD_IN 12517mW/11788mW VDD_CPU_GPU_CV 4565mW/4251mW VDD_SOC 2764mW/2572mW
06-14-2026 17:59:53 RAM 4601/7607MB (lfb 9x2MB) SWAP 316/3804MB (cached 1MB) CPU [0%@1510,0%@1510,0%@1510,0%@1510,0%@1510,0%@1510] GR3D_FREQ 99% cpu@63.875C soc2@62.781C soc0@60.375C gpu@64.593C tj@64.593C soc1@62.093C VDD_IN 12478mW/11792mW VDD_CPU_GPU_CV 4526mW/4252mW VDD_SOC 2724mW/2572mW
06-14-2026 17:59:54 RAM 4601/7607MB (lfb 9x2MB) SWAP 316/3804MB (cached 1MB) CPU [0%@1510,0%@1510,0%@1510,0%@1510,0%@1510,0%@1510] GR3D_FREQ 99% cpu@64C soc2@62.843C soc0@60.406C gpu@64.718C tj@64.718C soc1@62.187C VDD_IN 12596mW/11796mW VDD_CPU_GPU_CV 4565mW/4254mW VDD_SOC 2764mW/2573mW
06-14-2026 17:59:55 RAM 4601/7607MB (lfb 9x2MB) SWAP 316/3804MB (cached 1MB) CPU [0%@1510,2%@1510,0%@1510,0%@1510,0%@1510,0%@1510] GR3D_FREQ 99% cpu@64.062C soc2@62.781C soc0@60.5C gpu@64.718C tj@64.718C soc1@62.187C VDD_IN 12557mW/11800mW VDD_CPU_GPU_CV 4565mW/4255mW VDD_SOC 2764mW/2575mW
06-14-2026 17:59:56 RAM 4601/7607MB (lfb 9x2MB) SWAP 316/3804MB (cached 1MB) CPU [0%@1510,0%@1510,0%@1510,0%@1510,0%@1510,0%@1510] GR3D_FREQ 99% cpu@63.906C soc2@62.875C soc0@60.593C gpu@64.718C tj@64.718C soc1@62.312C VDD_IN 12557mW/11804mW VDD_CPU_GPU_CV 4565mW/4257mW VDD_SOC 2764mW/2576mW
06-14-2026 17:59:57 RAM 4601/7607MB (lfb 9x2MB) SWAP 316/3804MB (cached 1MB) CPU [0%@1510,1%@1510,0%@1510,0%@1510,0%@1510,0%@1510] GR3D_FREQ 99% cpu@63.906C soc2@62.843C soc0@60.687C gpu@64.718C tj@64.718C soc1@62.125C VDD_IN 12517mW/11808mW VDD_CPU_GPU_CV 4526mW/4259mW VDD_SOC 2764mW/2577mW
06-14-2026 17:59:58 RAM 4601/7607MB (lfb 9x2MB) SWAP 316/3804MB (cached 1MB) CPU [0%@1510,0%@1510,0%@1510,0%@1510,0%@1510,0%@1510] GR3D_FREQ 87% cpu@63.968C soc2@62.843C soc0@60.437C gpu@64.687C tj@64.687C soc1@62.125C VDD_IN 12478mW/11812mW VDD_CPU_GPU_CV 4487mW/4260mW VDD_SOC 2724mW/2577mW
06-14-2026 17:59:59 RAM 4601/7607MB (lfb 9x2MB) SWAP 316/3804MB (cached 1MB) CPU [0%@1510,0%@1510,0%@1510,0%@1510,0%@1510,0%@1510] GR3D_FREQ 99% cpu@63.937C soc2@62.843C soc0@60.406C gpu@64.687C tj@64.687C soc1@62.187C VDD_IN 12399mW/11815mW VDD_CPU_GPU_CV 4487mW/4261mW VDD_SOC 2724mW/2578mW
06-14-2026 18:00:00 RAM 4601/7607MB (lfb 9x2MB) SWAP 316/3804MB (cached 1MB) CPU [0%@1510,0%@1510,0%@1510,0%@1510,0%@1510,0%@1510] GR3D_FREQ 98% cpu@64.031C soc2@62.843C soc0@60.437C gpu@64.843C tj@64.843C soc1@62.281C VDD_IN 12517mW/11818mW VDD_CPU_GPU_CV 4526mW/4262mW VDD_SOC 2764mW/2579mW
06-14-2026 18:00:01 RAM 4601/7607MB (lfb 9x2MB) SWAP 316/3804MB (cached 1MB) CPU [0%@1510,0%@1510,0%@1510,0%@1510,0%@1510,0%@1510] GR3D_FREQ 99% cpu@64C soc2@62.937C soc0@60.593C gpu@64.781C tj@64.781C soc1@62.218C VDD_IN 12596mW/11822mW VDD_CPU_GPU_CV 4565mW/4264mW VDD_SOC 2764mW/2580mW
06-14-2026 18:00:02 RAM 4601/7607MB (lfb 9x2MB) SWAP 316/3804MB (cached 1MB) CPU [0%@1510,1%@1510,0%@1510,0%@1510,0%@1510,0%@1510] GR3D_FREQ 99% cpu@64.218C soc2@62.937C soc0@60.593C gpu@64.843C tj@64.843C soc1@62.312C VDD_IN 12596mW/11826mW VDD_CPU_GPU_CV 4565mW/4265mW VDD_SOC 2764mW/2581mW
06-14-2026 18:00:03 RAM 4601/7607MB (lfb 9x2MB) SWAP 316/3804MB (cached 1MB) CPU [0%@1510,0%@1510,0%@1510,0%@1510,0%@1510,0%@1510] GR3D_FREQ 99% cpu@64.093C soc2@63C soc0@60.687C gpu@64.875C tj@64.875C soc1@62.187C VDD_IN 12596mW/11830mW VDD_CPU_GPU_CV 4565mW/4267mW VDD_SOC 2764mW/2582mW
06-14-2026 18:00:04 RAM 4601/7607MB (lfb 9x2MB) SWAP 316/3804MB (cached 1MB) CPU [1%@1510,0%@1510,0%@1510,0%@1510,0%@1510,0%@1510] GR3D_FREQ 99% cpu@63.968C soc2@62.968C soc0@60.531C gpu@64.906C tj@65C soc1@62.187C VDD_IN 12557mW/11834mW VDD_CPU_GPU_CV 4565mW/4269mW VDD_SOC 2764mW/2583mW
06-14-2026 18:00:05 RAM 4601/7607MB (lfb 9x2MB) SWAP 316/3804MB (cached 1MB) CPU [0%@1510,1%@1510,0%@1510,0%@1510,0%@1510,0%@1510] GR3D_FREQ 99% cpu@64.031C soc2@62.875C soc0@60.593C gpu@65.125C tj@65.125C soc1@62.281C VDD_IN 12557mW/11838mW VDD_CPU_GPU_CV 4565mW/4270mW VDD_SOC 2759mW/2584mW
06-14-2026 18:00:06 RAM 4601/7607MB (lfb 9x2MB) SWAP 316/3804MB (cached 1MB) CPU [0%@1510,1%@1510,0%@1510,0%@1510,0%@1510,0%@1510] GR3D_FREQ 98% cpu@64.062C soc2@62.937C soc0@60.687C gpu@65.062C tj@65.062C soc1@62.312C VDD_IN 12596mW/11842mW VDD_CPU_GPU_CV 4565mW/4272mW VDD_SOC 2764mW/2585mW
06-14-2026 18:00:07 RAM 4601/7607MB (lfb 9x2MB) SWAP 316/3804MB (cached 1MB) CPU [0%@1510,0%@1510,0%@1510,0%@1510,0%@1510,0%@1510] GR3D_FREQ 98% cpu@64.125C soc2@62.968C soc0@60.562C gpu@65.125C tj@65.125C soc1@62.343C VDD_IN 12557mW/11845mW VDD_CPU_GPU_CV 4565mW/4273mW VDD_SOC 2764mW/2586mW
06-14-2026 18:00:08 RAM 4601/7607MB (lfb 9x2MB) SWAP 316/3804MB (cached 1MB) CPU [0%@1510,0%@1510,0%@1510,0%@1510,0%@1510,0%@1510] GR3D_FREQ 99% cpu@64.093C soc2@63C soc0@60.718C gpu@65.125C tj@65.125C soc1@62.468C VDD_IN 12596mW/11849mW VDD_CPU_GPU_CV 4565mW/4275mW VDD_SOC 2764mW/2586mW
06-14-2026 18:00:09 RAM 4601/7607MB (lfb 9x2MB) SWAP 316/3804MB (cached 1MB) CPU [0%@1510,0%@1510,0%@1510,0%@1510,0%@1510,0%@1510] GR3D_FREQ 99% cpu@64.187C soc2@63.031C soc0@60.687C gpu@65.187C tj@65.187C soc1@62.343C VDD_IN 12557mW/11853mW VDD_CPU_GPU_CV 4565mW/4276mW VDD_SOC 2764mW/2587mW
06-14-2026 18:00:10 RAM 4602/7607MB (lfb 9x2MB) SWAP 316/3804MB (cached 1MB) CPU [0%@1510,1%@1510,1%@1510,0%@1510,0%@1510,0%@1510] GR3D_FREQ 99% cpu@64.062C soc2@63.031C soc0@60.781C gpu@65.343C tj@65.343C soc1@62.312C VDD_IN 12557mW/11856mW VDD_CPU_GPU_CV 4565mW/4277mW VDD_SOC 2764mW/2588mW
06-14-2026 18:00:11 RAM 4602/7607MB (lfb 9x2MB) SWAP 316/3804MB (cached 1MB) CPU [0%@1510,0%@1510,0%@1510,0%@1510,0%@1510,0%@1510] GR3D_FREQ 99% cpu@64.062C soc2@62.968C soc0@60.781C gpu@65.281C tj@65.281C soc1@62.343C VDD_IN 12557mW/11860mW VDD_CPU_GPU_CV 4565mW/4279mW VDD_SOC 2764mW/2589mW
06-14-2026 18:00:12 RAM 4602/7607MB (lfb 9x2MB) SWAP 316/3804MB (cached 1MB) CPU [0%@1510,0%@1510,0%@1510,0%@1510,0%@1510,0%@1510] GR3D_FREQ 99% cpu@64.281C soc2@63.062C soc0@60.687C gpu@65C tj@65C soc1@62.375C VDD_IN 12596mW/11863mW VDD_CPU_GPU_CV 4565mW/4280mW VDD_SOC 2759mW/2590mW
06-14-2026 18:00:13 RAM 4602/7607MB (lfb 9x2MB) SWAP 316/3804MB (cached 1MB) CPU [0%@1510,1%@1510,0%@1510,0%@1510,0%@1510,0%@1510] GR3D_FREQ 99% cpu@64.218C soc2@63.125C soc0@60.75C gpu@64.812C tj@64.812C soc1@62.437C VDD_IN 12517mW/11866mW VDD_CPU_GPU_CV 4526mW/4281mW VDD_SOC 2724mW/2591mW
06-14-2026 18:00:14 RAM 4602/7607MB (lfb 9x2MB) SWAP 316/3804MB (cached 1MB) CPU [0%@1510,0%@1510,0%@1510,0%@1510,0%@1510,0%@1510] GR3D_FREQ 99% cpu@64.281C soc2@63.156C soc0@60.875C gpu@64.906C tj@64.906C soc1@62.562C VDD_IN 12517mW/11870mW VDD_CPU_GPU_CV 4526mW/4283mW VDD_SOC 2724mW/2591mW
06-14-2026 18:00:15 RAM 4602/7607MB (lfb 9x2MB) SWAP 316/3804MB (cached 1MB) CPU [0%@1510,0%@1510,0%@1510,0%@1510,0%@1510,0%@1510] GR3D_FREQ 99% cpu@64.062C soc2@63.156C soc0@60.718C gpu@64.968C tj@64.968C soc1@62.406C VDD_IN 12596mW/11873mW VDD_CPU_GPU_CV 4565mW/4284mW VDD_SOC 2764mW/2592mW
06-14-2026 18:00:16 RAM 1494/7607MB (lfb 7x4MB) SWAP 315/3804MB (cached 1MB) CPU [3%@1510,10%@1510,26%@1510,3%@1510,55%@1510,0%@1510] GR3D_FREQ 0% cpu@64.25C soc2@62.687C soc0@60.687C gpu@63.812C tj@64.25C soc1@62.343C VDD_IN 7527mW/11852mW VDD_CPU_GPU_CV 2135mW/4274mW VDD_SOC 1782mW/2588mW
06-14-2026 18:00:17 RAM 1609/7607MB (lfb 4x4MB) SWAP 312/3804MB (cached 1MB) CPU [18%@1510,74%@1510,10%@1510,8%@1510,5%@1510,4%@1510] GR3D_FREQ 0% cpu@63.968C soc2@62.437C soc0@60.437C gpu@63.531C tj@63.968C soc1@62.312C VDD_IN 6269mW/11825mW VDD_CPU_GPU_CV 1584mW/4261mW VDD_SOC 1505mW/2583mW
06-14-2026 18:00:18 RAM 1617/7607MB (lfb 4x4MB) SWAP 312/3804MB (cached 1MB) CPU [0%@1510,97%@1510,0%@1510,6%@1510,0%@1510,0%@1510] GR3D_FREQ 0% cpu@63.843C soc2@62.375C soc0@60.343C gpu@63.375C tj@63.843C soc1@62.25C VDD_IN 6150mW/11798mW VDD_CPU_GPU_CV 1465mW/4247mW VDD_SOC 1505mW/2578mW
06-14-2026 18:00:19 RAM 1624/7607MB (lfb 4x4MB) SWAP 312/3804MB (cached 1MB) CPU [0%@1510,100%@1510,0%@1510,2%@1510,0%@1510,0%@1510] GR3D_FREQ 0% cpu@64C soc2@62.25C soc0@60.25C gpu@63.343C tj@64C soc1@62.187C VDD_IN 6071mW/11771mW VDD_CPU_GPU_CV 1465mW/4234mW VDD_SOC 1465mW/2573mW
06-14-2026 18:00:20 RAM 1543/7607MB (lfb 249x1MB) SWAP 312/3804MB (cached 1MB) CPU [19%@1510,84%@1510,17%@1510,2%@1510,0%@1510,1%@1510] GR3D_FREQ 7% cpu@63.562C soc2@62.25C soc0@60.218C gpu@63.312C tj@63.562C soc1@62C VDD_IN 6190mW/11744mW VDD_CPU_GPU_CV 1584mW/4222mW VDD_SOC 1505mW/2567mW
06-14-2026 18:00:21 RAM 3763/7607MB (lfb 10044x32kB) SWAP 312/3804MB (cached 1MB) CPU [0%@1510,99%@1510,0%@1510,2%@1510,0%@1510,0%@1510] GR3D_FREQ 39% cpu@63.562C soc2@62.125C soc0@60C gpu@63.187C tj@63.656C soc1@61.906C VDD_IN 6497mW/11720mW VDD_CPU_GPU_CV 1545mW/4209mW VDD_SOC 1624mW/2563mW
06-14-2026 18:00:22 RAM 4460/7607MB (lfb 9x2MB) SWAP 313/3804MB (cached 1MB) CPU [0%@1510,96%@1510,0%@1510,0%@1510,0%@1510,19%@1510] GR3D_FREQ 0% cpu@63.656C soc2@61.906C soc0@59.875C gpu@63.093C tj@63.656C soc1@61.843C VDD_IN 6983mW/11697mW VDD_CPU_GPU_CV 1740mW/4197mW VDD_SOC 1703mW/2559mW
06-14-2026 18:00:23 RAM 4604/7607MB (lfb 7x4MB) SWAP 313/3804MB (cached 1MB) CPU [0%@1510,27%@1510,0%@1510,17%@1510,0%@1510,13%@1510] GR3D_FREQ 99% cpu@63.468C soc2@62.187C soc0@60.062C gpu@64.093C tj@64.093C soc1@61.875C VDD_IN 11232mW/11695mW VDD_CPU_GPU_CV 3981mW/4196mW VDD_SOC 2448mW/2558mW
06-14-2026 18:00:24 RAM 4604/7607MB (lfb 7x4MB) SWAP 313/3804MB (cached 1MB) CPU [0%@1510,1%@1510,0%@1510,0%@1510,0%@1510,0%@1510] GR3D_FREQ 99% cpu@63.593C soc2@62.375C soc0@60.093C gpu@64.375C tj@64.375C soc1@61.937C VDD_IN 12320mW/11698mW VDD_CPU_GPU_CV 4447mW/4197mW VDD_SOC 2685mW/2559mW
06-14-2026 18:00:25 RAM 4604/7607MB (lfb 7x4MB) SWAP 313/3804MB (cached 1MB) CPU [0%@1510,1%@1510,0%@1510,0%@1510,0%@1510,0%@1510] GR3D_FREQ 99% cpu@63.531C soc2@62.406C soc0@60.187C gpu@64.593C tj@64.593C soc1@61.781C VDD_IN 12517mW/11702mW VDD_CPU_GPU_CV 4526mW/4199mW VDD_SOC 2724mW/2560mW
06-14-2026 18:00:26 RAM 4605/7607MB (lfb 7x4MB) SWAP 313/3804MB (cached 1MB) CPU [0%@1510,2%@1510,0%@1510,0%@1510,0%@1510,0%@1510] GR3D_FREQ 99% cpu@63.937C soc2@62.531C soc0@60.093C gpu@64.562C tj@64.562C soc1@61.843C VDD_IN 12557mW/11706mW VDD_CPU_GPU_CV 4565mW/4201mW VDD_SOC 2724mW/2561mW
06-14-2026 18:00:27 RAM 4605/7607MB (lfb 7x4MB) SWAP 313/3804MB (cached 1MB) CPU [1%@1510,0%@1510,0%@1510,0%@1510,0%@1510,0%@1510] GR3D_FREQ 99% cpu@63.562C soc2@62.5C soc0@60.093C gpu@64.656C tj@64.656C soc1@61.937C VDD_IN 12478mW/11709mW VDD_CPU_GPU_CV 4526mW/4202mW VDD_SOC 2724mW/2561mW
06-14-2026 18:00:28 RAM 1747/7607MB (lfb 17x4MB) SWAP 313/3804MB (cached 1MB) CPU [15%@1510,0%@1510,0%@1510,30%@1510,36%@1510,0%@1510] GR3D_FREQ 0% cpu@63.781C soc2@62.312C soc0@60.125C gpu@63.625C tj@63.781C soc1@61.906C VDD_IN 8913mW/11697mW VDD_CPU_GPU_CV 2803mW/4196mW VDD_SOC 2017mW/2559mW
06-14-2026 18:00:29 RAM 1479/7607MB (lfb 24x4MB) SWAP 313/3804MB (cached 1MB) CPU [4%@1510,3%@1510,0%@1510,6%@1510,40%@1510,2%@1510] GR3D_FREQ 0% cpu@63.531C soc2@62C soc0@59.906C gpu@62.968C tj@63.531C soc1@61.906C VDD_IN 5823mW/11670mW VDD_CPU_GPU_CV 1307mW/4183mW VDD_SOC 1505mW/2554mW
06-14-2026 18:00:30 RAM 1479/7607MB (lfb 24x4MB) SWAP 313/3804MB (cached 1MB) CPU [1%@1510,0%@1510,0%@1510,0%@1510,0%@1510,0%@1510] GR3D_FREQ 0% cpu@63.125C soc2@61.812C soc0@59.875C gpu@62.812C tj@63.125C soc1@61.812C VDD_IN 5356mW/11641mW VDD_CPU_GPU_CV 1030mW/4168mW VDD_SOC 1426mW/2549mW
