06-14-2026 18:59:06 RAM 5561/7607MB (lfb 1x2MB) SWAP 333/3804MB (cached 1MB) CPU [55%@1510,6%@1510,4%@1510,100%@1510,100%@1510,6%@1510] GR3D_FREQ 0% cpu@55.593C soc2@54.062C soc0@52.187C gpu@55.281C tj@55.593C soc1@54.156C VDD_IN 6428mW/6428mW VDD_CPU_GPU_CV 2020mW/2020mW VDD_SOC 1428mW/1428mW
06-14-2026 18:59:07 RAM 5561/7607MB (lfb 1x2MB) SWAP 333/3804MB (cached 1MB) CPU [54%@1510,0%@1510,0%@1510,100%@1510,100%@1510,0%@1510] GR3D_FREQ 0% cpu@55.968C soc2@54C soc0@52.25C gpu@55.093C tj@55.968C soc1@54.093C VDD_IN 6388mW/6408mW VDD_CPU_GPU_CV 2020mW/2020mW VDD_SOC 1428mW/1428mW
06-14-2026 18:59:08 RAM 5561/7607MB (lfb 1x2MB) SWAP 333/3804MB (cached 1MB) CPU [53%@1510,0%@1510,0%@1510,100%@1510,100%@1510,0%@1510] GR3D_FREQ 0% cpu@55.625C soc2@53.968C soc0@52.156C gpu@55.312C tj@55.625C soc1@54.187C VDD_IN 6388mW/6401mW VDD_CPU_GPU_CV 1980mW/2007mW VDD_SOC 1428mW/1428mW
06-14-2026 18:59:09 RAM 5561/7607MB (lfb 1x2MB) SWAP 333/3804MB (cached 1MB) CPU [53%@1510,0%@1510,0%@1510,100%@1510,100%@1510,0%@1510] GR3D_FREQ 0% cpu@55.656C soc2@53.843C soc0@52.031C gpu@55.156C tj@55.656C soc1@54.218C VDD_IN 6388mW/6398mW VDD_CPU_GPU_CV 1980mW/2000mW VDD_SOC 1428mW/1428mW
06-14-2026 18:59:10 RAM 5558/7607MB (lfb 1x2MB) SWAP 333/3804MB (cached 1MB) CPU [55%@1510,1%@1510,0%@1510,100%@1510,100%@1510,0%@1510] GR3D_FREQ 0% cpu@55.812C soc2@53.875C soc0@52.093C gpu@55.062C tj@55.812C soc1@54.218C VDD_IN 6388mW/6396mW VDD_CPU_GPU_CV 1980mW/1996mW VDD_SOC 1428mW/1428mW
06-14-2026 18:59:11 RAM 5672/7607MB (lfb 1x256kB) SWAP 333/3804MB (cached 1MB) CPU [64%@1510,15%@1510,21%@1510,100%@1510,100%@1510,72%@1510] GR3D_FREQ 0% cpu@55.875C soc2@53.906C soc0@52.031C gpu@55.187C tj@55.937C soc1@54.187C VDD_IN 7063mW/6507mW VDD_CPU_GPU_CV 2495mW/2079mW VDD_SOC 1428mW/1428mW
06-14-2026 18:59:12 RAM 5727/7607MB (lfb 1x512kB) SWAP 333/3804MB (cached 1MB) CPU [53%@1510,7%@1510,2%@1510,100%@1510,100%@1510,97%@1510] GR3D_FREQ 0% cpu@56.031C soc2@54.062C soc0@52.156C gpu@55.093C tj@56.031C soc1@54.375C VDD_IN 6983mW/6575mW VDD_CPU_GPU_CV 2337mW/2116mW VDD_SOC 1468mW/1434mW
06-14-2026 18:59:13 RAM 5741/7607MB (lfb 1358x32kB) SWAP 333/3804MB (cached 1MB) CPU [59%@1510,9%@1510,4%@1510,100%@1510,100%@1510,97%@1510] GR3D_FREQ 0% cpu@55.781C soc2@54.062C soc0@52.218C gpu@55.125C tj@55.781C soc1@54.187C VDD_IN 7063mW/6636mW VDD_CPU_GPU_CV 2337mW/2144mW VDD_SOC 1507mW/1443mW
06-14-2026 18:59:14 RAM 5740/7607MB (lfb 3x512kB) SWAP 333/3804MB (cached 1MB) CPU [62%@1510,0%@1510,3%@1510,100%@1510,100%@1510,100%@1510] GR3D_FREQ 0% cpu@55.812C soc2@54.062C soc0@52.125C gpu@55.343C tj@55.812C soc1@54.187C VDD_IN 7023mW/6679mW VDD_CPU_GPU_CV 2337mW/2165mW VDD_SOC 1468mW/1446mW
06-14-2026 18:59:15 RAM 5766/7607MB (lfb 1623x32kB) SWAP 333/3804MB (cached 1MB) CPU [55%@1510,2%@1510,2%@1510,100%@1510,100%@1510,99%@1510] GR3D_FREQ 24% cpu@55.875C soc2@54.062C soc0@52.125C gpu@55.406C tj@55.875C soc1@54.218C VDD_IN 6983mW/6710mW VDD_CPU_GPU_CV 2376mW/2186mW VDD_SOC 1468mW/1448mW
06-14-2026 18:59:16 RAM 7046/7607MB (lfb 12x128kB) SWAP 391/3804MB (cached 1MB) CPU [54%@1510,2%@1510,86%@1510,100%@1510,100%@1510,96%@1510] GR3D_FREQ 0% cpu@56.156C soc2@54.125C soc0@52.156C gpu@55.468C tj@56.156C soc1@54.312C VDD_IN 7618mW/6792mW VDD_CPU_GPU_CV 2693mW/2232mW VDD_SOC 1547mW/1457mW
06-14-2026 18:59:17 RAM 7280/7607MB (lfb 18x64kB) SWAP 451/3804MB (cached 1MB) CPU [56%@1510,1%@1510,60%@1510,99%@1510,100%@1510,95%@1510] GR3D_FREQ 0% cpu@56.281C soc2@54.25C soc0@52.218C gpu@55.562C tj@56.281C soc1@54.468C VDD_IN 7459mW/6848mW VDD_CPU_GPU_CV 2654mW/2267mW VDD_SOC 1507mW/1461mW
06-14-2026 18:59:18 RAM 7394/7607MB (lfb 1x1MB) SWAP 600/3804MB (cached 0MB) CPU [67%@1510,38%@1510,99%@1510,46%@1510,100%@1510,98%@1510] GR3D_FREQ 0% cpu@56.187C soc2@54.281C soc0@52.25C gpu@55.312C tj@56.187C soc1@54.375C VDD_IN 7539mW/6901mW VDD_CPU_GPU_CV 2773mW/2306mW VDD_SOC 1507mW/1465mW
06-14-2026 18:59:20 RAM 7414/7607MB (lfb 1x1MB) SWAP 826/3804MB (cached 0MB) CPU [97%@1510,26%@1510,95%@1510,20%@1510,100%@1510,100%@1510] GR3D_FREQ 0% cpu@56.25C soc2@54.281C soc0@52.281C gpu@55.468C tj@56.25C soc1@54.343C VDD_IN 7578mW/6949mW VDD_CPU_GPU_CV 2852mW/2345mW VDD_SOC 1507mW/1468mW
06-14-2026 18:59:21 RAM 7427/7607MB (lfb 1x1MB) SWAP 1363/3804MB (cached 0MB) CPU [88%@1510,82%@1510,72%@1510,71%@1510,91%@1510,83%@1510] GR3D_FREQ 0% cpu@56.375C soc2@54.375C soc0@52.437C gpu@55.437C tj@56.375C soc1@54.437C VDD_IN 7816mW/7007mW VDD_CPU_GPU_CV 3050mW/2392mW VDD_SOC 1507mW/1470mW
06-14-2026 18:59:23 RAM 7419/7607MB (lfb 1x1MB) SWAP 1372/3804MB (cached 0MB) CPU [56%@1510,55%@1510,64%@1510,50%@1510,60%@1510,57%@1510] GR3D_FREQ 0% cpu@56.312C soc2@54.312C soc0@52.406C gpu@55.406C tj@56.218C soc1@54.562C VDD_IN 7102mW/7013mW VDD_CPU_GPU_CV 2535mW/2401mW VDD_SOC 1468mW/1470mW
06-14-2026 18:59:24 RAM 3250/7607MB (lfb 36x1MB) SWAP 1201/3804MB (cached 0MB) CPU [26%@1510,88%@1510,27%@1510,39%@1510,95%@1510,58%@1510] GR3D_FREQ 0% cpu@56.312C soc2@54.312C soc0@52.312C gpu@55.343C tj@56.468C soc1@54.437C VDD_IN 7380mW/7035mW VDD_CPU_GPU_CV 2337mW/2397mW VDD_SOC 1626mW/1479mW
06-14-2026 18:59:25 RAM 4154/7607MB (lfb 36x1MB) SWAP 1200/3804MB (cached 0MB) CPU [18%@1510,10%@1510,41%@1510,64%@1510,94%@1510,8%@1510] GR3D_FREQ 0% cpu@55.968C soc2@54.125C soc0@52.343C gpu@55.406C tj@55.968C soc1@54.406C VDD_IN 7102mW/7038mW VDD_CPU_GPU_CV 2060mW/2379mW VDD_SOC 1626mW/1487mW
06-14-2026 18:59:26 RAM 4173/7607MB (lfb 35x1MB) SWAP 1198/3804MB (cached 0MB) CPU [42%@1510,11%@1510,5%@1510,28%@1510,20%@1510,13%@1510] GR3D_FREQ 8% cpu@55.812C soc2@54.125C soc0@52.312C gpu@55.343C tj@55.812C soc1@54.375C VDD_IN 6586mW/7014mW VDD_CPU_GPU_CV 1624mW/2339mW VDD_SOC 1626mW/1495mW
06-14-2026 18:59:27 RAM 4438/7607MB (lfb 35x1MB) SWAP 1163/3804MB (cached 0MB) CPU [5%@1510,1%@1510,9%@1510,58%@1510,16%@1510,0%@1510] GR3D_FREQ 19% cpu@55.781C soc2@54.156C soc0@52.375C gpu@55.5C tj@55.781C soc1@54.468C VDD_IN 7102mW/7019mW VDD_CPU_GPU_CV 2020mW/2323mW VDD_SOC 1663mW/1503mW
06-14-2026 18:59:28 RAM 4549/7607MB (lfb 35x1MB) SWAP 1162/3804MB (cached 0MB) CPU [1%@1510,0%@1510,1%@1510,18%@1510,0%@1510,5%@1510] GR3D_FREQ 99% cpu@55.875C soc2@54.5C soc0@52.593C gpu@56.437C tj@56.437C soc1@54.5C VDD_IN 10656mW/7192mW VDD_CPU_GPU_CV 3830mW/2395mW VDD_SOC 2294mW/1541mW
06-14-2026 18:59:29 RAM 4552/7607MB (lfb 35x1MB) SWAP 1162/3804MB (cached 1MB) CPU [56%@1510,0%@1510,88%@1510,0%@1510,0%@1510,81%@1510] GR3D_FREQ 0% cpu@56.125C soc2@54.343C soc0@52.531C gpu@55.75C tj@56.125C soc1@54.437C VDD_IN 6864mW/7177mW VDD_CPU_GPU_CV 2178mW/2385mW VDD_SOC 1507mW/1539mW
06-14-2026 18:59:30 RAM 4554/7607MB (lfb 35x1MB) SWAP 1162/3804MB (cached 1MB) CPU [88%@1510,2%@1510,22%@1510,0%@1510,4%@1510,100%@1510] GR3D_FREQ 0% cpu@55.843C soc2@54.375C soc0@52.406C gpu@55.593C tj@55.843C soc1@54.437C VDD_IN 6269mW/7138mW VDD_CPU_GPU_CV 1861mW/2362mW VDD_SOC 1428mW/1534mW
06-14-2026 18:59:31 RAM 4555/7607MB (lfb 35x1MB) SWAP 1162/3804MB (cached 1MB) CPU [81%@1510,0%@1510,0%@1510,0%@1510,45%@1510,100%@1510] GR3D_FREQ 0% cpu@56.031C soc2@54.187C soc0@52.375C gpu@55.593C tj@56.031C soc1@54.468C VDD_IN 6348mW/7105mW VDD_CPU_GPU_CV 1980mW/2346mW VDD_SOC 1428mW/1530mW
06-14-2026 18:59:32 RAM 4555/7607MB (lfb 35x1MB) SWAP 1161/3804MB (cached 1MB) CPU [98%@1510,0%@1510,0%@1510,0%@1510,6%@1510,100%@1510] GR3D_FREQ 0% cpu@56C soc2@54.312C soc0@52.468C gpu@55.593C tj@56C soc1@54.562C VDD_IN 6190mW/7068mW VDD_CPU_GPU_CV 1822mW/2325mW VDD_SOC 1428mW/1526mW
06-14-2026 18:59:33 RAM 4556/7607MB (lfb 35x1MB) SWAP 1161/3804MB (cached 1MB) CPU [99%@1510,0%@1510,0%@1510,0%@1510,3%@1510,100%@1510] GR3D_FREQ 0% cpu@55.906C soc2@54.343C soc0@52.468C gpu@55.562C tj@55.906C soc1@54.531C VDD_IN 6190mW/7034mW VDD_CPU_GPU_CV 1822mW/2306mW VDD_SOC 1428mW/1522mW
06-14-2026 18:59:34 RAM 4555/7607MB (lfb 35x1MB) SWAP 1161/3804MB (cached 1MB) CPU [81%@1510,0%@1510,39%@1510,0%@1510,0%@1510,100%@1510] GR3D_FREQ 0% cpu@56C soc2@54.312C soc0@52.531C gpu@55.718C tj@56C soc1@54.437C VDD_IN 6309mW/7008mW VDD_CPU_GPU_CV 1941mW/2292mW VDD_SOC 1428mW/1519mW
06-14-2026 18:59:35 RAM 4562/7607MB (lfb 35x1MB) SWAP 1149/3804MB (cached 1MB) CPU [55%@1510,0%@1510,82%@1510,0%@1510,22%@1510,100%@1510] GR3D_FREQ 0% cpu@55.843C soc2@54.156C soc0@52.343C gpu@55.593C tj@55.843C soc1@54.406C VDD_IN 6428mW/6987mW VDD_CPU_GPU_CV 2020mW/2283mW VDD_SOC 1428mW/1515mW
06-14-2026 18:59:36 RAM 4562/7607MB (lfb 35x1MB) SWAP 1148/3804MB (cached 1MB) CPU [70%@1510,0%@1510,0%@1510,0%@1510,75%@1510,100%@1510] GR3D_FREQ 0% cpu@55.937C soc2@54.218C soc0@52.343C gpu@55.468C tj@55.937C soc1@54.5C VDD_IN 6388mW/6966mW VDD_CPU_GPU_CV 1980mW/2272mW VDD_SOC 1428mW/1512mW
06-14-2026 18:59:37 RAM 4562/7607MB (lfb 35x1MB) SWAP 1148/3804MB (cached 1MB) CPU [93%@1510,0%@1510,0%@1510,3%@1510,15%@1510,100%@1510] GR3D_FREQ 0% cpu@56C soc2@54.343C soc0@52.406C gpu@55.406C tj@56C soc1@54.5C VDD_IN 6229mW/6942mW VDD_CPU_GPU_CV 1861mW/2259mW VDD_SOC 1388mW/1508mW
06-14-2026 18:59:38 RAM 4562/7607MB (lfb 35x1MB) SWAP 1148/3804MB (cached 1MB) CPU [60%@1510,0%@1510,76%@1510,0%@1510,11%@1510,100%@1510] GR3D_FREQ 0% cpu@55.906C soc2@54.25C soc0@52.437C gpu@55.406C tj@55.906C soc1@54.718C VDD_IN 6388mW/6924mW VDD_CPU_GPU_CV 1980mW/2250mW VDD_SOC 1428mW/1506mW
06-14-2026 18:59:39 RAM 4562/7607MB (lfb 35x1MB) SWAP 1148/3804MB (cached 1MB) CPU [79%@1510,0%@1510,16%@1510,0%@1510,33%@1510,100%@1510] GR3D_FREQ 0% cpu@56.125C soc2@54.25C soc0@52.468C gpu@55.343C tj@56.125C soc1@54.406C VDD_IN 6309mW/6905mW VDD_CPU_GPU_CV 1901mW/2239mW VDD_SOC 1428mW/1503mW
06-14-2026 18:59:40 RAM 4561/7607MB (lfb 35x1MB) SWAP 1148/3804MB (cached 1MB) CPU [89%@1510,0%@1510,0%@1510,0%@1510,29%@1510,100%@1510] GR3D_FREQ 0% cpu@55.812C soc2@54.156C soc0@52.375C gpu@55.437C tj@55.812C soc1@54.468C VDD_IN 6229mW/6884mW VDD_CPU_GPU_CV 1861mW/2227mW VDD_SOC 1388mW/1500mW
06-14-2026 18:59:41 RAM 4561/7607MB (lfb 35x1MB) SWAP 1148/3804MB (cached 1MB) CPU [65%@1510,0%@1510,41%@1510,0%@1510,40%@1510,100%@1510] GR3D_FREQ 0% cpu@55.906C soc2@54.187C soc0@52.343C gpu@55.437C tj@55.906C soc1@54.562C VDD_IN 6388mW/6869mW VDD_CPU_GPU_CV 1980mW/2220mW VDD_SOC 1428mW/1498mW
06-14-2026 18:59:42 RAM 4561/7607MB (lfb 35x1MB) SWAP 1148/3804MB (cached 1MB) CPU [100%@1510,0%@1510,0%@1510,0%@1510,0%@1510,100%@1510] GR3D_FREQ 0% cpu@56.031C soc2@54.218C soc0@52.406C gpu@55.281C tj@56.031C soc1@54.562C VDD_IN 6190mW/6850mW VDD_CPU_GPU_CV 1822mW/2209mW VDD_SOC 1428mW/1496mW
06-14-2026 18:59:43 RAM 4561/7607MB (lfb 35x1MB) SWAP 1148/3804MB (cached 1MB) CPU [93%@1510,0%@1510,0%@1510,8%@1510,9%@1510,100%@1510] GR3D_FREQ 0% cpu@55.843C soc2@54.218C soc0@52.375C gpu@55.156C tj@55.843C soc1@54.5C VDD_IN 6229mW/6833mW VDD_CPU_GPU_CV 1861mW/2199mW VDD_SOC 1428mW/1494mW
06-14-2026 18:59:44 RAM 4562/7607MB (lfb 35x1MB) SWAP 1148/3804MB (cached 1MB) CPU [93%@1510,5%@1510,0%@1510,0%@1510,6%@1510,100%@1510] GR3D_FREQ 0% cpu@56.218C soc2@54.25C soc0@52.437C gpu@55.218C tj@56.218C soc1@54.437C VDD_IN 6229mW/6816mW VDD_CPU_GPU_CV 1861mW/2190mW VDD_SOC 1428mW/1492mW
06-14-2026 18:59:45 RAM 4562/7607MB (lfb 35x1MB) SWAP 1148/3804MB (cached 1MB) CPU [60%@1510,43%@1510,0%@1510,0%@1510,98%@1510,56%@1510] GR3D_FREQ 0% cpu@55.937C soc2@54.187C soc0@52.312C gpu@55.218C tj@55.937C soc1@54.406C VDD_IN 6388mW/6805mW VDD_CPU_GPU_CV 1980mW/2184mW VDD_SOC 1428mW/1490mW
06-14-2026 19:01:18 RAM 4587/7607MB (lfb 35x1MB) SWAP 1127/3804MB (cached 1MB) CPU [54%@1510,3%@1510,100%@1510,6%@1510,100%@1510,6%@1510] GR3D_FREQ 0% cpu@55.687C soc2@54.093C soc0@52.156C gpu@55.218C tj@55.687C soc1@54.281C VDD_IN 6467mW/6467mW VDD_CPU_GPU_CV 2060mW/2060mW VDD_SOC 1428mW/1428mW
06-14-2026 19:01:19 RAM 4588/7607MB (lfb 35x1MB) SWAP 1127/3804MB (cached 1MB) CPU [54%@1510,0%@1510,100%@1510,0%@1510,100%@1510,0%@1510] GR3D_FREQ 0% cpu@55.531C soc2@54.062C soc0@52.156C gpu@55.187C tj@55.531C soc1@54.25C VDD_IN 6388mW/6428mW VDD_CPU_GPU_CV 2020mW/2040mW VDD_SOC 1428mW/1428mW
06-14-2026 19:01:20 RAM 4588/7607MB (lfb 35x1MB) SWAP 1127/3804MB (cached 1MB) CPU [53%@1510,0%@1510,100%@1510,0%@1510,100%@1510,0%@1510] GR3D_FREQ 0% cpu@55.656C soc2@53.968C soc0@52.093C gpu@55.281C tj@55.781C soc1@54.25C VDD_IN 6388mW/6414mW VDD_CPU_GPU_CV 1980mW/2020mW VDD_SOC 1428mW/1428mW
06-14-2026 19:01:21 RAM 4588/7607MB (lfb 35x1MB) SWAP 1127/3804MB (cached 1MB) CPU [55%@1510,0%@1510,100%@1510,0%@1510,100%@1510,0%@1510] GR3D_FREQ 0% cpu@55.75C soc2@54.031C soc0@52.156C gpu@55.187C tj@55.75C soc1@54.343C VDD_IN 6388mW/6408mW VDD_CPU_GPU_CV 2020mW/2020mW VDD_SOC 1428mW/1428mW
06-14-2026 19:01:22 RAM 4590/7607MB (lfb 35x1MB) SWAP 1127/3804MB (cached 1MB) CPU [53%@1510,1%@1510,100%@1510,0%@1510,100%@1510,0%@1510] GR3D_FREQ 0% cpu@55.843C soc2@54.093C soc0@52.218C gpu@55.062C tj@55.843C soc1@54.312C VDD_IN 6388mW/6404mW VDD_CPU_GPU_CV 2020mW/2020mW VDD_SOC 1428mW/1428mW
06-14-2026 19:01:23 RAM 4696/7607MB (lfb 35x1MB) SWAP 1127/3804MB (cached 1MB) CPU [73%@1510,5%@1510,44%@1510,62%@1510,100%@1510,71%@1510] GR3D_FREQ 0% cpu@55.906C soc2@54.125C soc0@52.156C gpu@55.125C tj@55.906C soc1@54.281C VDD_IN 7023mW/6507mW VDD_CPU_GPU_CV 2456mW/2093mW VDD_SOC 1428mW/1428mW
06-14-2026 19:01:24 RAM 4841/7607MB (lfb 35x1MB) SWAP 1127/3804MB (cached 1MB) CPU [66%@1510,3%@1510,2%@1510,96%@1510,100%@1510,97%@1510] GR3D_FREQ 0% cpu@55.875C soc2@54.125C soc0@52.156C gpu@55.375C tj@55.875C soc1@54.25C VDD_IN 7023mW/6581mW VDD_CPU_GPU_CV 2337mW/2128mW VDD_SOC 1468mW/1434mW
06-14-2026 19:01:25 RAM 4850/7607MB (lfb 36x1MB) SWAP 1127/3804MB (cached 1MB) CPU [64%@1510,4%@1510,3%@1510,97%@1510,100%@1510,100%@1510] GR3D_FREQ 0% cpu@56C soc2@54.125C soc0@52.281C gpu@55.406C tj@56C soc1@54.5C VDD_IN 7063mW/6641mW VDD_CPU_GPU_CV 2337mW/2154mW VDD_SOC 1468mW/1438mW
06-14-2026 19:01:26 RAM 4847/7607MB (lfb 36x1MB) SWAP 1127/3804MB (cached 1MB) CPU [64%@1510,2%@1510,0%@1510,100%@1510,100%@1510,100%@1510] GR3D_FREQ 0% cpu@56.187C soc2@54.125C soc0@52.406C gpu@55.281C tj@56.187C soc1@54.531C VDD_IN 7023mW/6683mW VDD_CPU_GPU_CV 2376mW/2178mW VDD_SOC 1468mW/1441mW
06-14-2026 19:01:27 RAM 4865/7607MB (lfb 36x1MB) SWAP 1127/3804MB (cached 1MB) CPU [63%@1510,0%@1510,0%@1510,99%@1510,100%@1510,100%@1510] GR3D_FREQ 2% cpu@55.937C soc2@54.218C soc0@52.218C gpu@55.218C tj@55.937C soc1@54.375C VDD_IN 6983mW/6713mW VDD_CPU_GPU_CV 2376mW/2198mW VDD_SOC 1468mW/1444mW
06-14-2026 19:01:28 RAM 6358/7607MB (lfb 11701x32kB) SWAP 1127/3804MB (cached 1MB) CPU [64%@1510,5%@1510,15%@1510,98%@1510,99%@1510,100%@1510] GR3D_FREQ 0% cpu@56.187C soc2@54.187C soc0@52.187C gpu@55.343C tj@56.187C soc1@54.468C VDD_IN 7420mW/6778mW VDD_CPU_GPU_CV 2575mW/2232mW VDD_SOC 1547mW/1453mW
06-14-2026 19:01:29 RAM 7165/7607MB (lfb 5355x32kB) SWAP 1166/3804MB (cached 1MB) CPU [70%@1510,98%@1510,16%@1510,99%@1510,100%@1510,100%@1510] GR3D_FREQ 0% cpu@56.281C soc2@54.343C soc0@52.281C gpu@55.437C tj@56.5C soc1@54.343C VDD_IN 7896mW/6871mW VDD_CPU_GPU_CV 2891mW/2287mW VDD_SOC 1587mW/1465mW
06-14-2026 19:01:30 RAM 7377/7607MB (lfb 12x64kB) SWAP 1208/3804MB (cached 1MB) CPU [84%@1510,43%@1510,15%@1510,88%@1510,100%@1510,100%@1510] GR3D_FREQ 0% cpu@56.468C soc2@54.375C soc0@52.312C gpu@55.781C tj@56.468C soc1@54.5C VDD_IN 7420mW/6913mW VDD_CPU_GPU_CV 2693mW/2319mW VDD_SOC 1507mW/1468mW
06-14-2026 19:01:31 RAM 7368/7607MB (lfb 1x2MB) SWAP 1676/3804MB (cached 1MB) CPU [79%@1510,45%@1510,89%@1510,54%@1510,99%@1510,99%@1510] GR3D_FREQ 0% cpu@56.593C soc2@54.375C soc0@52.375C gpu@55.312C tj@56.593C soc1@54.562C VDD_IN 7539mW/6958mW VDD_CPU_GPU_CV 2773mW/2351mW VDD_SOC 1507mW/1471mW
06-14-2026 19:01:32 RAM 7400/7607MB (lfb 4935x32kB) SWAP 2623/3804MB (cached 1MB) CPU [95%@1510,23%@1510,96%@1510,71%@1510,99%@1510,100%@1510] GR3D_FREQ 0% cpu@56.343C soc2@54.406C soc0@52.437C gpu@55.468C tj@56.343C soc1@54.5C VDD_IN 7856mW/7018mW VDD_CPU_GPU_CV 2852mW/2384mW VDD_SOC 1587mW/1478mW
06-14-2026 19:01:33 RAM 7367/7607MB (lfb 3x256kB) SWAP 3723/3804MB (cached 1MB) CPU [99%@1510,88%@1510,88%@1510,91%@1510,90%@1510,90%@1510] GR3D_FREQ 0% cpu@56.218C soc2@54.531C soc0@52.375C gpu@55.531C tj@56.218C soc1@54.593C VDD_IN 7697mW/7060mW VDD_CPU_GPU_CV 2812mW/2411mW VDD_SOC 1547mW/1483mW
06-14-2026 19:01:34 RAM 6425/7607MB (lfb 1x512kB) SWAP 2058/3804MB (cached 1MB) CPU [63%@1510,16%@1510,98%@1510,2%@1510,42%@1510,29%@1510] GR3D_FREQ 0% cpu@56.218C soc2@54.343C soc0@52.406C gpu@55.468C tj@56C soc1@54.5C VDD_IN 7023mW/7058mW VDD_CPU_GPU_CV 2060mW/2390mW VDD_SOC 1587mW/1489mW
06-14-2026 19:01:35 RAM 4223/7607MB (lfb 16x4MB) SWAP 1542/3804MB (cached 1MB) CPU [68%@1510,17%@1510,29%@1510,36%@1510,72%@1510,27%@1510] GR3D_FREQ 11% cpu@56C soc2@54.343C soc0@52.406C gpu@55.468C tj@56C soc1@54.562C VDD_IN 7182mW/7065mW VDD_CPU_GPU_CV 2060mW/2372mW VDD_SOC 1663mW/1498mW
06-14-2026 19:01:36 RAM 4489/7607MB (lfb 16x1MB) SWAP 1509/3804MB (cached 1MB) CPU [3%@1510,7%@1510,57%@1510,0%@1510,9%@1510,10%@1510] GR3D_FREQ 2% cpu@55.843C soc2@54.281C soc0@52.343C gpu@55.531C tj@55.843C soc1@54.531C VDD_IN 7102mW/7067mW VDD_CPU_GPU_CV 2020mW/2354mW VDD_SOC 1663mW/1507mW
06-14-2026 19:01:37 RAM 4575/7607MB (lfb 2x2MB) SWAP 1508/3804MB (cached 1MB) CPU [16%@1510,0%@1510,2%@1510,4%@1510,0%@1510,3%@1510] GR3D_FREQ 92% cpu@55.968C soc2@54.625C soc0@52.531C gpu@56.531C tj@56.531C soc1@54.593C VDD_IN 10696mW/7248mW VDD_CPU_GPU_CV 3869mW/2429mW VDD_SOC 2294mW/1546mW
06-14-2026 19:01:38 RAM 4580/7607MB (lfb 2x2MB) SWAP 1508/3804MB (cached 1MB) CPU [56%@1510,10%@1510,96%@1510,0%@1510,86%@1510,0%@1510] GR3D_FREQ 0% cpu@56C soc2@54.5C soc0@52.562C gpu@55.656C tj@56C soc1@54.687C VDD_IN 6824mW/7228mW VDD_CPU_GPU_CV 2178mW/2417mW VDD_SOC 1505mW/1544mW
