06-14-2026 18:05:53 RAM 657/7607MB (lfb 248x1MB) SWAP 314/3804MB (cached 1MB) CPU [1%@1510,1%@1510,8%@1510,1%@1510,0%@1510,1%@1510] GR3D_FREQ 0% cpu@57.562C soc2@56.25C soc0@54.5C gpu@57.5C tj@57.562C soc1@56.562C VDD_IN 5277mW/5277mW VDD_CPU_GPU_CV 1030mW/1030mW VDD_SOC 1386mW/1386mW
06-14-2026 18:05:54 RAM 657/7607MB (lfb 248x1MB) SWAP 314/3804MB (cached 1MB) CPU [0%@1510,0%@1510,0%@1510,0%@1510,0%@1510,0%@1510] GR3D_FREQ 0% cpu@57.687C soc2@56.156C soc0@54.406C gpu@57.437C tj@57.687C soc1@56.625C VDD_IN 5198mW/5238mW VDD_CPU_GPU_CV 990mW/1010mW VDD_SOC 1426mW/1406mW
06-14-2026 18:05:55 RAM 657/7607MB (lfb 248x1MB) SWAP 314/3804MB (cached 1MB) CPU [0%@1510,0%@1510,0%@1510,0%@1510,0%@1510,0%@1510] GR3D_FREQ 0% cpu@57.718C soc2@56.125C soc0@54.375C gpu@57.406C tj@57.718C soc1@56.5C VDD_IN 5198mW/5224mW VDD_CPU_GPU_CV 990mW/1003mW VDD_SOC 1386mW/1399mW
06-14-2026 18:05:56 RAM 657/7607MB (lfb 248x1MB) SWAP 314/3804MB (cached 1MB) CPU [0%@1510,0%@1510,0%@1510,0%@1510,0%@1510,0%@1510] GR3D_FREQ 0% cpu@57.531C soc2@56.125C soc0@54.531C gpu@57.281C tj@57.531C soc1@56.5C VDD_IN 5198mW/5218mW VDD_CPU_GPU_CV 990mW/1000mW VDD_SOC 1426mW/1406mW
06-14-2026 18:05:57 RAM 658/7607MB (lfb 248x1MB) SWAP 314/3804MB (cached 1MB) CPU [0%@1510,0%@1510,0%@1510,1%@1510,0%@1510,0%@1510] GR3D_FREQ 0% cpu@57.656C soc2@56.093C soc0@54.406C gpu@57.312C tj@57.656C soc1@56.5C VDD_IN 5237mW/5222mW VDD_CPU_GPU_CV 990mW/998mW VDD_SOC 1386mW/1402mW
06-14-2026 18:05:58 RAM 766/7607MB (lfb 1x2MB) SWAP 314/3804MB (cached 1MB) CPU [13%@1510,8%@1510,3%@1510,79%@1510,4%@1510,7%@1510] GR3D_FREQ 0% cpu@57.687C soc2@56.218C soc0@54.531C gpu@57.312C tj@57.687C soc1@56.406C VDD_IN 5991mW/5350mW VDD_CPU_GPU_CV 1505mW/1083mW VDD_SOC 1465mW/1413mW
06-14-2026 18:05:59 RAM 832/7607MB (lfb 248x1MB) SWAP 314/3804MB (cached 1MB) CPU [0%@1510,0%@1510,0%@1510,99%@1510,2%@1510,0%@1510] GR3D_FREQ 0% cpu@57.656C soc2@56.125C soc0@54.343C gpu@57.218C tj@57.656C soc1@56.406C VDD_IN 5912mW/5430mW VDD_CPU_GPU_CV 1386mW/1126mW VDD_SOC 1465mW/1420mW
06-14-2026 18:06:00 RAM 851/7607MB (lfb 247x1MB) SWAP 314/3804MB (cached 1MB) CPU [3%@1510,17%@1510,2%@1510,82%@1510,32%@1510,2%@1510] GR3D_FREQ 0% cpu@57.781C soc2@56.125C soc0@54.375C gpu@57.562C tj@57.781C soc1@56.5C VDD_IN 6269mW/5535mW VDD_CPU_GPU_CV 1624mW/1188mW VDD_SOC 1505mW/1431mW
06-14-2026 18:06:01 RAM 850/7607MB (lfb 247x1MB) SWAP 314/3804MB (cached 1MB) CPU [6%@1510,27%@1510,0%@1510,82%@1510,76%@1510,0%@1510] GR3D_FREQ 0% cpu@57.812C soc2@56.187C soc0@54.312C gpu@57.531C tj@57.812C soc1@56.5C VDD_IN 6467mW/5639mW VDD_CPU_GPU_CV 1782mW/1254mW VDD_SOC 1545mW/1443mW
06-14-2026 18:06:02 RAM 846/7607MB (lfb 243x1MB) SWAP 314/3804MB (cached 1MB) CPU [55%@1510,12%@1510,0%@1510,48%@1510,85%@1510,0%@1510] GR3D_FREQ 0% cpu@58C soc2@56.312C soc0@54.375C gpu@57.625C tj@58C soc1@56.5C VDD_IN 6507mW/5725mW VDD_CPU_GPU_CV 1822mW/1311mW VDD_SOC 1545mW/1454mW
06-14-2026 18:06:03 RAM 1274/7607MB (lfb 243x1MB) SWAP 314/3804MB (cached 1MB) CPU [5%@1510,24%@1510,5%@1510,66%@1510,54%@1510,2%@1510] GR3D_FREQ 0% cpu@57.718C soc2@56.187C soc0@54.531C gpu@57.593C tj@57.718C soc1@56.593C VDD_IN 6269mW/5775mW VDD_CPU_GPU_CV 1584mW/1336mW VDD_SOC 1505mW/1458mW
06-14-2026 18:06:04 RAM 3470/7607MB (lfb 1x64kB) SWAP 314/3804MB (cached 1MB) CPU [0%@1510,0%@1510,0%@1510,100%@1510,87%@1510,0%@1510] GR3D_FREQ 0% cpu@57.906C soc2@56.187C soc0@54.343C gpu@57.687C tj@57.906C soc1@56.5C VDD_IN 6705mW/5852mW VDD_CPU_GPU_CV 1782mW/1373mW VDD_SOC 1545mW/1465mW
06-14-2026 18:06:05 RAM 3532/7607MB (lfb 3x4MB) SWAP 315/3804MB (cached 1MB) CPU [31%@1510,3%@1510,0%@1510,67%@1510,26%@1510,28%@1510] GR3D_FREQ 5% cpu@57.75C soc2@56.187C soc0@54.312C gpu@57.812C tj@57.812C soc1@56.468C VDD_IN 6626mW/5912mW VDD_CPU_GPU_CV 1782mW/1404mW VDD_SOC 1584mW/1475mW
06-14-2026 18:06:06 RAM 3526/7607MB (lfb 2x4MB) SWAP 317/3804MB (cached 1MB) CPU [50%@1510,0%@1510,6%@1510,6%@1510,32%@1510,86%@1510] GR3D_FREQ 5% cpu@57.812C soc2@56.125C soc0@54.406C gpu@57.343C tj@57.812C soc1@56.5C VDD_IN 6705mW/5969mW VDD_CPU_GPU_CV 1782mW/1431mW VDD_SOC 1624mW/1485mW
06-14-2026 18:06:07 RAM 3516/7607MB (lfb 2x4MB) SWAP 329/3804MB (cached 1MB) CPU [68%@1510,0%@1510,6%@1510,1%@1510,19%@1510,91%@1510] GR3D_FREQ 9% cpu@58.125C soc2@56.281C soc0@54.375C gpu@57.531C tj@58.125C soc1@56.593C VDD_IN 6824mW/6026mW VDD_CPU_GPU_CV 1861mW/1460mW VDD_SOC 1624mW/1494mW
06-14-2026 18:06:08 RAM 4070/7607MB (lfb 2x256kB) SWAP 330/3804MB (cached 1MB) CPU [9%@1510,80%@1510,8%@1510,2%@1510,14%@1510,51%@1510] GR3D_FREQ 0% cpu@58C soc2@56.218C soc0@54.437C gpu@57.406C tj@58C soc1@56.593C VDD_IN 6547mW/6058mW VDD_CPU_GPU_CV 1743mW/1478mW VDD_SOC 1545mW/1498mW
06-14-2026 18:06:09 RAM 4211/7607MB (lfb 3x512kB) SWAP 342/3804MB (cached 1MB) CPU [1%@1510,68%@1510,2%@1510,0%@1510,0%@1510,20%@1510] GR3D_FREQ 99% cpu@57.843C soc2@56.343C soc0@54.281C gpu@58.562C tj@58.562C soc1@56.5C VDD_IN 9032mW/6233mW VDD_CPU_GPU_CV 3593mW/1602mW VDD_SOC 1822mW/1517mW
06-14-2026 18:06:10 RAM 4227/7607MB (lfb 3x2MB) SWAP 347/3804MB (cached 1MB) CPU [0%@1510,7%@1510,0%@1510,2%@1510,4%@1510,4%@1510] GR3D_FREQ 0% cpu@57.906C soc2@56.468C soc0@54.468C gpu@58.187C tj@58.187C soc1@56.5C VDD_IN 10141mW/6450mW VDD_CPU_GPU_CV 4264mW/1750mW VDD_SOC 1977mW/1542mW
06-14-2026 18:06:11 RAM 4247/7607MB (lfb 3x2MB) SWAP 375/3804MB (cached 1MB) CPU [0%@1510,4%@1510,1%@1510,12%@1510,2%@1510,28%@1510] GR3D_FREQ 99% cpu@57.968C soc2@56.656C soc0@54.593C gpu@59.031C tj@59.031C soc1@56.531C VDD_IN 10458mW/6661mW VDD_CPU_GPU_CV 4541mW/1897mW VDD_SOC 1977mW/1565mW
06-14-2026 18:06:12 RAM 4245/7607MB (lfb 4x2MB) SWAP 392/3804MB (cached 1MB) CPU [1%@1510,11%@1510,6%@1510,0%@1510,0%@1510,17%@1510] GR3D_FREQ 99% cpu@58.125C soc2@56.625C soc0@54.75C gpu@58.812C tj@58.812C soc1@56.687C VDD_IN 8992mW/6778mW VDD_CPU_GPU_CV 3480mW/1976mW VDD_SOC 1822mW/1578mW
06-14-2026 18:06:13 RAM 4245/7607MB (lfb 4x2MB) SWAP 392/3804MB (cached 1MB) CPU [0%@1510,0%@1510,0%@1510,0%@1510,0%@1510,0%@1510] GR3D_FREQ 99% cpu@58C soc2@56.906C soc0@54.812C gpu@59.25C tj@59.25C soc1@56.75C VDD_IN 10815mW/6970mW VDD_CPU_GPU_CV 4778mW/2109mW VDD_SOC 2017mW/1599mW
06-14-2026 18:06:14 RAM 4243/7607MB (lfb 4x2MB) SWAP 405/3804MB (cached 0MB) CPU [2%@1510,4%@1510,0%@1510,11%@1510,0%@1510,16%@1510] GR3D_FREQ 99% cpu@58.312C soc2@56.968C soc0@54.843C gpu@59.25C tj@59.25C soc1@56.687C VDD_IN 10419mW/7127mW VDD_CPU_GPU_CV 4501mW/2218mW VDD_SOC 1977mW/1616mW
06-14-2026 18:06:15 RAM 4230/7607MB (lfb 3x2MB) SWAP 411/3804MB (cached 0MB) CPU [10%@1510,0%@1510,0%@1510,2%@1510,0%@1510,9%@1510] GR3D_FREQ 99% cpu@58.218C soc2@56.937C soc0@54.843C gpu@59.093C tj@59.093C soc1@56.781C VDD_IN 9111mW/7213mW VDD_CPU_GPU_CV 3559mW/2276mW VDD_SOC 1861mW/1627mW
06-14-2026 18:06:16 RAM 4238/7607MB (lfb 3x2MB) SWAP 411/3804MB (cached 0MB) CPU [0%@1510,0%@1510,0%@1510,0%@1510,2%@1510,0%@1510] GR3D_FREQ 99% cpu@58.25C soc2@57.062C soc0@54.968C gpu@59.343C tj@59.343C soc1@56.843C VDD_IN 10854mW/7365mW VDD_CPU_GPU_CV 4817mW/2382mW VDD_SOC 2017mW/1643mW
06-14-2026 18:06:17 RAM 4237/7607MB (lfb 3x2MB) SWAP 411/3804MB (cached 0MB) CPU [0%@1510,7%@1510,2%@1510,0%@1510,0%@1510,2%@1510] GR3D_FREQ 99% cpu@58.375C soc2@57.187C soc0@55.093C gpu@59.343C tj@59.343C soc1@56.968C VDD_IN 10537mW/7492mW VDD_CPU_GPU_CV 4580mW/2470mW VDD_SOC 2017mW/1658mW
06-14-2026 18:06:18 RAM 4211/7607MB (lfb 1x1MB) SWAP 411/3804MB (cached 0MB) CPU [0%@1510,15%@1510,0%@1510,0%@1510,2%@1510,19%@1510] GR3D_FREQ 61% cpu@58.5C soc2@57.218C soc0@55.187C gpu@59.093C tj@59.093C soc1@57.093C VDD_IN 10481mW/7607mW VDD_CPU_GPU_CV 4106mW/2533mW VDD_SOC 2135mW/1676mW
06-14-2026 18:06:19 RAM 4214/7607MB (lfb 1x1MB) SWAP 411/3804MB (cached 0MB) CPU [0%@1510,0%@1510,0%@1510,0%@1510,0%@1510,1%@1510] GR3D_FREQ 99% cpu@58.718C soc2@57.531C soc0@55.281C gpu@59.562C tj@59.562C soc1@56.968C VDD_IN 12043mW/7771mW VDD_CPU_GPU_CV 4565mW/2608mW VDD_SOC 2566mW/1709mW
06-14-2026 18:06:20 RAM 4215/7607MB (lfb 1x1MB) SWAP 411/3804MB (cached 0MB) CPU [0%@1510,1%@1510,0%@1510,0%@1510,0%@1510,0%@1510] GR3D_FREQ 99% cpu@58.656C soc2@57.531C soc0@55.343C gpu@59.656C tj@59.656C soc1@57.093C VDD_IN 12162mW/7928mW VDD_CPU_GPU_CV 4565mW/2678mW VDD_SOC 2566mW/1740mW
06-14-2026 18:06:21 RAM 4215/7607MB (lfb 1x1MB) SWAP 411/3804MB (cached 0MB) CPU [0%@1510,0%@1510,0%@1510,0%@1510,0%@1510,0%@1510] GR3D_FREQ 99% cpu@58.75C soc2@57.656C soc0@55.375C gpu@59.906C tj@59.906C soc1@57.218C VDD_IN 12241mW/8076mW VDD_CPU_GPU_CV 4644mW/2746mW VDD_SOC 2606mW/1770mW
06-14-2026 18:06:22 RAM 4215/7607MB (lfb 1x1MB) SWAP 411/3804MB (cached 0MB) CPU [0%@1510,0%@1510,0%@1510,0%@1510,0%@1510,0%@1510] GR3D_FREQ 99% cpu@58.843C soc2@57.656C soc0@55.531C gpu@59.875C tj@59.875C soc1@57.343C VDD_IN 12122mW/8211mW VDD_CPU_GPU_CV 4565mW/2807mW VDD_SOC 2566mW/1796mW
06-14-2026 18:06:23 RAM 4215/7607MB (lfb 1x1MB) SWAP 411/3804MB (cached 0MB) CPU [0%@1510,0%@1510,0%@1510,0%@1510,0%@1510,0%@1510] GR3D_FREQ 97% cpu@59.031C soc2@57.875C soc0@55.656C gpu@59.968C tj@59.968C soc1@57.468C VDD_IN 12280mW/8343mW VDD_CPU_GPU_CV 4644mW/2866mW VDD_SOC 2606mW/1822mW
06-14-2026 18:06:24 RAM 4209/7607MB (lfb 1x1MB) SWAP 411/3804MB (cached 0MB) CPU [0%@1510,0%@1510,0%@1510,0%@1510,0%@1510,0%@1510] GR3D_FREQ 78% cpu@59.218C soc2@57.937C soc0@55.718C gpu@60C tj@60C soc1@57.656C VDD_IN 12241mW/8464mW VDD_CPU_GPU_CV 4605mW/2920mW VDD_SOC 2566mW/1846mW
06-14-2026 18:06:25 RAM 4209/7607MB (lfb 1x1MB) SWAP 411/3804MB (cached 0MB) CPU [0%@1510,0%@1510,0%@1510,0%@1510,0%@1510,0%@1510] GR3D_FREQ 99% cpu@59.093C soc2@58C soc0@55.906C gpu@60.093C tj@60.093C soc1@57.531C VDD_IN 12122mW/8575mW VDD_CPU_GPU_CV 4565mW/2970mW VDD_SOC 2566mW/1867mW
06-14-2026 18:06:26 RAM 4209/7607MB (lfb 1x1MB) SWAP 411/3804MB (cached 0MB) CPU [0%@1510,0%@1510,0%@1510,0%@1510,0%@1510,0%@1510] GR3D_FREQ 64% cpu@59.406C soc2@58.125C soc0@55.906C gpu@60.25C tj@60.25C soc1@57.562C VDD_IN 12162mW/8681mW VDD_CPU_GPU_CV 4605mW/3018mW VDD_SOC 2566mW/1888mW
06-14-2026 18:06:27 RAM 4209/7607MB (lfb 1x256kB) SWAP 411/3804MB (cached 0MB) CPU [0%@1510,1%@1510,0%@1510,0%@1510,0%@1510,0%@1510] GR3D_FREQ 99% cpu@59.312C soc2@58.187C soc0@55.968C gpu@60.281C tj@60.281C soc1@57.718C VDD_IN 12122mW/8779mW VDD_CPU_GPU_CV 4565mW/3062mW VDD_SOC 2566mW/1907mW
06-14-2026 18:06:28 RAM 4204/7607MB (lfb 1x1MB) SWAP 411/3804MB (cached 0MB) CPU [0%@1510,0%@1510,0%@1510,0%@1510,0%@1510,0%@1510] GR3D_FREQ 99% cpu@59.406C soc2@58.312C soc0@56C gpu@60.5C tj@60.5C soc1@57.812C VDD_IN 12122mW/8872mW VDD_CPU_GPU_CV 4565mW/3104mW VDD_SOC 2566mW/1926mW
06-14-2026 18:06:29 RAM 4206/7607MB (lfb 1x1MB) SWAP 411/3804MB (cached 0MB) CPU [0%@1510,0%@1510,0%@1510,0%@1510,0%@1510,0%@1510] GR3D_FREQ 99% cpu@59.625C soc2@58.437C soc0@56.125C gpu@60.562C tj@60.562C soc1@57.937C VDD_IN 12280mW/8964mW VDD_CPU_GPU_CV 4644mW/3146mW VDD_SOC 2606mW/1944mW
06-14-2026 18:06:30 RAM 4206/7607MB (lfb 1x1MB) SWAP 411/3804MB (cached 0MB) CPU [0%@1510,0%@1510,0%@1510,0%@1510,0%@1510,0%@1510] GR3D_FREQ 99% cpu@59.687C soc2@58.5C soc0@56.312C gpu@60.687C tj@60.687C soc1@58.125C VDD_IN 12241mW/9050mW VDD_CPU_GPU_CV 4644mW/3185mW VDD_SOC 2606mW/1961mW
06-14-2026 18:06:31 RAM 4205/7607MB (lfb 2x256kB) SWAP 411/3804MB (cached 0MB) CPU [0%@1510,0%@1510,0%@1510,0%@1510,0%@1510,0%@1510] GR3D_FREQ 99% cpu@59.875C soc2@58.531C soc0@56.375C gpu@60.875C tj@60.875C soc1@58.218C VDD_IN 12162mW/9130mW VDD_CPU_GPU_CV 4605mW/3222mW VDD_SOC 2566mW/1977mW
06-14-2026 18:06:32 RAM 4205/7607MB (lfb 1x256kB) SWAP 409/3804MB (cached 0MB) CPU [2%@1510,5%@1510,9%@1510,1%@1510,0%@1510,0%@1510] GR3D_FREQ 99% cpu@59.812C soc2@58.656C soc0@56.406C gpu@60.906C tj@60.906C soc1@58C VDD_IN 12359mW/9211mW VDD_CPU_GPU_CV 4723mW/3259mW VDD_SOC 2606mW/1993mW
06-14-2026 18:06:33 RAM 4203/7607MB (lfb 1x512kB) SWAP 409/3804MB (cached 0MB) CPU [0%@1510,0%@1510,0%@1510,0%@1510,0%@1510,0%@1510] GR3D_FREQ 97% cpu@59.843C soc2@58.656C soc0@56.468C gpu@60.937C tj@60.937C soc1@58.187C VDD_IN 12241mW/9285mW VDD_CPU_GPU_CV 4644mW/3293mW VDD_SOC 2606mW/2008mW
06-14-2026 18:06:34 RAM 4203/7607MB (lfb 1x256kB) SWAP 409/3804MB (cached 0MB) CPU [0%@1510,1%@1510,0%@1510,0%@1510,0%@1510,0%@1510] GR3D_FREQ 99% cpu@59.906C soc2@58.781C soc0@56.5C gpu@61.062C tj@61.062C soc1@58.25C VDD_IN 12241mW/9355mW VDD_CPU_GPU_CV 4644mW/3325mW VDD_SOC 2606mW/2022mW
06-14-2026 18:06:35 RAM 4203/7607MB (lfb 1x256kB) SWAP 409/3804MB (cached 0MB) CPU [0%@1510,0%@1510,0%@1510,0%@1510,0%@1510,0%@1510] GR3D_FREQ 99% cpu@60.125C soc2@58.875C soc0@56.687C gpu@61C tj@61C soc1@58.343C VDD_IN 12201mW/9421mW VDD_CPU_GPU_CV 4605mW/3355mW VDD_SOC 2606mW/2035mW
06-14-2026 18:06:36 RAM 4200/7607MB (lfb 2x256kB) SWAP 409/3804MB (cached 0MB) CPU [0%@1510,1%@1510,0%@1510,0%@1510,1%@1510,0%@1510] GR3D_FREQ 93% cpu@60.343C soc2@58.906C soc0@56.75C gpu@61.156C tj@61.156C soc1@58.437C VDD_IN 12280mW/9486mW VDD_CPU_GPU_CV 4644mW/3384mW VDD_SOC 2606mW/2048mW
06-14-2026 18:06:37 RAM 4201/7607MB (lfb 2x256kB) SWAP 409/3804MB (cached 0MB) CPU [0%@1510,0%@1510,0%@1510,0%@1510,0%@1510,0%@1510] GR3D_FREQ 99% cpu@60.187C soc2@59C soc0@56.875C gpu@61.281C tj@61.281C soc1@58.656C VDD_IN 12280mW/9548mW VDD_CPU_GPU_CV 4644mW/3412mW VDD_SOC 2606mW/2061mW
06-14-2026 18:06:38 RAM 4201/7607MB (lfb 2x256kB) SWAP 409/3804MB (cached 0MB) CPU [0%@1510,0%@1510,0%@1510,2%@1510,0%@1510,0%@1510] GR3D_FREQ 99% cpu@60.343C soc2@59C soc0@56.75C gpu@61.25C tj@61.25C soc1@58.593C VDD_IN 12201mW/9606mW VDD_CPU_GPU_CV 4605mW/3438mW VDD_SOC 2606mW/2073mW
06-14-2026 18:06:39 RAM 4201/7607MB (lfb 2x256kB) SWAP 409/3804MB (cached 0MB) CPU [0%@1510,0%@1510,0%@1510,1%@1510,0%@1510,0%@1510] GR3D_FREQ 97% cpu@60.187C soc2@59.093C soc0@56.843C gpu@61.437C tj@61.437C soc1@58.625C VDD_IN 12280mW/9663mW VDD_CPU_GPU_CV 4644mW/3464mW VDD_SOC 2606mW/2084mW
06-14-2026 18:06:40 RAM 4144/7607MB (lfb 3x2MB) SWAP 409/3804MB (cached 0MB) CPU [0%@1510,0%@1510,0%@1510,0%@1510,7%@1510,3%@1510] GR3D_FREQ 99% cpu@60.437C soc2@59.156C soc0@56.906C gpu@61.5C tj@61.5C soc1@58.718C VDD_IN 12320mW/9718mW VDD_CPU_GPU_CV 4683mW/3489mW VDD_SOC 2606mW/2095mW
06-14-2026 18:06:41 RAM 4147/7607MB (lfb 3x2MB) SWAP 409/3804MB (cached 0MB) CPU [0%@1510,0%@1510,0%@1510,1%@1510,1%@1510,0%@1510] GR3D_FREQ 99% cpu@60.375C soc2@59.281C soc0@57C gpu@61.406C tj@61.406C soc1@58.812C VDD_IN 12241mW/9770mW VDD_CPU_GPU_CV 4644mW/3513mW VDD_SOC 2606mW/2105mW
06-14-2026 18:06:42 RAM 4147/7607MB (lfb 3x2MB) SWAP 409/3804MB (cached 0MB) CPU [0%@1510,0%@1510,0%@1510,0%@1510,0%@1510,0%@1510] GR3D_FREQ 99% cpu@60.562C soc2@59.375C soc0@57.093C gpu@61.5C tj@61.5C soc1@58.906C VDD_IN 12201mW/9818mW VDD_CPU_GPU_CV 4605mW/3535mW VDD_SOC 2606mW/2115mW
06-14-2026 18:06:43 RAM 4147/7607MB (lfb 3x2MB) SWAP 409/3804MB (cached 0MB) CPU [0%@1510,0%@1510,0%@1510,1%@1510,0%@1510,0%@1510] GR3D_FREQ 96% cpu@60.593C soc2@59.406C soc0@57.187C gpu@61.468C tj@61.468C soc1@58.906C VDD_IN 12162mW/9864mW VDD_CPU_GPU_CV 4565mW/3555mW VDD_SOC 2566mW/2124mW
06-14-2026 18:06:44 RAM 4147/7607MB (lfb 3x2MB) SWAP 409/3804MB (cached 0MB) CPU [0%@1510,4%@1510,0%@1510,0%@1510,0%@1510,0%@1510] GR3D_FREQ 99% cpu@60.531C soc2@59.343C soc0@57.187C gpu@61.406C tj@61.406C soc1@58.906C VDD_IN 11569mW/9897mW VDD_CPU_GPU_CV 4257mW/3568mW VDD_SOC 2487mW/2131mW
06-14-2026 18:06:45 RAM 4147/7607MB (lfb 3x2MB) SWAP 409/3804MB (cached 0MB) CPU [0%@1510,0%@1510,0%@1510,2%@1510,0%@1510,0%@1510] GR3D_FREQ 75% cpu@60.562C soc2@59.375C soc0@57.062C gpu@61.343C tj@61.343C soc1@58.968C VDD_IN 11232mW/9922mW VDD_CPU_GPU_CV 4100mW/3578mW VDD_SOC 2408mW/2136mW
06-14-2026 18:06:46 RAM 4147/7607MB (lfb 3x2MB) SWAP 409/3804MB (cached 0MB) CPU [0%@1510,0%@1510,0%@1510,0%@1510,0%@1510,0%@1510] GR3D_FREQ 99% cpu@60.656C soc2@59.468C soc0@57.187C gpu@61.562C tj@61.562C soc1@59C VDD_IN 11925mW/9959mW VDD_CPU_GPU_CV 4447mW/3594mW VDD_SOC 2566mW/2144mW
06-14-2026 18:06:47 RAM 4147/7607MB (lfb 3x2MB) SWAP 409/3804MB (cached 0MB) CPU [0%@1510,0%@1510,0%@1510,1%@1510,0%@1510,0%@1510] GR3D_FREQ 77% cpu@60.718C soc2@59.562C soc0@57.312C gpu@61.656C tj@61.656C soc1@59.062C VDD_IN 12162mW/9999mW VDD_CPU_GPU_CV 4565mW/3612mW VDD_SOC 2566mW/2152mW
06-14-2026 18:06:48 RAM 4148/7607MB (lfb 3x2MB) SWAP 408/3804MB (cached 0MB) CPU [0%@1510,0%@1510,0%@1510,1%@1510,0%@1510,0%@1510] GR3D_FREQ 99% cpu@60.75C soc2@59.625C soc0@57.437C gpu@61.718C tj@61.718C soc1@59.187C VDD_IN 12162mW/10038mW VDD_CPU_GPU_CV 4565mW/3629mW VDD_SOC 2566mW/2159mW
06-14-2026 18:06:49 RAM 4148/7607MB (lfb 3x2MB) SWAP 408/3804MB (cached 0MB) CPU [0%@1510,0%@1510,0%@1510,1%@1510,0%@1510,0%@1510] GR3D_FREQ 99% cpu@61C soc2@59.75C soc0@57.593C gpu@61.875C tj@61.875C soc1@59.25C VDD_IN 12280mW/10077mW VDD_CPU_GPU_CV 4644mW/3647mW VDD_SOC 2606mW/2167mW
06-14-2026 18:06:50 RAM 4148/7607MB (lfb 3x2MB) SWAP 408/3804MB (cached 0MB) CPU [0%@1510,0%@1510,0%@1510,1%@1510,0%@1510,0%@1510] GR3D_FREQ 99% cpu@60.781C soc2@59.812C soc0@57.625C gpu@61.875C tj@61.875C soc1@59.156C VDD_IN 12162mW/10113mW VDD_CPU_GPU_CV 4605mW/3663mW VDD_SOC 2606mW/2175mW
06-14-2026 18:06:51 RAM 4148/7607MB (lfb 3x2MB) SWAP 408/3804MB (cached 0MB) CPU [0%@1510,0%@1510,0%@1510,0%@1510,0%@1510,0%@1510] GR3D_FREQ 99% cpu@61.031C soc2@59.843C soc0@57.562C gpu@61.937C tj@61.937C soc1@59.25C VDD_IN 12241mW/10149mW VDD_CPU_GPU_CV 4605mW/3679mW VDD_SOC 2606mW/2182mW
06-14-2026 18:06:52 RAM 4148/7607MB (lfb 3x2MB) SWAP 408/3804MB (cached 0MB) CPU [0%@1510,0%@1510,0%@1510,0%@1510,0%@1510,0%@1510] GR3D_FREQ 99% cpu@60.968C soc2@59.937C soc0@57.625C gpu@62.031C tj@62.031C soc1@59.312C VDD_IN 12201mW/10184mW VDD_CPU_GPU_CV 4605mW/3695mW VDD_SOC 2606mW/2189mW
06-14-2026 18:06:53 RAM 4148/7607MB (lfb 3x2MB) SWAP 408/3804MB (cached 0MB) CPU [0%@1510,0%@1510,0%@1510,0%@1510,0%@1510,0%@1510] GR3D_FREQ 99% cpu@61.062C soc2@59.906C soc0@57.625C gpu@62.062C tj@62.062C soc1@59.406C VDD_IN 12162mW/10216mW VDD_CPU_GPU_CV 4565mW/3709mW VDD_SOC 2566mW/2195mW
06-14-2026 18:06:54 RAM 4148/7607MB (lfb 3x2MB) SWAP 408/3804MB (cached 0MB) CPU [0%@1510,0%@1510,0%@1510,0%@1510,0%@1510,0%@1510] GR3D_FREQ 99% cpu@61.25C soc2@60C soc0@57.812C gpu@62.062C tj@62.062C soc1@59.5C VDD_IN 12162mW/10247mW VDD_CPU_GPU_CV 4565mW/3723mW VDD_SOC 2606mW/2202mW
06-14-2026 18:06:55 RAM 4148/7607MB (lfb 3x2MB) SWAP 408/3804MB (cached 0MB) CPU [0%@1510,0%@1510,0%@1510,0%@1510,0%@1510,0%@1510] GR3D_FREQ 64% cpu@61.281C soc2@60.062C soc0@57.937C gpu@62.125C tj@62.125C soc1@59.593C VDD_IN 12162mW/10278mW VDD_CPU_GPU_CV 4565mW/3736mW VDD_SOC 2566mW/2208mW
06-14-2026 18:06:56 RAM 4148/7607MB (lfb 3x2MB) SWAP 407/3804MB (cached 0MB) CPU [0%@1510,0%@1510,0%@1510,0%@1510,0%@1510,0%@1510] GR3D_FREQ 99% cpu@61.5C soc2@60.25C soc0@57.968C gpu@62.375C tj@62.375C soc1@59.468C VDD_IN 12241mW/10308mW VDD_CPU_GPU_CV 4644mW/3750mW VDD_SOC 2606mW/2214mW
06-14-2026 18:06:57 RAM 4148/7607MB (lfb 3x2MB) SWAP 407/3804MB (cached 0MB) CPU [0%@1510,0%@1510,0%@1510,0%@1510,0%@1510,0%@1510] GR3D_FREQ 62% cpu@61.187C soc2@60.187C soc0@57.875C gpu@62.343C tj@62.343C soc1@59.687C VDD_IN 12122mW/10336mW VDD_CPU_GPU_CV 4565mW/3763mW VDD_SOC 2566mW/2219mW
06-14-2026 18:06:58 RAM 4148/7607MB (lfb 3x2MB) SWAP 407/3804MB (cached 0MB) CPU [0%@1510,0%@1510,0%@1510,0%@1510,0%@1510,0%@1510] GR3D_FREQ 99% cpu@61.312C soc2@60.187C soc0@57.906C gpu@62.375C tj@62.375C soc1@59.687C VDD_IN 12162mW/10364mW VDD_CPU_GPU_CV 4565mW/3775mW VDD_SOC 2606mW/2225mW
06-14-2026 18:06:59 RAM 4149/7607MB (lfb 3x2MB) SWAP 407/3804MB (cached 0MB) CPU [0%@1510,0%@1510,0%@1510,0%@1510,0%@1510,0%@1510] GR3D_FREQ 97% cpu@61.437C soc2@60.25C soc0@58C gpu@62.5C tj@62.5C soc1@59.781C VDD_IN 12201mW/10391mW VDD_CPU_GPU_CV 4605mW/3787mW VDD_SOC 2606mW/2231mW
06-14-2026 18:07:00 RAM 4149/7607MB (lfb 3x2MB) SWAP 407/3804MB (cached 0MB) CPU [0%@1510,0%@1510,0%@1510,1%@1510,0%@1510,0%@1510] GR3D_FREQ 99% cpu@61.531C soc2@60.312C soc0@58.062C gpu@62.375C tj@62.5C soc1@59.781C VDD_IN 12201mW/10418mW VDD_CPU_GPU_CV 4605mW/3799mW VDD_SOC 2606mW/2236mW
06-14-2026 18:07:01 RAM 4149/7607MB (lfb 3x2MB) SWAP 407/3804MB (cached 0MB) CPU [0%@1510,0%@1510,0%@1510,1%@1510,0%@1510,0%@1510] GR3D_FREQ 63% cpu@61.656C soc2@60.437C soc0@58.062C gpu@62.343C tj@62.562C soc1@59.875C VDD_IN 12122mW/10443mW VDD_CPU_GPU_CV 4565mW/3811mW VDD_SOC 2566mW/2241mW
06-14-2026 18:07:02 RAM 4149/7607MB (lfb 3x2MB) SWAP 407/3804MB (cached 0MB) CPU [0%@1510,0%@1510,0%@1510,0%@1510,0%@1510,0%@1510] GR3D_FREQ 99% cpu@61.593C soc2@60.5C soc0@58.281C gpu@62.437C tj@62.437C soc1@59.937C VDD_IN 12241mW/10468mW VDD_CPU_GPU_CV 4644mW/3822mW VDD_SOC 2606mW/2246mW
06-14-2026 18:07:03 RAM 4149/7607MB (lfb 3x2MB) SWAP 407/3804MB (cached 0MB) CPU [0%@1510,0%@1510,0%@1510,0%@1510,0%@1510,0%@1510] GR3D_FREQ 99% cpu@61.562C soc2@60.468C soc0@58.156C gpu@62.656C tj@62.656C soc1@59.843C VDD_IN 12004mW/10490mW VDD_CPU_GPU_CV 4487mW/3832mW VDD_SOC 2566mW/2251mW
06-14-2026 18:07:04 RAM 4149/7607MB (lfb 3x2MB) SWAP 407/3804MB (cached 0MB) CPU [0%@1510,0%@1510,0%@1510,1%@1510,0%@1510,0%@1510] GR3D_FREQ 99% cpu@61.593C soc2@60.437C soc0@58.281C gpu@62.562C tj@62.562C soc1@59.875C VDD_IN 12122mW/10513mW VDD_CPU_GPU_CV 4565mW/3842mW VDD_SOC 2566mW/2255mW
06-14-2026 18:07:05 RAM 4149/7607MB (lfb 2x2MB) SWAP 407/3804MB (cached 0MB) CPU [0%@1510,0%@1510,0%@1510,0%@1510,0%@1510,0%@1510] GR3D_FREQ 99% cpu@61.625C soc2@60.5C soc0@58.218C gpu@62.562C tj@62.562C soc1@59.906C VDD_IN 12280mW/10537mW VDD_CPU_GPU_CV 4644mW/3853mW VDD_SOC 2606mW/2260mW
06-14-2026 18:07:06 RAM 4149/7607MB (lfb 1x2MB) SWAP 407/3804MB (cached 0MB) CPU [0%@1510,0%@1510,0%@1510,0%@1510,0%@1510,0%@1510] GR3D_FREQ 99% cpu@61.687C soc2@60.718C soc0@58.406C gpu@62.625C tj@62.625C soc1@60.031C VDD_IN 12241mW/10560mW VDD_CPU_GPU_CV 4605mW/3863mW VDD_SOC 2606mW/2265mW
06-14-2026 18:07:07 RAM 4149/7607MB (lfb 4x1MB) SWAP 407/3804MB (cached 0MB) CPU [0%@1510,0%@1510,0%@1510,1%@1510,0%@1510,0%@1510] GR3D_FREQ 64% cpu@61.75C soc2@60.656C soc0@58.406C gpu@62.562C tj@62.562C soc1@60.156C VDD_IN 12122mW/10581mW VDD_CPU_GPU_CV 4565mW/3873mW VDD_SOC 2566mW/2269mW
06-14-2026 18:07:08 RAM 4149/7607MB (lfb 1x4MB) SWAP 407/3804MB (cached 0MB) CPU [0%@1510,0%@1510,0%@1510,1%@1510,0%@1510,0%@1510] GR3D_FREQ 99% cpu@61.781C soc2@60.718C soc0@58.437C gpu@62.718C tj@62.718C soc1@60.281C VDD_IN 12241mW/10603mW VDD_CPU_GPU_CV 4605mW/3882mW VDD_SOC 2601mW/2273mW
06-14-2026 18:07:09 RAM 4149/7607MB (lfb 1x2MB) SWAP 407/3804MB (cached 0MB) CPU [0%@1510,0%@1510,0%@1510,0%@1510,0%@1510,0%@1510] GR3D_FREQ 63% cpu@62.031C soc2@60.781C soc0@58.5C gpu@62.781C tj@62.781C soc1@60.125C VDD_IN 12122mW/10622mW VDD_CPU_GPU_CV 4565mW/3891mW VDD_SOC 2566mW/2277mW
06-14-2026 18:07:10 RAM 4152/7607MB (lfb 4x1MB) SWAP 404/3804MB (cached 0MB) CPU [0%@1510,2%@1510,0%@1510,1%@1510,0%@1510,0%@1510] GR3D_FREQ 99% cpu@61.906C soc2@60.812C soc0@58.468C gpu@62.781C tj@62.781C soc1@60.218C VDD_IN 12201mW/10643mW VDD_CPU_GPU_CV 4565mW/3900mW VDD_SOC 2601mW/2281mW
06-14-2026 18:07:11 RAM 4152/7607MB (lfb 4x1MB) SWAP 404/3804MB (cached 0MB) CPU [0%@1510,0%@1510,0%@1510,0%@1510,0%@1510,0%@1510] GR3D_FREQ 99% cpu@62.031C soc2@60.812C soc0@58.437C gpu@62.875C tj@62.875C soc1@60.187C VDD_IN 12201mW/10662mW VDD_CPU_GPU_CV 4605mW/3909mW VDD_SOC 2601mW/2285mW
06-14-2026 18:07:12 RAM 4152/7607MB (lfb 4x1MB) SWAP 404/3804MB (cached 0MB) CPU [0%@1510,0%@1510,0%@1510,0%@1510,0%@1510,0%@1510] GR3D_FREQ 99% cpu@62C soc2@60.906C soc0@58.531C gpu@63.062C tj@63.062C soc1@60.312C VDD_IN 12280mW/10683mW VDD_CPU_GPU_CV 4644mW/3918mW VDD_SOC 2601mW/2289mW
06-14-2026 18:07:13 RAM 4152/7607MB (lfb 4x1MB) SWAP 404/3804MB (cached 0MB) CPU [0%@1510,0%@1510,0%@1510,1%@1510,0%@1510,0%@1510] GR3D_FREQ 99% cpu@62C soc2@60.906C soc0@58.687C gpu@62.937C tj@62.937C soc1@60.312C VDD_IN 12162mW/10701mW VDD_CPU_GPU_CV 4565mW/3926mW VDD_SOC 2566mW/2293mW
06-14-2026 18:07:14 RAM 1869/7607MB (lfb 8x2MB) SWAP 403/3804MB (cached 0MB) CPU [0%@1510,0%@1510,0%@1510,34%@1510,0%@1510,17%@1510] GR3D_FREQ 0% cpu@62.312C soc2@60.75C soc0@58.656C gpu@62.187C tj@62.312C soc1@60.468C VDD_IN 9057mW/10681mW VDD_CPU_GPU_CV 2961mW/3914mW VDD_SOC 2017mW/2289mW
06-14-2026 18:07:15 RAM 1541/7607MB (lfb 269x1MB) SWAP 324/3804MB (cached 1MB) CPU [19%@1510,7%@1510,16%@1510,66%@1510,4%@1510,22%@1510] GR3D_FREQ 0% cpu@61.968C soc2@60.562C soc0@58.593C gpu@61.468C tj@61.968C soc1@60.218C VDD_IN 6655mW/10632mW VDD_CPU_GPU_CV 1819mW/3889mW VDD_SOC 1545mW/2280mW
06-14-2026 18:07:16 RAM 1616/7607MB (lfb 269x1MB) SWAP 324/3804MB (cached 1MB) CPU [0%@1510,99%@1510,0%@1510,0%@1510,0%@1510,1%@1510] GR3D_FREQ 0% cpu@62.062C soc2@60.25C soc0@58.281C gpu@61.406C tj@61.781C soc1@60.25C VDD_IN 6061mW/10578mW VDD_CPU_GPU_CV 1465mW/3860mW VDD_SOC 1505mW/2271mW
06-14-2026 18:07:17 RAM 1681/7607MB (lfb 269x1MB) SWAP 324/3804MB (cached 1MB) CPU [0%@1510,99%@1510,0%@1510,0%@1510,0%@1510,0%@1510] GR3D_FREQ 27% cpu@61.656C soc2@60.187C soc0@58.25C gpu@61.25C tj@61.656C soc1@60.125C VDD_IN 5991mW/10524mW VDD_CPU_GPU_CV 1426mW/3831mW VDD_SOC 1465mW/2262mW
06-14-2026 18:07:18 RAM 1629/7607MB (lfb 255x1MB) SWAP 324/3804MB (cached 1MB) CPU [5%@1510,60%@1510,17%@1510,0%@1510,0%@1510,5%@1510] GR3D_FREQ 0% cpu@61.656C soc2@60.093C soc0@58.093C gpu@61.187C tj@61.656C soc1@60.125C VDD_IN 6031mW/10472mW VDD_CPU_GPU_CV 1465mW/3804mW VDD_SOC 1505mW/2253mW
06-14-2026 18:07:19 RAM 1267/7607MB (lfb 266x1MB) SWAP 324/3804MB (cached 1MB) CPU [6%@1510,61%@1510,19%@1510,0%@1510,0%@1510,32%@1510] GR3D_FREQ 0% cpu@61.781C soc2@60.062C soc0@58.062C gpu@61.093C tj@61.781C soc1@60.093C VDD_IN 6150mW/10422mW VDD_CPU_GPU_CV 1505mW/3777mW VDD_SOC 1505mW/2244mW
06-14-2026 18:07:20 RAM 1049/7607MB (lfb 284x1MB) SWAP 324/3804MB (cached 1MB) CPU [31%@1510,75%@1510,23%@1510,5%@1510,0%@1510,42%@1510] GR3D_FREQ 0% cpu@61.437C soc2@60C soc0@58.062C gpu@61C tj@61.437C soc1@59.968C VDD_IN 6388mW/10376mW VDD_CPU_GPU_CV 1703mW/3754mW VDD_SOC 1505mW/2236mW
06-14-2026 18:07:21 RAM 3087/7607MB (lfb 2x64kB) SWAP 324/3804MB (cached 1MB) CPU [2%@1510,95%@1510,3%@1510,0%@1510,0%@1510,41%@1510] GR3D_FREQ 0% cpu@61.781C soc2@59.843C soc0@57.937C gpu@60.906C tj@61.781C soc1@59.937C VDD_IN 6547mW/10333mW VDD_CPU_GPU_CV 1663mW/3730mW VDD_SOC 1584mW/2228mW
06-14-2026 18:07:22 RAM 3511/7607MB (lfb 1x4MB) SWAP 324/3804MB (cached 1MB) CPU [1%@1510,62%@1510,0%@1510,27%@1510,13%@1510,30%@1510] GR3D_FREQ 37% cpu@61.5C soc2@59.812C soc0@57.937C gpu@61.281C tj@61.5C soc1@59.875C VDD_IN 7170mW/10298mW VDD_CPU_GPU_CV 1782mW/3709mW VDD_SOC 1822mW/2224mW
06-14-2026 18:07:23 RAM 4073/7607MB (lfb 20x64kB) SWAP 326/3804MB (cached 1MB) CPU [0%@1510,0%@1510,0%@1510,94%@1510,13%@1510,35%@1510] GR3D_FREQ 0% cpu@61.468C soc2@59.781C soc0@57.906C gpu@61.093C tj@61.468C soc1@59.906C VDD_IN 6745mW/10259mW VDD_CPU_GPU_CV 1779mW/3687mW VDD_SOC 1624mW/2217mW
06-14-2026 18:07:24 RAM 4208/7607MB (lfb 3x4MB) SWAP 326/3804MB (cached 1MB) CPU [0%@1510,1%@1510,0%@1510,56%@1510,27%@1510,5%@1510] GR3D_FREQ 99% cpu@61.312C soc2@60C soc0@57.875C gpu@62.375C tj@62.375C soc1@59.843C VDD_IN 10679mW/10263mW VDD_CPU_GPU_CV 4612mW/3697mW VDD_SOC 2017mW/2215mW
06-14-2026 18:07:25 RAM 4235/7607MB (lfb 2x4MB) SWAP 326/3804MB (cached 1MB) CPU [2%@1510,0%@1510,0%@1510,5%@1510,3%@1510,0%@1510] GR3D_FREQ 99% cpu@61.468C soc2@60.218C soc0@57.968C gpu@62.406C tj@62.406C soc1@59.843C VDD_IN 10854mW/10270mW VDD_CPU_GPU_CV 4738mW/3709mW VDD_SOC 2056mW/2213mW
06-14-2026 18:07:26 RAM 4235/7607MB (lfb 2x4MB) SWAP 326/3804MB (cached 1MB) CPU [0%@1510,0%@1510,0%@1510,3%@1510,0%@1510,0%@1510] GR3D_FREQ 99% cpu@61.468C soc2@60.312C soc0@58.062C gpu@62.593C tj@62.593C soc1@59.968C VDD_IN 10837mW/10276mW VDD_CPU_GPU_CV 4738mW/3720mW VDD_SOC 2056mW/2212mW
06-14-2026 18:07:27 RAM 4235/7607MB (lfb 2x4MB) SWAP 326/3804MB (cached 1MB) CPU [0%@1510,0%@1510,0%@1510,1%@1510,0%@1510,0%@1510] GR3D_FREQ 99% cpu@61.531C soc2@60.406C soc0@58.187C gpu@62.75C tj@62.75C soc1@59.968C VDD_IN 11035mW/10284mW VDD_CPU_GPU_CV 4928mW/3732mW VDD_SOC 2056mW/2210mW
06-14-2026 18:07:28 RAM 4235/7607MB (lfb 2x4MB) SWAP 326/3804MB (cached 1MB) CPU [0%@1510,0%@1510,0%@1510,2%@1510,0%@1510,0%@1510] GR3D_FREQ 99% cpu@61.468C soc2@60.406C soc0@58.218C gpu@62.812C tj@62.812C soc1@60.031C VDD_IN 10995mW/10291mW VDD_CPU_GPU_CV 4928mW/3745mW VDD_SOC 2056mW/2208mW
06-14-2026 18:07:29 RAM 4372/7607MB (lfb 1394x32kB) SWAP 326/3804MB (cached 1MB) CPU [0%@1510,0%@1510,0%@1510,31%@1510,1%@1510,10%@1510] GR3D_FREQ 99% cpu@61.625C soc2@60.343C soc0@58.218C gpu@62.625C tj@62.625C soc1@59.875C VDD_IN 10204mW/10290mW VDD_CPU_GPU_CV 3784mW/3745mW VDD_SOC 2175mW/2208mW
06-14-2026 18:07:30 RAM 4372/7607MB (lfb 1394x32kB) SWAP 326/3804MB (cached 1MB) CPU [0%@1510,0%@1510,0%@1510,2%@1510,0%@1510,0%@1510] GR3D_FREQ 99% cpu@61.5C soc2@60.437C soc0@58.187C gpu@62.937C tj@62.937C soc1@59.937C VDD_IN 12241mW/10310mW VDD_CPU_GPU_CV 4644mW/3754mW VDD_SOC 2606mW/2212mW
06-14-2026 18:07:31 RAM 4372/7607MB (lfb 1394x32kB) SWAP 326/3804MB (cached 1MB) CPU [0%@1510,0%@1510,0%@1510,0%@1510,0%@1510,0%@1510] GR3D_FREQ 99% cpu@61.656C soc2@60.593C soc0@58.25C gpu@62.656C tj@62.656C soc1@60C VDD_IN 12399mW/10331mW VDD_CPU_GPU_CV 4723mW/3764mW VDD_SOC 2641mW/2217mW
06-14-2026 18:07:32 RAM 4372/7607MB (lfb 1394x32kB) SWAP 326/3804MB (cached 1MB) CPU [0%@1510,0%@1510,0%@1510,0%@1510,0%@1510,0%@1510] GR3D_FREQ 99% cpu@61.875C soc2@60.5C soc0@58.281C gpu@62.593C tj@62.593C soc1@60.031C VDD_IN 12438mW/10352mW VDD_CPU_GPU_CV 4723mW/3774mW VDD_SOC 2641mW/2221mW
06-14-2026 18:07:33 RAM 4372/7607MB (lfb 1394x32kB) SWAP 326/3804MB (cached 1MB) CPU [0%@1510,0%@1510,0%@1510,0%@1510,0%@1510,0%@1510] GR3D_FREQ 99% cpu@61.781C soc2@60.718C soc0@58.406C gpu@62.625C tj@62.625C soc1@60.187C VDD_IN 12438mW/10373mW VDD_CPU_GPU_CV 4723mW/3783mW VDD_SOC 2641mW/2225mW
06-14-2026 18:07:34 RAM 4372/7607MB (lfb 1394x32kB) SWAP 326/3804MB (cached 1MB) CPU [0%@1510,0%@1510,0%@1510,1%@1510,0%@1510,0%@1510] GR3D_FREQ 99% cpu@61.968C soc2@60.812C soc0@58.5C gpu@62.687C tj@62.687C soc1@60.25C VDD_IN 12438mW/10393mW VDD_CPU_GPU_CV 4723mW/3792mW VDD_SOC 2641mW/2229mW
06-14-2026 18:07:36 RAM 4372/7607MB (lfb 1394x32kB) SWAP 326/3804MB (cached 1MB) CPU [0%@1510,0%@1510,0%@1510,0%@1510,0%@1510,0%@1510] GR3D_FREQ 99% cpu@61.937C soc2@60.875C soc0@58.593C gpu@62.718C tj@62.718C soc1@60.312C VDD_IN 12438mW/10413mW VDD_CPU_GPU_CV 4723mW/3801mW VDD_SOC 2641mW/2233mW
06-14-2026 18:07:37 RAM 4372/7607MB (lfb 1394x32kB) SWAP 326/3804MB (cached 1MB) CPU [0%@1510,0%@1510,0%@1510,0%@1510,0%@1510,0%@1510] GR3D_FREQ 99% cpu@61.875C soc2@60.75C soc0@58.531C gpu@62.812C tj@62.812C soc1@60.25C VDD_IN 12438mW/10433mW VDD_CPU_GPU_CV 4723mW/3810mW VDD_SOC 2641mW/2237mW
06-14-2026 18:07:38 RAM 4373/7607MB (lfb 1394x32kB) SWAP 326/3804MB (cached 1MB) CPU [0%@1510,0%@1510,0%@1510,0%@1510,0%@1510,0%@1510] GR3D_FREQ 99% cpu@61.906C soc2@60.875C soc0@58.562C gpu@62.843C tj@62.843C soc1@60.281C VDD_IN 12478mW/10452mW VDD_CPU_GPU_CV 4723mW/3819mW VDD_SOC 2641mW/2241mW
06-14-2026 18:07:39 RAM 4373/7607MB (lfb 1394x32kB) SWAP 326/3804MB (cached 1MB) CPU [0%@1510,0%@1510,0%@1510,1%@1510,0%@1510,0%@1510] GR3D_FREQ 99% cpu@62.093C soc2@60.906C soc0@58.562C gpu@62.843C tj@62.843C soc1@60.375C VDD_IN 12478mW/10471mW VDD_CPU_GPU_CV 4723mW/3827mW VDD_SOC 2641mW/2245mW
06-14-2026 18:07:40 RAM 4373/7607MB (lfb 1394x32kB) SWAP 326/3804MB (cached 1MB) CPU [0%@1510,0%@1510,0%@1510,0%@1510,0%@1510,0%@1510] GR3D_FREQ 99% cpu@62.125C soc2@60.968C soc0@58.687C gpu@62.906C tj@62.906C soc1@60.375C VDD_IN 12438mW/10490mW VDD_CPU_GPU_CV 4723mW/3836mW VDD_SOC 2641mW/2248mW
06-14-2026 18:07:41 RAM 4373/7607MB (lfb 1394x32kB) SWAP 326/3804MB (cached 1MB) CPU [0%@1510,0%@1510,0%@1510,1%@1510,0%@1510,0%@1510] GR3D_FREQ 99% cpu@62.156C soc2@60.968C soc0@58.812C gpu@63.062C tj@63.062C soc1@60.531C VDD_IN 12478mW/10508mW VDD_CPU_GPU_CV 4762mW/3844mW VDD_SOC 2641mW/2252mW
06-14-2026 18:07:42 RAM 4374/7607MB (lfb 1394x32kB) SWAP 326/3804MB (cached 1MB) CPU [0%@1510,0%@1510,0%@1510,0%@1510,0%@1510,0%@1510] GR3D_FREQ 99% cpu@62.375C soc2@61.125C soc0@58.906C gpu@63.031C tj@63.031C soc1@60.593C VDD_IN 12478mW/10526mW VDD_CPU_GPU_CV 4762mW/3853mW VDD_SOC 2641mW/2255mW
06-14-2026 18:07:43 RAM 4374/7607MB (lfb 1394x32kB) SWAP 326/3804MB (cached 1MB) CPU [0%@1510,0%@1510,0%@1510,1%@1510,0%@1510,0%@1510] GR3D_FREQ 99% cpu@62.156C soc2@61.093C soc0@58.75C gpu@63.093C tj@63.093C soc1@60.5C VDD_IN 12478mW/10544mW VDD_CPU_GPU_CV 4723mW/3861mW VDD_SOC 2641mW/2259mW
06-14-2026 18:07:44 RAM 4373/7607MB (lfb 1394x32kB) SWAP 325/3804MB (cached 1MB) CPU [0%@1510,0%@1510,0%@1510,0%@1510,0%@1510,0%@1510] GR3D_FREQ 98% cpu@62.25C soc2@61.125C soc0@58.906C gpu@63.125C tj@63.125C soc1@60.5C VDD_IN 12438mW/10561mW VDD_CPU_GPU_CV 4723mW/3869mW VDD_SOC 2641mW/2262mW
06-14-2026 18:07:45 RAM 4373/7607MB (lfb 1394x32kB) SWAP 325/3804MB (cached 1MB) CPU [0%@1510,0%@1510,0%@1510,1%@1510,0%@1510,0%@1510] GR3D_FREQ 99% cpu@62.187C soc2@61.25C soc0@58.843C gpu@63.343C tj@63.343C soc1@60.562C VDD_IN 12478mW/10578mW VDD_CPU_GPU_CV 4762mW/3876mW VDD_SOC 2641mW/2266mW
06-14-2026 18:07:46 RAM 4363/7607MB (lfb 1x128kB) SWAP 325/3804MB (cached 1MB) CPU [0%@1510,14%@1510,2%@1510,0%@1510,0%@1510,0%@1510] GR3D_FREQ 97% cpu@62.468C soc2@61.281C soc0@58.968C gpu@63.218C tj@63.218C soc1@60.656C VDD_IN 12675mW/10597mW VDD_CPU_GPU_CV 4920mW/3886mW VDD_SOC 2641mW/2269mW
06-14-2026 18:07:47 RAM 4364/7607MB (lfb 1x2MB) SWAP 325/3804MB (cached 1MB) CPU [0%@1510,15%@1510,11%@1510,1%@1510,2%@1510,0%@1510] GR3D_FREQ 99% cpu@62.531C soc2@61.312C soc0@59.093C gpu@63.343C tj@63.343C soc1@60.687C VDD_IN 12517mW/10613mW VDD_CPU_GPU_CV 4801mW/3894mW VDD_SOC 2641mW/2272mW
06-14-2026 18:07:48 RAM 4365/7607MB (lfb 1x2MB) SWAP 325/3804MB (cached 1MB) CPU [0%@1510,0%@1510,0%@1510,1%@1510,0%@1510,0%@1510] GR3D_FREQ 99% cpu@62.406C soc2@61.406C soc0@59.093C gpu@63.343C tj@63.343C soc1@60.656C VDD_IN 12359mW/10629mW VDD_CPU_GPU_CV 4644mW/3900mW VDD_SOC 2601mW/2275mW
06-14-2026 18:07:49 RAM 4365/7607MB (lfb 1x2MB) SWAP 325/3804MB (cached 1MB) CPU [0%@1510,0%@1510,0%@1510,0%@1510,0%@1510,0%@1510] GR3D_FREQ 99% cpu@62.281C soc2@61.437C soc0@59C gpu@63.468C tj@63.468C soc1@60.718C VDD_IN 12438mW/10644mW VDD_CPU_GPU_CV 4723mW/3907mW VDD_SOC 2641mW/2278mW
06-14-2026 18:07:50 RAM 4365/7607MB (lfb 1x2MB) SWAP 325/3804MB (cached 1MB) CPU [0%@1510,0%@1510,0%@1510,1%@1510,0%@1510,0%@1510] GR3D_FREQ 99% cpu@62.437C soc2@61.343C soc0@59.062C gpu@63.406C tj@63.406C soc1@60.687C VDD_IN 12399mW/10659mW VDD_CPU_GPU_CV 4723mW/3914mW VDD_SOC 2641mW/2281mW
06-14-2026 18:07:51 RAM 4365/7607MB (lfb 1x2MB) SWAP 325/3804MB (cached 1MB) CPU [0%@1510,0%@1510,0%@1510,1%@1510,0%@1510,0%@1510] GR3D_FREQ 91% cpu@62.593C soc2@61.406C soc0@59.125C gpu@63.343C tj@63.343C soc1@60.843C VDD_IN 12359mW/10674mW VDD_CPU_GPU_CV 4683mW/3921mW VDD_SOC 2601mW/2284mW
06-14-2026 18:07:52 RAM 4367/7607MB (lfb 1x2MB) SWAP 325/3804MB (cached 1MB) CPU [0%@1510,0%@1510,0%@1510,4%@1510,0%@1510,0%@1510] GR3D_FREQ 99% cpu@62.531C soc2@61.468C soc0@59.218C gpu@63.531C tj@63.531C soc1@60.906C VDD_IN 12320mW/10687mW VDD_CPU_GPU_CV 4683mW/3927mW VDD_SOC 2601mW/2287mW
06-14-2026 18:07:53 RAM 4367/7607MB (lfb 1x2MB) SWAP 325/3804MB (cached 1MB) CPU [0%@1510,0%@1510,0%@1510,0%@1510,0%@1510,0%@1510] GR3D_FREQ 99% cpu@62.625C soc2@61.5C soc0@59.187C gpu@63.625C tj@63.625C soc1@60.968C VDD_IN 12438mW/10702mW VDD_CPU_GPU_CV 4723mW/3934mW VDD_SOC 2641mW/2290mW
06-14-2026 18:07:54 RAM 4367/7607MB (lfb 1x2MB) SWAP 325/3804MB (cached 1MB) CPU [0%@1510,0%@1510,0%@1510,0%@1510,0%@1510,0%@1510] GR3D_FREQ 99% cpu@62.625C soc2@61.593C soc0@59.375C gpu@63.562C tj@63.562C soc1@61.031C VDD_IN 12478mW/10717mW VDD_CPU_GPU_CV 4723mW/3940mW VDD_SOC 2641mW/2293mW
06-14-2026 18:07:55 RAM 4367/7607MB (lfb 1x2MB) SWAP 325/3804MB (cached 1MB) CPU [0%@1510,0%@1510,0%@1510,0%@1510,0%@1510,0%@1510] GR3D_FREQ 99% cpu@62.781C soc2@61.656C soc0@59.406C gpu@63.656C tj@63.656C soc1@60.875C VDD_IN 12478mW/10731mW VDD_CPU_GPU_CV 4723mW/3947mW VDD_SOC 2641mW/2296mW
06-14-2026 18:07:56 RAM 4367/7607MB (lfb 1x2MB) SWAP 325/3804MB (cached 1MB) CPU [0%@1510,0%@1510,0%@1510,0%@1510,0%@1510,0%@1510] GR3D_FREQ 97% cpu@62.562C soc2@61.593C soc0@59.281C gpu@63.75C tj@63.75C soc1@60.968C VDD_IN 12478mW/10745mW VDD_CPU_GPU_CV 4723mW/3953mW VDD_SOC 2641mW/2298mW
06-14-2026 18:07:57 RAM 4367/7607MB (lfb 1x2MB) SWAP 325/3804MB (cached 1MB) CPU [0%@1510,0%@1510,0%@1510,0%@1510,0%@1510,0%@1510] GR3D_FREQ 98% cpu@62.656C soc2@61.625C soc0@59.281C gpu@63.812C tj@63.812C soc1@61.062C VDD_IN 12478mW/10759mW VDD_CPU_GPU_CV 4762mW/3960mW VDD_SOC 2641mW/2301mW
06-14-2026 18:07:58 RAM 4367/7607MB (lfb 1x2MB) SWAP 325/3804MB (cached 1MB) CPU [0%@1510,0%@1510,0%@1510,0%@1510,0%@1510,0%@1510] GR3D_FREQ 99% cpu@62.875C soc2@61.656C soc0@59.437C gpu@63.812C tj@63.812C soc1@61.156C VDD_IN 12517mW/10773mW VDD_CPU_GPU_CV 4762mW/3966mW VDD_SOC 2641mW/2304mW
06-14-2026 18:07:59 RAM 4367/7607MB (lfb 1x2MB) SWAP 325/3804MB (cached 1MB) CPU [0%@1510,0%@1510,0%@1510,1%@1510,0%@1510,0%@1510] GR3D_FREQ 99% cpu@62.812C soc2@61.718C soc0@59.375C gpu@63.937C tj@63.937C soc1@61.218C VDD_IN 12517mW/10787mW VDD_CPU_GPU_CV 4762mW/3972mW VDD_SOC 2641mW/2307mW
06-14-2026 18:08:00 RAM 4367/7607MB (lfb 1x2MB) SWAP 325/3804MB (cached 1MB) CPU [0%@1510,0%@1510,0%@1510,0%@1510,0%@1510,0%@1510] GR3D_FREQ 99% cpu@63C soc2@61.781C soc0@59.531C gpu@63.968C tj@63.968C soc1@61.218C VDD_IN 12517mW/10801mW VDD_CPU_GPU_CV 4762mW/3979mW VDD_SOC 2641mW/2309mW
06-14-2026 18:08:01 RAM 4367/7607MB (lfb 1x2MB) SWAP 325/3804MB (cached 1MB) CPU [0%@1510,0%@1510,0%@1510,0%@1510,0%@1510,0%@1510] GR3D_FREQ 99% cpu@63.031C soc2@61.875C soc0@59.531C gpu@63.906C tj@63.906C soc1@61.312C VDD_IN 12478mW/10814mW VDD_CPU_GPU_CV 4723mW/3984mW VDD_SOC 2641mW/2312mW
06-14-2026 18:08:02 RAM 4367/7607MB (lfb 1x2MB) SWAP 325/3804MB (cached 1MB) CPU [0%@1510,0%@1510,0%@1510,0%@1510,0%@1510,0%@1510] GR3D_FREQ 99% cpu@63.093C soc2@61.812C soc0@59.468C gpu@63.937C tj@63.937C soc1@61.125C VDD_IN 12478mW/10827mW VDD_CPU_GPU_CV 4723mW/3990mW VDD_SOC 2641mW/2314mW
06-14-2026 18:08:03 RAM 4367/7607MB (lfb 1x2MB) SWAP 325/3804MB (cached 1MB) CPU [0%@1510,0%@1510,0%@1510,0%@1510,0%@1510,0%@1510] GR3D_FREQ 99% cpu@63C soc2@61.843C soc0@59.5C gpu@64C tj@64C soc1@61.25C VDD_IN 12517mW/10840mW VDD_CPU_GPU_CV 4723mW/3996mW VDD_SOC 2641mW/2317mW
06-14-2026 18:08:04 RAM 4367/7607MB (lfb 1x2MB) SWAP 325/3804MB (cached 1MB) CPU [0%@1510,0%@1510,0%@1510,0%@1510,0%@1510,0%@1510] GR3D_FREQ 99% cpu@62.906C soc2@61.906C soc0@59.531C gpu@64.062C tj@64.062C soc1@61.281C VDD_IN 12517mW/10853mW VDD_CPU_GPU_CV 4762mW/4002mW VDD_SOC 2641mW/2319mW
06-14-2026 18:08:05 RAM 4367/7607MB (lfb 1x2MB) SWAP 325/3804MB (cached 1MB) CPU [0%@1510,0%@1510,0%@1510,0%@1510,0%@1510,0%@1510] GR3D_FREQ 99% cpu@63.093C soc2@61.875C soc0@59.593C gpu@64.093C tj@64.093C soc1@61.343C VDD_IN 12517mW/10865mW VDD_CPU_GPU_CV 4762mW/4007mW VDD_SOC 2641mW/2322mW
06-14-2026 18:08:06 RAM 4367/7607MB (lfb 1x2MB) SWAP 325/3804MB (cached 1MB) CPU [0%@1510,0%@1510,0%@1510,0%@1510,0%@1510,0%@1510] GR3D_FREQ 97% cpu@63.093C soc2@62.031C soc0@59.656C gpu@64.187C tj@64.187C soc1@61.437C VDD_IN 12517mW/10878mW VDD_CPU_GPU_CV 4762mW/4013mW VDD_SOC 2641mW/2324mW
06-14-2026 18:08:07 RAM 4367/7607MB (lfb 1x2MB) SWAP 325/3804MB (cached 1MB) CPU [0%@1510,0%@1510,0%@1510,1%@1510,0%@1510,0%@1510] GR3D_FREQ 97% cpu@63.312C soc2@62C soc0@59.781C gpu@64.281C tj@64.281C soc1@61.562C VDD_IN 12517mW/10890mW VDD_CPU_GPU_CV 4762mW/4019mW VDD_SOC 2641mW/2327mW
06-14-2026 18:08:08 RAM 4367/7607MB (lfb 1x2MB) SWAP 325/3804MB (cached 1MB) CPU [0%@1510,0%@1510,0%@1510,0%@1510,0%@1510,0%@1510] GR3D_FREQ 99% cpu@63.093C soc2@62.125C soc0@59.687C gpu@64.406C tj@64.406C soc1@61.343C VDD_IN 12478mW/10902mW VDD_CPU_GPU_CV 4723mW/4024mW VDD_SOC 2641mW/2329mW
06-14-2026 18:08:09 RAM 4367/7607MB (lfb 1x2MB) SWAP 325/3804MB (cached 1MB) CPU [0%@1510,0%@1510,0%@1510,1%@1510,0%@1510,0%@1510] GR3D_FREQ 99% cpu@63.062C soc2@62C soc0@59.781C gpu@64.343C tj@64.343C soc1@61.406C VDD_IN 12517mW/10914mW VDD_CPU_GPU_CV 4762mW/4029mW VDD_SOC 2641mW/2331mW
06-14-2026 18:08:10 RAM 4367/7607MB (lfb 1x2MB) SWAP 325/3804MB (cached 1MB) CPU [0%@1510,0%@1510,0%@1510,0%@1510,0%@1510,0%@1510] GR3D_FREQ 99% cpu@63.125C soc2@62.093C soc0@59.843C gpu@64.375C tj@64.375C soc1@61.468C VDD_IN 12478mW/10925mW VDD_CPU_GPU_CV 4723mW/4034mW VDD_SOC 2641mW/2333mW
06-14-2026 18:08:11 RAM 4367/7607MB (lfb 1x2MB) SWAP 325/3804MB (cached 1MB) CPU [1%@1510,1%@1510,0%@1510,0%@1510,0%@1510,0%@1510] GR3D_FREQ 99% cpu@63.187C soc2@62.187C soc0@59.843C gpu@64.031C tj@64.031C soc1@61.468C VDD_IN 12517mW/10936mW VDD_CPU_GPU_CV 4762mW/4040mW VDD_SOC 2641mW/2336mW
06-14-2026 18:08:12 RAM 4367/7607MB (lfb 1x2MB) SWAP 325/3804MB (cached 1MB) CPU [0%@1510,0%@1510,0%@1510,1%@1510,0%@1510,0%@1510] GR3D_FREQ 99% cpu@63.468C soc2@62.187C soc0@59.875C gpu@64.125C tj@64.125C soc1@61.562C VDD_IN 12478mW/10948mW VDD_CPU_GPU_CV 4723mW/4045mW VDD_SOC 2641mW/2338mW
06-14-2026 18:08:13 RAM 4367/7607MB (lfb 1x2MB) SWAP 325/3804MB (cached 1MB) CPU [0%@1510,0%@1510,0%@1510,2%@1510,0%@1510,0%@1510] GR3D_FREQ 99% cpu@63.343C soc2@62.156C soc0@59.906C gpu@64.031C tj@64.031C soc1@61.625C VDD_IN 12320mW/10957mW VDD_CPU_GPU_CV 4683mW/4049mW VDD_SOC 2601mW/2340mW
06-14-2026 18:08:14 RAM 4367/7607MB (lfb 1x2MB) SWAP 325/3804MB (cached 1MB) CPU [0%@1510,0%@1510,0%@1510,2%@1510,0%@1510,0%@1510] GR3D_FREQ 97% cpu@63.25C soc2@62.281C soc0@59.906C gpu@64.187C tj@64.187C soc1@61.5C VDD_IN 12478mW/10968mW VDD_CPU_GPU_CV 4762mW/4054mW VDD_SOC 2641mW/2342mW
06-14-2026 18:08:15 RAM 4367/7607MB (lfb 1x2MB) SWAP 325/3804MB (cached 1MB) CPU [0%@1510,0%@1510,0%@1510,0%@1510,0%@1510,0%@1510] GR3D_FREQ 99% cpu@63.25C soc2@62.156C soc0@59.906C gpu@64.187C tj@64.187C soc1@61.468C VDD_IN 12280mW/10977mW VDD_CPU_GPU_CV 4644mW/4058mW VDD_SOC 2601mW/2344mW
06-14-2026 18:08:16 RAM 4367/7607MB (lfb 1x2MB) SWAP 325/3804MB (cached 1MB) CPU [0%@1510,0%@1510,0%@1510,1%@1510,0%@1510,0%@1510] GR3D_FREQ 99% cpu@63.218C soc2@62.218C soc0@59.843C gpu@64.062C tj@64.062C soc1@61.593C VDD_IN 12241mW/10986mW VDD_CPU_GPU_CV 4644mW/4062mW VDD_SOC 2601mW/2345mW
06-14-2026 18:08:17 RAM 4367/7607MB (lfb 1x2MB) SWAP 325/3804MB (cached 1MB) CPU [0%@1510,0%@1510,0%@1510,0%@1510,0%@1510,0%@1510] GR3D_FREQ 99% cpu@63.312C soc2@62.218C soc0@59.906C gpu@64.187C tj@64.187C soc1@61.562C VDD_IN 12320mW/10996mW VDD_CPU_GPU_CV 4683mW/4067mW VDD_SOC 2601mW/2347mW
06-14-2026 18:08:18 RAM 4367/7607MB (lfb 1x2MB) SWAP 325/3804MB (cached 1MB) CPU [0%@1510,0%@1510,0%@1510,1%@1510,0%@1510,0%@1510] GR3D_FREQ 99% cpu@63.406C soc2@62.218C soc0@59.968C gpu@64.125C tj@64.125C soc1@61.687C VDD_IN 12241mW/11004mW VDD_CPU_GPU_CV 4644mW/4071mW VDD_SOC 2601mW/2349mW
06-14-2026 18:08:19 RAM 4367/7607MB (lfb 1x2MB) SWAP 325/3804MB (cached 1MB) CPU [0%@1510,0%@1510,0%@1510,1%@1510,0%@1510,0%@1510] GR3D_FREQ 66% cpu@63.437C soc2@62.312C soc0@59.968C gpu@64.187C tj@64.187C soc1@61.718C VDD_IN 12201mW/11012mW VDD_CPU_GPU_CV 4605mW/4074mW VDD_SOC 2601mW/2351mW
06-14-2026 18:08:20 RAM 4368/7607MB (lfb 1x2MB) SWAP 325/3804MB (cached 1MB) CPU [0%@1510,0%@1510,0%@1510,1%@1510,0%@1510,0%@1510] GR3D_FREQ 99% cpu@63.531C soc2@62.375C soc0@60C gpu@64.312C tj@64.312C soc1@61.625C VDD_IN 12280mW/11021mW VDD_CPU_GPU_CV 4644mW/4078mW VDD_SOC 2601mW/2352mW
06-14-2026 18:08:21 RAM 4367/7607MB (lfb 1x2MB) SWAP 325/3804MB (cached 1MB) CPU [0%@1510,0%@1510,0%@1510,0%@1510,0%@1510,0%@1510] GR3D_FREQ 83% cpu@63.531C soc2@62.437C soc0@60.125C gpu@64.218C tj@64.218C soc1@61.687C VDD_IN 12241mW/11029mW VDD_CPU_GPU_CV 4605mW/4082mW VDD_SOC 2601mW/2354mW
06-14-2026 18:08:22 RAM 4368/7607MB (lfb 1x2MB) SWAP 325/3804MB (cached 1MB) CPU [1%@1510,0%@1510,0%@1510,0%@1510,0%@1510,0%@1510] GR3D_FREQ 99% cpu@63.437C soc2@62.375C soc0@60.093C gpu@64.375C tj@64.375C soc1@61.687C VDD_IN 12241mW/11037mW VDD_CPU_GPU_CV 4605mW/4085mW VDD_SOC 2601mW/2356mW
06-14-2026 18:08:23 RAM 4368/7607MB (lfb 1x2MB) SWAP 325/3804MB (cached 1MB) CPU [0%@1510,0%@1510,0%@1510,0%@1510,0%@1510,0%@1510] GR3D_FREQ 99% cpu@63.5C soc2@62.375C soc0@60.093C gpu@64.406C tj@64.406C soc1@61.75C VDD_IN 12478mW/11047mW VDD_CPU_GPU_CV 4723mW/4090mW VDD_SOC 2641mW/2358mW
06-14-2026 18:08:24 RAM 4368/7607MB (lfb 1x2MB) SWAP 325/3804MB (cached 1MB) CPU [0%@1510,0%@1510,0%@1510,0%@1510,0%@1510,0%@1510] GR3D_FREQ 99% cpu@63.562C soc2@62.375C soc0@60.125C gpu@64.343C tj@64.343C soc1@61.781C VDD_IN 12359mW/11056mW VDD_CPU_GPU_CV 4683mW/4094mW VDD_SOC 2641mW/2360mW
06-14-2026 18:08:25 RAM 4368/7607MB (lfb 1x2MB) SWAP 325/3804MB (cached 1MB) CPU [1%@1510,0%@1510,0%@1510,0%@1510,0%@1510,0%@1510] GR3D_FREQ 99% cpu@63.718C soc2@62.468C soc0@60.187C gpu@64.312C tj@64.312C soc1@61.875C VDD_IN 12399mW/11064mW VDD_CPU_GPU_CV 4683mW/4097mW VDD_SOC 2641mW/2361mW
06-14-2026 18:08:26 RAM 4368/7607MB (lfb 1x2MB) SWAP 325/3804MB (cached 1MB) CPU [0%@1510,0%@1510,0%@1510,0%@1510,0%@1510,0%@1510] GR3D_FREQ 99% cpu@63.625C soc2@62.562C soc0@60.156C gpu@64.437C tj@64.437C soc1@61.875C VDD_IN 12438mW/11073mW VDD_CPU_GPU_CV 4723mW/4101mW VDD_SOC 2641mW/2363mW
06-14-2026 18:08:27 RAM 4368/7607MB (lfb 1x2MB) SWAP 325/3804MB (cached 1MB) CPU [0%@1510,0%@1510,0%@1510,0%@1510,0%@1510,0%@1510] GR3D_FREQ 97% cpu@63.843C soc2@62.531C soc0@60.25C gpu@64.406C tj@64.406C soc1@61.968C VDD_IN 12517mW/11083mW VDD_CPU_GPU_CV 4762mW/4106mW VDD_SOC 2641mW/2365mW
06-14-2026 18:08:28 RAM 4368/7607MB (lfb 1x2MB) SWAP 325/3804MB (cached 1MB) CPU [0%@1510,0%@1510,0%@1510,0%@1510,0%@1510,0%@1510] GR3D_FREQ 97% cpu@63.562C soc2@62.468C soc0@60.093C gpu@64.531C tj@64.531C soc1@61.812C VDD_IN 12478mW/11092mW VDD_CPU_GPU_CV 4723mW/4110mW VDD_SOC 2641mW/2367mW
06-14-2026 18:08:29 RAM 4368/7607MB (lfb 1x2MB) SWAP 325/3804MB (cached 1MB) CPU [0%@1510,0%@1510,0%@1510,0%@1510,0%@1510,0%@1510] GR3D_FREQ 99% cpu@63.593C soc2@62.562C soc0@60.25C gpu@64.625C tj@64.625C soc1@61.875C VDD_IN 12478mW/11101mW VDD_CPU_GPU_CV 4762mW/4114mW VDD_SOC 2641mW/2369mW
06-14-2026 18:08:30 RAM 4368/7607MB (lfb 1x2MB) SWAP 325/3804MB (cached 1MB) CPU [0%@1510,0%@1510,0%@1510,0%@1510,0%@1510,0%@1510] GR3D_FREQ 99% cpu@63.593C soc2@62.562C soc0@60.281C gpu@64.75C tj@64.75C soc1@61.843C VDD_IN 12517mW/11110mW VDD_CPU_GPU_CV 4762mW/4118mW VDD_SOC 2641mW/2370mW
06-14-2026 18:08:31 RAM 4368/7607MB (lfb 1x2MB) SWAP 325/3804MB (cached 1MB) CPU [1%@1510,0%@1510,0%@1510,0%@1510,0%@1510,0%@1510] GR3D_FREQ 99% cpu@63.687C soc2@62.718C soc0@60.312C gpu@64.656C tj@64.656C soc1@61.968C VDD_IN 12478mW/11118mW VDD_CPU_GPU_CV 4723mW/4122mW VDD_SOC 2641mW/2372mW
06-14-2026 18:08:32 RAM 4368/7607MB (lfb 1x2MB) SWAP 325/3804MB (cached 1MB) CPU [0%@1510,0%@1510,0%@1510,0%@1510,0%@1510,0%@1510] GR3D_FREQ 99% cpu@63.875C soc2@62.687C soc0@60.343C gpu@64.687C tj@64.687C soc1@62.031C VDD_IN 12478mW/11127mW VDD_CPU_GPU_CV 4762mW/4126mW VDD_SOC 2641mW/2374mW
06-14-2026 18:08:33 RAM 4368/7607MB (lfb 1x2MB) SWAP 325/3804MB (cached 1MB) CPU [0%@1510,0%@1510,0%@1510,0%@1510,0%@1510,0%@1510] GR3D_FREQ 99% cpu@63.812C soc2@62.593C soc0@60.437C gpu@64.531C tj@64.718C soc1@62.093C VDD_IN 12478mW/11135mW VDD_CPU_GPU_CV 4723mW/4130mW VDD_SOC 2641mW/2375mW
06-14-2026 18:08:34 RAM 4368/7607MB (lfb 1x2MB) SWAP 325/3804MB (cached 1MB) CPU [0%@1510,0%@1510,0%@1510,0%@1510,0%@1510,0%@1510] GR3D_FREQ 97% cpu@63.75C soc2@62.781C soc0@60.312C gpu@64.562C tj@64.687C soc1@62C VDD_IN 12438mW/11143mW VDD_CPU_GPU_CV 4723mW/4133mW VDD_SOC 2641mW/2377mW
06-14-2026 18:08:35 RAM 4368/7607MB (lfb 1x2MB) SWAP 325/3804MB (cached 1MB) CPU [3%@1510,0%@1510,0%@1510,0%@1510,0%@1510,0%@1510] GR3D_FREQ 97% cpu@63.656C soc2@62.656C soc0@60.312C gpu@64.625C tj@64.625C soc1@61.937C VDD_IN 12399mW/11151mW VDD_CPU_GPU_CV 4723mW/4137mW VDD_SOC 2641mW/2379mW
06-14-2026 18:08:36 RAM 4367/7607MB (lfb 1x2MB) SWAP 325/3804MB (cached 1MB) CPU [1%@1510,0%@1510,0%@1510,0%@1510,0%@1510,0%@1510] GR3D_FREQ 99% cpu@63.718C soc2@62.75C soc0@60.375C gpu@64.687C tj@64.687C soc1@62.093C VDD_IN 12438mW/11159mW VDD_CPU_GPU_CV 4723mW/4141mW VDD_SOC 2641mW/2380mW
06-14-2026 18:08:37 RAM 4367/7607MB (lfb 1x2MB) SWAP 325/3804MB (cached 1MB) CPU [1%@1510,0%@1510,0%@1510,0%@1510,0%@1510,0%@1510] GR3D_FREQ 99% cpu@63.781C soc2@62.656C soc0@60.406C gpu@64.625C tj@64.625C soc1@62.093C VDD_IN 12438mW/11167mW VDD_CPU_GPU_CV 4723mW/4144mW VDD_SOC 2641mW/2382mW
06-14-2026 18:08:38 RAM 4367/7607MB (lfb 1x2MB) SWAP 325/3804MB (cached 1MB) CPU [0%@1510,0%@1510,0%@1510,0%@1510,0%@1510,0%@1510] GR3D_FREQ 99% cpu@63.968C soc2@62.812C soc0@60.406C gpu@64.625C tj@64.625C soc1@62.218C VDD_IN 12517mW/11175mW VDD_CPU_GPU_CV 4762mW/4148mW VDD_SOC 2641mW/2383mW
06-14-2026 18:08:39 RAM 4367/7607MB (lfb 1x2MB) SWAP 325/3804MB (cached 1MB) CPU [0%@1510,0%@1510,0%@1510,0%@1510,0%@1510,0%@1510] GR3D_FREQ 99% cpu@63.875C soc2@62.781C soc0@60.5C gpu@64.718C tj@64.718C soc1@62.25C VDD_IN 12478mW/11183mW VDD_CPU_GPU_CV 4762mW/4152mW VDD_SOC 2641mW/2385mW
06-14-2026 18:08:40 RAM 4367/7607MB (lfb 1x2MB) SWAP 325/3804MB (cached 1MB) CPU [0%@1510,0%@1510,0%@1510,0%@1510,0%@1510,0%@1510] GR3D_FREQ 97% cpu@64.062C soc2@62.843C soc0@60.562C gpu@64.718C tj@64.718C soc1@62.093C VDD_IN 12517mW/11191mW VDD_CPU_GPU_CV 4762mW/4155mW VDD_SOC 2641mW/2386mW
06-14-2026 18:08:41 RAM 4368/7607MB (lfb 1x2MB) SWAP 324/3804MB (cached 1MB) CPU [1%@1510,0%@1510,0%@1510,0%@1510,0%@1510,0%@1510] GR3D_FREQ 97% cpu@63.812C soc2@62.75C soc0@60.468C gpu@64.781C tj@64.781C soc1@62.093C VDD_IN 12478mW/11199mW VDD_CPU_GPU_CV 4723mW/4159mW VDD_SOC 2641mW/2388mW
06-14-2026 18:08:42 RAM 4368/7607MB (lfb 1x2MB) SWAP 324/3804MB (cached 1MB) CPU [0%@1510,0%@1510,0%@1510,0%@1510,0%@1510,0%@1510] GR3D_FREQ 99% cpu@63.937C soc2@62.843C soc0@60.5C gpu@64.968C tj@64.968C soc1@62.187C VDD_IN 12517mW/11206mW VDD_CPU_GPU_CV 4762mW/4162mW VDD_SOC 2641mW/2390mW
06-14-2026 18:08:43 RAM 4368/7607MB (lfb 1x2MB) SWAP 324/3804MB (cached 1MB) CPU [0%@1510,0%@1510,0%@1510,0%@1510,0%@1510,0%@1510] GR3D_FREQ 99% cpu@63.906C soc2@62.875C soc0@60.531C gpu@64.812C tj@64.812C soc1@62.218C VDD_IN 12517mW/11214mW VDD_CPU_GPU_CV 4762mW/4166mW VDD_SOC 2641mW/2391mW
06-14-2026 18:08:44 RAM 4367/7607MB (lfb 1x2MB) SWAP 324/3804MB (cached 1MB) CPU [0%@1510,0%@1510,0%@1510,1%@1510,0%@1510,0%@1510] GR3D_FREQ 99% cpu@63.968C soc2@62.906C soc0@60.531C gpu@64.875C tj@64.875C soc1@62.25C VDD_IN 12438mW/11221mW VDD_CPU_GPU_CV 4723mW/4169mW VDD_SOC 2641mW/2392mW
06-14-2026 18:08:45 RAM 4367/7607MB (lfb 1x2MB) SWAP 324/3804MB (cached 1MB) CPU [0%@1510,4%@1510,0%@1510,1%@1510,0%@1510,0%@1510] GR3D_FREQ 99% cpu@64.125C soc2@62.812C soc0@60.625C gpu@64.906C tj@64.906C soc1@62.312C VDD_IN 12517mW/11229mW VDD_CPU_GPU_CV 4762mW/4172mW VDD_SOC 2641mW/2394mW
06-14-2026 18:08:46 RAM 4367/7607MB (lfb 1x2MB) SWAP 324/3804MB (cached 1MB) CPU [0%@1510,0%@1510,0%@1510,0%@1510,0%@1510,0%@1510] GR3D_FREQ 99% cpu@64.062C soc2@62.937C soc0@60.718C gpu@64.906C tj@64.906C soc1@62.187C VDD_IN 12517mW/11236mW VDD_CPU_GPU_CV 4762mW/4176mW VDD_SOC 2641mW/2395mW
06-14-2026 18:08:47 RAM 4367/7607MB (lfb 1x2MB) SWAP 324/3804MB (cached 1MB) CPU [0%@1510,0%@1510,0%@1510,0%@1510,0%@1510,0%@1510] GR3D_FREQ 99% cpu@64.25C soc2@62.968C soc0@60.75C gpu@64.875C tj@64.875C soc1@62.218C VDD_IN 12438mW/11243mW VDD_CPU_GPU_CV 4723mW/4179mW VDD_SOC 2641mW/2397mW
06-14-2026 18:08:48 RAM 4367/7607MB (lfb 1x2MB) SWAP 324/3804MB (cached 1MB) CPU [0%@1510,0%@1510,0%@1510,1%@1510,0%@1510,0%@1510] GR3D_FREQ 99% cpu@63.968C soc2@62.906C soc0@60.593C gpu@64.843C tj@64.843C soc1@62.281C VDD_IN 12517mW/11250mW VDD_CPU_GPU_CV 4762mW/4182mW VDD_SOC 2641mW/2398mW
06-14-2026 18:08:49 RAM 4367/7607MB (lfb 1x2MB) SWAP 324/3804MB (cached 1MB) CPU [0%@1510,0%@1510,0%@1510,0%@1510,0%@1510,0%@1510] GR3D_FREQ 99% cpu@64.062C soc2@62.937C soc0@60.687C gpu@64.937C tj@64.937C soc1@62.25C VDD_IN 12478mW/11257mW VDD_CPU_GPU_CV 4723mW/4185mW VDD_SOC 2641mW/2400mW
06-14-2026 18:08:50 RAM 4367/7607MB (lfb 1x2MB) SWAP 324/3804MB (cached 1MB) CPU [0%@1510,0%@1510,0%@1510,1%@1510,0%@1510,0%@1510] GR3D_FREQ 99% cpu@64.062C soc2@63C soc0@60.781C gpu@65.031C tj@65.031C soc1@62.312C VDD_IN 12517mW/11264mW VDD_CPU_GPU_CV 4762mW/4189mW VDD_SOC 2641mW/2401mW
06-14-2026 18:08:51 RAM 4366/7607MB (lfb 1x2MB) SWAP 324/3804MB (cached 1MB) CPU [0%@1510,0%@1510,0%@1510,0%@1510,0%@1510,0%@1510] GR3D_FREQ 86% cpu@64.187C soc2@63C soc0@60.687C gpu@64.968C tj@64.968C soc1@62.375C VDD_IN 12399mW/11271mW VDD_CPU_GPU_CV 4683mW/4191mW VDD_SOC 2641mW/2402mW
06-14-2026 18:08:52 RAM 4366/7607MB (lfb 1x2MB) SWAP 324/3804MB (cached 1MB) CPU [0%@1510,0%@1510,0%@1510,0%@1510,0%@1510,0%@1510] GR3D_FREQ 99% cpu@64.375C soc2@63.031C soc0@60.718C gpu@65.093C tj@65.093C soc1@62.406C VDD_IN 12517mW/11278mW VDD_CPU_GPU_CV 4762mW/4195mW VDD_SOC 2641mW/2404mW
06-14-2026 18:08:53 RAM 4365/7607MB (lfb 1x2MB) SWAP 324/3804MB (cached 1MB) CPU [0%@1510,0%@1510,0%@1510,0%@1510,0%@1510,0%@1510] GR3D_FREQ 99% cpu@64.062C soc2@63.093C soc0@60.843C gpu@65C tj@65C soc1@62.312C VDD_IN 12399mW/11284mW VDD_CPU_GPU_CV 4683mW/4197mW VDD_SOC 2641mW/2405mW
06-14-2026 18:08:54 RAM 4365/7607MB (lfb 1x2MB) SWAP 324/3804MB (cached 1MB) CPU [0%@1510,0%@1510,0%@1510,0%@1510,0%@1510,0%@1510] GR3D_FREQ 99% cpu@64.062C soc2@63.062C soc0@60.656C gpu@65.093C tj@65.093C soc1@62.406C VDD_IN 12517mW/11291mW VDD_CPU_GPU_CV 4723mW/4200mW VDD_SOC 2641mW/2406mW
06-14-2026 18:08:55 RAM 4365/7607MB (lfb 1x2MB) SWAP 324/3804MB (cached 1MB) CPU [0%@1510,0%@1510,0%@1510,0%@1510,0%@1510,0%@1510] GR3D_FREQ 99% cpu@64.062C soc2@62.937C soc0@60.718C gpu@65.031C tj@65.031C soc1@62.375C VDD_IN 12438mW/11297mW VDD_CPU_GPU_CV 4723mW/4203mW VDD_SOC 2641mW/2407mW
06-14-2026 18:08:56 RAM 4367/7607MB (lfb 1x2MB) SWAP 324/3804MB (cached 1MB) CPU [0%@1510,0%@1510,0%@1510,1%@1510,0%@1510,0%@1510] GR3D_FREQ 97% cpu@64.187C soc2@63.062C soc0@60.75C gpu@65.156C tj@65.156C soc1@62.437C VDD_IN 12557mW/11304mW VDD_CPU_GPU_CV 4762mW/4206mW VDD_SOC 2641mW/2409mW
06-14-2026 18:08:57 RAM 4367/7607MB (lfb 1x2MB) SWAP 324/3804MB (cached 1MB) CPU [0%@1510,0%@1510,0%@1510,3%@1510,0%@1510,0%@1510] GR3D_FREQ 99% cpu@64.156C soc2@63.062C soc0@60.781C gpu@65.187C tj@65.187C soc1@62.437C VDD_IN 12399mW/11310mW VDD_CPU_GPU_CV 4723mW/4209mW VDD_SOC 2641mW/2410mW
06-14-2026 18:08:58 RAM 4367/7607MB (lfb 1x2MB) SWAP 324/3804MB (cached 1MB) CPU [0%@1510,0%@1510,0%@1510,1%@1510,0%@1510,0%@1510] GR3D_FREQ 99% cpu@64.218C soc2@63.031C soc0@60.812C gpu@65.156C tj@65.156C soc1@62.406C VDD_IN 12478mW/11316mW VDD_CPU_GPU_CV 4723mW/4212mW VDD_SOC 2641mW/2411mW
06-14-2026 18:08:59 RAM 4367/7607MB (lfb 1x2MB) SWAP 324/3804MB (cached 1MB) CPU [0%@1510,0%@1510,0%@1510,0%@1510,0%@1510,0%@1510] GR3D_FREQ 99% cpu@64.218C soc2@63.062C soc0@60.875C gpu@65.25C tj@65.25C soc1@62.531C VDD_IN 12517mW/11323mW VDD_CPU_GPU_CV 4762mW/4215mW VDD_SOC 2641mW/2412mW
06-14-2026 18:09:00 RAM 4367/7607MB (lfb 1x2MB) SWAP 324/3804MB (cached 1MB) CPU [0%@1510,0%@1510,0%@1510,0%@1510,0%@1510,0%@1510] GR3D_FREQ 99% cpu@64.343C soc2@63.218C soc0@60.75C gpu@65.218C tj@65.218C soc1@62.375C VDD_IN 12517mW/11329mW VDD_CPU_GPU_CV 4762mW/4218mW VDD_SOC 2641mW/2414mW
06-14-2026 18:09:01 RAM 4367/7607MB (lfb 1x2MB) SWAP 324/3804MB (cached 1MB) CPU [0%@1510,0%@1510,0%@1510,0%@1510,0%@1510,0%@1510] GR3D_FREQ 99% cpu@64.062C soc2@63.125C soc0@60.875C gpu@65.218C tj@65.218C soc1@62.468C VDD_IN 12438mW/11335mW VDD_CPU_GPU_CV 4723mW/4220mW VDD_SOC 2641mW/2415mW
06-14-2026 18:09:02 RAM 4366/7607MB (lfb 1x2MB) SWAP 324/3804MB (cached 1MB) CPU [0%@1510,0%@1510,0%@1510,1%@1510,0%@1510,0%@1510] GR3D_FREQ 99% cpu@64.281C soc2@63.156C soc0@60.843C gpu@65.25C tj@65.25C soc1@62.437C VDD_IN 12359mW/11340mW VDD_CPU_GPU_CV 4683mW/4223mW VDD_SOC 2641mW/2416mW
06-14-2026 18:09:03 RAM 4366/7607MB (lfb 1x2MB) SWAP 324/3804MB (cached 1MB) CPU [0%@1510,0%@1510,0%@1510,0%@1510,0%@1510,0%@1510] GR3D_FREQ 99% cpu@64.281C soc2@63.156C soc0@60.875C gpu@65.343C tj@65.343C soc1@62.468C VDD_IN 12478mW/11346mW VDD_CPU_GPU_CV 4762mW/4226mW VDD_SOC 2641mW/2417mW
06-14-2026 18:09:04 RAM 4331/7607MB (lfb 1x2MB) SWAP 324/3804MB (cached 1MB) CPU [0%@1510,0%@1510,0%@1510,0%@1510,0%@1510,4%@1510] GR3D_FREQ 99% cpu@64.281C soc2@63.218C soc0@60.875C gpu@65.343C tj@65.343C soc1@62.531C VDD_IN 12438mW/11352mW VDD_CPU_GPU_CV 4762mW/4228mW VDD_SOC 2641mW/2418mW
06-14-2026 18:09:05 RAM 4332/7607MB (lfb 1x2MB) SWAP 324/3804MB (cached 1MB) CPU [0%@1510,0%@1510,3%@1510,1%@1510,0%@1510,0%@1510] GR3D_FREQ 99% cpu@64.468C soc2@63.187C soc0@60.968C gpu@65.281C tj@65.281C soc1@62.562C VDD_IN 12359mW/11357mW VDD_CPU_GPU_CV 4683mW/4231mW VDD_SOC 2641mW/2420mW
06-14-2026 18:09:06 RAM 4332/7607MB (lfb 1x2MB) SWAP 324/3804MB (cached 1MB) CPU [0%@1510,0%@1510,0%@1510,0%@1510,0%@1510,0%@1510] GR3D_FREQ 97% cpu@64.281C soc2@63.25C soc0@61.062C gpu@65.375C tj@65.375C soc1@62.5C VDD_IN 12478mW/11363mW VDD_CPU_GPU_CV 4723mW/4233mW VDD_SOC 2641mW/2421mW
06-14-2026 18:09:07 RAM 4331/7607MB (lfb 1x2MB) SWAP 324/3804MB (cached 1MB) CPU [0%@1510,0%@1510,0%@1510,0%@1510,0%@1510,0%@1510] GR3D_FREQ 88% cpu@64.187C soc2@63.187C soc0@60.843C gpu@65.312C tj@65.312C soc1@62.5C VDD_IN 12399mW/11369mW VDD_CPU_GPU_CV 4723mW/4236mW VDD_SOC 2641mW/2422mW
06-14-2026 18:09:08 RAM 4331/7607MB (lfb 1x2MB) SWAP 324/3804MB (cached 1MB) CPU [0%@1510,0%@1510,0%@1510,4%@1510,0%@1510,0%@1510] GR3D_FREQ 98% cpu@64.25C soc2@63.281C soc0@60.937C gpu@65.625C tj@65.625C soc1@62.468C VDD_IN 12517mW/11374mW VDD_CPU_GPU_CV 4762mW/4239mW VDD_SOC 2641mW/2423mW
06-14-2026 18:09:09 RAM 4331/7607MB (lfb 1x2MB) SWAP 324/3804MB (cached 1MB) CPU [0%@1510,0%@1510,0%@1510,0%@1510,0%@1510,0%@1510] GR3D_FREQ 99% cpu@64.281C soc2@63.25C soc0@60.906C gpu@65.062C tj@65.062C soc1@62.531C VDD_IN 12438mW/11380mW VDD_CPU_GPU_CV 4723mW/4241mW VDD_SOC 2641mW/2424mW
06-14-2026 18:09:10 RAM 4331/7607MB (lfb 1x2MB) SWAP 324/3804MB (cached 1MB) CPU [1%@1510,0%@1510,0%@1510,0%@1510,0%@1510,0%@1510] GR3D_FREQ 99% cpu@64.5C soc2@63.25C soc0@61.031C gpu@65.156C tj@65.156C soc1@62.656C VDD_IN 12478mW/11385mW VDD_CPU_GPU_CV 4723mW/4243mW VDD_SOC 2641mW/2425mW
06-14-2026 18:09:11 RAM 4331/7607MB (lfb 1x2MB) SWAP 324/3804MB (cached 1MB) CPU [0%@1510,0%@1510,0%@1510,0%@1510,0%@1510,0%@1510] GR3D_FREQ 99% cpu@64.437C soc2@63.312C soc0@61C gpu@65.125C tj@65.125C soc1@62.75C VDD_IN 12517mW/11391mW VDD_CPU_GPU_CV 4762mW/4246mW VDD_SOC 2641mW/2426mW
06-14-2026 18:09:12 RAM 4331/7607MB (lfb 1x2MB) SWAP 324/3804MB (cached 1MB) CPU [0%@1510,0%@1510,0%@1510,1%@1510,0%@1510,0%@1510] GR3D_FREQ 99% cpu@64.562C soc2@63.375C soc0@61.125C gpu@65.156C tj@65.156C soc1@62.781C VDD_IN 12478mW/11397mW VDD_CPU_GPU_CV 4723mW/4248mW VDD_SOC 2641mW/2427mW
06-14-2026 18:09:13 RAM 4331/7607MB (lfb 1x2MB) SWAP 324/3804MB (cached 1MB) CPU [0%@1510,0%@1510,0%@1510,1%@1510,0%@1510,0%@1510] GR3D_FREQ 99% cpu@64.312C soc2@63.25C soc0@60.875C gpu@65.125C tj@65.125C soc1@62.562C VDD_IN 12517mW/11402mW VDD_CPU_GPU_CV 4762mW/4251mW VDD_SOC 2641mW/2428mW
06-14-2026 18:09:14 RAM 4331/7607MB (lfb 1x2MB) SWAP 324/3804MB (cached 1MB) CPU [0%@1510,0%@1510,0%@1510,0%@1510,0%@1510,0%@1510] GR3D_FREQ 99% cpu@64.281C soc2@63.312C soc0@61C gpu@65.25C tj@65.25C soc1@62.625C VDD_IN 12517mW/11408mW VDD_CPU_GPU_CV 4762mW/4254mW VDD_SOC 2641mW/2430mW
06-14-2026 18:09:15 RAM 4331/7607MB (lfb 1x2MB) SWAP 324/3804MB (cached 1MB) CPU [0%@1510,0%@1510,0%@1510,0%@1510,0%@1510,0%@1510] GR3D_FREQ 99% cpu@64.312C soc2@63.281C soc0@61C gpu@65.25C tj@65.25C soc1@62.593C VDD_IN 12438mW/11413mW VDD_CPU_GPU_CV 4723mW/4256mW VDD_SOC 2641mW/2431mW
06-14-2026 18:09:16 RAM 4331/7607MB (lfb 1x2MB) SWAP 324/3804MB (cached 1MB) CPU [0%@1510,0%@1510,0%@1510,0%@1510,0%@1510,0%@1510] GR3D_FREQ 99% cpu@64.531C soc2@63.343C soc0@61C gpu@65.187C tj@65.187C soc1@62.656C VDD_IN 12517mW/11418mW VDD_CPU_GPU_CV 4762mW/4258mW VDD_SOC 2641mW/2432mW
06-14-2026 18:09:17 RAM 4331/7607MB (lfb 1x2MB) SWAP 324/3804MB (cached 1MB) CPU [0%@1510,0%@1510,0%@1510,0%@1510,0%@1510,0%@1510] GR3D_FREQ 97% cpu@64.593C soc2@63.343C soc0@61.062C gpu@65.218C tj@65.218C soc1@62.781C VDD_IN 12557mW/11424mW VDD_CPU_GPU_CV 4762mW/4261mW VDD_SOC 2641mW/2433mW
06-14-2026 18:09:18 RAM 4331/7607MB (lfb 1x2MB) SWAP 324/3804MB (cached 1MB) CPU [0%@1510,0%@1510,0%@1510,2%@1510,0%@1510,0%@1510] GR3D_FREQ 96% cpu@64.562C soc2@63.343C soc0@61.125C gpu@65.218C tj@65.218C soc1@62.781C VDD_IN 12320mW/11428mW VDD_CPU_GPU_CV 4683mW/4263mW VDD_SOC 2601mW/2433mW
06-14-2026 18:09:19 RAM 4331/7607MB (lfb 1x2MB) SWAP 324/3804MB (cached 1MB) CPU [0%@1510,0%@1510,0%@1510,1%@1510,0%@1510,0%@1510] GR3D_FREQ 99% cpu@64.468C soc2@63.343C soc0@61.062C gpu@65.281C tj@65.281C soc1@62.656C VDD_IN 12517mW/11434mW VDD_CPU_GPU_CV 4762mW/4265mW VDD_SOC 2641mW/2434mW
06-14-2026 18:09:20 RAM 4331/7607MB (lfb 1x2MB) SWAP 324/3804MB (cached 1MB) CPU [0%@1510,0%@1510,0%@1510,0%@1510,0%@1510,0%@1510] GR3D_FREQ 99% cpu@64.437C soc2@63.343C soc0@61.125C gpu@65.281C tj@65.281C soc1@62.687C VDD_IN 12517mW/11439mW VDD_CPU_GPU_CV 4762mW/4268mW VDD_SOC 2641mW/2435mW
06-14-2026 18:09:21 RAM 4331/7607MB (lfb 1x2MB) SWAP 324/3804MB (cached 1MB) CPU [0%@1510,0%@1510,0%@1510,0%@1510,0%@1510,0%@1510] GR3D_FREQ 99% cpu@64.375C soc2@63.343C soc0@61.031C gpu@65.281C tj@65.281C soc1@62.75C VDD_IN 12517mW/11444mW VDD_CPU_GPU_CV 4762mW/4270mW VDD_SOC 2641mW/2436mW
06-14-2026 18:09:22 RAM 4331/7607MB (lfb 1x2MB) SWAP 324/3804MB (cached 1MB) CPU [0%@1510,0%@1510,0%@1510,0%@1510,0%@1510,0%@1510] GR3D_FREQ 99% cpu@64.406C soc2@63.406C soc0@61.062C gpu@65.343C tj@65.343C soc1@62.718C VDD_IN 12557mW/11449mW VDD_CPU_GPU_CV 4762mW/4272mW VDD_SOC 2641mW/2437mW
06-14-2026 18:09:23 RAM 4331/7607MB (lfb 1x2MB) SWAP 324/3804MB (cached 1MB) CPU [0%@1510,0%@1510,0%@1510,1%@1510,0%@1510,0%@1510] GR3D_FREQ 99% cpu@64.593C soc2@63.437C soc0@61.125C gpu@65.312C tj@65.312C soc1@62.843C VDD_IN 12517mW/11454mW VDD_CPU_GPU_CV 4762mW/4275mW VDD_SOC 2641mW/2438mW
06-14-2026 18:09:24 RAM 4331/7607MB (lfb 1x2MB) SWAP 324/3804MB (cached 1MB) CPU [0%@1510,0%@1510,0%@1510,1%@1510,0%@1510,0%@1510] GR3D_FREQ 97% cpu@64.562C soc2@63.406C soc0@61.156C gpu@65.375C tj@65.375C soc1@62.875C VDD_IN 12517mW/11459mW VDD_CPU_GPU_CV 4762mW/4277mW VDD_SOC 2641mW/2439mW
06-14-2026 18:09:25 RAM 4331/7607MB (lfb 1x2MB) SWAP 324/3804MB (cached 1MB) CPU [0%@1510,1%@1510,0%@1510,0%@1510,0%@1510,0%@1510] GR3D_FREQ 97% cpu@64.718C soc2@63.406C soc0@61.25C gpu@65.437C tj@65.437C soc1@62.718C VDD_IN 12557mW/11465mW VDD_CPU_GPU_CV 4801mW/4280mW VDD_SOC 2641mW/2440mW
06-14-2026 18:09:26 RAM 4331/7607MB (lfb 1x2MB) SWAP 324/3804MB (cached 1MB) CPU [1%@1510,0%@1510,0%@1510,0%@1510,0%@1510,0%@1510] GR3D_FREQ 99% cpu@64.562C soc2@63.343C soc0@61.187C gpu@65.531C tj@65.531C soc1@62.781C VDD_IN 12517mW/11470mW VDD_CPU_GPU_CV 4762mW/4282mW VDD_SOC 2641mW/2441mW
06-14-2026 18:09:27 RAM 4331/7607MB (lfb 1x2MB) SWAP 324/3804MB (cached 1MB) CPU [0%@1510,0%@1510,0%@1510,0%@1510,0%@1510,0%@1510] GR3D_FREQ 99% cpu@64.531C soc2@63.437C soc0@61.125C gpu@65.5C tj@65.5C soc1@62.781C VDD_IN 12557mW/11475mW VDD_CPU_GPU_CV 4801mW/4284mW VDD_SOC 2641mW/2442mW
06-14-2026 18:09:28 RAM 4331/7607MB (lfb 1x2MB) SWAP 324/3804MB (cached 1MB) CPU [1%@1510,0%@1510,0%@1510,0%@1510,0%@1510,0%@1510] GR3D_FREQ 99% cpu@64.531C soc2@63.5C soc0@61.093C gpu@65.5C tj@65.5C soc1@62.812C VDD_IN 12557mW/11480mW VDD_CPU_GPU_CV 4762mW/4286mW VDD_SOC 2680mW/2443mW
06-14-2026 18:09:29 RAM 4331/7607MB (lfb 1x2MB) SWAP 324/3804MB (cached 1MB) CPU [0%@1510,0%@1510,0%@1510,0%@1510,0%@1510,0%@1510] GR3D_FREQ 99% cpu@64.562C soc2@63.468C soc0@61.25C gpu@65.5C tj@65.5C soc1@62.843C VDD_IN 12517mW/11484mW VDD_CPU_GPU_CV 4762mW/4289mW VDD_SOC 2641mW/2444mW
06-14-2026 18:09:30 RAM 4331/7607MB (lfb 1x2MB) SWAP 324/3804MB (cached 1MB) CPU [0%@1510,0%@1510,0%@1510,0%@1510,0%@1510,0%@1510] GR3D_FREQ 99% cpu@64.718C soc2@63.5C soc0@61.25C gpu@65.468C tj@65.468C soc1@62.906C VDD_IN 12557mW/11489mW VDD_CPU_GPU_CV 4762mW/4291mW VDD_SOC 2680mW/2445mW
06-14-2026 18:09:31 RAM 4331/7607MB (lfb 1x2MB) SWAP 324/3804MB (cached 1MB) CPU [0%@1510,0%@1510,0%@1510,0%@1510,0%@1510,0%@1510] GR3D_FREQ 99% cpu@64.562C soc2@63.531C soc0@61.281C gpu@65.625C tj@65.625C soc1@62.781C VDD_IN 12557mW/11494mW VDD_CPU_GPU_CV 4762mW/4293mW VDD_SOC 2641mW/2446mW
06-14-2026 18:09:32 RAM 4331/7607MB (lfb 1x2MB) SWAP 324/3804MB (cached 1MB) CPU [1%@1510,0%@1510,0%@1510,0%@1510,0%@1510,0%@1510] GR3D_FREQ 99% cpu@64.781C soc2@63.562C soc0@61.25C gpu@65.5C tj@65.5C soc1@62.781C VDD_IN 12557mW/11499mW VDD_CPU_GPU_CV 4762mW/4295mW VDD_SOC 2680mW/2447mW
06-14-2026 18:09:33 RAM 4331/7607MB (lfb 1x2MB) SWAP 324/3804MB (cached 1MB) CPU [0%@1510,0%@1510,0%@1510,0%@1510,0%@1510,0%@1510] GR3D_FREQ 99% cpu@64.625C soc2@63.562C soc0@61.125C gpu@65.531C tj@65.531C soc1@62.75C VDD_IN 12557mW/11504mW VDD_CPU_GPU_CV 4762mW/4297mW VDD_SOC 2680mW/2448mW
06-14-2026 18:09:34 RAM 4331/7607MB (lfb 1x2MB) SWAP 324/3804MB (cached 1MB) CPU [0%@1510,0%@1510,0%@1510,0%@1510,0%@1510,0%@1510] GR3D_FREQ 97% cpu@64.593C soc2@63.531C soc0@61.25C gpu@65.656C tj@65.656C soc1@62.781C VDD_IN 12557mW/11509mW VDD_CPU_GPU_CV 4762mW/4299mW VDD_SOC 2641mW/2449mW
06-14-2026 18:09:35 RAM 4331/7607MB (lfb 1x2MB) SWAP 324/3804MB (cached 1MB) CPU [0%@1510,0%@1510,0%@1510,0%@1510,0%@1510,0%@1510] GR3D_FREQ 98% cpu@64.718C soc2@63.593C soc0@61.25C gpu@65.625C tj@65.625C soc1@62.875C VDD_IN 12557mW/11513mW VDD_CPU_GPU_CV 4762mW/4301mW VDD_SOC 2641mW/2450mW
06-14-2026 18:09:36 RAM 4331/7607MB (lfb 1x2MB) SWAP 324/3804MB (cached 1MB) CPU [0%@1510,0%@1510,0%@1510,0%@1510,0%@1510,0%@1510] GR3D_FREQ 99% cpu@64.75C soc2@63.531C soc0@61.25C gpu@65.718C tj@65.718C soc1@62.843C VDD_IN 12596mW/11518mW VDD_CPU_GPU_CV 4801mW/4304mW VDD_SOC 2680mW/2451mW
06-14-2026 18:09:37 RAM 4331/7607MB (lfb 1x2MB) SWAP 324/3804MB (cached 1MB) CPU [0%@1510,0%@1510,0%@1510,0%@1510,0%@1510,0%@1510] GR3D_FREQ 99% cpu@64.875C soc2@63.656C soc0@61.312C gpu@65.656C tj@65.656C soc1@63C VDD_IN 12557mW/11523mW VDD_CPU_GPU_CV 4762mW/4306mW VDD_SOC 2680mW/2452mW
06-14-2026 18:09:38 RAM 4335/7607MB (lfb 1x2MB) SWAP 324/3804MB (cached 1MB) CPU [0%@1510,0%@1510,1%@1510,0%@1510,0%@1510,0%@1510] GR3D_FREQ 99% cpu@64.75C soc2@63.687C soc0@61.375C gpu@65.718C tj@65.718C soc1@62.843C VDD_IN 12517mW/11527mW VDD_CPU_GPU_CV 4762mW/4308mW VDD_SOC 2680mW/2453mW
06-14-2026 18:09:39 RAM 4335/7607MB (lfb 1x2MB) SWAP 324/3804MB (cached 1MB) CPU [0%@1510,0%@1510,0%@1510,0%@1510,0%@1510,0%@1510] GR3D_FREQ 99% cpu@64.625C soc2@63.5C soc0@61.25C gpu@65.656C tj@65.656C soc1@62.875C VDD_IN 12557mW/11532mW VDD_CPU_GPU_CV 4762mW/4310mW VDD_SOC 2680mW/2454mW
06-14-2026 18:09:40 RAM 1875/7607MB (lfb 1x4MB) SWAP 324/3804MB (cached 1MB) CPU [0%@1510,55%@1510,0%@1510,0%@1510,0%@1510,27%@1510] GR3D_FREQ 0% cpu@64.687C soc2@63.312C soc0@61.156C gpu@64.625C tj@64.687C soc1@62.875C VDD_IN 8042mW/11517mW VDD_CPU_GPU_CV 2369mW/4301mW VDD_SOC 1858mW/2452mW
06-14-2026 18:09:41 RAM 1592/7607MB (lfb 1x2MB) SWAP 324/3804MB (cached 1MB) CPU [13%@1510,44%@1510,5%@1510,36%@1510,18%@1510,6%@1510] GR3D_FREQ 0% cpu@64.531C soc2@62.906C soc0@61.031C gpu@64.218C tj@64.531C soc1@62.843C VDD_IN 6417mW/11494mW VDD_CPU_GPU_CV 1661mW/4290mW VDD_SOC 1545mW/2448mW
06-14-2026 18:09:42 RAM 1631/7607MB (lfb 5x2MB) SWAP 324/3804MB (cached 1MB) CPU [0%@1510,0%@1510,0%@1510,99%@1510,0%@1510,2%@1510] GR3D_FREQ 0% cpu@64.5C soc2@62.843C soc0@60.906C gpu@63.968C tj@64.5C soc1@62.718C VDD_IN 6061mW/11470mW VDD_CPU_GPU_CV 1426mW/4277mW VDD_SOC 1505mW/2443mW
06-14-2026 18:09:43 RAM 1664/7607MB (lfb 1x4MB) SWAP 324/3804MB (cached 1MB) CPU [1%@1510,0%@1510,0%@1510,98%@1510,0%@1510,3%@1510] GR3D_FREQ 0% cpu@64.187C soc2@62.687C soc0@60.812C gpu@63.875C tj@64.187C soc1@62.718C VDD_IN 6100mW/11447mW VDD_CPU_GPU_CV 1463mW/4265mW VDD_SOC 1505mW/2439mW
06-14-2026 18:09:44 RAM 1664/7607MB (lfb 1x4MB) SWAP 324/3804MB (cached 1MB) CPU [0%@1510,0%@1510,0%@1510,100%@1510,0%@1510,1%@1510] GR3D_FREQ 0% cpu@63.875C soc2@62.656C soc0@60.562C gpu@63.812C tj@63.875C soc1@62.375C VDD_IN 6140mW/11424mW VDD_CPU_GPU_CV 1502mW/4253mW VDD_SOC 1505mW/2435mW
06-14-2026 18:09:45 RAM 1664/7607MB (lfb 1x4MB) SWAP 324/3804MB (cached 1MB) CPU [0%@1510,0%@1510,0%@1510,100%@1510,0%@1510,0%@1510] GR3D_FREQ 0% cpu@63.781C soc2@62.375C soc0@60.468C gpu@63.5C tj@63.781C soc1@62.406C VDD_IN 6021mW/11401mW VDD_CPU_GPU_CV 1384mW/4241mW VDD_SOC 1505mW/2431mW
06-14-2026 18:09:46 RAM 1482/7607MB (lfb 327x1MB) SWAP 324/3804MB (cached 1MB) CPU [21%@1510,11%@1510,0%@1510,45%@1510,40%@1510,13%@1510] GR3D_FREQ 0% cpu@63.937C soc2@62.375C soc0@60.437C gpu@63.437C tj@63.937C soc1@62.375C VDD_IN 6298mW/11379mW VDD_CPU_GPU_CV 1621mW/4229mW VDD_SOC 1545mW/2427mW
06-14-2026 18:09:47 RAM 1050/7607MB (lfb 274x1MB) SWAP 324/3804MB (cached 1MB) CPU [32%@1510,26%@1510,12%@1510,0%@1510,74%@1510,32%@1510] GR3D_FREQ 0% cpu@63.781C soc2@62.312C soc0@60.343C gpu@63.312C tj@63.781C soc1@62.312C VDD_IN 6378mW/11358mW VDD_CPU_GPU_CV 1700mW/4219mW VDD_SOC 1545mW/2424mW
06-14-2026 18:09:48 RAM 933/7607MB (lfb 259x1MB) SWAP 324/3804MB (cached 1MB) CPU [19%@1510,0%@1510,8%@1510,0%@1510,19%@1510,85%@1510] GR3D_FREQ 0% cpu@63.843C soc2@62.156C soc0@60.281C gpu@63.187C tj@63.843C soc1@62.312C VDD_IN 6269mW/11336mW VDD_CPU_GPU_CV 1663mW/4208mW VDD_SOC 1505mW/2420mW
06-14-2026 18:09:49 RAM 3165/7607MB (lfb 79x128kB) SWAP 324/3804MB (cached 1MB) CPU [22%@1510,0%@1510,0%@1510,0%@1510,78%@1510,31%@1510] GR3D_FREQ 0% cpu@63.562C soc2@62.187C soc0@60.187C gpu@63.25C tj@63.562C soc1@62.031C VDD_IN 6497mW/11315mW VDD_CPU_GPU_CV 1624mW/4197mW VDD_SOC 1584mW/2416mW
06-14-2026 18:09:50 RAM 3498/7607MB (lfb 4x4MB) SWAP 324/3804MB (cached 1MB) CPU [78%@1510,6%@1510,0%@1510,21%@1510,6%@1510,30%@1510] GR3D_FREQ 10% cpu@63.562C soc2@62.062C soc0@60C gpu@63.125C tj@63.562C soc1@62.031C VDD_IN 7210mW/11298mW VDD_CPU_GPU_CV 1779mW/4187mW VDD_SOC 1822mW/2414mW
06-14-2026 18:09:51 RAM 4187/7607MB (lfb 15x128kB) SWAP 325/3804MB (cached 1MB) CPU [38%@1510,1%@1510,1%@1510,4%@1510,54%@1510,42%@1510] GR3D_FREQ 0% cpu@63.593C soc2@62C soc0@59.937C gpu@63C tj@63.593C soc1@61.937C VDD_IN 6813mW/11279mW VDD_CPU_GPU_CV 1819mW/4177mW VDD_SOC 1624mW/2410mW
06-14-2026 18:09:52 RAM 4259/7607MB (lfb 3x4MB) SWAP 325/3804MB (cached 0MB) CPU [23%@1510,0%@1510,0%@1510,26%@1510,0%@1510,0%@1510] GR3D_FREQ 99% cpu@63.437C soc2@62.25C soc0@60.031C gpu@63.968C tj@63.968C soc1@61.968C VDD_IN 11372mW/11280mW VDD_CPU_GPU_CV 4211mW/4177mW VDD_SOC 2448mW/2411mW
06-14-2026 18:09:53 RAM 4259/7607MB (lfb 3x4MB) SWAP 325/3804MB (cached 0MB) CPU [1%@1510,0%@1510,0%@1510,0%@1510,0%@1510,0%@1510] GR3D_FREQ 99% cpu@63.593C soc2@62.437C soc0@60.187C gpu@64.312C tj@64.312C soc1@61.968C VDD_IN 12162mW/11283mW VDD_CPU_GPU_CV 4605mW/4179mW VDD_SOC 2601mW/2411mW
06-14-2026 18:09:54 RAM 4259/7607MB (lfb 3x4MB) SWAP 325/3804MB (cached 0MB) CPU [3%@1510,0%@1510,0%@1510,0%@1510,0%@1510,0%@1510] GR3D_FREQ 99% cpu@63.593C soc2@62.468C soc0@60.312C gpu@64.25C tj@64.25C soc1@61.843C VDD_IN 12241mW/11287mW VDD_CPU_GPU_CV 4605mW/4180mW VDD_SOC 2601mW/2412mW
06-14-2026 18:09:55 RAM 4259/7607MB (lfb 3x4MB) SWAP 325/3804MB (cached 0MB) CPU [2%@1510,0%@1510,0%@1510,0%@1510,0%@1510,0%@1510] GR3D_FREQ 99% cpu@63.625C soc2@62.437C soc0@60.187C gpu@64.375C tj@64.375C soc1@61.906C VDD_IN 12320mW/11292mW VDD_CPU_GPU_CV 4644mW/4182mW VDD_SOC 2601mW/2413mW
06-14-2026 18:09:56 RAM 1470/7607MB (lfb 14x4MB) SWAP 325/3804MB (cached 0MB) CPU [7%@1510,42%@1510,2%@1510,27%@1510,75%@1510,4%@1510] GR3D_FREQ 0% cpu@63.656C soc2@62.062C soc0@60.062C gpu@63.125C tj@63.656C soc1@61.937C VDD_IN 6893mW/11273mW VDD_CPU_GPU_CV 1858mW/4173mW VDD_SOC 1663mW/2410mW
06-14-2026 18:09:57 RAM 1470/7607MB (lfb 14x4MB) SWAP 325/3804MB (cached 0MB) CPU [0%@1510,0%@1510,3%@1510,2%@1510,13%@1510,0%@1510] GR3D_FREQ 0% cpu@63.218C soc2@61.812C soc0@59.906C gpu@62.843C tj@63.218C soc1@61.843C VDD_IN 5506mW/11250mW VDD_CPU_GPU_CV 1109mW/4160mW VDD_SOC 1465mW/2406mW
06-14-2026 18:09:58 RAM 1470/7607MB (lfb 14x4MB) SWAP 325/3804MB (cached 0MB) CPU [0%@1510,1%@1510,0%@1510,1%@1510,0%@1510,0%@1510] GR3D_FREQ 0% cpu@63.187C soc2@61.718C soc0@59.843C gpu@62.718C tj@63.187C soc1@61.812C VDD_IN 5348mW/11226mW VDD_CPU_GPU_CV 1069mW/4147mW VDD_SOC 1426mW/2402mW
