`torch_dtype` is deprecated! Use `dtype` instead!
You are using a model of type idefics3 to instantiate a model of type smolvlm. This is not supported for all configurations of models and can yield errors.
[train] device: cuda | effective batch: 16
[train] loading processor...
[train] loading model...
trainable params: 9,568,256 || all params: 517,050,560 || trainable%: 1.8505
[dataset] loading RefCOCO 'train' from jxu124/refcoco
[dataset] 120624 caption-box pairs (0 refs skipped: image not found)
[dataset] using 50000 samples
[dataset] loading RefCOCO 'validation' from jxu124/refcoco
[dataset] 10834 caption-box pairs (0 refs skipped: image not found)
[dataset] using 200 samples
  E1 step 0/25000  loss=1.7056  lr=2.00e-04  3s
  E1 step 50/25000  loss=1.2109  lr=2.00e-04  80s
  E1 step 100/25000  loss=1.2189  lr=2.00e-04  158s
  E1 step 150/25000  loss=1.0892  lr=2.00e-04  236s
  E1 step 200/25000  loss=1.4092  lr=2.00e-04  316s
  E1 step 250/25000  loss=1.0733  lr=2.00e-04  396s
  E1 step 300/25000  loss=1.2226  lr=2.00e-04  479s
  E1 step 350/25000  loss=1.2884  lr=2.00e-04  560s
  E1 step 400/25000  loss=1.1466  lr=2.00e-04  640s
  E1 step 450/25000  loss=1.1666  lr=2.00e-04  722s
  E1 step 500/25000  loss=1.1096  lr=2.00e-04  804s
  E1 step 550/25000  loss=1.1233  lr=2.00e-04  887s
  E1 step 600/25000  loss=1.2232  lr=2.00e-04  968s
  E1 step 650/25000  loss=1.1686  lr=2.00e-04  1050s
  E1 step 700/25000  loss=1.1790  lr=2.00e-04  1131s
  E1 step 750/25000  loss=0.9871  lr=2.00e-04  1215s
  E1 step 800/25000  loss=1.3410  lr=1.99e-04  1298s
  E1 step 850/25000  loss=1.1596  lr=1.99e-04  1381s
  E1 step 900/25000  loss=1.1987  lr=1.99e-04  1467s
  E1 step 950/25000  loss=0.8707  lr=1.99e-04  1552s
  E1 step 1000/25000  loss=1.2129  lr=1.99e-04  1638s
  E1 step 1050/25000  loss=1.1450  lr=1.99e-04  1725s
  E1 step 1100/25000  loss=0.9635  lr=1.99e-04  1812s
  E1 step 1150/25000  loss=1.0982  lr=1.99e-04  1902s
  E1 step 1200/25000  loss=1.1202  lr=1.99e-04  1988s
  E1 step 1250/25000  loss=1.0904  lr=1.99e-04  2073s
  E1 step 1300/25000  loss=1.0318  lr=1.99e-04  2162s
  E1 step 1350/25000  loss=1.1791  lr=1.99e-04  2250s
  E1 step 1400/25000  loss=1.1662  lr=1.98e-04  2336s
  E1 step 1450/25000  loss=1.1131  lr=1.98e-04  2423s
  E1 step 1500/25000  loss=1.0325  lr=1.98e-04  2512s
  E1 step 1550/25000  loss=1.1050  lr=1.98e-04  2601s
  E1 step 1600/25000  loss=1.2023  lr=1.98e-04  2692s
  E1 step 1650/25000  loss=1.1354  lr=1.98e-04  2781s
  E1 step 1700/25000  loss=1.0157  lr=1.98e-04  2871s
  E1 step 1750/25000  loss=1.1898  lr=1.98e-04  2960s
  E1 step 1800/25000  loss=1.1114  lr=1.97e-04  3051s
  E1 step 1850/25000  loss=1.1418  lr=1.97e-04  3138s
  E1 step 1900/25000  loss=0.8819  lr=1.97e-04  3229s
  E1 step 1950/25000  loss=1.1167  lr=1.97e-04  3317s
  E1 step 2000/25000  loss=1.0462  lr=1.97e-04  3407s
  E1 step 2050/25000  loss=1.0089  lr=1.97e-04  3498s
  E1 step 2100/25000  loss=1.1548  lr=1.97e-04  3590s
  E1 step 2150/25000  loss=1.2135  lr=1.96e-04  3682s
  E1 step 2200/25000  loss=1.1680  lr=1.96e-04  3771s
  E1 step 2250/25000  loss=1.0632  lr=1.96e-04  3862s
  E1 step 2300/25000  loss=1.2111  lr=1.96e-04  3953s
  E1 step 2350/25000  loss=1.2094  lr=1.96e-04  4044s
  E1 step 2400/25000  loss=1.1258  lr=1.95e-04  4132s
  E1 step 2450/25000  loss=1.1872  lr=1.95e-04  4225s
  E1 step 2500/25000  loss=0.9784  lr=1.95e-04  4316s
  E1 step 2550/25000  loss=1.0896  lr=1.95e-04  4407s
  E1 step 2600/25000  loss=1.0723  lr=1.95e-04  4498s
  E1 step 2650/25000  loss=0.9517  lr=1.95e-04  4594s
  E1 step 2700/25000  loss=1.0976  lr=1.94e-04  4685s
  E1 step 2750/25000  loss=1.1076  lr=1.94e-04  4776s
  E1 step 2800/25000  loss=1.1086  lr=1.94e-04  4868s
  E1 step 2850/25000  loss=1.1121  lr=1.94e-04  4960s
  E1 step 2900/25000  loss=0.6964  lr=1.93e-04  5052s
  E1 step 2950/25000  loss=0.9132  lr=1.93e-04  5145s
  E1 step 3000/25000  loss=1.1197  lr=1.93e-04  5234s
  E1 step 3050/25000  loss=1.1711  lr=1.93e-04  5326s
  E1 step 3100/25000  loss=1.0546  lr=1.93e-04  5419s
  E1 step 3150/25000  loss=0.8351  lr=1.92e-04  5511s
  E1 step 3200/25000  loss=0.9439  lr=1.92e-04  5601s
  E1 step 3250/25000  loss=1.3195  lr=1.92e-04  5693s
  E1 step 3300/25000  loss=1.1261  lr=1.92e-04  5783s
  E1 step 3350/25000  loss=1.1783  lr=1.91e-04  5875s
  E1 step 3400/25000  loss=1.0196  lr=1.91e-04  5967s
  E1 step 3450/25000  loss=1.0234  lr=1.91e-04  6058s
  E1 step 3500/25000  loss=0.6560  lr=1.91e-04  6151s
  E1 step 3550/25000  loss=0.8920  lr=1.90e-04  6242s
  E1 step 3600/25000  loss=0.8656  lr=1.90e-04  6332s
  E1 step 3650/25000  loss=0.7870  lr=1.90e-04  6424s
  E1 step 3700/25000  loss=1.1731  lr=1.89e-04  6517s
  E1 step 3750/25000  loss=1.0654  lr=1.89e-04  6610s
  E1 step 3800/25000  loss=1.0883  lr=1.89e-04  6702s
  E1 step 3850/25000  loss=1.0581  lr=1.89e-04  6794s
  E1 step 3900/25000  loss=0.9153  lr=1.88e-04  6888s
  E1 step 3950/25000  loss=0.8994  lr=1.88e-04  6981s
  E1 step 4000/25000  loss=1.0003  lr=1.88e-04  7073s
  E1 step 4050/25000  loss=1.1014  lr=1.87e-04  7168s
  E1 step 4100/25000  loss=1.1783  lr=1.87e-04  7262s
  E1 step 4150/25000  loss=1.1563  lr=1.87e-04  7355s
  E1 step 4200/25000  loss=0.7083  lr=1.86e-04  7449s
  E1 step 4250/25000  loss=0.9425  lr=1.86e-04  7543s
  E1 step 4300/25000  loss=0.8078  lr=1.86e-04  7638s
  E1 step 4350/25000  loss=0.9250  lr=1.85e-04  7732s
  E1 step 4400/25000  loss=1.1463  lr=1.85e-04  7828s
  E1 step 4450/25000  loss=1.0823  lr=1.85e-04  7918s
  E1 step 4500/25000  loss=0.9059  lr=1.84e-04  8011s
  E1 step 4550/25000  loss=0.7649  lr=1.84e-04  8104s
  E1 step 4600/25000  loss=0.8669  lr=1.84e-04  8198s
  E1 step 4650/25000  loss=0.9397  lr=1.83e-04  8292s
  E1 step 4700/25000  loss=0.7353  lr=1.83e-04  8386s
  E1 step 4750/25000  loss=1.0705  lr=1.83e-04  8476s
  E1 step 4800/25000  loss=1.0031  lr=1.82e-04  8569s
  E1 step 4850/25000  loss=0.8702  lr=1.82e-04  8665s
  E1 step 4900/25000  loss=0.9302  lr=1.82e-04  8757s
  E1 step 4950/25000  loss=1.0271  lr=1.81e-04  8850s
  E1 step 5000/25000  loss=0.9840  lr=1.81e-04  8937s
  E1 step 5050/25000  loss=1.0329  lr=1.81e-04  9018s
  E1 step 5100/25000  loss=0.9903  lr=1.80e-04  9097s
  E1 step 5150/25000  loss=1.1310  lr=1.80e-04  9176s
  E1 step 5200/25000  loss=0.9916  lr=1.79e-04  9255s
  E1 step 5250/25000  loss=0.8467  lr=1.79e-04  9334s
  E1 step 5300/25000  loss=0.9575  lr=1.79e-04  9413s
  E1 step 5350/25000  loss=0.8986  lr=1.78e-04  9491s
  E1 step 5400/25000  loss=1.0622  lr=1.78e-04  9572s
  E1 step 5450/25000  loss=1.0380  lr=1.77e-04  9651s
  E1 step 5500/25000  loss=1.0920  lr=1.77e-04  9730s
  E1 step 5550/25000  loss=1.0385  lr=1.77e-04  9809s
  E1 step 5600/25000  loss=1.1668  lr=1.76e-04  9886s
  E1 step 5650/25000  loss=1.1231  lr=1.76e-04  9964s
  E1 step 5700/25000  loss=0.8598  lr=1.75e-04  10043s
  E1 step 5750/25000  loss=1.0242  lr=1.75e-04  10121s
  E1 step 5800/25000  loss=1.0477  lr=1.75e-04  10201s
  E1 step 5850/25000  loss=1.1446  lr=1.74e-04  10280s
  E1 step 5900/25000  loss=0.9665  lr=1.74e-04  10358s
  E1 step 5950/25000  loss=0.9151  lr=1.73e-04  10437s
  E1 step 6000/25000  loss=0.6913  lr=1.73e-04  10515s
  E1 step 6050/25000  loss=0.8082  lr=1.72e-04  10594s
  E1 step 6100/25000  loss=0.9403  lr=1.72e-04  10672s
  E1 step 6150/25000  loss=0.9913  lr=1.72e-04  10753s
  E1 step 6200/25000  loss=0.9286  lr=1.71e-04  10832s
  E1 step 6250/25000  loss=1.1560  lr=1.71e-04  10909s
  E1 step 6300/25000  loss=0.9056  lr=1.70e-04  10990s
  E1 step 6350/25000  loss=0.8189  lr=1.70e-04  11068s
  E1 step 6400/25000  loss=1.1101  lr=1.69e-04  11145s
  E1 step 6450/25000  loss=0.7628  lr=1.69e-04  11222s
  E1 step 6500/25000  loss=1.0349  lr=1.68e-04  11301s
  E1 step 6550/25000  loss=1.0778  lr=1.68e-04  11381s
  E1 step 6600/25000  loss=0.9616  lr=1.68e-04  11459s
  E1 step 6650/25000  loss=1.1390  lr=1.67e-04  11541s
  E1 step 6700/25000  loss=0.9293  lr=1.67e-04  11617s
  E1 step 6750/25000  loss=1.0443  lr=1.66e-04  11695s
  E1 step 6800/25000  loss=1.0575  lr=1.66e-04  11773s
  E1 step 6850/25000  loss=0.9831  lr=1.65e-04  11851s
  E1 step 6900/25000  loss=1.2172  lr=1.65e-04  11930s
  E1 step 6950/25000  loss=0.7684  lr=1.64e-04  12008s
  E1 step 7000/25000  loss=0.9414  lr=1.64e-04  12088s
  E1 step 7050/25000  loss=1.0628  lr=1.63e-04  12169s
  E1 step 7100/25000  loss=0.8265  lr=1.63e-04  12246s
  E1 step 7150/25000  loss=0.9931  lr=1.62e-04  12324s
  E1 step 7200/25000  loss=0.9614  lr=1.62e-04  12403s
  E1 step 7250/25000  loss=0.8875  lr=1.61e-04  12482s
  E1 step 7300/25000  loss=0.7858  lr=1.61e-04  12561s
  E1 step 7350/25000  loss=1.0078  lr=1.60e-04  12641s
  E1 step 7400/25000  loss=0.9746  lr=1.60e-04  12722s
  E1 step 7450/25000  loss=1.0200  lr=1.59e-04  12799s
  E1 step 7500/25000  loss=0.9303  lr=1.59e-04  12880s
  E1 step 7550/25000  loss=1.0327  lr=1.58e-04  12956s
  E1 step 7600/25000  loss=1.0111  lr=1.58e-04  13035s
  E1 step 7650/25000  loss=0.8789  lr=1.57e-04  13114s
  E1 step 7700/25000  loss=0.8964  lr=1.57e-04  13193s
  E1 step 7750/25000  loss=0.9746  lr=1.56e-04  13272s
  E1 step 7800/25000  loss=1.2021  lr=1.56e-04  13351s
  E1 step 7850/25000  loss=0.9877  lr=1.55e-04  13430s
  E1 step 7900/25000  loss=0.9101  lr=1.55e-04  13507s
  E1 step 7950/25000  loss=1.2020  lr=1.54e-04  13585s
  E1 step 8000/25000  loss=0.9517  lr=1.54e-04  13663s
  E1 step 8050/25000  loss=0.8588  lr=1.53e-04  13740s
  E1 step 8100/25000  loss=1.1340  lr=1.53e-04  13819s
  E1 step 8150/25000  loss=0.9096  lr=1.52e-04  13897s
  E1 step 8200/25000  loss=0.9510  lr=1.51e-04  13977s
  E1 step 8250/25000  loss=1.0446  lr=1.51e-04  14054s
  E1 step 8300/25000  loss=1.1745  lr=1.50e-04  14134s
  E1 step 8350/25000  loss=0.9676  lr=1.50e-04  14212s
  E1 step 8400/25000  loss=0.9210  lr=1.49e-04  14292s
  E1 step 8450/25000  loss=0.9708  lr=1.49e-04  14372s
  E1 step 8500/25000  loss=1.0971  lr=1.48e-04  14450s
  E1 step 8550/25000  loss=0.9660  lr=1.48e-04  14530s
  E1 step 8600/25000  loss=1.1711  lr=1.47e-04  14606s
  E1 step 8650/25000  loss=1.1060  lr=1.47e-04  14686s
  E1 step 8700/25000  loss=1.0695  lr=1.46e-04  14767s
  E1 step 8750/25000  loss=0.9202  lr=1.45e-04  14848s
  E1 step 8800/25000  loss=1.0120  lr=1.45e-04  14926s
  E1 step 8850/25000  loss=1.1105  lr=1.44e-04  15004s
  E1 step 8900/25000  loss=0.8720  lr=1.44e-04  15083s
  E1 step 8950/25000  loss=1.0738  lr=1.43e-04  15162s
  E1 step 9000/25000  loss=1.1664  lr=1.43e-04  15240s
  E1 step 9050/25000  loss=1.0084  lr=1.42e-04  15320s
  E1 step 9100/25000  loss=1.2363  lr=1.41e-04  15400s
  E1 step 9150/25000  loss=0.9028  lr=1.41e-04  15477s
  E1 step 9200/25000  loss=1.0339  lr=1.40e-04  15557s
  E1 step 9250/25000  loss=0.7802  lr=1.40e-04  15633s
  E1 step 9300/25000  loss=1.0464  lr=1.39e-04  15710s
  E1 step 9350/25000  loss=0.8174  lr=1.39e-04  15789s
  E1 step 9400/25000  loss=0.9707  lr=1.38e-04  15869s
  E1 step 9450/25000  loss=1.1487  lr=1.37e-04  15946s
  E1 step 9500/25000  loss=0.6943  lr=1.37e-04  16025s
  E1 step 9550/25000  loss=1.0644  lr=1.36e-04  16104s
  E1 step 9600/25000  loss=0.8689  lr=1.36e-04  16183s
  E1 step 9650/25000  loss=1.0776  lr=1.35e-04  16262s
  E1 step 9700/25000  loss=1.0538  lr=1.35e-04  16342s
  E1 step 9750/25000  loss=1.1137  lr=1.34e-04  16422s
  E1 step 9800/25000  loss=0.9385  lr=1.33e-04  16500s
  E1 step 9850/25000  loss=0.9173  lr=1.33e-04  16579s
  E1 step 9900/25000  loss=0.8999  lr=1.32e-04  16658s
  E1 step 9950/25000  loss=0.9676  lr=1.32e-04  16736s
  E1 step 10000/25000  loss=1.1209  lr=1.31e-04  16815s
  E1 step 10050/25000  loss=0.9943  lr=1.30e-04  16894s
  E1 step 10100/25000  loss=1.1134  lr=1.30e-04  16973s
  E1 step 10150/25000  loss=0.8753  lr=1.29e-04  17052s
  E1 step 10200/25000  loss=0.8346  lr=1.29e-04  17130s
  E1 step 10250/25000  loss=1.0619  lr=1.28e-04  17209s
  E1 step 10300/25000  loss=0.8109  lr=1.27e-04  17286s
  E1 step 10350/25000  loss=0.9945  lr=1.27e-04  17364s
  E1 step 10400/25000  loss=1.0212  lr=1.26e-04  17442s
  E1 step 10450/25000  loss=1.1016  lr=1.26e-04  17521s
  E1 step 10500/25000  loss=1.1060  lr=1.25e-04  17600s
  E1 step 10550/25000  loss=0.9883  lr=1.24e-04  17678s
  E1 step 10600/25000  loss=0.9619  lr=1.24e-04  17759s
  E1 step 10650/25000  loss=0.9432  lr=1.23e-04  17835s
  E1 step 10700/25000  loss=0.8491  lr=1.22e-04  17916s
  E1 step 10750/25000  loss=1.1801  lr=1.22e-04  17995s
  E1 step 10800/25000  loss=0.9362  lr=1.21e-04  18074s
  E1 step 10850/25000  loss=1.0754  lr=1.21e-04  18154s
  E1 step 10900/25000  loss=0.9284  lr=1.20e-04  18234s
  E1 step 10950/25000  loss=0.9577  lr=1.19e-04  18312s
  E1 step 11000/25000  loss=1.0101  lr=1.19e-04  18389s
  E1 step 11050/25000  loss=0.9356  lr=1.18e-04  18470s
  E1 step 11100/25000  loss=0.9440  lr=1.18e-04  18549s
  E1 step 11150/25000  loss=1.2285  lr=1.17e-04  18626s
  E1 step 11200/25000  loss=1.0649  lr=1.16e-04  18703s
  E1 step 11250/25000  loss=1.0919  lr=1.16e-04  18782s
  E1 step 11300/25000  loss=0.9452  lr=1.15e-04  18859s
  E1 step 11350/25000  loss=0.9368  lr=1.14e-04  18938s
  E1 step 11400/25000  loss=1.0802  lr=1.14e-04  19017s
  E1 step 11450/25000  loss=1.0183  lr=1.13e-04  19096s
  E1 step 11500/25000  loss=0.9564  lr=1.13e-04  19174s
  E1 step 11550/25000  loss=0.9724  lr=1.12e-04  19253s
  E1 step 11600/25000  loss=0.9188  lr=1.11e-04  19333s
  E1 step 11650/25000  loss=0.9930  lr=1.11e-04  19411s
  E1 step 11700/25000  loss=0.8354  lr=1.10e-04  19488s
  E1 step 11750/25000  loss=0.9826  lr=1.09e-04  19567s
  E1 step 11800/25000  loss=0.8196  lr=1.09e-04  19646s
  E1 step 11850/25000  loss=0.9679  lr=1.08e-04  19723s
  E1 step 11900/25000  loss=1.1507  lr=1.08e-04  19801s
  E1 step 11950/25000  loss=0.9585  lr=1.07e-04  19880s
  E1 step 12000/25000  loss=1.1555  lr=1.06e-04  19959s
  E1 step 12050/25000  loss=1.0775  lr=1.06e-04  20037s
  E1 step 12100/25000  loss=0.9232  lr=1.05e-04  20116s
  E1 step 12150/25000  loss=1.0215  lr=1.04e-04  20193s
  E1 step 12200/25000  loss=1.0264  lr=1.04e-04  20271s
  E1 step 12250/25000  loss=0.8932  lr=1.03e-04  20352s
  E1 step 12300/25000  loss=0.9842  lr=1.03e-04  20431s
  E1 step 12350/25000  loss=1.2686  lr=1.02e-04  20510s
  E1 step 12400/25000  loss=1.0364  lr=1.01e-04  20588s
  E1 step 12450/25000  loss=1.0906  lr=1.01e-04  20667s
  E1 step 12500/25000  loss=1.0164  lr=1.00e-04  20745s
  E1 step 12550/25000  loss=0.8549  lr=9.94e-05  20824s
  E1 step 12600/25000  loss=0.8296  lr=9.87e-05  20903s
  E1 step 12650/25000  loss=0.8614  lr=9.81e-05  20982s
  E1 step 12700/25000  loss=0.9923  lr=9.75e-05  21060s
  E1 step 12750/25000  loss=1.0812  lr=9.69e-05  21137s
  E1 step 12800/25000  loss=1.0188  lr=9.62e-05  21215s
  E1 step 12850/25000  loss=0.5584  lr=9.56e-05  21293s
  E1 step 12900/25000  loss=0.7512  lr=9.50e-05  21371s
  E1 step 12950/25000  loss=0.8231  lr=9.44e-05  21449s
  E1 step 13000/25000  loss=1.0149  lr=9.37e-05  21529s
  E1 step 13050/25000  loss=1.0098  lr=9.31e-05  21607s
  E1 step 13100/25000  loss=1.2691  lr=9.25e-05  21687s
  E1 step 13150/25000  loss=0.8724  lr=9.19e-05  21762s
  E1 step 13200/25000  loss=0.8323  lr=9.12e-05  21841s
  E1 step 13250/25000  loss=1.0139  lr=9.06e-05  21920s
  E1 step 13300/25000  loss=0.9417  lr=9.00e-05  21999s
  E1 step 13350/25000  loss=0.9041  lr=8.94e-05  22079s
  E1 step 13400/25000  loss=1.0388  lr=8.87e-05  22157s
  E1 step 13450/25000  loss=1.1034  lr=8.81e-05  22235s
  E1 step 13500/25000  loss=0.9586  lr=8.75e-05  22316s
  E1 step 13550/25000  loss=1.0338  lr=8.69e-05  22397s
  E1 step 13600/25000  loss=0.8552  lr=8.62e-05  22474s
  E1 step 13650/25000  loss=0.9537  lr=8.56e-05  22552s
  E1 step 13700/25000  loss=0.9973  lr=8.50e-05  22633s
  E1 step 13750/25000  loss=1.0455  lr=8.44e-05  22712s
  E1 step 13800/25000  loss=0.8067  lr=8.37e-05  22792s
  E1 step 13850/25000  loss=0.9084  lr=8.31e-05  22871s
  E1 step 13900/25000  loss=0.9808  lr=8.25e-05  22951s
  E1 step 13950/25000  loss=0.9973  lr=8.20e-05  23031s
  E1 step 14000/25000  loss=0.8141  lr=8.13e-05  23111s
  E1 step 14050/25000  loss=1.1051  lr=8.07e-05  23190s
  E1 step 14100/25000  loss=1.0200  lr=8.01e-05  23269s
  E1 step 14150/25000  loss=1.0857  lr=7.95e-05  23349s
  E1 step 14200/25000  loss=0.8932  lr=7.88e-05  23427s
  E1 step 14250/25000  loss=0.9337  lr=7.82e-05  23508s
  E1 step 14300/25000  loss=0.8570  lr=7.76e-05  23587s
  E1 step 14350/25000  loss=0.9253  lr=7.70e-05  23667s
  E1 step 14400/25000  loss=0.8347  lr=7.64e-05  23746s
  E1 step 14450/25000  loss=0.9139  lr=7.58e-05  23825s
  E1 step 14500/25000  loss=0.9992  lr=7.52e-05  23905s
  E1 step 14550/25000  loss=1.0103  lr=7.46e-05  23985s
  E1 step 14600/25000  loss=1.0511  lr=7.39e-05  24062s
  E1 step 14650/25000  loss=0.9027  lr=7.33e-05  24139s
  E1 step 14700/25000  loss=0.9375  lr=7.28e-05  24218s
  E1 step 14750/25000  loss=0.9236  lr=7.22e-05  24297s
  E1 step 14800/25000  loss=0.9836  lr=7.15e-05  24377s
  E1 step 14850/25000  loss=1.0188  lr=7.09e-05  24456s
  E1 step 14900/25000  loss=1.0266  lr=7.03e-05  24533s
  E1 step 14950/25000  loss=0.9480  lr=6.98e-05  24612s
  E1 step 15000/25000  loss=1.1893  lr=6.91e-05  24689s
  E1 step 15050/25000  loss=1.0282  lr=6.85e-05  24768s
  E1 step 15100/25000  loss=1.1183  lr=6.80e-05  24845s
  E1 step 15150/25000  loss=1.1665  lr=6.74e-05  24925s
  E1 step 15200/25000  loss=0.8358  lr=6.67e-05  25003s
  E1 step 15250/25000  loss=0.9764  lr=6.61e-05  25083s
  E1 step 15300/25000  loss=0.8210  lr=6.56e-05  25161s
  E1 step 15350/25000  loss=0.9343  lr=6.50e-05  25242s
  E1 step 15400/25000  loss=0.8430  lr=6.44e-05  25321s
  E1 step 15450/25000  loss=1.0714  lr=6.38e-05  25400s
  E1 step 15500/25000  loss=0.9941  lr=6.32e-05  25479s
  E1 step 15550/25000  loss=0.9341  lr=6.27e-05  25560s
  E1 step 15600/25000  loss=1.0557  lr=6.20e-05  25640s
  E1 step 15650/25000  loss=1.0857  lr=6.15e-05  25721s
  E1 step 15700/25000  loss=1.0392  lr=6.09e-05  25800s
  E1 step 15750/25000  loss=0.9740  lr=6.04e-05  25878s
  E1 step 15800/25000  loss=0.9045  lr=5.97e-05  25957s
  E1 step 15850/25000  loss=1.0322  lr=5.92e-05  26035s
  E1 step 15900/25000  loss=0.9397  lr=5.86e-05  26114s
  E1 step 15950/25000  loss=0.8721  lr=5.81e-05  26192s
  E1 step 16000/25000  loss=0.8365  lr=5.74e-05  26271s
  E1 step 16050/25000  loss=0.9776  lr=5.69e-05  26351s
  E1 step 16100/25000  loss=0.9059  lr=5.63e-05  26429s
  E1 step 16150/25000  loss=0.9562  lr=5.58e-05  26508s
  E1 step 16200/25000  loss=1.1156  lr=5.52e-05  26588s
  E1 step 16250/25000  loss=0.8902  lr=5.46e-05  26668s
  E1 step 16300/25000  loss=1.0383  lr=5.41e-05  26747s
  E1 step 16350/25000  loss=0.9559  lr=5.36e-05  26827s
  E1 step 16400/25000  loss=1.2465  lr=5.29e-05  26903s
  E1 step 16450/25000  loss=1.1595  lr=5.24e-05  26983s
  E1 step 16500/25000  loss=0.9239  lr=5.19e-05  27063s
  E1 step 16550/25000  loss=0.9346  lr=5.13e-05  27141s
  E1 step 16600/25000  loss=0.9097  lr=5.07e-05  27221s
  E1 step 16650/25000  loss=1.1666  lr=5.02e-05  27300s
  E1 step 16700/25000  loss=0.9852  lr=4.97e-05  27379s
  E1 step 16750/25000  loss=1.0246  lr=4.92e-05  27456s
  E1 step 16800/25000  loss=1.1340  lr=4.86e-05  27536s
  E1 step 16850/25000  loss=0.7492  lr=4.80e-05  27614s
  E1 step 16900/25000  loss=1.0076  lr=4.75e-05  27691s
  E1 step 16950/25000  loss=1.0533  lr=4.70e-05  27769s
  E1 step 17000/25000  loss=0.9343  lr=4.64e-05  27846s
  E1 step 17050/25000  loss=0.8613  lr=4.59e-05  27926s
  E1 step 17100/25000  loss=1.0136  lr=4.54e-05  28003s
  E1 step 17150/25000  loss=1.0249  lr=4.49e-05  28081s
  E1 step 17200/25000  loss=0.7623  lr=4.43e-05  28160s
  E1 step 17250/25000  loss=0.8338  lr=4.38e-05  28238s
  E1 step 17300/25000  loss=1.0315  lr=4.33e-05  28313s
  E1 step 17350/25000  loss=1.1413  lr=4.28e-05  28391s
  E1 step 17400/25000  loss=0.9188  lr=4.22e-05  28468s
  E1 step 17450/25000  loss=0.8990  lr=4.18e-05  28548s
Traceback (most recent call last):
  File "/home/gara/jetson/runners/run_stage3_finetune.py", line 506, in <module>
    train(args)
  File "/home/gara/jetson/runners/run_stage3_finetune.py", line 405, in train
    loss_val = loss.item()
               ^^^^^^^^^^^
RuntimeError: CUDA error: unspecified launch failure
CUDA kernel errors might be asynchronously reported at some other API call, so the stacktrace below might be incorrect.
For debugging consider passing CUDA_LAUNCH_BLOCKING=1
Compile with `TORCH_USE_CUDA_DSA` to enable device-side assertions.

