06-14-2026 12:53:07 RAM 733/7607MB (lfb 2x2MB) SWAP 207/3804MB (cached 0MB) CPU [6%@1510,2%@1510,7%@1510,1%@1510,5%@1510,3%@1510] GR3D_FREQ 0% cpu@59.5C soc2@58.031C soc0@56.281C gpu@59.468C tj@59.5C soc1@58.437C VDD_IN 5317mW/5317mW VDD_CPU_GPU_CV 1069mW/1069mW VDD_SOC 1428mW/1428mW
06-14-2026 12:53:08 RAM 733/7607MB (lfb 2x2MB) SWAP 207/3804MB (cached 0MB) CPU [0%@1510,0%@1510,0%@1510,0%@1510,0%@1510,0%@1510] GR3D_FREQ 0% cpu@59.656C soc2@58.031C soc0@56.218C gpu@59.156C tj@59.656C soc1@58.375C VDD_IN 5237mW/5277mW VDD_CPU_GPU_CV 990mW/1030mW VDD_SOC 1426mW/1427mW
06-14-2026 12:53:09 RAM 733/7607MB (lfb 2x2MB) SWAP 207/3804MB (cached 0MB) CPU [0%@1510,0%@1510,0%@1510,0%@1510,0%@1510,0%@1510] GR3D_FREQ 0% cpu@59.312C soc2@58C soc0@56.25C gpu@59.156C tj@59.312C soc1@58.187C VDD_IN 5237mW/5264mW VDD_CPU_GPU_CV 990mW/1016mW VDD_SOC 1426mW/1427mW
06-14-2026 12:53:10 RAM 733/7607MB (lfb 2x2MB) SWAP 207/3804MB (cached 0MB) CPU [0%@1510,0%@1510,0%@1510,0%@1510,0%@1510,0%@1510] GR3D_FREQ 0% cpu@59.156C soc2@57.812C soc0@56.062C gpu@58.968C tj@59.343C soc1@58.093C VDD_IN 5237mW/5257mW VDD_CPU_GPU_CV 990mW/1010mW VDD_SOC 1426mW/1427mW
06-14-2026 12:53:11 RAM 733/7607MB (lfb 2x2MB) SWAP 207/3804MB (cached 0MB) CPU [0%@1510,0%@1510,1%@1510,0%@1510,0%@1510,0%@1510] GR3D_FREQ 0% cpu@59.218C soc2@57.718C soc0@56C gpu@58.968C tj@59.218C soc1@58.093C VDD_IN 5237mW/5253mW VDD_CPU_GPU_CV 990mW/1006mW VDD_SOC 1426mW/1426mW
06-14-2026 12:53:12 RAM 875/7607MB (lfb 2x2MB) SWAP 207/3804MB (cached 0MB) CPU [8%@1510,6%@1510,74%@1510,7%@1510,20%@1510,5%@1510] GR3D_FREQ 0% cpu@59.375C soc2@57.687C soc0@55.968C gpu@59C tj@59.375C soc1@58.062C VDD_IN 5991mW/5376mW VDD_CPU_GPU_CV 1426mW/1076mW VDD_SOC 1465mW/1433mW
06-14-2026 12:53:13 RAM 1117/7607MB (lfb 2x2MB) SWAP 207/3804MB (cached 0MB) CPU [10%@1510,8%@1510,81%@1510,0%@1510,0%@1510,4%@1510] GR3D_FREQ 0% cpu@59.468C soc2@57.812C soc0@56C gpu@59.093C tj@59.468C soc1@58.031C VDD_IN 6071mW/5475mW VDD_CPU_GPU_CV 1465mW/1131mW VDD_SOC 1505mW/1443mW
06-14-2026 12:53:14 RAM 2679/7607MB (lfb 2x2MB) SWAP 210/3804MB (cached 0MB) CPU [5%@1510,8%@1510,96%@1510,0%@1510,22%@1510,0%@1510] GR3D_FREQ 14% cpu@59.343C soc2@57.906C soc0@56C gpu@59C tj@59.343C soc1@58C VDD_IN 6626mW/5619mW VDD_CPU_GPU_CV 1663mW/1198mW VDD_SOC 1624mW/1466mW
06-14-2026 12:53:15 RAM 3026/7607MB (lfb 2x2MB) SWAP 219/3804MB (cached 0MB) CPU [11%@1510,8%@1510,85%@1510,0%@1510,37%@1510,0%@1510] GR3D_FREQ 99% cpu@59.218C soc2@57.812C soc0@55.906C gpu@59.75C tj@59.75C soc1@57.937C VDD_IN 7459mW/5824mW VDD_CPU_GPU_CV 2333mW/1324mW VDD_SOC 1663mW/1488mW
06-14-2026 12:53:16 RAM 3054/7607MB (lfb 2x4MB) SWAP 219/3804MB (cached 0MB) CPU [0%@1510,0%@1510,3%@1510,0%@1510,0%@1510,6%@1510] GR3D_FREQ 99% cpu@59.406C soc2@58.031C soc0@56.031C gpu@60.125C tj@60.125C soc1@57.937C VDD_IN 10102mW/6251mW VDD_CPU_GPU_CV 4343mW/1626mW VDD_SOC 1901mW/1529mW
06-14-2026 12:53:17 RAM 3054/7607MB (lfb 2x4MB) SWAP 219/3804MB (cached 0MB) CPU [0%@1510,0%@1510,0%@1510,0%@1510,0%@1510,0%@1510] GR3D_FREQ 99% cpu@59.468C soc2@58.218C soc0@56.093C gpu@60.281C tj@60.281C soc1@58.062C VDD_IN 10537mW/6641mW VDD_CPU_GPU_CV 4738mW/1909mW VDD_SOC 1941mW/1566mW
06-14-2026 12:53:18 RAM 3055/7607MB (lfb 2x4MB) SWAP 219/3804MB (cached 0MB) CPU [0%@1510,0%@1510,1%@1510,0%@1510,0%@1510,0%@1510] GR3D_FREQ 99% cpu@59.718C soc2@58.343C soc0@56.312C gpu@60.468C tj@60.468C soc1@58.062C VDD_IN 10617mW/6972mW VDD_CPU_GPU_CV 4778mW/2148mW VDD_SOC 1941mW/1598mW
06-14-2026 12:53:19 RAM 3055/7607MB (lfb 2x4MB) SWAP 219/3804MB (cached 0MB) CPU [0%@1510,0%@1510,0%@1510,0%@1510,0%@1510,0%@1510] GR3D_FREQ 99% cpu@59.625C soc2@58.406C soc0@56.343C gpu@60.562C tj@60.562C soc1@58.031C VDD_IN 10696mW/7259mW VDD_CPU_GPU_CV 4817mW/2353mW VDD_SOC 1938mW/1624mW
06-14-2026 12:53:20 RAM 3055/7607MB (lfb 2x4MB) SWAP 219/3804MB (cached 0MB) CPU [0%@1510,0%@1510,0%@1510,1%@1510,0%@1510,0%@1510] GR3D_FREQ 99% cpu@59.625C soc2@58.437C soc0@56.5C gpu@60.656C tj@60.656C soc1@58.062C VDD_IN 10696mW/7504mW VDD_CPU_GPU_CV 4857mW/2532mW VDD_SOC 1941mW/1647mW
06-14-2026 12:53:21 RAM 3126/7607MB (lfb 4x4MB) SWAP 219/3804MB (cached 0MB) CPU [0%@1510,0%@1510,7%@1510,0%@1510,0%@1510,14%@1510] GR3D_FREQ 99% cpu@59.718C soc2@58.593C soc0@56.406C gpu@60.781C tj@60.781C soc1@58.187C VDD_IN 11786mW/7790mW VDD_CPU_GPU_CV 4809mW/2684mW VDD_SOC 2369mW/1695mW
06-14-2026 12:53:22 RAM 3127/7607MB (lfb 4x4MB) SWAP 219/3804MB (cached 0MB) CPU [0%@1510,0%@1510,0%@1510,0%@1510,0%@1510,0%@1510] GR3D_FREQ 98% cpu@59.906C soc2@58.625C soc0@56.437C gpu@60.812C tj@60.812C soc1@58.281C VDD_IN 12359mW/8075mW VDD_CPU_GPU_CV 4959mW/2826mW VDD_SOC 2527mW/1747mW
06-14-2026 12:53:23 RAM 3127/7607MB (lfb 3x4MB) SWAP 219/3804MB (cached 0MB) CPU [0%@1510,0%@1510,0%@1510,0%@1510,0%@1510,0%@1510] GR3D_FREQ 98% cpu@60.187C soc2@58.718C soc0@56.5C gpu@60.968C tj@60.968C soc1@58.406C VDD_IN 12399mW/8330mW VDD_CPU_GPU_CV 4959mW/2952mW VDD_SOC 2527mW/1793mW
06-14-2026 12:53:24 RAM 3127/7607MB (lfb 3x4MB) SWAP 219/3804MB (cached 0MB) CPU [0%@1510,0%@1510,0%@1510,0%@1510,0%@1510,0%@1510] GR3D_FREQ 98% cpu@60.156C soc2@58.843C soc0@56.718C gpu@61.062C tj@61.062C soc1@58.531C VDD_IN 12438mW/8558mW VDD_CPU_GPU_CV 4998mW/3065mW VDD_SOC 2527mW/1833mW
06-14-2026 12:53:25 RAM 3127/7607MB (lfb 3x4MB) SWAP 219/3804MB (cached 0MB) CPU [0%@1510,0%@1510,0%@1510,0%@1510,0%@1510,0%@1510] GR3D_FREQ 98% cpu@60.093C soc2@58.968C soc0@56.875C gpu@61.218C tj@61.218C soc1@58.406C VDD_IN 12399mW/8760mW VDD_CPU_GPU_CV 4998mW/3167mW VDD_SOC 2527mW/1870mW
06-14-2026 12:53:26 RAM 3127/7607MB (lfb 3x4MB) SWAP 219/3804MB (cached 0MB) CPU [0%@1510,0%@1510,0%@1510,0%@1510,0%@1510,0%@1510] GR3D_FREQ 98% cpu@60.187C soc2@58.937C soc0@56.687C gpu@61.187C tj@61.187C soc1@58.468C VDD_IN 12438mW/8944mW VDD_CPU_GPU_CV 4998mW/3259mW VDD_SOC 2527mW/1903mW
06-14-2026 12:53:27 RAM 3127/7607MB (lfb 3x4MB) SWAP 219/3804MB (cached 0MB) CPU [0%@1510,0%@1510,1%@1510,0%@1510,0%@1510,0%@1510] GR3D_FREQ 98% cpu@60.218C soc2@58.968C soc0@56.75C gpu@61.312C tj@61.312C soc1@58.531C VDD_IN 12438mW/9110mW VDD_CPU_GPU_CV 4998mW/3341mW VDD_SOC 2527mW/1932mW
06-14-2026 12:53:28 RAM 3128/7607MB (lfb 3x4MB) SWAP 219/3804MB (cached 0MB) CPU [0%@1510,0%@1510,0%@1510,0%@1510,0%@1510,0%@1510] GR3D_FREQ 98% cpu@60.218C soc2@59.125C soc0@56.937C gpu@61.375C tj@61.375C soc1@58.625C VDD_IN 12438mW/9262mW VDD_CPU_GPU_CV 4998mW/3417mW VDD_SOC 2527mW/1960mW
06-14-2026 12:53:29 RAM 3128/7607MB (lfb 3x4MB) SWAP 219/3804MB (cached 0MB) CPU [0%@1510,0%@1510,0%@1510,0%@1510,0%@1510,0%@1510] GR3D_FREQ 98% cpu@60.437C soc2@59.25C soc0@56.968C gpu@61.468C tj@61.468C soc1@58.75C VDD_IN 12438mW/9400mW VDD_CPU_GPU_CV 4998mW/3485mW VDD_SOC 2527mW/1984mW
06-14-2026 12:53:30 RAM 3128/7607MB (lfb 3x4MB) SWAP 219/3804MB (cached 0MB) CPU [0%@1510,0%@1510,0%@1510,0%@1510,0%@1510,0%@1510] GR3D_FREQ 99% cpu@60.687C soc2@59.218C soc0@57.062C gpu@61.5C tj@61.75C soc1@58.812C VDD_IN 12478mW/9528mW VDD_CPU_GPU_CV 4998mW/3548mW VDD_SOC 2527mW/2007mW
06-14-2026 12:53:31 RAM 3128/7607MB (lfb 3x4MB) SWAP 219/3804MB (cached 0MB) CPU [0%@1510,0%@1510,0%@1510,0%@1510,0%@1510,0%@1510] GR3D_FREQ 98% cpu@60.562C soc2@59.312C soc0@57C gpu@61.593C tj@61.406C soc1@58.656C VDD_IN 12438mW/9644mW VDD_CPU_GPU_CV 4998mW/3606mW VDD_SOC 2527mW/2028mW
06-14-2026 12:53:32 RAM 3128/7607MB (lfb 3x4MB) SWAP 219/3804MB (cached 0MB) CPU [0%@1510,0%@1510,0%@1510,0%@1510,0%@1510,0%@1510] GR3D_FREQ 99% cpu@60.406C soc2@59.312C soc0@57C gpu@61.5C tj@61.5C soc1@58.812C VDD_IN 12438mW/9752mW VDD_CPU_GPU_CV 4998mW/3660mW VDD_SOC 2527mW/2047mW
06-14-2026 12:53:33 RAM 3128/7607MB (lfb 3x4MB) SWAP 219/3804MB (cached 0MB) CPU [0%@1510,0%@1510,0%@1510,0%@1510,0%@1510,0%@1510] GR3D_FREQ 98% cpu@60.437C soc2@59.406C soc0@57.093C gpu@61.625C tj@61.625C soc1@58.875C VDD_IN 12438mW/9851mW VDD_CPU_GPU_CV 4998mW/3709mW VDD_SOC 2527mW/2065mW
06-14-2026 12:53:34 RAM 3128/7607MB (lfb 3x4MB) SWAP 219/3804MB (cached 0MB) CPU [0%@1510,0%@1510,0%@1510,0%@1510,0%@1510,0%@1510] GR3D_FREQ 99% cpu@60.656C soc2@59.468C soc0@57.156C gpu@61.593C tj@61.593C soc1@58.906C VDD_IN 12478mW/9945mW VDD_CPU_GPU_CV 4998mW/3756mW VDD_SOC 2527mW/2081mW
06-14-2026 12:53:35 RAM 3128/7607MB (lfb 3x4MB) SWAP 219/3804MB (cached 0MB) CPU [0%@1510,0%@1510,0%@1510,0%@1510,0%@1510,0%@1510] GR3D_FREQ 98% cpu@60.656C soc2@59.531C soc0@57.281C gpu@61.656C tj@61.656C soc1@58.968C VDD_IN 12478mW/10032mW VDD_CPU_GPU_CV 4998mW/3798mW VDD_SOC 2527mW/2096mW
06-14-2026 12:53:36 RAM 3127/7607MB (lfb 3x4MB) SWAP 219/3804MB (cached 0MB) CPU [0%@1510,0%@1510,0%@1510,0%@1510,0%@1510,0%@1510] GR3D_FREQ 99% cpu@60.781C soc2@59.562C soc0@57.375C gpu@61.781C tj@61.781C soc1@59.125C VDD_IN 12359mW/10110mW VDD_CPU_GPU_CV 4959mW/3837mW VDD_SOC 2527mW/2111mW
06-14-2026 12:53:37 RAM 3127/7607MB (lfb 3x4MB) SWAP 219/3804MB (cached 0MB) CPU [0%@1510,1%@1510,0%@1510,0%@1510,0%@1510,0%@1510] GR3D_FREQ 99% cpu@60.75C soc2@59.656C soc0@57.468C gpu@61.812C tj@61.812C soc1@58.937C VDD_IN 12438mW/10185mW VDD_CPU_GPU_CV 4998mW/3874mW VDD_SOC 2527mW/2124mW
06-14-2026 12:53:38 RAM 3127/7607MB (lfb 3x4MB) SWAP 219/3804MB (cached 0MB) CPU [0%@1510,0%@1510,0%@1510,0%@1510,0%@1510,0%@1510] GR3D_FREQ 99% cpu@60.812C soc2@59.593C soc0@57.343C gpu@61.843C tj@61.843C soc1@59.062C VDD_IN 12478mW/10257mW VDD_CPU_GPU_CV 4998mW/3910mW VDD_SOC 2527mW/2137mW
06-14-2026 12:53:39 RAM 3127/7607MB (lfb 3x4MB) SWAP 219/3804MB (cached 0MB) CPU [0%@1510,0%@1510,0%@1510,0%@1510,0%@1510,0%@1510] GR3D_FREQ 99% cpu@60.812C soc2@59.625C soc0@57.406C gpu@61.875C tj@61.875C soc1@59.156C VDD_IN 12478mW/10324mW VDD_CPU_GPU_CV 4998mW/3943mW VDD_SOC 2527mW/2149mW
06-14-2026 12:53:40 RAM 3127/7607MB (lfb 3x4MB) SWAP 219/3804MB (cached 0MB) CPU [0%@1510,0%@1510,0%@1510,0%@1510,0%@1510,0%@1510] GR3D_FREQ 99% cpu@60.968C soc2@59.687C soc0@57.468C gpu@62C tj@62C soc1@59.156C VDD_IN 12478mW/10387mW VDD_CPU_GPU_CV 4998mW/3974mW VDD_SOC 2527mW/2160mW
06-14-2026 12:53:41 RAM 3128/7607MB (lfb 3x4MB) SWAP 219/3804MB (cached 0MB) CPU [0%@1510,0%@1510,1%@1510,0%@1510,0%@1510,0%@1510] GR3D_FREQ 99% cpu@61.093C soc2@59.843C soc0@57.593C gpu@62C tj@62C soc1@59.218C VDD_IN 12438mW/10446mW VDD_CPU_GPU_CV 4998mW/4003mW VDD_SOC 2527mW/2170mW
06-14-2026 12:53:42 RAM 3128/7607MB (lfb 3x4MB) SWAP 219/3804MB (cached 0MB) CPU [0%@1510,0%@1510,0%@1510,0%@1510,0%@1510,0%@1510] GR3D_FREQ 99% cpu@61.062C soc2@59.875C soc0@57.625C gpu@62.062C tj@62.062C soc1@59.375C VDD_IN 12438mW/10501mW VDD_CPU_GPU_CV 4998mW/4031mW VDD_SOC 2527mW/2180mW
06-14-2026 12:53:43 RAM 3128/7607MB (lfb 3x4MB) SWAP 219/3804MB (cached 0MB) CPU [0%@1510,0%@1510,0%@1510,0%@1510,0%@1510,0%@1510] GR3D_FREQ 99% cpu@61.25C soc2@59.937C soc0@57.687C gpu@62.031C tj@62.031C soc1@59.312C VDD_IN 12438mW/10554mW VDD_CPU_GPU_CV 4998mW/4057mW VDD_SOC 2527mW/2190mW
06-14-2026 12:53:44 RAM 3128/7607MB (lfb 3x4MB) SWAP 219/3804MB (cached 0MB) CPU [0%@1510,0%@1510,1%@1510,0%@1510,0%@1510,0%@1510] GR3D_FREQ 99% cpu@61.093C soc2@60.031C soc0@57.531C gpu@62.187C tj@62.187C soc1@59.406C VDD_IN 12438mW/10603mW VDD_CPU_GPU_CV 4998mW/4081mW VDD_SOC 2527mW/2198mW
06-14-2026 12:53:45 RAM 3128/7607MB (lfb 3x4MB) SWAP 219/3804MB (cached 0MB) CPU [0%@1510,0%@1510,0%@1510,0%@1510,0%@1510,0%@1510] GR3D_FREQ 99% cpu@61.156C soc2@59.937C soc0@57.718C gpu@62.218C tj@62.218C soc1@59.437C VDD_IN 12438mW/10650mW VDD_CPU_GPU_CV 4959mW/4104mW VDD_SOC 2527mW/2207mW
06-14-2026 12:53:46 RAM 3128/7607MB (lfb 3x4MB) SWAP 219/3804MB (cached 0MB) CPU [0%@1510,0%@1510,0%@1510,0%@1510,0%@1510,0%@1510] GR3D_FREQ 99% cpu@61.187C soc2@60.031C soc0@57.781C gpu@62.25C tj@62.25C soc1@59.437C VDD_IN 12438mW/10695mW VDD_CPU_GPU_CV 4998mW/4126mW VDD_SOC 2527mW/2215mW
06-14-2026 12:53:47 RAM 3128/7607MB (lfb 3x4MB) SWAP 219/3804MB (cached 0MB) CPU [0%@1510,0%@1510,0%@1510,0%@1510,0%@1510,0%@1510] GR3D_FREQ 99% cpu@61.218C soc2@60.031C soc0@57.843C gpu@62.375C tj@62.375C soc1@59.593C VDD_IN 12399mW/10737mW VDD_CPU_GPU_CV 4959mW/4147mW VDD_SOC 2527mW/2222mW
06-14-2026 12:53:48 RAM 3128/7607MB (lfb 3x4MB) SWAP 219/3804MB (cached 0MB) CPU [0%@1510,0%@1510,0%@1510,0%@1510,0%@1510,0%@1510] GR3D_FREQ 99% cpu@61.375C soc2@60.187C soc0@57.937C gpu@62.375C tj@62.375C soc1@59.656C VDD_IN 12478mW/10778mW VDD_CPU_GPU_CV 4998mW/4167mW VDD_SOC 2527mW/2230mW
06-14-2026 12:53:49 RAM 3128/7607MB (lfb 3x4MB) SWAP 219/3804MB (cached 0MB) CPU [0%@1510,0%@1510,1%@1510,0%@1510,0%@1510,0%@1510] GR3D_FREQ 99% cpu@61.218C soc2@60.218C soc0@58C gpu@62.375C tj@62.375C soc1@59.562C VDD_IN 12438mW/10817mW VDD_CPU_GPU_CV 4998mW/4186mW VDD_SOC 2527mW/2237mW
06-14-2026 12:53:50 RAM 3128/7607MB (lfb 3x4MB) SWAP 219/3804MB (cached 0MB) CPU [0%@1510,0%@1510,0%@1510,0%@1510,0%@1510,0%@1510] GR3D_FREQ 99% cpu@61.312C soc2@60.25C soc0@58C gpu@62.406C tj@62.406C soc1@59.593C VDD_IN 12478mW/10854mW VDD_CPU_GPU_CV 4998mW/4205mW VDD_SOC 2527mW/2243mW
06-14-2026 12:53:51 RAM 3128/7607MB (lfb 3x4MB) SWAP 219/3804MB (cached 0MB) CPU [0%@1510,0%@1510,0%@1510,0%@1510,0%@1510,0%@1510] GR3D_FREQ 99% cpu@61.375C soc2@60.343C soc0@57.968C gpu@62.468C tj@62.468C soc1@59.656C VDD_IN 12478mW/10890mW VDD_CPU_GPU_CV 4998mW/4222mW VDD_SOC 2566mW/2250mW
06-14-2026 12:53:52 RAM 3128/7607MB (lfb 3x4MB) SWAP 219/3804MB (cached 0MB) CPU [0%@1510,0%@1510,0%@1510,0%@1510,0%@1510,0%@1510] GR3D_FREQ 99% cpu@61.5C soc2@60.281C soc0@58.031C gpu@62.468C tj@62.468C soc1@59.718C VDD_IN 12478mW/10925mW VDD_CPU_GPU_CV 4998mW/4239mW VDD_SOC 2566mW/2257mW
06-14-2026 12:53:53 RAM 3128/7607MB (lfb 3x4MB) SWAP 219/3804MB (cached 0MB) CPU [0%@1510,0%@1510,0%@1510,0%@1510,0%@1510,0%@1510] GR3D_FREQ 99% cpu@61.468C soc2@60.437C soc0@58C gpu@62.562C tj@62.562C soc1@59.718C VDD_IN 12478mW/10958mW VDD_CPU_GPU_CV 4998mW/4255mW VDD_SOC 2566mW/2264mW
06-14-2026 12:53:54 RAM 3128/7607MB (lfb 3x4MB) SWAP 219/3804MB (cached 0MB) CPU [0%@1510,0%@1510,1%@1510,0%@1510,0%@1510,0%@1510] GR3D_FREQ 99% cpu@61.562C soc2@60.437C soc0@58.093C gpu@62.656C tj@62.656C soc1@59.843C VDD_IN 12478mW/10990mW VDD_CPU_GPU_CV 4998mW/4271mW VDD_SOC 2566mW/2270mW
06-14-2026 12:53:55 RAM 3128/7607MB (lfb 3x4MB) SWAP 219/3804MB (cached 0MB) CPU [0%@1510,0%@1510,0%@1510,0%@1510,0%@1510,0%@1510] GR3D_FREQ 99% cpu@61.75C soc2@60.437C soc0@58.218C gpu@62.656C tj@62.656C soc1@59.812C VDD_IN 12478mW/11020mW VDD_CPU_GPU_CV 4998mW/4286mW VDD_SOC 2527mW/2275mW
06-14-2026 12:53:56 RAM 3128/7607MB (lfb 3x4MB) SWAP 219/3804MB (cached 0MB) CPU [0%@1510,0%@1510,0%@1510,0%@1510,0%@1510,0%@1510] GR3D_FREQ 99% cpu@61.468C soc2@60.437C soc0@58.25C gpu@62.687C tj@62.687C soc1@59.812C VDD_IN 12478mW/11049mW VDD_CPU_GPU_CV 4998mW/4300mW VDD_SOC 2566mW/2281mW
06-14-2026 12:53:57 RAM 3128/7607MB (lfb 3x4MB) SWAP 219/3804MB (cached 0MB) CPU [0%@1510,0%@1510,0%@1510,0%@1510,0%@1510,0%@1510] GR3D_FREQ 99% cpu@61.5C soc2@60.5C soc0@58.125C gpu@62.812C tj@62.812C soc1@59.875C VDD_IN 12478mW/11077mW VDD_CPU_GPU_CV 4998mW/4314mW VDD_SOC 2566mW/2287mW
06-14-2026 12:53:58 RAM 3128/7607MB (lfb 3x4MB) SWAP 219/3804MB (cached 0MB) CPU [0%@1510,0%@1510,0%@1510,0%@1510,0%@1510,0%@1510] GR3D_FREQ 99% cpu@61.656C soc2@60.531C soc0@58.125C gpu@62.812C tj@62.812C soc1@59.906C VDD_IN 12478mW/11104mW VDD_CPU_GPU_CV 4998mW/4327mW VDD_SOC 2566mW/2292mW
06-14-2026 12:53:59 RAM 3128/7607MB (lfb 3x4MB) SWAP 219/3804MB (cached 0MB) CPU [0%@1510,0%@1510,0%@1510,0%@1510,0%@1510,0%@1510] GR3D_FREQ 99% cpu@61.75C soc2@60.593C soc0@58.218C gpu@62.937C tj@62.937C soc1@59.968C VDD_IN 12478mW/11130mW VDD_CPU_GPU_CV 4998mW/4339mW VDD_SOC 2566mW/2297mW
06-14-2026 12:54:00 RAM 3128/7607MB (lfb 3x4MB) SWAP 219/3804MB (cached 0MB) CPU [0%@1510,0%@1510,0%@1510,1%@1510,0%@1510,0%@1510] GR3D_FREQ 99% cpu@61.812C soc2@60.687C soc0@58.281C gpu@62.843C tj@62.843C soc1@60.125C VDD_IN 12478mW/11155mW VDD_CPU_GPU_CV 4998mW/4352mW VDD_SOC 2566mW/2302mW
06-14-2026 12:54:01 RAM 3128/7607MB (lfb 3x4MB) SWAP 219/3804MB (cached 0MB) CPU [0%@1510,0%@1510,0%@1510,0%@1510,0%@1510,0%@1510] GR3D_FREQ 99% cpu@61.843C soc2@60.75C soc0@58.437C gpu@62.968C tj@62.968C soc1@60.187C VDD_IN 12478mW/11179mW VDD_CPU_GPU_CV 4998mW/4363mW VDD_SOC 2566mW/2307mW
06-14-2026 12:54:02 RAM 3128/7607MB (lfb 3x4MB) SWAP 219/3804MB (cached 0MB) CPU [0%@1510,0%@1510,0%@1510,0%@1510,0%@1510,0%@1510] GR3D_FREQ 99% cpu@61.812C soc2@60.781C soc0@58.5C gpu@63.062C tj@63.062C soc1@59.968C VDD_IN 12478mW/11202mW VDD_CPU_GPU_CV 4998mW/4375mW VDD_SOC 2566mW/2312mW
06-14-2026 12:54:03 RAM 3128/7607MB (lfb 3x4MB) SWAP 219/3804MB (cached 0MB) CPU [0%@1510,0%@1510,0%@1510,0%@1510,0%@1510,0%@1510] GR3D_FREQ 99% cpu@61.781C soc2@60.75C soc0@58.437C gpu@63.031C tj@63.031C soc1@60.062C VDD_IN 12478mW/11225mW VDD_CPU_GPU_CV 4998mW/4386mW VDD_SOC 2566mW/2316mW
06-14-2026 12:54:04 RAM 1595/7607MB (lfb 6x4MB) SWAP 219/3804MB (cached 0MB) CPU [10%@1510,4%@1510,16%@1510,39%@1510,15%@1510,24%@1510] GR3D_FREQ 0% cpu@61.875C soc2@60.375C soc0@58.25C gpu@61.812C tj@61.937C soc1@60.093C VDD_IN 7447mW/11160mW VDD_CPU_GPU_CV 2294mW/4350mW VDD_SOC 1703mW/2306mW
06-14-2026 12:54:05 RAM 1720/7607MB (lfb 1x2MB) SWAP 219/3804MB (cached 0MB) CPU [3%@1510,29%@1510,3%@1510,66%@1510,0%@1510,4%@1510] GR3D_FREQ 0% cpu@61.625C soc2@60.156C soc0@58.125C gpu@61.406C tj@61.625C soc1@60.093C VDD_IN 6190mW/11075mW VDD_CPU_GPU_CV 1545mW/4302mW VDD_SOC 1505mW/2292mW
06-14-2026 12:54:06 RAM 2687/7607MB (lfb 1x2MB) SWAP 219/3804MB (cached 0MB) CPU [5%@1510,4%@1510,92%@1510,2%@1510,0%@1510,1%@1510] GR3D_FREQ 38% cpu@61.562C soc2@60.062C soc0@58.062C gpu@61.5C tj@61.562C soc1@59.968C VDD_IN 6388mW/10997mW VDD_CPU_GPU_CV 1545mW/4256mW VDD_SOC 1584mW/2280mW
06-14-2026 12:54:07 RAM 3035/7607MB (lfb 1x2MB) SWAP 219/3804MB (cached 0MB) CPU [56%@1510,0%@1510,0%@1510,0%@1510,1%@1510,0%@1510] GR3D_FREQ 99% cpu@61.343C soc2@60.156C soc0@58.093C gpu@62.125C tj@62.125C soc1@60.125C VDD_IN 9428mW/10971mW VDD_CPU_GPU_CV 3711mW/4247mW VDD_SOC 1901mW/2274mW
06-14-2026 12:54:08 RAM 3047/7607MB (lfb 1x2MB) SWAP 219/3804MB (cached 0MB) CPU [3%@1510,0%@1510,0%@1510,1%@1510,0%@1510,0%@1510] GR3D_FREQ 99% cpu@61.468C soc2@60.343C soc0@58.062C gpu@62.375C tj@62.375C soc1@59.875C VDD_IN 10577mW/10965mW VDD_CPU_GPU_CV 4738mW/4255mW VDD_SOC 1977mW/2269mW
06-14-2026 12:54:09 RAM 3050/7607MB (lfb 1x2MB) SWAP 219/3804MB (cached 0MB) CPU [0%@1510,0%@1510,4%@1510,0%@1510,0%@1510,0%@1510] GR3D_FREQ 99% cpu@61.468C soc2@60.437C soc0@58.156C gpu@62.406C tj@62.406C soc1@59.906C VDD_IN 10775mW/10962mW VDD_CPU_GPU_CV 4896mW/4265mW VDD_SOC 1977mW/2265mW
06-14-2026 12:54:10 RAM 3050/7607MB (lfb 1x2MB) SWAP 219/3804MB (cached 0MB) CPU [1%@1510,0%@1510,1%@1510,0%@1510,0%@1510,0%@1510] GR3D_FREQ 99% cpu@61.562C soc2@60.437C soc0@58.125C gpu@62.562C tj@62.562C soc1@59.968C VDD_IN 10815mW/10960mW VDD_CPU_GPU_CV 4896mW/4275mW VDD_SOC 1977mW/2260mW
06-14-2026 12:54:11 RAM 3063/7607MB (lfb 1x2MB) SWAP 219/3804MB (cached 0MB) CPU [0%@1510,0%@1510,16%@1510,1%@1510,0%@1510,3%@1510] GR3D_FREQ 99% cpu@61.656C soc2@60.5C soc0@58.125C gpu@62.687C tj@62.687C soc1@60.031C VDD_IN 11826mW/10973mW VDD_CPU_GPU_CV 4770mW/4283mW VDD_SOC 2408mW/2262mW
06-14-2026 12:54:12 RAM 3063/7607MB (lfb 1x2MB) SWAP 219/3804MB (cached 0MB) CPU [0%@1510,0%@1510,0%@1510,0%@1510,0%@1510,0%@1510] GR3D_FREQ 99% cpu@61.75C soc2@60.656C soc0@58.437C gpu@62.812C tj@62.812C soc1@60.218C VDD_IN 12399mW/10995mW VDD_CPU_GPU_CV 4998mW/4294mW VDD_SOC 2527mW/2266mW
06-14-2026 12:54:13 RAM 3063/7607MB (lfb 1x2MB) SWAP 219/3804MB (cached 0MB) CPU [0%@1510,0%@1510,0%@1510,0%@1510,0%@1510,0%@1510] GR3D_FREQ 99% cpu@61.968C soc2@60.687C soc0@58.375C gpu@62.843C tj@62.843C soc1@60.031C VDD_IN 12478mW/11017mW VDD_CPU_GPU_CV 4998mW/4304mW VDD_SOC 2527mW/2270mW
06-14-2026 12:54:14 RAM 3063/7607MB (lfb 1x2MB) SWAP 219/3804MB (cached 0MB) CPU [0%@1510,0%@1510,0%@1510,0%@1510,0%@1510,0%@1510] GR3D_FREQ 99% cpu@61.75C soc2@60.812C soc0@58.437C gpu@62.875C tj@62.875C soc1@60.062C VDD_IN 12478mW/11038mW VDD_CPU_GPU_CV 4998mW/4314mW VDD_SOC 2527mW/2274mW
06-14-2026 12:54:15 RAM 3063/7607MB (lfb 1x2MB) SWAP 219/3804MB (cached 0MB) CPU [0%@1510,0%@1510,0%@1510,0%@1510,0%@1510,0%@1510] GR3D_FREQ 99% cpu@61.875C soc2@60.781C soc0@58.406C gpu@62.906C tj@62.906C soc1@60.187C VDD_IN 12478mW/11059mW VDD_CPU_GPU_CV 4998mW/4324mW VDD_SOC 2566mW/2278mW
06-14-2026 12:54:16 RAM 3063/7607MB (lfb 1x2MB) SWAP 219/3804MB (cached 0MB) CPU [0%@1510,0%@1510,0%@1510,0%@1510,0%@1510,0%@1510] GR3D_FREQ 99% cpu@62.062C soc2@60.812C soc0@58.468C gpu@63.031C tj@63.031C soc1@60.25C VDD_IN 12478mW/11079mW VDD_CPU_GPU_CV 4998mW/4334mW VDD_SOC 2566mW/2282mW
06-14-2026 12:54:17 RAM 3063/7607MB (lfb 1x2MB) SWAP 219/3804MB (cached 0MB) CPU [0%@1510,0%@1510,0%@1510,0%@1510,0%@1510,0%@1510] GR3D_FREQ 99% cpu@61.968C soc2@60.875C soc0@58.437C gpu@63.031C tj@63.031C soc1@60.281C VDD_IN 12478mW/11099mW VDD_CPU_GPU_CV 4998mW/4343mW VDD_SOC 2566mW/2286mW
06-14-2026 12:54:18 RAM 3064/7607MB (lfb 1x2MB) SWAP 219/3804MB (cached 0MB) CPU [0%@1510,0%@1510,0%@1510,0%@1510,0%@1510,0%@1510] GR3D_FREQ 99% cpu@62.125C soc2@60.906C soc0@58.656C gpu@63.093C tj@63.093C soc1@60.406C VDD_IN 12478mW/11118mW VDD_CPU_GPU_CV 4998mW/4352mW VDD_SOC 2566mW/2290mW
06-14-2026 12:54:19 RAM 3064/7607MB (lfb 1x2MB) SWAP 219/3804MB (cached 0MB) CPU [0%@1510,0%@1510,0%@1510,0%@1510,0%@1510,0%@1510] GR3D_FREQ 99% cpu@61.937C soc2@61C soc0@58.781C gpu@63.25C tj@63.25C soc1@60.281C VDD_IN 12478mW/11137mW VDD_CPU_GPU_CV 4998mW/4361mW VDD_SOC 2566mW/2294mW
06-14-2026 12:54:20 RAM 3064/7607MB (lfb 1x2MB) SWAP 219/3804MB (cached 0MB) CPU [0%@1510,0%@1510,0%@1510,0%@1510,0%@1510,0%@1510] GR3D_FREQ 99% cpu@62.125C soc2@60.968C soc0@58.593C gpu@63.156C tj@63.156C soc1@60.375C VDD_IN 12478mW/11155mW VDD_CPU_GPU_CV 4998mW/4370mW VDD_SOC 2566mW/2298mW
06-14-2026 12:54:21 RAM 3064/7607MB (lfb 1x2MB) SWAP 219/3804MB (cached 0MB) CPU [0%@1510,0%@1510,0%@1510,0%@1510,0%@1510,0%@1510] GR3D_FREQ 99% cpu@62.062C soc2@60.968C soc0@58.625C gpu@63.218C tj@63.218C soc1@60.375C VDD_IN 12478mW/11173mW VDD_CPU_GPU_CV 4998mW/4378mW VDD_SOC 2566mW/2301mW
06-14-2026 12:54:22 RAM 3064/7607MB (lfb 1x2MB) SWAP 219/3804MB (cached 0MB) CPU [0%@1510,0%@1510,0%@1510,0%@1510,0%@1510,0%@1510] GR3D_FREQ 99% cpu@62.187C soc2@61.031C soc0@58.687C gpu@63.281C tj@63.281C soc1@60.406C VDD_IN 12478mW/11190mW VDD_CPU_GPU_CV 4998mW/4386mW VDD_SOC 2566mW/2305mW
06-14-2026 12:54:23 RAM 3064/7607MB (lfb 1x2MB) SWAP 219/3804MB (cached 0MB) CPU [0%@1510,0%@1510,0%@1510,0%@1510,0%@1510,0%@1510] GR3D_FREQ 99% cpu@62.312C soc2@61.125C soc0@58.781C gpu@63.375C tj@63.375C soc1@60.531C VDD_IN 12478mW/11207mW VDD_CPU_GPU_CV 4998mW/4394mW VDD_SOC 2566mW/2308mW
06-14-2026 12:54:24 RAM 3063/7607MB (lfb 1x2MB) SWAP 219/3804MB (cached 0MB) CPU [0%@1510,0%@1510,0%@1510,0%@1510,0%@1510,0%@1510] GR3D_FREQ 99% cpu@62.187C soc2@61.093C soc0@58.875C gpu@63.375C tj@63.375C soc1@60.531C VDD_IN 12478mW/11223mW VDD_CPU_GPU_CV 4998mW/4402mW VDD_SOC 2566mW/2311mW
06-14-2026 12:54:25 RAM 3063/7607MB (lfb 1x2MB) SWAP 219/3804MB (cached 0MB) CPU [0%@1510,0%@1510,0%@1510,0%@1510,0%@1510,0%@1510] GR3D_FREQ 99% cpu@62.468C soc2@61.156C soc0@58.937C gpu@63.406C tj@63.406C soc1@60.468C VDD_IN 12478mW/11239mW VDD_CPU_GPU_CV 4998mW/4409mW VDD_SOC 2566mW/2315mW
06-14-2026 12:54:26 RAM 3063/7607MB (lfb 1x2MB) SWAP 219/3804MB (cached 0MB) CPU [0%@1510,0%@1510,0%@1510,0%@1510,0%@1510,0%@1510] GR3D_FREQ 99% cpu@62.156C soc2@61.093C soc0@58.781C gpu@63.468C tj@63.468C soc1@60.531C VDD_IN 12517mW/11255mW VDD_CPU_GPU_CV 4998mW/4417mW VDD_SOC 2566mW/2318mW
06-14-2026 12:54:27 RAM 3063/7607MB (lfb 1x2MB) SWAP 219/3804MB (cached 0MB) CPU [0%@1510,0%@1510,0%@1510,1%@1510,0%@1510,0%@1510] GR3D_FREQ 99% cpu@62.312C soc2@61.156C soc0@58.875C gpu@63.531C tj@63.531C soc1@60.5C VDD_IN 12478mW/11270mW VDD_CPU_GPU_CV 5038mW/4424mW VDD_SOC 2566mW/2321mW
06-14-2026 12:54:28 RAM 3063/7607MB (lfb 1x2MB) SWAP 219/3804MB (cached 0MB) CPU [0%@1510,0%@1510,0%@1510,1%@1510,0%@1510,0%@1510] GR3D_FREQ 99% cpu@62.25C soc2@61.281C soc0@58.843C gpu@63.562C tj@63.562C soc1@60.531C VDD_IN 12438mW/11284mW VDD_CPU_GPU_CV 4998mW/4431mW VDD_SOC 2566mW/2324mW
06-14-2026 12:54:29 RAM 3063/7607MB (lfb 1x2MB) SWAP 219/3804MB (cached 0MB) CPU [0%@1510,0%@1510,0%@1510,1%@1510,0%@1510,0%@1510] GR3D_FREQ 99% cpu@62.406C soc2@61.312C soc0@58.937C gpu@63.687C tj@63.687C soc1@60.656C VDD_IN 12478mW/11299mW VDD_CPU_GPU_CV 4998mW/4438mW VDD_SOC 2566mW/2327mW
06-14-2026 12:54:30 RAM 3063/7607MB (lfb 1x2MB) SWAP 219/3804MB (cached 0MB) CPU [0%@1510,0%@1510,0%@1510,0%@1510,0%@1510,0%@1510] GR3D_FREQ 99% cpu@62.656C soc2@61.375C soc0@59.093C gpu@63.75C tj@63.75C soc1@60.75C VDD_IN 12478mW/11313mW VDD_CPU_GPU_CV 4998mW/4445mW VDD_SOC 2566mW/2330mW
06-14-2026 12:54:31 RAM 3063/7607MB (lfb 1x2MB) SWAP 219/3804MB (cached 0MB) CPU [0%@1510,0%@1510,0%@1510,0%@1510,0%@1510,0%@1510] GR3D_FREQ 99% cpu@62.5C soc2@61.375C soc0@59.062C gpu@63.375C tj@63.375C soc1@60.843C VDD_IN 12478mW/11326mW VDD_CPU_GPU_CV 5038mW/4452mW VDD_SOC 2566mW/2332mW
06-14-2026 12:54:33 RAM 3063/7607MB (lfb 1x2MB) SWAP 219/3804MB (cached 0MB) CPU [0%@1510,0%@1510,0%@1510,0%@1510,0%@1510,0%@1510] GR3D_FREQ 99% cpu@62.375C soc2@61.312C soc0@58.906C gpu@63.312C tj@63.312C soc1@60.687C VDD_IN 12517mW/11340mW VDD_CPU_GPU_CV 4998mW/4458mW VDD_SOC 2566mW/2335mW
06-14-2026 12:54:34 RAM 3063/7607MB (lfb 1x2MB) SWAP 219/3804MB (cached 0MB) CPU [0%@1510,0%@1510,0%@1510,0%@1510,0%@1510,0%@1510] GR3D_FREQ 99% cpu@62.5C soc2@61.375C soc0@59.031C gpu@63.375C tj@63.562C soc1@60.687C VDD_IN 12478mW/11353mW VDD_CPU_GPU_CV 5038mW/4465mW VDD_SOC 2566mW/2338mW
06-14-2026 12:54:35 RAM 3063/7607MB (lfb 1x2MB) SWAP 219/3804MB (cached 0MB) CPU [0%@1510,0%@1510,0%@1510,0%@1510,0%@1510,0%@1510] GR3D_FREQ 99% cpu@62.593C soc2@61.468C soc0@59C gpu@63.531C tj@63.625C soc1@60.812C VDD_IN 12478mW/11366mW VDD_CPU_GPU_CV 5038mW/4471mW VDD_SOC 2566mW/2340mW
06-14-2026 12:54:36 RAM 3063/7607MB (lfb 1x2MB) SWAP 219/3804MB (cached 0MB) CPU [0%@1510,0%@1510,0%@1510,0%@1510,0%@1510,0%@1510] GR3D_FREQ 99% cpu@62.625C soc2@61.468C soc0@59.062C gpu@63.437C tj@63.625C soc1@60.843C VDD_IN 12517mW/11379mW VDD_CPU_GPU_CV 4998mW/4477mW VDD_SOC 2566mW/2343mW
06-14-2026 12:54:37 RAM 3064/7607MB (lfb 1x2MB) SWAP 219/3804MB (cached 0MB) CPU [0%@1510,0%@1510,0%@1510,0%@1510,0%@1510,0%@1510] GR3D_FREQ 98% cpu@62.718C soc2@61.437C soc0@59.125C gpu@63.625C tj@63.625C soc1@60.937C VDD_IN 12517mW/11392mW VDD_CPU_GPU_CV 5038mW/4484mW VDD_SOC 2566mW/2345mW
06-14-2026 12:54:38 RAM 3064/7607MB (lfb 1x2MB) SWAP 219/3804MB (cached 0MB) CPU [0%@1510,0%@1510,0%@1510,0%@1510,0%@1510,0%@1510] GR3D_FREQ 99% cpu@62.593C soc2@61.625C soc0@59.218C gpu@63.718C tj@63.718C soc1@60.968C VDD_IN 12517mW/11404mW VDD_CPU_GPU_CV 4998mW/4489mW VDD_SOC 2566mW/2348mW
06-14-2026 12:54:39 RAM 3064/7607MB (lfb 1x2MB) SWAP 219/3804MB (cached 0MB) CPU [0%@1510,0%@1510,0%@1510,1%@1510,0%@1510,0%@1510] GR3D_FREQ 98% cpu@62.625C soc2@61.625C soc0@59.156C gpu@63.875C tj@63.875C soc1@60.875C VDD_IN 12517mW/11416mW VDD_CPU_GPU_CV 5038mW/4495mW VDD_SOC 2566mW/2350mW
06-14-2026 12:54:40 RAM 3064/7607MB (lfb 1x2MB) SWAP 219/3804MB (cached 0MB) CPU [0%@1510,0%@1510,0%@1510,0%@1510,0%@1510,0%@1510] GR3D_FREQ 99% cpu@62.656C soc2@61.562C soc0@59.25C gpu@63.812C tj@63.812C soc1@60.937C VDD_IN 12478mW/11427mW VDD_CPU_GPU_CV 5038mW/4501mW VDD_SOC 2566mW/2353mW
06-14-2026 12:54:41 RAM 3064/7607MB (lfb 1x2MB) SWAP 219/3804MB (cached 0MB) CPU [0%@1510,0%@1510,0%@1510,0%@1510,0%@1510,0%@1510] GR3D_FREQ 98% cpu@62.625C soc2@61.625C soc0@59.281C gpu@63.875C tj@63.875C soc1@60.937C VDD_IN 12517mW/11439mW VDD_CPU_GPU_CV 4998mW/4506mW VDD_SOC 2566mW/2355mW
06-14-2026 12:54:42 RAM 3064/7607MB (lfb 1x2MB) SWAP 219/3804MB (cached 0MB) CPU [0%@1510,0%@1510,0%@1510,0%@1510,0%@1510,0%@1510] GR3D_FREQ 98% cpu@62.781C soc2@61.687C soc0@59.406C gpu@63.875C tj@63.875C soc1@61C VDD_IN 12517mW/11450mW VDD_CPU_GPU_CV 5038mW/4512mW VDD_SOC 2566mW/2357mW
06-14-2026 12:54:43 RAM 3064/7607MB (lfb 1x2MB) SWAP 219/3804MB (cached 0MB) CPU [0%@1510,0%@1510,0%@1510,0%@1510,0%@1510,0%@1510] GR3D_FREQ 98% cpu@62.812C soc2@61.75C soc0@59.375C gpu@64C tj@64C soc1@61.093C VDD_IN 12517mW/11461mW VDD_CPU_GPU_CV 5038mW/4517mW VDD_SOC 2566mW/2359mW
06-14-2026 12:54:44 RAM 3064/7607MB (lfb 1x2MB) SWAP 219/3804MB (cached 0MB) CPU [0%@1510,0%@1510,0%@1510,0%@1510,0%@1510,0%@1510] GR3D_FREQ 98% cpu@62.968C soc2@61.843C soc0@59.531C gpu@64C tj@64C soc1@61C VDD_IN 12517mW/11472mW VDD_CPU_GPU_CV 5038mW/4523mW VDD_SOC 2566mW/2361mW
06-14-2026 12:54:45 RAM 3065/7607MB (lfb 1x2MB) SWAP 219/3804MB (cached 0MB) CPU [0%@1510,0%@1510,0%@1510,0%@1510,0%@1510,0%@1510] GR3D_FREQ 99% cpu@62.843C soc2@61.781C soc0@59.562C gpu@64.093C tj@64.093C soc1@61.031C VDD_IN 12517mW/11483mW VDD_CPU_GPU_CV 5038mW/4528mW VDD_SOC 2566mW/2363mW
06-14-2026 12:54:46 RAM 3065/7607MB (lfb 1x2MB) SWAP 219/3804MB (cached 0MB) CPU [0%@1510,0%@1510,0%@1510,1%@1510,0%@1510,0%@1510] GR3D_FREQ 99% cpu@62.843C soc2@61.75C soc0@59.406C gpu@64.125C tj@64.125C soc1@61.062C VDD_IN 12478mW/11493mW VDD_CPU_GPU_CV 4998mW/4533mW VDD_SOC 2566mW/2365mW
06-14-2026 12:54:47 RAM 3065/7607MB (lfb 1x2MB) SWAP 219/3804MB (cached 0MB) CPU [0%@1510,0%@1510,0%@1510,0%@1510,0%@1510,0%@1510] GR3D_FREQ 99% cpu@62.75C soc2@61.781C soc0@59.468C gpu@64.187C tj@64.187C soc1@61.218C VDD_IN 12517mW/11503mW VDD_CPU_GPU_CV 5038mW/4538mW VDD_SOC 2566mW/2367mW
06-14-2026 12:54:48 RAM 3065/7607MB (lfb 1x2MB) SWAP 219/3804MB (cached 0MB) CPU [0%@1510,0%@1510,0%@1510,0%@1510,0%@1510,0%@1510] GR3D_FREQ 99% cpu@62.968C soc2@61.875C soc0@59.437C gpu@64.125C tj@64.125C soc1@61.281C VDD_IN 12517mW/11513mW VDD_CPU_GPU_CV 5038mW/4543mW VDD_SOC 2566mW/2369mW
06-14-2026 12:54:49 RAM 3065/7607MB (lfb 1x2MB) SWAP 219/3804MB (cached 0MB) CPU [0%@1510,0%@1510,0%@1510,1%@1510,0%@1510,0%@1510] GR3D_FREQ 99% cpu@63.093C soc2@61.812C soc0@59.531C gpu@64.125C tj@64.125C soc1@61.343C VDD_IN 12517mW/11523mW VDD_CPU_GPU_CV 5038mW/4548mW VDD_SOC 2562mW/2371mW
06-14-2026 12:54:50 RAM 3065/7607MB (lfb 1x2MB) SWAP 219/3804MB (cached 0MB) CPU [0%@1510,0%@1510,0%@1510,0%@1510,0%@1510,0%@1510] GR3D_FREQ 99% cpu@62.968C soc2@61.937C soc0@59.593C gpu@64.187C tj@64.187C soc1@61.187C VDD_IN 12517mW/11533mW VDD_CPU_GPU_CV 5038mW/4552mW VDD_SOC 2562mW/2373mW
06-14-2026 12:54:51 RAM 3065/7607MB (lfb 1x2MB) SWAP 219/3804MB (cached 0MB) CPU [0%@1510,0%@1510,0%@1510,0%@1510,0%@1510,0%@1510] GR3D_FREQ 99% cpu@63.25C soc2@62C soc0@59.625C gpu@64.25C tj@64.25C soc1@61.187C VDD_IN 12517mW/11542mW VDD_CPU_GPU_CV 5038mW/4557mW VDD_SOC 2566mW/2375mW
06-14-2026 12:54:52 RAM 3065/7607MB (lfb 1x2MB) SWAP 219/3804MB (cached 0MB) CPU [0%@1510,0%@1510,0%@1510,0%@1510,0%@1510,0%@1510] GR3D_FREQ 99% cpu@63C soc2@61.937C soc0@59.531C gpu@64.312C tj@64.312C soc1@61.218C VDD_IN 12517mW/11552mW VDD_CPU_GPU_CV 5038mW/4562mW VDD_SOC 2562mW/2377mW
06-14-2026 12:54:53 RAM 3065/7607MB (lfb 1x2MB) SWAP 219/3804MB (cached 0MB) CPU [0%@1510,0%@1510,0%@1510,0%@1510,0%@1510,0%@1510] GR3D_FREQ 99% cpu@63.031C soc2@61.937C soc0@59.687C gpu@64C tj@64C soc1@61.312C VDD_IN 12517mW/11561mW VDD_CPU_GPU_CV 5038mW/4566mW VDD_SOC 2562mW/2379mW
06-14-2026 12:54:54 RAM 3065/7607MB (lfb 1x2MB) SWAP 219/3804MB (cached 0MB) CPU [0%@1510,0%@1510,0%@1510,0%@1510,0%@1510,0%@1510] GR3D_FREQ 99% cpu@63.062C soc2@61.937C soc0@59.656C gpu@64.062C tj@64.062C soc1@61.343C VDD_IN 12517mW/11570mW VDD_CPU_GPU_CV 5038mW/4571mW VDD_SOC 2566mW/2380mW
06-14-2026 12:54:55 RAM 3065/7607MB (lfb 1x2MB) SWAP 219/3804MB (cached 0MB) CPU [0%@1510,0%@1510,0%@1510,0%@1510,0%@1510,0%@1510] GR3D_FREQ 99% cpu@63.031C soc2@62.031C soc0@59.75C gpu@64.093C tj@64.093C soc1@61.343C VDD_IN 12517mW/11578mW VDD_CPU_GPU_CV 5038mW/4575mW VDD_SOC 2562mW/2382mW
06-14-2026 12:54:56 RAM 3065/7607MB (lfb 1x2MB) SWAP 219/3804MB (cached 0MB) CPU [0%@1510,0%@1510,0%@1510,0%@1510,0%@1510,0%@1510] GR3D_FREQ 98% cpu@63.312C soc2@62.093C soc0@59.687C gpu@64.031C tj@64.031C soc1@61.437C VDD_IN 12517mW/11587mW VDD_CPU_GPU_CV 5038mW/4579mW VDD_SOC 2562mW/2384mW
06-14-2026 12:54:57 RAM 3065/7607MB (lfb 1x2MB) SWAP 219/3804MB (cached 0MB) CPU [0%@1510,0%@1510,0%@1510,0%@1510,0%@1510,0%@1510] GR3D_FREQ 99% cpu@63.093C soc2@62.062C soc0@59.687C gpu@64.156C tj@64.156C soc1@61.343C VDD_IN 12517mW/11595mW VDD_CPU_GPU_CV 5038mW/4583mW VDD_SOC 2562mW/2385mW
06-14-2026 12:54:58 RAM 3065/7607MB (lfb 1x2MB) SWAP 219/3804MB (cached 0MB) CPU [0%@1510,0%@1510,0%@1510,1%@1510,0%@1510,0%@1510] GR3D_FREQ 98% cpu@63.031C soc2@62.062C soc0@59.656C gpu@64.156C tj@64.156C soc1@61.343C VDD_IN 12517mW/11604mW VDD_CPU_GPU_CV 5038mW/4587mW VDD_SOC 2562mW/2387mW
06-14-2026 12:54:59 RAM 3065/7607MB (lfb 1x2MB) SWAP 219/3804MB (cached 0MB) CPU [0%@1510,0%@1510,0%@1510,0%@1510,0%@1510,0%@1510] GR3D_FREQ 99% cpu@63.062C soc2@62.031C soc0@59.75C gpu@64.125C tj@64.125C soc1@61.375C VDD_IN 12517mW/11612mW VDD_CPU_GPU_CV 5038mW/4591mW VDD_SOC 2562mW/2388mW
06-14-2026 12:55:00 RAM 3065/7607MB (lfb 1x2MB) SWAP 219/3804MB (cached 0MB) CPU [0%@1510,0%@1510,0%@1510,0%@1510,0%@1510,0%@1510] GR3D_FREQ 99% cpu@63.187C soc2@62.125C soc0@59.75C gpu@64.125C tj@64.125C soc1@61.406C VDD_IN 12517mW/11620mW VDD_CPU_GPU_CV 5038mW/4595mW VDD_SOC 2562mW/2390mW
06-14-2026 12:55:01 RAM 3065/7607MB (lfb 1x2MB) SWAP 219/3804MB (cached 0MB) CPU [0%@1510,0%@1510,0%@1510,0%@1510,0%@1510,0%@1510] GR3D_FREQ 99% cpu@63.375C soc2@62.062C soc0@59.75C gpu@64.187C tj@64.187C soc1@61.468C VDD_IN 12517mW/11628mW VDD_CPU_GPU_CV 5038mW/4599mW VDD_SOC 2562mW/2391mW
06-14-2026 12:55:02 RAM 3065/7607MB (lfb 1x2MB) SWAP 219/3804MB (cached 0MB) CPU [0%@1510,0%@1510,0%@1510,0%@1510,0%@1510,0%@1510] GR3D_FREQ 99% cpu@63.25C soc2@62.125C soc0@59.781C gpu@64.25C tj@64.25C soc1@61.593C VDD_IN 12517mW/11636mW VDD_CPU_GPU_CV 5038mW/4603mW VDD_SOC 2562mW/2393mW
06-14-2026 12:55:03 RAM 3065/7607MB (lfb 1x2MB) SWAP 219/3804MB (cached 0MB) CPU [0%@1510,0%@1510,0%@1510,1%@1510,0%@1510,0%@1510] GR3D_FREQ 99% cpu@63.187C soc2@62.187C soc0@59.687C gpu@64.156C tj@64.156C soc1@61.343C VDD_IN 12438mW/11642mW VDD_CPU_GPU_CV 4998mW/4606mW VDD_SOC 2566mW/2394mW
06-14-2026 12:55:04 RAM 3065/7607MB (lfb 1x2MB) SWAP 219/3804MB (cached 0MB) CPU [0%@1510,0%@1510,0%@1510,0%@1510,0%@1510,0%@1510] GR3D_FREQ 99% cpu@63.156C soc2@62.125C soc0@59.781C gpu@64.218C tj@64.218C soc1@61.437C VDD_IN 12517mW/11650mW VDD_CPU_GPU_CV 5038mW/4610mW VDD_SOC 2562mW/2396mW
06-14-2026 12:55:05 RAM 3065/7607MB (lfb 1x2MB) SWAP 219/3804MB (cached 0MB) CPU [0%@1510,0%@1510,0%@1510,0%@1510,0%@1510,0%@1510] GR3D_FREQ 99% cpu@63.25C soc2@62.156C soc0@59.812C gpu@64.312C tj@64.312C soc1@61.531C VDD_IN 12517mW/11657mW VDD_CPU_GPU_CV 5038mW/4614mW VDD_SOC 2566mW/2397mW
06-14-2026 12:55:06 RAM 3065/7607MB (lfb 1x2MB) SWAP 219/3804MB (cached 0MB) CPU [0%@1510,0%@1510,0%@1510,0%@1510,0%@1510,0%@1510] GR3D_FREQ 99% cpu@63.312C soc2@62.187C soc0@59.875C gpu@64.25C tj@64.25C soc1@61.468C VDD_IN 12517mW/11665mW VDD_CPU_GPU_CV 5038mW/4617mW VDD_SOC 2562mW/2399mW
06-14-2026 12:55:07 RAM 3065/7607MB (lfb 1x2MB) SWAP 219/3804MB (cached 0MB) CPU [0%@1510,0%@1510,0%@1510,1%@1510,0%@1510,0%@1510] GR3D_FREQ 99% cpu@63.437C soc2@62.218C soc0@59.906C gpu@64.25C tj@64.25C soc1@61.625C VDD_IN 12517mW/11672mW VDD_CPU_GPU_CV 5038mW/4621mW VDD_SOC 2566mW/2400mW
06-14-2026 12:55:08 RAM 3065/7607MB (lfb 1x2MB) SWAP 219/3804MB (cached 0MB) CPU [0%@1510,0%@1510,0%@1510,0%@1510,0%@1510,0%@1510] GR3D_FREQ 99% cpu@63.281C soc2@62.343C soc0@59.937C gpu@64.312C tj@64.312C soc1@61.656C VDD_IN 12517mW/11679mW VDD_CPU_GPU_CV 4998mW/4624mW VDD_SOC 2566mW/2401mW
06-14-2026 12:55:09 RAM 3065/7607MB (lfb 1x2MB) SWAP 219/3804MB (cached 0MB) CPU [0%@1510,0%@1510,0%@1510,0%@1510,0%@1510,0%@1510] GR3D_FREQ 99% cpu@63.343C soc2@62.375C soc0@59.843C gpu@64.218C tj@64.218C soc1@61.531C VDD_IN 12517mW/11685mW VDD_CPU_GPU_CV 5038mW/4627mW VDD_SOC 2566mW/2403mW
06-14-2026 12:55:10 RAM 3065/7607MB (lfb 1x2MB) SWAP 219/3804MB (cached 0MB) CPU [0%@1510,0%@1510,0%@1510,1%@1510,0%@1510,0%@1510] GR3D_FREQ 99% cpu@63.343C soc2@62.218C soc0@59.875C gpu@64.312C tj@64.312C soc1@61.5C VDD_IN 12517mW/11692mW VDD_CPU_GPU_CV 5038mW/4631mW VDD_SOC 2566mW/2404mW
06-14-2026 12:55:11 RAM 3065/7607MB (lfb 1x2MB) SWAP 219/3804MB (cached 0MB) CPU [0%@1510,1%@1510,0%@1510,0%@1510,0%@1510,0%@1510] GR3D_FREQ 99% cpu@63.343C soc2@62.218C soc0@59.906C gpu@64.375C tj@64.375C soc1@61.656C VDD_IN 12517mW/11699mW VDD_CPU_GPU_CV 5038mW/4634mW VDD_SOC 2566mW/2405mW
06-14-2026 12:55:12 RAM 3065/7607MB (lfb 1x2MB) SWAP 219/3804MB (cached 0MB) CPU [0%@1510,0%@1510,0%@1510,0%@1510,0%@1510,0%@1510] GR3D_FREQ 99% cpu@63.531C soc2@62.312C soc0@59.968C gpu@64.375C tj@64.375C soc1@61.593C VDD_IN 12557mW/11706mW VDD_CPU_GPU_CV 5038mW/4637mW VDD_SOC 2562mW/2407mW
06-14-2026 12:55:13 RAM 3065/7607MB (lfb 1x2MB) SWAP 219/3804MB (cached 0MB) CPU [0%@1510,0%@1510,0%@1510,0%@1510,0%@1510,0%@1510] GR3D_FREQ 99% cpu@63.375C soc2@62.375C soc0@59.906C gpu@64.5C tj@64.5C soc1@61.593C VDD_IN 12517mW/11712mW VDD_CPU_GPU_CV 5038mW/4640mW VDD_SOC 2562mW/2408mW
06-14-2026 12:55:14 RAM 3065/7607MB (lfb 1x2MB) SWAP 219/3804MB (cached 0MB) CPU [0%@1510,0%@1510,0%@1510,0%@1510,0%@1510,0%@1510] GR3D_FREQ 99% cpu@63.593C soc2@62.406C soc0@60C gpu@64.437C tj@64.437C soc1@61.75C VDD_IN 12517mW/11719mW VDD_CPU_GPU_CV 5038mW/4644mW VDD_SOC 2566mW/2409mW
06-14-2026 12:55:15 RAM 3065/7607MB (lfb 1x2MB) SWAP 219/3804MB (cached 0MB) CPU [0%@1510,0%@1510,0%@1510,0%@1510,0%@1510,0%@1510] GR3D_FREQ 99% cpu@63.406C soc2@62.406C soc0@60.093C gpu@64.375C tj@64.375C soc1@61.656C VDD_IN 12517mW/11725mW VDD_CPU_GPU_CV 5038mW/4647mW VDD_SOC 2566mW/2410mW
06-14-2026 12:55:16 RAM 3065/7607MB (lfb 1x2MB) SWAP 219/3804MB (cached 0MB) CPU [0%@1510,0%@1510,0%@1510,0%@1510,0%@1510,0%@1510] GR3D_FREQ 98% cpu@63.656C soc2@62.375C soc0@59.906C gpu@64.531C tj@64.531C soc1@61.593C VDD_IN 12517mW/11731mW VDD_CPU_GPU_CV 5038mW/4650mW VDD_SOC 2566mW/2412mW
06-14-2026 12:55:17 RAM 3065/7607MB (lfb 1x2MB) SWAP 219/3804MB (cached 0MB) CPU [0%@1510,0%@1510,0%@1510,0%@1510,0%@1510,0%@1510] GR3D_FREQ 99% cpu@63.406C soc2@62.375C soc0@59.906C gpu@64.593C tj@64.593C soc1@61.656C VDD_IN 12557mW/11737mW VDD_CPU_GPU_CV 5038mW/4653mW VDD_SOC 2562mW/2413mW
06-14-2026 12:55:18 RAM 3064/7607MB (lfb 2x2MB) SWAP 219/3804MB (cached 0MB) CPU [0%@1510,0%@1510,0%@1510,1%@1510,0%@1510,0%@1510] GR3D_FREQ 98% cpu@63.437C soc2@62.375C soc0@60.031C gpu@64.562C tj@64.375C soc1@61.75C VDD_IN 12517mW/11743mW VDD_CPU_GPU_CV 5038mW/4656mW VDD_SOC 2566mW/2414mW
06-14-2026 12:55:19 RAM 3064/7607MB (lfb 3x2MB) SWAP 219/3804MB (cached 0MB) CPU [0%@1510,0%@1510,0%@1510,0%@1510,0%@1510,0%@1510] GR3D_FREQ 99% cpu@63.593C soc2@62.437C soc0@60.093C gpu@64.437C tj@64.437C soc1@61.812C VDD_IN 12557mW/11749mW VDD_CPU_GPU_CV 5038mW/4658mW VDD_SOC 2562mW/2415mW
06-14-2026 12:55:20 RAM 3064/7607MB (lfb 3x2MB) SWAP 219/3804MB (cached 0MB) CPU [0%@1510,0%@1510,0%@1510,1%@1510,0%@1510,0%@1510] GR3D_FREQ 98% cpu@63.5C soc2@62.5C soc0@60.156C gpu@64.437C tj@64.437C soc1@61.812C VDD_IN 12478mW/11755mW VDD_CPU_GPU_CV 4998mW/4661mW VDD_SOC 2562mW/2416mW
06-14-2026 12:55:21 RAM 3064/7607MB (lfb 3x2MB) SWAP 219/3804MB (cached 0MB) CPU [0%@1510,0%@1510,0%@1510,0%@1510,0%@1510,0%@1510] GR3D_FREQ 98% cpu@63.718C soc2@62.531C soc0@60.187C gpu@64.437C tj@64.437C soc1@61.718C VDD_IN 12517mW/11761mW VDD_CPU_GPU_CV 5038mW/4664mW VDD_SOC 2562mW/2417mW
06-14-2026 12:55:22 RAM 3064/7607MB (lfb 3x2MB) SWAP 219/3804MB (cached 0MB) CPU [0%@1510,0%@1510,0%@1510,0%@1510,0%@1510,0%@1510] GR3D_FREQ 98% cpu@63.5C soc2@62.375C soc0@59.937C gpu@64.468C tj@64.468C soc1@61.75C VDD_IN 12517mW/11766mW VDD_CPU_GPU_CV 5038mW/4667mW VDD_SOC 2566mW/2418mW
06-14-2026 12:55:23 RAM 3064/7607MB (lfb 3x2MB) SWAP 219/3804MB (cached 0MB) CPU [0%@1510,0%@1510,0%@1510,0%@1510,0%@1510,0%@1510] GR3D_FREQ 98% cpu@63.593C soc2@62.468C soc0@60.156C gpu@64.531C tj@64.531C soc1@61.781C VDD_IN 12517mW/11772mW VDD_CPU_GPU_CV 5038mW/4669mW VDD_SOC 2566mW/2419mW
06-14-2026 12:55:24 RAM 3064/7607MB (lfb 3x2MB) SWAP 219/3804MB (cached 0MB) CPU [0%@1510,0%@1510,0%@1510,0%@1510,0%@1510,0%@1510] GR3D_FREQ 98% cpu@63.531C soc2@62.531C soc0@60.093C gpu@64.531C tj@64.531C soc1@61.812C VDD_IN 12517mW/11777mW VDD_CPU_GPU_CV 5038mW/4672mW VDD_SOC 2566mW/2421mW
06-14-2026 12:55:25 RAM 3064/7607MB (lfb 3x2MB) SWAP 219/3804MB (cached 0MB) CPU [0%@1510,0%@1510,0%@1510,0%@1510,0%@1510,0%@1510] GR3D_FREQ 98% cpu@63.718C soc2@62.468C soc0@60.156C gpu@64.5C tj@64.5C soc1@61.812C VDD_IN 12517mW/11782mW VDD_CPU_GPU_CV 5038mW/4675mW VDD_SOC 2566mW/2422mW
06-14-2026 12:55:26 RAM 3064/7607MB (lfb 3x2MB) SWAP 219/3804MB (cached 0MB) CPU [1%@1510,0%@1510,0%@1510,0%@1510,0%@1510,0%@1510] GR3D_FREQ 98% cpu@63.812C soc2@62.562C soc0@60.281C gpu@64.625C tj@64.625C soc1@61.843C VDD_IN 12517mW/11788mW VDD_CPU_GPU_CV 5038mW/4677mW VDD_SOC 2566mW/2423mW
06-14-2026 12:55:27 RAM 3064/7607MB (lfb 3x2MB) SWAP 219/3804MB (cached 0MB) CPU [0%@1510,0%@1510,0%@1510,0%@1510,0%@1510,0%@1510] GR3D_FREQ 98% cpu@63.593C soc2@62.562C soc0@60.375C gpu@64.625C tj@64.625C soc1@61.781C VDD_IN 12517mW/11793mW VDD_CPU_GPU_CV 5038mW/4680mW VDD_SOC 2562mW/2424mW
06-14-2026 12:55:28 RAM 3064/7607MB (lfb 3x2MB) SWAP 219/3804MB (cached 0MB) CPU [0%@1510,0%@1510,0%@1510,0%@1510,0%@1510,0%@1510] GR3D_FREQ 98% cpu@63.593C soc2@62.531C soc0@60.218C gpu@64.625C tj@64.625C soc1@61.812C VDD_IN 12517mW/11798mW VDD_CPU_GPU_CV 5038mW/4682mW VDD_SOC 2562mW/2425mW
06-14-2026 12:55:29 RAM 3064/7607MB (lfb 3x2MB) SWAP 219/3804MB (cached 0MB) CPU [0%@1510,0%@1510,0%@1510,0%@1510,0%@1510,0%@1510] GR3D_FREQ 98% cpu@63.562C soc2@62.531C soc0@60.218C gpu@64.718C tj@64.718C soc1@61.812C VDD_IN 12557mW/11803mW VDD_CPU_GPU_CV 5038mW/4685mW VDD_SOC 2562mW/2426mW
06-14-2026 12:55:30 RAM 3064/7607MB (lfb 3x2MB) SWAP 219/3804MB (cached 0MB) CPU [0%@1510,0%@1510,0%@1510,0%@1510,0%@1510,0%@1510] GR3D_FREQ 98% cpu@63.718C soc2@62.625C soc0@60.187C gpu@64.656C tj@64.656C soc1@61.875C VDD_IN 12517mW/11808mW VDD_CPU_GPU_CV 5038mW/4687mW VDD_SOC 2562mW/2426mW
06-14-2026 12:55:31 RAM 3064/7607MB (lfb 3x2MB) SWAP 219/3804MB (cached 0MB) CPU [1%@1510,0%@1510,0%@1510,0%@1510,0%@1510,0%@1510] GR3D_FREQ 98% cpu@63.625C soc2@62.656C soc0@60.343C gpu@64.75C tj@64.75C soc1@61.937C VDD_IN 12517mW/11813mW VDD_CPU_GPU_CV 5038mW/4690mW VDD_SOC 2562mW/2427mW
06-14-2026 12:55:32 RAM 3064/7607MB (lfb 3x2MB) SWAP 219/3804MB (cached 0MB) CPU [0%@1510,0%@1510,0%@1510,0%@1510,0%@1510,0%@1510] GR3D_FREQ 98% cpu@63.812C soc2@62.687C soc0@60.312C gpu@64.718C tj@64.718C soc1@62C VDD_IN 12517mW/11818mW VDD_CPU_GPU_CV 5038mW/4692mW VDD_SOC 2566mW/2428mW
06-14-2026 12:55:33 RAM 3064/7607MB (lfb 3x2MB) SWAP 219/3804MB (cached 0MB) CPU [2%@1510,0%@1510,0%@1510,0%@1510,0%@1510,0%@1510] GR3D_FREQ 98% cpu@63.625C soc2@62.687C soc0@60.375C gpu@64.781C tj@64.781C soc1@61.812C VDD_IN 12517mW/11823mW VDD_CPU_GPU_CV 5038mW/4695mW VDD_SOC 2562mW/2429mW
06-14-2026 12:55:34 RAM 3064/7607MB (lfb 3x2MB) SWAP 219/3804MB (cached 0MB) CPU [1%@1510,0%@1510,0%@1510,0%@1510,0%@1510,0%@1510] GR3D_FREQ 98% cpu@63.687C soc2@62.656C soc0@60.218C gpu@64.75C tj@64.75C soc1@61.875C VDD_IN 12517mW/11828mW VDD_CPU_GPU_CV 5038mW/4697mW VDD_SOC 2562mW/2430mW
06-14-2026 12:55:35 RAM 3064/7607MB (lfb 3x2MB) SWAP 219/3804MB (cached 0MB) CPU [0%@1510,0%@1510,0%@1510,0%@1510,0%@1510,0%@1510] GR3D_FREQ 99% cpu@63.718C soc2@62.656C soc0@60.25C gpu@64.843C tj@64.843C soc1@61.843C VDD_IN 12557mW/11833mW VDD_CPU_GPU_CV 5038mW/4699mW VDD_SOC 2562mW/2431mW
06-14-2026 12:55:36 RAM 3064/7607MB (lfb 3x2MB) SWAP 219/3804MB (cached 0MB) CPU [1%@1510,0%@1510,0%@1510,0%@1510,0%@1510,0%@1510] GR3D_FREQ 98% cpu@63.781C soc2@62.718C soc0@60.375C gpu@64.843C tj@64.843C soc1@62C VDD_IN 12517mW/11837mW VDD_CPU_GPU_CV 5038mW/4702mW VDD_SOC 2562mW/2432mW
06-14-2026 12:55:37 RAM 3064/7607MB (lfb 3x2MB) SWAP 219/3804MB (cached 0MB) CPU [0%@1510,0%@1510,0%@1510,0%@1510,0%@1510,0%@1510] GR3D_FREQ 99% cpu@63.781C soc2@62.656C soc0@60.281C gpu@64.843C tj@64.843C soc1@62C VDD_IN 12438mW/11841mW VDD_CPU_GPU_CV 4998mW/4703mW VDD_SOC 2523mW/2433mW
06-14-2026 12:55:38 RAM 3064/7607MB (lfb 3x2MB) SWAP 219/3804MB (cached 0MB) CPU [0%@1510,0%@1510,0%@1510,0%@1510,0%@1510,0%@1510] GR3D_FREQ 99% cpu@63.75C soc2@62.687C soc0@60.375C gpu@64.843C tj@64.843C soc1@62.062C VDD_IN 12517mW/11846mW VDD_CPU_GPU_CV 5038mW/4706mW VDD_SOC 2566mW/2433mW
06-14-2026 12:55:39 RAM 3064/7607MB (lfb 3x2MB) SWAP 219/3804MB (cached 0MB) CPU [0%@1510,0%@1510,0%@1510,0%@1510,0%@1510,0%@1510] GR3D_FREQ 99% cpu@63.968C soc2@62.687C soc0@60.5C gpu@64.906C tj@64.906C soc1@61.843C VDD_IN 12517mW/11850mW VDD_CPU_GPU_CV 5038mW/4708mW VDD_SOC 2562mW/2434mW
06-14-2026 12:55:40 RAM 3064/7607MB (lfb 3x2MB) SWAP 219/3804MB (cached 0MB) CPU [1%@1510,0%@1510,0%@1510,0%@1510,0%@1510,0%@1510] GR3D_FREQ 99% cpu@63.75C soc2@62.656C soc0@60.531C gpu@64.812C tj@64.812C soc1@61.875C VDD_IN 12557mW/11855mW VDD_CPU_GPU_CV 5038mW/4710mW VDD_SOC 2562mW/2435mW
06-14-2026 12:55:41 RAM 3064/7607MB (lfb 3x2MB) SWAP 219/3804MB (cached 0MB) CPU [0%@1510,0%@1510,0%@1510,0%@1510,0%@1510,0%@1510] GR3D_FREQ 99% cpu@63.781C soc2@62.781C soc0@60.343C gpu@64.968C tj@64.968C soc1@61.968C VDD_IN 12557mW/11859mW VDD_CPU_GPU_CV 5038mW/4712mW VDD_SOC 2562mW/2436mW
06-14-2026 12:55:42 RAM 3064/7607MB (lfb 3x2MB) SWAP 219/3804MB (cached 0MB) CPU [0%@1510,0%@1510,0%@1510,0%@1510,0%@1510,0%@1510] GR3D_FREQ 99% cpu@63.687C soc2@62.75C soc0@60.375C gpu@64.937C tj@64.937C soc1@62C VDD_IN 12517mW/11864mW VDD_CPU_GPU_CV 5038mW/4714mW VDD_SOC 2566mW/2437mW
06-14-2026 12:55:43 RAM 3064/7607MB (lfb 3x2MB) SWAP 219/3804MB (cached 0MB) CPU [0%@1510,0%@1510,0%@1510,0%@1510,0%@1510,0%@1510] GR3D_FREQ 99% cpu@63.75C soc2@62.75C soc0@60.375C gpu@64.906C tj@64.906C soc1@62C VDD_IN 12517mW/11868mW VDD_CPU_GPU_CV 5038mW/4716mW VDD_SOC 2566mW/2438mW
06-14-2026 12:55:44 RAM 3064/7607MB (lfb 3x2MB) SWAP 219/3804MB (cached 0MB) CPU [0%@1510,0%@1510,0%@1510,0%@1510,0%@1510,0%@1510] GR3D_FREQ 99% cpu@63.906C soc2@62.812C soc0@60.375C gpu@64.937C tj@64.937C soc1@62.187C VDD_IN 12517mW/11872mW VDD_CPU_GPU_CV 5038mW/4718mW VDD_SOC 2562mW/2438mW
06-14-2026 12:55:45 RAM 3064/7607MB (lfb 3x2MB) SWAP 219/3804MB (cached 0MB) CPU [1%@1510,0%@1510,0%@1510,0%@1510,0%@1510,0%@1510] GR3D_FREQ 99% cpu@63.812C soc2@62.843C soc0@60.5C gpu@65C tj@65C soc1@61.937C VDD_IN 12557mW/11876mW VDD_CPU_GPU_CV 5038mW/4720mW VDD_SOC 2562mW/2439mW
06-14-2026 12:55:46 RAM 3064/7607MB (lfb 3x2MB) SWAP 219/3804MB (cached 0MB) CPU [1%@1510,0%@1510,0%@1510,0%@1510,0%@1510,0%@1510] GR3D_FREQ 99% cpu@64C soc2@62.718C soc0@60.593C gpu@64.968C tj@64.968C soc1@61.968C VDD_IN 12517mW/11880mW VDD_CPU_GPU_CV 5038mW/4722mW VDD_SOC 2566mW/2440mW
06-14-2026 12:55:47 RAM 3064/7607MB (lfb 3x2MB) SWAP 219/3804MB (cached 0MB) CPU [0%@1510,0%@1510,0%@1510,0%@1510,0%@1510,0%@1510] GR3D_FREQ 99% cpu@63.75C soc2@62.656C soc0@60.406C gpu@65.031C tj@65.031C soc1@62.031C VDD_IN 12557mW/11884mW VDD_CPU_GPU_CV 5038mW/4724mW VDD_SOC 2562mW/2441mW
06-14-2026 12:55:48 RAM 3064/7607MB (lfb 3x2MB) SWAP 219/3804MB (cached 0MB) CPU [0%@1510,0%@1510,0%@1510,0%@1510,0%@1510,0%@1510] GR3D_FREQ 99% cpu@63.812C soc2@62.781C soc0@60.375C gpu@65.031C tj@65.031C soc1@61.968C VDD_IN 12517mW/11888mW VDD_CPU_GPU_CV 5038mW/4726mW VDD_SOC 2566mW/2442mW
06-14-2026 12:55:49 RAM 3064/7607MB (lfb 3x2MB) SWAP 219/3804MB (cached 0MB) CPU [0%@1510,0%@1510,0%@1510,0%@1510,0%@1510,0%@1510] GR3D_FREQ 99% cpu@63.718C soc2@62.843C soc0@60.375C gpu@65.125C tj@65.125C soc1@62.062C VDD_IN 12557mW/11893mW VDD_CPU_GPU_CV 5038mW/4728mW VDD_SOC 2562mW/2442mW
06-14-2026 12:55:50 RAM 3064/7607MB (lfb 3x2MB) SWAP 219/3804MB (cached 0MB) CPU [0%@1510,0%@1510,0%@1510,0%@1510,0%@1510,0%@1510] GR3D_FREQ 99% cpu@63.843C soc2@62.656C soc0@60.437C gpu@64.968C tj@64.968C soc1@62.156C VDD_IN 12517mW/11896mW VDD_CPU_GPU_CV 5038mW/4730mW VDD_SOC 2566mW/2443mW
06-14-2026 12:55:51 RAM 3064/7607MB (lfb 3x2MB) SWAP 219/3804MB (cached 0MB) CPU [0%@1510,0%@1510,0%@1510,0%@1510,0%@1510,0%@1510] GR3D_FREQ 99% cpu@64.062C soc2@62.781C soc0@60.531C gpu@65.125C tj@65.125C soc1@62.187C VDD_IN 12517mW/11900mW VDD_CPU_GPU_CV 5038mW/4732mW VDD_SOC 2562mW/2444mW
06-14-2026 12:55:52 RAM 3064/7607MB (lfb 3x2MB) SWAP 219/3804MB (cached 0MB) CPU [0%@1510,0%@1510,0%@1510,0%@1510,0%@1510,0%@1510] GR3D_FREQ 99% cpu@63.656C soc2@62.843C soc0@60.406C gpu@65.062C tj@65.062C soc1@61.937C VDD_IN 12517mW/11904mW VDD_CPU_GPU_CV 5038mW/4734mW VDD_SOC 2562mW/2444mW
06-14-2026 12:55:53 RAM 3064/7607MB (lfb 3x2MB) SWAP 219/3804MB (cached 0MB) CPU [0%@1510,0%@1510,0%@1510,0%@1510,0%@1510,0%@1510] GR3D_FREQ 98% cpu@63.781C soc2@62.625C soc0@60.375C gpu@64.781C tj@64.781C soc1@62.062C VDD_IN 12557mW/11908mW VDD_CPU_GPU_CV 5038mW/4736mW VDD_SOC 2566mW/2445mW
06-14-2026 12:55:54 RAM 3064/7607MB (lfb 3x2MB) SWAP 219/3804MB (cached 0MB) CPU [3%@1510,0%@1510,0%@1510,0%@1510,0%@1510,2%@1510] GR3D_FREQ 0% cpu@63.906C soc2@62.75C soc0@60.468C gpu@64.312C tj@64.312C soc1@62.062C VDD_IN 12162mW/11909mW VDD_CPU_GPU_CV 4841mW/4736mW VDD_SOC 2487mW/2445mW
06-14-2026 12:55:55 RAM 1680/7607MB (lfb 3x2MB) SWAP 219/3804MB (cached 0MB) CPU [78%@1510,6%@1510,7%@1510,7%@1510,18%@1510,41%@1510] GR3D_FREQ 0% cpu@63.718C soc2@62.375C soc0@60.25C gpu@63.343C tj@63.718C soc1@62.125C VDD_IN 6893mW/11879mW VDD_CPU_GPU_CV 1977mW/4720mW VDD_SOC 1624mW/2441mW
06-14-2026 12:55:56 RAM 1715/7607MB (lfb 7x2MB) SWAP 219/3804MB (cached 0MB) CPU [98%@1510,0%@1510,0%@1510,0%@1510,6%@1510,0%@1510] GR3D_FREQ 1% cpu@63.781C soc2@62.156C soc0@60.125C gpu@63.156C tj@63.781C soc1@62.031C VDD_IN 6219mW/11846mW VDD_CPU_GPU_CV 1545mW/4701mW VDD_SOC 1505mW/2435mW
06-14-2026 12:55:57 RAM 2128/7607MB (lfb 1x2MB) SWAP 219/3804MB (cached 0MB) CPU [60%@1510,0%@1510,0%@1510,37%@1510,3%@1510,0%@1510] GR3D_FREQ 0% cpu@63.468C soc2@62.031C soc0@60C gpu@63.093C tj@63.25C soc1@61.718C VDD_IN 6150mW/11812mW VDD_CPU_GPU_CV 1465mW/4682mW VDD_SOC 1505mW/2430mW
06-14-2026 12:55:58 RAM 3137/7607MB (lfb 1x2MB) SWAP 220/3804MB (cached 0MB) CPU [98%@1510,0%@1510,0%@1510,0%@1510,0%@1510,5%@1510] GR3D_FREQ 0% cpu@63.187C soc2@61.906C soc0@59.875C gpu@62.906C tj@63.187C soc1@61.625C VDD_IN 6853mW/11783mW VDD_CPU_GPU_CV 1661mW/4664mW VDD_SOC 1743mW/2426mW
06-14-2026 12:55:59 RAM 3180/7607MB (lfb 4x4MB) SWAP 220/3804MB (cached 0MB) CPU [10%@1510,0%@1510,0%@1510,7%@1510,0%@1510,3%@1510] GR3D_FREQ 99% cpu@63.375C soc2@62.156C soc0@59.906C gpu@64.25C tj@64.25C soc1@61.687C VDD_IN 11806mW/11784mW VDD_CPU_GPU_CV 4644mW/4664mW VDD_SOC 2448mW/2426mW
06-14-2026 12:56:00 RAM 3180/7607MB (lfb 4x4MB) SWAP 220/3804MB (cached 0MB) CPU [1%@1510,0%@1510,0%@1510,0%@1510,0%@1510,0%@1510] GR3D_FREQ 99% cpu@63.406C soc2@62.25C soc0@60C gpu@64.375C tj@64.375C soc1@61.812C VDD_IN 12399mW/11787mW VDD_CPU_GPU_CV 4998mW/4666mW VDD_SOC 2527mW/2426mW
06-14-2026 12:56:01 RAM 3180/7607MB (lfb 4x4MB) SWAP 220/3804MB (cached 0MB) CPU [1%@1510,0%@1510,0%@1510,0%@1510,0%@1510,0%@1510] GR3D_FREQ 99% cpu@63.75C soc2@62.343C soc0@60.031C gpu@64.5C tj@64.5C soc1@61.812C VDD_IN 12478mW/11791mW VDD_CPU_GPU_CV 4998mW/4668mW VDD_SOC 2566mW/2427mW
06-14-2026 12:56:02 RAM 3180/7607MB (lfb 4x4MB) SWAP 220/3804MB (cached 0MB) CPU [1%@1510,0%@1510,0%@1510,0%@1510,0%@1510,0%@1510] GR3D_FREQ 99% cpu@63.656C soc2@62.375C soc0@60.187C gpu@64.531C tj@64.531C soc1@61.812C VDD_IN 12478mW/11795mW VDD_CPU_GPU_CV 4998mW/4670mW VDD_SOC 2566mW/2428mW
06-14-2026 12:56:03 RAM 3180/7607MB (lfb 4x4MB) SWAP 220/3804MB (cached 0MB) CPU [1%@1510,0%@1510,0%@1510,0%@1510,0%@1510,0%@1510] GR3D_FREQ 99% cpu@63.5C soc2@62.375C soc0@60.031C gpu@64.625C tj@64.625C soc1@61.687C VDD_IN 12478mW/11799mW VDD_CPU_GPU_CV 4998mW/4672mW VDD_SOC 2566mW/2429mW
06-14-2026 12:56:04 RAM 1576/7607MB (lfb 12x4MB) SWAP 220/3804MB (cached 0MB) CPU [43%@1510,1%@1510,3%@1510,3%@1510,39%@1510,4%@1510] GR3D_FREQ 0% cpu@63.312C soc2@62C soc0@59.937C gpu@63.218C tj@63.312C soc1@61.781C VDD_IN 7210mW/11773mW VDD_CPU_GPU_CV 2096mW/4657mW VDD_SOC 1703mW/2425mW
06-14-2026 12:56:05 RAM 1576/7607MB (lfb 12x4MB) SWAP 220/3804MB (cached 0MB) CPU [0%@1510,0%@1510,0%@1510,0%@1510,0%@1510,1%@1510] GR3D_FREQ 0% cpu@63.093C soc2@61.687C soc0@59.843C gpu@62.781C tj@63.093C soc1@61.593C VDD_IN 5475mW/11738mW VDD_CPU_GPU_CV 1109mW/4637mW VDD_SOC 1465mW/2419mW
