06-14-2026 12:56:23 RAM 821/7607MB (lfb 1x2MB) SWAP 220/3804MB (cached 0MB) CPU [1%@1510,2%@1510,1%@1510,1%@1510,10%@1510,0%@1510] GR3D_FREQ 0% cpu@61.312C soc2@59.968C soc0@58C gpu@61.031C tj@61.312C soc1@60.125C VDD_IN 5348mW/5348mW VDD_CPU_GPU_CV 1069mW/1069mW VDD_SOC 1426mW/1426mW
06-14-2026 12:56:24 RAM 821/7607MB (lfb 1x2MB) SWAP 220/3804MB (cached 0MB) CPU [0%@1510,0%@1510,0%@1510,0%@1510,0%@1510,0%@1510] GR3D_FREQ 0% cpu@61.312C soc2@59.875C soc0@57.937C gpu@60.968C tj@61.312C soc1@60.125C VDD_IN 5277mW/5313mW VDD_CPU_GPU_CV 990mW/1030mW VDD_SOC 1426mW/1426mW
06-14-2026 12:56:25 RAM 821/7607MB (lfb 1x2MB) SWAP 220/3804MB (cached 0MB) CPU [0%@1510,0%@1510,0%@1510,0%@1510,0%@1510,0%@1510] GR3D_FREQ 0% cpu@61.218C soc2@59.718C soc0@57.937C gpu@60.875C tj@61.218C soc1@60C VDD_IN 5277mW/5301mW VDD_CPU_GPU_CV 990mW/1016mW VDD_SOC 1426mW/1426mW
06-14-2026 12:56:26 RAM 821/7607MB (lfb 1x2MB) SWAP 220/3804MB (cached 0MB) CPU [0%@1510,0%@1510,0%@1510,0%@1510,0%@1510,0%@1510] GR3D_FREQ 0% cpu@61.187C soc2@59.656C soc0@57.968C gpu@60.812C tj@61.187C soc1@59.968C VDD_IN 5277mW/5295mW VDD_CPU_GPU_CV 990mW/1010mW VDD_SOC 1426mW/1426mW
06-14-2026 12:56:27 RAM 821/7607MB (lfb 1x2MB) SWAP 220/3804MB (cached 0MB) CPU [0%@1510,0%@1510,0%@1510,0%@1510,0%@1510,0%@1510] GR3D_FREQ 0% cpu@60.906C soc2@59.562C soc0@57.625C gpu@60.718C tj@60.906C soc1@59.75C VDD_IN 5237mW/5283mW VDD_CPU_GPU_CV 990mW/1006mW VDD_SOC 1426mW/1426mW
06-14-2026 12:56:28 RAM 926/7607MB (lfb 1x2MB) SWAP 220/3804MB (cached 0MB) CPU [7%@1510,3%@1510,73%@1510,1%@1510,13%@1510,5%@1510] GR3D_FREQ 0% cpu@61.062C soc2@59.531C soc0@57.593C gpu@60.781C tj@61.062C soc1@59.656C VDD_IN 5991mW/5401mW VDD_CPU_GPU_CV 1426mW/1076mW VDD_SOC 1465mW/1433mW
06-14-2026 12:56:29 RAM 862/7607MB (lfb 1x2MB) SWAP 220/3804MB (cached 0MB) CPU [3%@1510,16%@1510,77%@1510,0%@1510,2%@1510,27%@1510] GR3D_FREQ 0% cpu@61.125C soc2@59.531C soc0@57.656C gpu@60.562C tj@61.125C soc1@59.656C VDD_IN 6269mW/5525mW VDD_CPU_GPU_CV 1624mW/1154mW VDD_SOC 1545mW/1449mW
06-14-2026 12:56:30 RAM 2505/7607MB (lfb 1x2MB) SWAP 223/3804MB (cached 0MB) CPU [93%@1510,1%@1510,5%@1510,0%@1510,2%@1510,33%@1510] GR3D_FREQ 0% cpu@61.156C soc2@59.5C soc0@57.562C gpu@60.593C tj@61.156C soc1@59.718C VDD_IN 6547mW/5653mW VDD_CPU_GPU_CV 1663mW/1218mW VDD_SOC 1545mW/1461mW
06-14-2026 12:56:31 RAM 2721/7607MB (lfb 51x4MB) SWAP 225/3804MB (cached 0MB) CPU [94%@1510,0%@1510,13%@1510,0%@1510,5%@1510,100%@1510] GR3D_FREQ 6% cpu@61.312C soc2@59.593C soc0@57.687C gpu@60.656C tj@61.312C soc1@59.656C VDD_IN 6904mW/5792mW VDD_CPU_GPU_CV 1980mW/1302mW VDD_SOC 1584mW/1474mW
06-14-2026 12:56:32 RAM 2722/7607MB (lfb 51x4MB) SWAP 225/3804MB (cached 0MB) CPU [30%@1510,1%@1510,1%@1510,6%@1510,89%@1510,8%@1510] GR3D_FREQ 11% cpu@60.968C soc2@59.406C soc0@57.343C gpu@60.531C tj@60.968C soc1@59.531C VDD_IN 6745mW/5887mW VDD_CPU_GPU_CV 1703mW/1343mW VDD_SOC 1663mW/1493mW
06-14-2026 12:56:33 RAM 2722/7607MB (lfb 51x4MB) SWAP 225/3804MB (cached 0MB) CPU [0%@1510,0%@1510,0%@1510,0%@1510,0%@1510,0%@1510] GR3D_FREQ 0% cpu@60.687C soc2@59.218C soc0@57.437C gpu@60.375C tj@60.687C soc1@59.406C VDD_IN 5396mW/5843mW VDD_CPU_GPU_CV 1069mW/1318mW VDD_SOC 1426mW/1487mW
06-14-2026 12:56:34 RAM 2722/7607MB (lfb 51x4MB) SWAP 225/3804MB (cached 0MB) CPU [0%@1510,0%@1510,0%@1510,0%@1510,0%@1510,0%@1510] GR3D_FREQ 0% cpu@60.625C soc2@59.093C soc0@57.312C gpu@60.187C tj@60.625C soc1@59.406C VDD_IN 5277mW/5795mW VDD_CPU_GPU_CV 990mW/1290mW VDD_SOC 1426mW/1482mW
06-14-2026 12:56:35 RAM 2722/7607MB (lfb 51x4MB) SWAP 225/3804MB (cached 0MB) CPU [0%@1510,0%@1510,0%@1510,0%@1510,0%@1510,0%@1510] GR3D_FREQ 0% cpu@60.468C soc2@59C soc0@57.25C gpu@60.093C tj@60.468C soc1@59.406C VDD_IN 5237mW/5752mW VDD_CPU_GPU_CV 990mW/1267mW VDD_SOC 1426mW/1478mW
06-14-2026 12:56:36 RAM 2722/7607MB (lfb 51x4MB) SWAP 225/3804MB (cached 0MB) CPU [0%@1510,0%@1510,0%@1510,0%@1510,0%@1510,0%@1510] GR3D_FREQ 0% cpu@60.562C soc2@58.937C soc0@57.156C gpu@60C tj@60.562C soc1@59.343C VDD_IN 5237mW/5716mW VDD_CPU_GPU_CV 990mW/1247mW VDD_SOC 1426mW/1474mW
06-14-2026 12:56:37 RAM 2723/7607MB (lfb 51x4MB) SWAP 225/3804MB (cached 0MB) CPU [0%@1510,0%@1510,0%@1510,0%@1510,0%@1510,0%@1510] GR3D_FREQ 0% cpu@60.281C soc2@58.937C soc0@57C gpu@60.062C tj@60.281C soc1@59.093C VDD_IN 5237mW/5684mW VDD_CPU_GPU_CV 990mW/1230mW VDD_SOC 1426mW/1471mW
06-14-2026 12:56:38 RAM 2723/7607MB (lfb 51x4MB) SWAP 225/3804MB (cached 0MB) CPU [0%@1510,0%@1510,0%@1510,0%@1510,0%@1510,0%@1510] GR3D_FREQ 0% cpu@60.187C soc2@58.812C soc0@56.906C gpu@59.906C tj@60.281C soc1@59.031C VDD_IN 5237mW/5656mW VDD_CPU_GPU_CV 990mW/1215mW VDD_SOC 1426mW/1468mW
06-14-2026 12:56:39 RAM 2723/7607MB (lfb 51x4MB) SWAP 225/3804MB (cached 0MB) CPU [0%@1510,0%@1510,0%@1510,0%@1510,0%@1510,0%@1510] GR3D_FREQ 0% cpu@60.062C soc2@58.718C soc0@56.875C gpu@59.875C tj@60.062C soc1@58.968C VDD_IN 5237mW/5631mW VDD_CPU_GPU_CV 990mW/1202mW VDD_SOC 1426mW/1466mW
06-14-2026 12:56:40 RAM 2723/7607MB (lfb 51x4MB) SWAP 225/3804MB (cached 0MB) CPU [0%@1510,0%@1510,0%@1510,0%@1510,0%@1510,0%@1510] GR3D_FREQ 0% cpu@60.156C soc2@58.625C soc0@56.843C gpu@59.812C tj@60.156C soc1@58.906C VDD_IN 5237mW/5609mW VDD_CPU_GPU_CV 990mW/1190mW VDD_SOC 1426mW/1463mW
06-14-2026 12:56:41 RAM 2723/7607MB (lfb 51x4MB) SWAP 225/3804MB (cached 0MB) CPU [0%@1510,0%@1510,0%@1510,0%@1510,0%@1510,0%@1510] GR3D_FREQ 0% cpu@60.218C soc2@58.593C soc0@56.781C gpu@59.718C tj@60.218C soc1@58.968C VDD_IN 5237mW/5590mW VDD_CPU_GPU_CV 990mW/1180mW VDD_SOC 1426mW/1461mW
06-14-2026 12:56:42 RAM 2723/7607MB (lfb 51x4MB) SWAP 225/3804MB (cached 0MB) CPU [0%@1510,0%@1510,0%@1510,0%@1510,0%@1510,0%@1510] GR3D_FREQ 0% cpu@60.031C soc2@58.5C soc0@56.875C gpu@59.718C tj@60.031C soc1@58.906C VDD_IN 5237mW/5572mW VDD_CPU_GPU_CV 990mW/1170mW VDD_SOC 1426mW/1460mW
06-14-2026 12:56:43 RAM 2723/7607MB (lfb 51x4MB) SWAP 225/3804MB (cached 0MB) CPU [0%@1510,0%@1510,0%@1510,0%@1510,0%@1510,0%@1510] GR3D_FREQ 0% cpu@59.843C soc2@58.531C soc0@56.75C gpu@59.656C tj@59.843C soc1@58.687C VDD_IN 5237mW/5556mW VDD_CPU_GPU_CV 990mW/1162mW VDD_SOC 1426mW/1458mW
06-14-2026 12:56:44 RAM 2723/7607MB (lfb 51x4MB) SWAP 225/3804MB (cached 0MB) CPU [0%@1510,0%@1510,0%@1510,0%@1510,0%@1510,0%@1510] GR3D_FREQ 0% cpu@59.812C soc2@58.343C soc0@56.562C gpu@59.656C tj@59.812C soc1@58.656C VDD_IN 5237mW/5542mW VDD_CPU_GPU_CV 990mW/1154mW VDD_SOC 1426mW/1457mW
06-14-2026 12:56:45 RAM 2723/7607MB (lfb 51x4MB) SWAP 225/3804MB (cached 0MB) CPU [0%@1510,0%@1510,0%@1510,0%@1510,0%@1510,0%@1510] GR3D_FREQ 0% cpu@59.781C soc2@58.25C soc0@56.531C gpu@59.5C tj@59.781C soc1@58.625C VDD_IN 5237mW/5528mW VDD_CPU_GPU_CV 990mW/1147mW VDD_SOC 1426mW/1455mW
06-14-2026 12:56:46 RAM 2723/7607MB (lfb 51x4MB) SWAP 225/3804MB (cached 0MB) CPU [0%@1510,0%@1510,0%@1510,0%@1510,0%@1510,0%@1510] GR3D_FREQ 0% cpu@59.625C soc2@58.218C soc0@56.468C gpu@59.468C tj@59.625C soc1@58.531C VDD_IN 5237mW/5516mW VDD_CPU_GPU_CV 990mW/1140mW VDD_SOC 1426mW/1454mW
06-14-2026 12:56:47 RAM 2723/7607MB (lfb 51x4MB) SWAP 225/3804MB (cached 0MB) CPU [0%@1510,0%@1510,0%@1510,0%@1510,0%@1510,0%@1510] GR3D_FREQ 0% cpu@59.687C soc2@58.218C soc0@56.375C gpu@59.406C tj@59.687C soc1@58.562C VDD_IN 5237mW/5505mW VDD_CPU_GPU_CV 990mW/1134mW VDD_SOC 1426mW/1453mW
06-14-2026 12:56:48 RAM 2723/7607MB (lfb 51x4MB) SWAP 225/3804MB (cached 0MB) CPU [0%@1510,0%@1510,0%@1510,0%@1510,0%@1510,0%@1510] GR3D_FREQ 0% cpu@59.781C soc2@58.187C soc0@56.375C gpu@59.375C tj@59.781C soc1@58.468C VDD_IN 5237mW/5495mW VDD_CPU_GPU_CV 990mW/1129mW VDD_SOC 1426mW/1452mW
06-14-2026 12:56:49 RAM 2723/7607MB (lfb 51x4MB) SWAP 225/3804MB (cached 0MB) CPU [0%@1510,0%@1510,0%@1510,0%@1510,0%@1510,0%@1510] GR3D_FREQ 0% cpu@59.687C soc2@58.156C soc0@56.468C gpu@59.281C tj@59.687C soc1@58.531C VDD_IN 5237mW/5485mW VDD_CPU_GPU_CV 990mW/1123mW VDD_SOC 1426mW/1451mW
06-14-2026 12:56:50 RAM 2723/7607MB (lfb 51x4MB) SWAP 225/3804MB (cached 0MB) CPU [0%@1510,0%@1510,0%@1510,0%@1510,0%@1510,0%@1510] GR3D_FREQ 0% cpu@59.375C soc2@57.968C soc0@56.218C gpu@59.25C tj@59.375C soc1@58.25C VDD_IN 5237mW/5476mW VDD_CPU_GPU_CV 990mW/1119mW VDD_SOC 1426mW/1450mW
06-14-2026 12:56:51 RAM 2723/7607MB (lfb 51x4MB) SWAP 225/3804MB (cached 0MB) CPU [0%@1510,0%@1510,0%@1510,0%@1510,0%@1510,0%@1510] GR3D_FREQ 0% cpu@59.312C soc2@57.937C soc0@56.187C gpu@59.281C tj@59.312C soc1@58.218C VDD_IN 5237mW/5468mW VDD_CPU_GPU_CV 990mW/1114mW VDD_SOC 1426mW/1449mW
06-14-2026 12:56:52 RAM 2723/7607MB (lfb 51x4MB) SWAP 225/3804MB (cached 0MB) CPU [0%@1510,0%@1510,0%@1510,0%@1510,0%@1510,0%@1510] GR3D_FREQ 0% cpu@59.375C soc2@57.781C soc0@56.031C gpu@59.187C tj@59.375C soc1@58.218C VDD_IN 5237mW/5460mW VDD_CPU_GPU_CV 990mW/1110mW VDD_SOC 1426mW/1448mW
06-14-2026 12:56:53 RAM 2723/7607MB (lfb 51x4MB) SWAP 225/3804MB (cached 0MB) CPU [0%@1510,0%@1510,0%@1510,0%@1510,0%@1510,0%@1510] GR3D_FREQ 0% cpu@59.25C soc2@57.781C soc0@56.062C gpu@59.062C tj@59.25C soc1@58.187C VDD_IN 5237mW/5453mW VDD_CPU_GPU_CV 990mW/1106mW VDD_SOC 1426mW/1448mW
06-14-2026 12:56:54 RAM 2723/7607MB (lfb 51x4MB) SWAP 225/3804MB (cached 0MB) CPU [0%@1510,0%@1510,0%@1510,0%@1510,0%@1510,0%@1510] GR3D_FREQ 0% cpu@59.343C soc2@57.781C soc0@56.031C gpu@59.031C tj@59.343C soc1@58.187C VDD_IN 5237mW/5446mW VDD_CPU_GPU_CV 990mW/1103mW VDD_SOC 1426mW/1447mW
06-14-2026 12:56:55 RAM 2723/7607MB (lfb 51x4MB) SWAP 225/3804MB (cached 0MB) CPU [0%@1510,0%@1510,0%@1510,0%@1510,0%@1510,0%@1510] GR3D_FREQ 0% cpu@59.156C soc2@57.75C soc0@56.125C gpu@58.968C tj@59.156C soc1@58.156C VDD_IN 5237mW/5440mW VDD_CPU_GPU_CV 990mW/1099mW VDD_SOC 1426mW/1446mW
06-14-2026 12:56:56 RAM 2723/7607MB (lfb 51x4MB) SWAP 225/3804MB (cached 0MB) CPU [0%@1510,0%@1510,0%@1510,0%@1510,0%@1510,0%@1510] GR3D_FREQ 0% cpu@59.218C soc2@57.718C soc0@55.968C gpu@58.968C tj@59.218C soc1@57.937C VDD_IN 5237mW/5434mW VDD_CPU_GPU_CV 990mW/1096mW VDD_SOC 1386mW/1445mW
06-14-2026 12:56:57 RAM 2723/7607MB (lfb 51x4MB) SWAP 225/3804MB (cached 0MB) CPU [0%@1510,0%@1510,0%@1510,0%@1510,0%@1510,0%@1510] GR3D_FREQ 0% cpu@59.031C soc2@57.531C soc0@55.843C gpu@58.968C tj@59.031C soc1@57.937C VDD_IN 5237mW/5428mW VDD_CPU_GPU_CV 990mW/1093mW VDD_SOC 1426mW/1444mW
06-14-2026 12:56:58 RAM 2723/7607MB (lfb 51x4MB) SWAP 225/3804MB (cached 0MB) CPU [0%@1510,0%@1510,0%@1510,0%@1510,0%@1510,0%@1510] GR3D_FREQ 0% cpu@59.062C soc2@57.531C soc0@55.781C gpu@58.968C tj@59.062C soc1@57.875C VDD_IN 5237mW/5423mW VDD_CPU_GPU_CV 990mW/1090mW VDD_SOC 1386mW/1442mW
06-14-2026 12:56:59 RAM 2723/7607MB (lfb 51x4MB) SWAP 225/3804MB (cached 0MB) CPU [0%@1510,0%@1510,0%@1510,0%@1510,0%@1510,0%@1510] GR3D_FREQ 0% cpu@59.062C soc2@57.531C soc0@55.718C gpu@58.843C tj@59.062C soc1@57.875C VDD_IN 5237mW/5418mW VDD_CPU_GPU_CV 990mW/1087mW VDD_SOC 1386mW/1441mW
06-14-2026 12:57:00 RAM 2723/7607MB (lfb 51x4MB) SWAP 225/3804MB (cached 0MB) CPU [0%@1510,0%@1510,0%@1510,0%@1510,0%@1510,0%@1510] GR3D_FREQ 0% cpu@58.937C soc2@57.406C soc0@55.75C gpu@58.843C tj@58.937C soc1@57.843C VDD_IN 5237mW/5413mW VDD_CPU_GPU_CV 990mW/1085mW VDD_SOC 1386mW/1439mW
06-14-2026 12:57:01 RAM 3084/7607MB (lfb 3x4MB) SWAP 225/3804MB (cached 0MB) CPU [1%@1510,0%@1510,31%@1510,1%@1510,0%@1510,6%@1510] GR3D_FREQ 99% cpu@59.25C soc2@57.593C soc0@55.718C gpu@59.75C tj@59.75C soc1@57.812C VDD_IN 7527mW/5468mW VDD_CPU_GPU_CV 2491mW/1121mW VDD_SOC 1663mW/1445mW
06-14-2026 12:57:02 RAM 3098/7607MB (lfb 17x4MB) SWAP 225/3804MB (cached 0MB) CPU [0%@1510,0%@1510,1%@1510,0%@1510,0%@1510,29%@1510] GR3D_FREQ 99% cpu@59.125C soc2@58.031C soc0@55.75C gpu@60.125C tj@60.125C soc1@57.75C VDD_IN 10617mW/5596mW VDD_CPU_GPU_CV 4659mW/1209mW VDD_SOC 1977mW/1459mW
06-14-2026 12:57:03 RAM 3098/7607MB (lfb 17x4MB) SWAP 225/3804MB (cached 0MB) CPU [0%@1510,0%@1510,1%@1510,0%@1510,0%@1510,0%@1510] GR3D_FREQ 99% cpu@59.218C soc2@58.031C soc0@55.875C gpu@60.281C tj@60.281C soc1@57.75C VDD_IN 10894mW/5725mW VDD_CPU_GPU_CV 4896mW/1299mW VDD_SOC 2017mW/1472mW
06-14-2026 12:57:04 RAM 3098/7607MB (lfb 17x4MB) SWAP 225/3804MB (cached 0MB) CPU [0%@1510,0%@1510,0%@1510,0%@1510,0%@1510,0%@1510] GR3D_FREQ 99% cpu@59.375C soc2@58.093C soc0@56C gpu@60.406C tj@60.406C soc1@57.937C VDD_IN 10934mW/5850mW VDD_CPU_GPU_CV 4936mW/1386mW VDD_SOC 2017mW/1485mW
06-14-2026 12:57:05 RAM 3098/7607MB (lfb 17x4MB) SWAP 225/3804MB (cached 0MB) CPU [0%@1510,0%@1510,0%@1510,1%@1510,0%@1510,0%@1510] GR3D_FREQ 99% cpu@59.531C soc2@58.218C soc0@56.062C gpu@60.5C tj@60.5C soc1@57.968C VDD_IN 10934mW/5968mW VDD_CPU_GPU_CV 4936mW/1468mW VDD_SOC 2017mW/1497mW
06-14-2026 12:57:06 RAM 3098/7607MB (lfb 17x4MB) SWAP 225/3804MB (cached 0MB) CPU [0%@1510,0%@1510,0%@1510,1%@1510,0%@1510,0%@1510] GR3D_FREQ 99% cpu@59.656C soc2@58.281C soc0@56.156C gpu@60.593C tj@60.593C soc1@58.093C VDD_IN 10934mW/6081mW VDD_CPU_GPU_CV 4936mW/1547mW VDD_SOC 2017mW/1509mW
06-14-2026 12:57:07 RAM 3147/7607MB (lfb 18x4MB) SWAP 225/3804MB (cached 0MB) CPU [0%@1510,0%@1510,2%@1510,2%@1510,10%@1510,0%@1510] GR3D_FREQ 99% cpu@59.593C soc2@58.5C soc0@56.343C gpu@60.687C tj@60.687C soc1@57.968C VDD_IN 12063mW/6214mW VDD_CPU_GPU_CV 4841mW/1620mW VDD_SOC 2448mW/1530mW
06-14-2026 12:57:08 RAM 3147/7607MB (lfb 18x4MB) SWAP 225/3804MB (cached 0MB) CPU [0%@1510,0%@1510,1%@1510,0%@1510,0%@1510,0%@1510] GR3D_FREQ 99% cpu@59.687C soc2@58.562C soc0@56.312C gpu@60.843C tj@60.843C soc1@58.125C VDD_IN 12438mW/6349mW VDD_CPU_GPU_CV 4920mW/1692mW VDD_SOC 2566mW/1553mW
06-14-2026 12:57:09 RAM 3147/7607MB (lfb 18x4MB) SWAP 225/3804MB (cached 0MB) CPU [0%@1510,0%@1510,0%@1510,0%@1510,0%@1510,0%@1510] GR3D_FREQ 99% cpu@59.875C soc2@58.625C soc0@56.375C gpu@60.968C tj@60.968C soc1@58.187C VDD_IN 12438mW/6478mW VDD_CPU_GPU_CV 4920mW/1761mW VDD_SOC 2566mW/1574mW
06-14-2026 12:57:10 RAM 3147/7607MB (lfb 18x4MB) SWAP 225/3804MB (cached 0MB) CPU [0%@1510,0%@1510,0%@1510,0%@1510,0%@1510,0%@1510] GR3D_FREQ 99% cpu@60.031C soc2@58.812C soc0@56.468C gpu@61.031C tj@61.031C soc1@58.312C VDD_IN 12438mW/6603mW VDD_CPU_GPU_CV 4920mW/1827mW VDD_SOC 2566mW/1595mW
06-14-2026 12:57:11 RAM 3147/7607MB (lfb 18x4MB) SWAP 225/3804MB (cached 0MB) CPU [0%@1510,0%@1510,1%@1510,0%@1510,0%@1510,0%@1510] GR3D_FREQ 98% cpu@60.062C soc2@58.875C soc0@56.625C gpu@61.125C tj@61.125C soc1@58.406C VDD_IN 12478mW/6722mW VDD_CPU_GPU_CV 4959mW/1891mW VDD_SOC 2566mW/1615mW
06-14-2026 12:57:12 RAM 3147/7607MB (lfb 18x4MB) SWAP 225/3804MB (cached 0MB) CPU [0%@1510,0%@1510,0%@1510,0%@1510,0%@1510,0%@1510] GR3D_FREQ 99% cpu@60.218C soc2@58.968C soc0@56.75C gpu@61.281C tj@61.281C soc1@58.562C VDD_IN 12478mW/6838mW VDD_CPU_GPU_CV 4920mW/1951mW VDD_SOC 2566mW/1634mW
06-14-2026 12:57:13 RAM 3147/7607MB (lfb 18x4MB) SWAP 225/3804MB (cached 0MB) CPU [0%@1510,0%@1510,0%@1510,0%@1510,0%@1510,0%@1510] GR3D_FREQ 99% cpu@60.468C soc2@58.968C soc0@56.875C gpu@61.281C tj@61.281C soc1@58.468C VDD_IN 12478mW/6948mW VDD_CPU_GPU_CV 4920mW/2009mW VDD_SOC 2566mW/1652mW
06-14-2026 12:57:14 RAM 3147/7607MB (lfb 18x4MB) SWAP 225/3804MB (cached 0MB) CPU [0%@1510,0%@1510,0%@1510,0%@1510,0%@1510,0%@1510] GR3D_FREQ 98% cpu@60.187C soc2@59.031C soc0@56.75C gpu@61.343C tj@61.343C soc1@58.468C VDD_IN 12478mW/7055mW VDD_CPU_GPU_CV 4920mW/2065mW VDD_SOC 2566mW/1670mW
06-14-2026 12:57:15 RAM 3147/7607MB (lfb 18x4MB) SWAP 225/3804MB (cached 0MB) CPU [0%@1510,0%@1510,0%@1510,0%@1510,0%@1510,0%@1510] GR3D_FREQ 99% cpu@60.218C soc2@59.093C soc0@56.875C gpu@61.5C tj@61.5C soc1@58.562C VDD_IN 12478mW/7157mW VDD_CPU_GPU_CV 4959mW/2120mW VDD_SOC 2566mW/1686mW
06-14-2026 12:57:16 RAM 3147/7607MB (lfb 18x4MB) SWAP 225/3804MB (cached 0MB) CPU [0%@1510,0%@1510,0%@1510,0%@1510,0%@1510,0%@1510] GR3D_FREQ 99% cpu@60.375C soc2@59.187C soc0@57C gpu@61.531C tj@61.531C soc1@58.687C VDD_IN 12478mW/7255mW VDD_CPU_GPU_CV 4920mW/2172mW VDD_SOC 2566mW/1703mW
06-14-2026 12:57:17 RAM 3147/7607MB (lfb 18x4MB) SWAP 225/3804MB (cached 0MB) CPU [0%@1510,0%@1510,0%@1510,0%@1510,0%@1510,0%@1510] GR3D_FREQ 98% cpu@60.468C soc2@59.218C soc0@57C gpu@61.562C tj@61.562C soc1@58.781C VDD_IN 12478mW/7350mW VDD_CPU_GPU_CV 4959mW/2222mW VDD_SOC 2566mW/1718mW
06-14-2026 12:57:18 RAM 3147/7607MB (lfb 18x4MB) SWAP 225/3804MB (cached 0MB) CPU [0%@1510,0%@1510,1%@1510,0%@1510,0%@1510,0%@1510] GR3D_FREQ 99% cpu@60.687C soc2@59.375C soc0@57.156C gpu@61.75C tj@61.75C soc1@58.906C VDD_IN 12478mW/7442mW VDD_CPU_GPU_CV 4959mW/2271mW VDD_SOC 2566mW/1734mW
06-14-2026 12:57:19 RAM 3147/7607MB (lfb 18x4MB) SWAP 225/3804MB (cached 0MB) CPU [0%@1510,0%@1510,0%@1510,0%@1510,0%@1510,0%@1510] GR3D_FREQ 99% cpu@60.687C soc2@59.437C soc0@57.25C gpu@61.718C tj@61.718C soc1@59.031C VDD_IN 12478mW/7530mW VDD_CPU_GPU_CV 4920mW/2318mW VDD_SOC 2566mW/1748mW
06-14-2026 12:57:20 RAM 3147/7607MB (lfb 18x4MB) SWAP 225/3804MB (cached 0MB) CPU [0%@1510,0%@1510,0%@1510,0%@1510,0%@1510,0%@1510] GR3D_FREQ 98% cpu@60.625C soc2@59.468C soc0@57.187C gpu@61.875C tj@61.875C soc1@58.906C VDD_IN 12478mW/7616mW VDD_CPU_GPU_CV 4920mW/2363mW VDD_SOC 2566mW/1762mW
06-14-2026 12:57:21 RAM 3147/7607MB (lfb 18x4MB) SWAP 225/3804MB (cached 0MB) CPU [0%@1510,0%@1510,0%@1510,0%@1510,0%@1510,0%@1510] GR3D_FREQ 99% cpu@60.625C soc2@59.531C soc0@57.156C gpu@61.906C tj@61.906C soc1@58.906C VDD_IN 12478mW/7698mW VDD_CPU_GPU_CV 4959mW/2407mW VDD_SOC 2566mW/1776mW
06-14-2026 12:57:22 RAM 3147/7607MB (lfb 18x4MB) SWAP 225/3804MB (cached 0MB) CPU [0%@1510,0%@1510,0%@1510,0%@1510,0%@1510,0%@1510] GR3D_FREQ 99% cpu@60.687C soc2@59.593C soc0@57.25C gpu@61.968C tj@61.968C soc1@59C VDD_IN 12478mW/7778mW VDD_CPU_GPU_CV 4920mW/2449mW VDD_SOC 2566mW/1789mW
06-14-2026 12:57:23 RAM 3147/7607MB (lfb 18x4MB) SWAP 225/3804MB (cached 0MB) CPU [0%@1510,0%@1510,0%@1510,0%@1510,0%@1510,0%@1510] GR3D_FREQ 98% cpu@60.781C soc2@59.593C soc0@57.343C gpu@61.968C tj@61.968C soc1@59.125C VDD_IN 12478mW/7855mW VDD_CPU_GPU_CV 4920mW/2489mW VDD_SOC 2566mW/1802mW
06-14-2026 12:57:24 RAM 3147/7607MB (lfb 18x4MB) SWAP 225/3804MB (cached 0MB) CPU [0%@1510,0%@1510,0%@1510,0%@1510,0%@1510,0%@1510] GR3D_FREQ 99% cpu@60.906C soc2@59.656C soc0@57.468C gpu@62.093C tj@62.093C soc1@59.218C VDD_IN 12517mW/7930mW VDD_CPU_GPU_CV 4959mW/2529mW VDD_SOC 2566mW/1814mW
06-14-2026 12:57:25 RAM 3147/7607MB (lfb 18x4MB) SWAP 225/3804MB (cached 0MB) CPU [0%@1510,0%@1510,0%@1510,0%@1510,0%@1510,0%@1510] GR3D_FREQ 99% cpu@60.906C soc2@59.812C soc0@57.5C gpu@62.218C tj@62.218C soc1@59.343C VDD_IN 12478mW/8002mW VDD_CPU_GPU_CV 4920mW/2567mW VDD_SOC 2566mW/1826mW
06-14-2026 12:57:26 RAM 3147/7607MB (lfb 18x4MB) SWAP 225/3804MB (cached 0MB) CPU [0%@1510,0%@1510,0%@1510,0%@1510,0%@1510,0%@1510] GR3D_FREQ 98% cpu@61.156C soc2@59.937C soc0@57.5C gpu@62.375C tj@62.375C soc1@59.25C VDD_IN 12478mW/8072mW VDD_CPU_GPU_CV 4920mW/2604mW VDD_SOC 2566mW/1838mW
06-14-2026 12:57:27 RAM 3147/7607MB (lfb 18x4MB) SWAP 225/3804MB (cached 0MB) CPU [0%@1510,0%@1510,1%@1510,0%@1510,0%@1510,0%@1510] GR3D_FREQ 99% cpu@60.937C soc2@59.875C soc0@57.531C gpu@62.375C tj@62.375C soc1@59.343C VDD_IN 12517mW/8140mW VDD_CPU_GPU_CV 4959mW/2640mW VDD_SOC 2566mW/1849mW
06-14-2026 12:57:28 RAM 3147/7607MB (lfb 18x4MB) SWAP 225/3804MB (cached 0MB) CPU [0%@1510,0%@1510,0%@1510,0%@1510,0%@1510,0%@1510] GR3D_FREQ 99% cpu@61.062C soc2@59.875C soc0@57.593C gpu@62.031C tj@62.031C soc1@59.406C VDD_IN 12478mW/8206mW VDD_CPU_GPU_CV 4920mW/2674mW VDD_SOC 2566mW/1860mW
06-14-2026 12:57:29 RAM 3147/7607MB (lfb 18x4MB) SWAP 225/3804MB (cached 0MB) CPU [0%@1510,0%@1510,0%@1510,0%@1510,0%@1510,0%@1510] GR3D_FREQ 99% cpu@61.218C soc2@60.031C soc0@57.781C gpu@62.156C tj@62.156C soc1@59.406C VDD_IN 12478mW/8270mW VDD_CPU_GPU_CV 4959mW/2709mW VDD_SOC 2566mW/1870mW
06-14-2026 12:57:30 RAM 3147/7607MB (lfb 18x4MB) SWAP 225/3804MB (cached 0MB) CPU [0%@1510,0%@1510,0%@1510,0%@1510,0%@1510,0%@1510] GR3D_FREQ 99% cpu@61.218C soc2@60.062C soc0@57.75C gpu@62.218C tj@62.218C soc1@59.5C VDD_IN 12517mW/8332mW VDD_CPU_GPU_CV 4959mW/2742mW VDD_SOC 2566mW/1881mW
06-14-2026 12:57:31 RAM 3147/7607MB (lfb 18x4MB) SWAP 225/3804MB (cached 0MB) CPU [0%@1510,0%@1510,0%@1510,0%@1510,0%@1510,0%@1510] GR3D_FREQ 99% cpu@61.375C soc2@60.187C soc0@57.906C gpu@62.156C tj@62.156C soc1@59.593C VDD_IN 12478mW/8392mW VDD_CPU_GPU_CV 4920mW/2773mW VDD_SOC 2566mW/1890mW
06-14-2026 12:57:32 RAM 3147/7607MB (lfb 18x4MB) SWAP 225/3804MB (cached 0MB) CPU [0%@1510,0%@1510,0%@1510,0%@1510,0%@1510,0%@1510] GR3D_FREQ 98% cpu@61.25C soc2@60.312C soc0@57.843C gpu@62.25C tj@62.25C soc1@59.468C VDD_IN 12478mW/8451mW VDD_CPU_GPU_CV 4959mW/2804mW VDD_SOC 2566mW/1900mW
06-14-2026 12:57:33 RAM 3147/7607MB (lfb 18x4MB) SWAP 225/3804MB (cached 0MB) CPU [0%@1510,0%@1510,0%@1510,0%@1510,0%@1510,0%@1510] GR3D_FREQ 99% cpu@61.218C soc2@60.125C soc0@57.843C gpu@62.375C tj@62.375C soc1@59.562C VDD_IN 12517mW/8508mW VDD_CPU_GPU_CV 4959mW/2835mW VDD_SOC 2566mW/1909mW
06-14-2026 12:57:34 RAM 3147/7607MB (lfb 18x4MB) SWAP 225/3804MB (cached 0MB) CPU [0%@1510,0%@1510,0%@1510,0%@1510,0%@1510,0%@1510] GR3D_FREQ 99% cpu@61.281C soc2@60.312C soc0@57.968C gpu@62.281C tj@62.281C soc1@59.687C VDD_IN 12478mW/8563mW VDD_CPU_GPU_CV 4920mW/2864mW VDD_SOC 2566mW/1919mW
06-14-2026 12:57:35 RAM 3147/7607MB (lfb 18x4MB) SWAP 225/3804MB (cached 0MB) CPU [0%@1510,0%@1510,0%@1510,0%@1510,0%@1510,0%@1510] GR3D_FREQ 99% cpu@61.375C soc2@60.406C soc0@58C gpu@62.343C tj@62.343C soc1@59.75C VDD_IN 12517mW/8617mW VDD_CPU_GPU_CV 4959mW/2892mW VDD_SOC 2566mW/1927mW
06-14-2026 12:57:36 RAM 3147/7607MB (lfb 18x4MB) SWAP 225/3804MB (cached 0MB) CPU [0%@1510,0%@1510,1%@1510,0%@1510,0%@1510,0%@1510] GR3D_FREQ 99% cpu@61.562C soc2@60.406C soc0@58C gpu@62.5C tj@62.5C soc1@59.718C VDD_IN 12517mW/8670mW VDD_CPU_GPU_CV 4959mW/2920mW VDD_SOC 2566mW/1936mW
06-14-2026 12:57:37 RAM 3147/7607MB (lfb 18x4MB) SWAP 225/3804MB (cached 0MB) CPU [0%@1510,0%@1510,0%@1510,0%@1510,0%@1510,0%@1510] GR3D_FREQ 99% cpu@61.656C soc2@60.468C soc0@58.093C gpu@62.437C tj@62.437C soc1@59.875C VDD_IN 12478mW/8721mW VDD_CPU_GPU_CV 4920mW/2947mW VDD_SOC 2566mW/1944mW
06-14-2026 12:57:38 RAM 3147/7607MB (lfb 18x4MB) SWAP 225/3804MB (cached 0MB) CPU [0%@1510,0%@1510,0%@1510,0%@1510,0%@1510,0%@1510] GR3D_FREQ 98% cpu@61.531C soc2@60.531C soc0@58.25C gpu@62.593C tj@62.593C soc1@59.781C VDD_IN 12517mW/8771mW VDD_CPU_GPU_CV 4959mW/2973mW VDD_SOC 2566mW/1953mW
06-14-2026 12:57:39 RAM 3147/7607MB (lfb 18x4MB) SWAP 225/3804MB (cached 0MB) CPU [0%@1510,0%@1510,0%@1510,0%@1510,0%@1510,0%@1510] GR3D_FREQ 99% cpu@61.593C soc2@60.5C soc0@58.218C gpu@62.593C tj@62.593C soc1@59.875C VDD_IN 12517mW/8819mW VDD_CPU_GPU_CV 4959mW/2999mW VDD_SOC 2566mW/1961mW
06-14-2026 12:57:40 RAM 3148/7607MB (lfb 18x4MB) SWAP 225/3804MB (cached 0MB) CPU [0%@1510,0%@1510,0%@1510,0%@1510,0%@1510,0%@1510] GR3D_FREQ 99% cpu@61.625C soc2@60.562C soc0@58.218C gpu@62.656C tj@62.656C soc1@59.843C VDD_IN 12517mW/8867mW VDD_CPU_GPU_CV 4959mW/3024mW VDD_SOC 2566mW/1968mW
06-14-2026 12:57:41 RAM 3147/7607MB (lfb 18x4MB) SWAP 225/3804MB (cached 0MB) CPU [0%@1510,0%@1510,1%@1510,0%@1510,0%@1510,0%@1510] GR3D_FREQ 99% cpu@61.718C soc2@60.593C soc0@58.343C gpu@62.718C tj@62.968C soc1@59.968C VDD_IN 12517mW/8913mW VDD_CPU_GPU_CV 4959mW/3049mW VDD_SOC 2606mW/1976mW
06-14-2026 12:57:42 RAM 3147/7607MB (lfb 18x4MB) SWAP 225/3804MB (cached 0MB) CPU [0%@1510,0%@1510,0%@1510,0%@1510,0%@1510,0%@1510] GR3D_FREQ 99% cpu@61.812C soc2@60.687C soc0@58.312C gpu@62.843C tj@63C soc1@60.062C VDD_IN 12517mW/8958mW VDD_CPU_GPU_CV 4959mW/3073mW VDD_SOC 2606mW/1984mW
06-14-2026 12:57:43 RAM 3147/7607MB (lfb 18x4MB) SWAP 225/3804MB (cached 0MB) CPU [0%@1510,0%@1510,0%@1510,0%@1510,0%@1510,0%@1510] GR3D_FREQ 99% cpu@62.031C soc2@60.718C soc0@58.468C gpu@63C tj@63C soc1@60.125C VDD_IN 12517mW/9002mW VDD_CPU_GPU_CV 4959mW/3096mW VDD_SOC 2566mW/1992mW
06-14-2026 12:57:44 RAM 3147/7607MB (lfb 18x4MB) SWAP 225/3804MB (cached 0MB) CPU [0%@1510,0%@1510,1%@1510,0%@1510,0%@1510,0%@1510] GR3D_FREQ 98% cpu@61.906C soc2@60.875C soc0@58.468C gpu@63.031C tj@63.031C soc1@60.281C VDD_IN 12517mW/9045mW VDD_CPU_GPU_CV 4959mW/3119mW VDD_SOC 2566mW/1999mW
06-14-2026 12:57:45 RAM 3147/7607MB (lfb 18x4MB) SWAP 225/3804MB (cached 0MB) CPU [0%@1510,0%@1510,0%@1510,0%@1510,0%@1510,0%@1510] GR3D_FREQ 98% cpu@61.875C soc2@60.875C soc0@58.343C gpu@63.156C tj@63.156C soc1@60.125C VDD_IN 12517mW/9087mW VDD_CPU_GPU_CV 4959mW/3141mW VDD_SOC 2606mW/2006mW
06-14-2026 12:57:46 RAM 3147/7607MB (lfb 18x4MB) SWAP 225/3804MB (cached 0MB) CPU [0%@1510,0%@1510,0%@1510,0%@1510,0%@1510,0%@1510] GR3D_FREQ 99% cpu@61.843C soc2@60.843C soc0@58.531C gpu@63.187C tj@63.187C soc1@60.093C VDD_IN 12517mW/9128mW VDD_CPU_GPU_CV 4959mW/3163mW VDD_SOC 2566mW/2013mW
06-14-2026 12:57:47 RAM 3147/7607MB (lfb 18x4MB) SWAP 225/3804MB (cached 0MB) CPU [0%@1510,0%@1510,1%@1510,0%@1510,0%@1510,0%@1510] GR3D_FREQ 99% cpu@61.968C soc2@60.875C soc0@58.531C gpu@63.187C tj@63.187C soc1@60.218C VDD_IN 12517mW/9167mW VDD_CPU_GPU_CV 4959mW/3184mW VDD_SOC 2566mW/2019mW
06-14-2026 12:57:48 RAM 3147/7607MB (lfb 18x4MB) SWAP 225/3804MB (cached 0MB) CPU [0%@1510,0%@1510,0%@1510,0%@1510,0%@1510,0%@1510] GR3D_FREQ 99% cpu@61.968C soc2@60.937C soc0@58.562C gpu@63.312C tj@63.312C soc1@60.375C VDD_IN 12517mW/9206mW VDD_CPU_GPU_CV 4959mW/3204mW VDD_SOC 2566mW/2025mW
06-14-2026 12:57:49 RAM 3147/7607MB (lfb 18x4MB) SWAP 225/3804MB (cached 0MB) CPU [0%@1510,0%@1510,0%@1510,0%@1510,0%@1510,0%@1510] GR3D_FREQ 99% cpu@62.093C soc2@60.937C soc0@58.687C gpu@62.968C tj@62.968C soc1@60.375C VDD_IN 12517mW/9244mW VDD_CPU_GPU_CV 4959mW/3225mW VDD_SOC 2566mW/2032mW
06-14-2026 12:57:50 RAM 3147/7607MB (lfb 18x4MB) SWAP 225/3804MB (cached 0MB) CPU [0%@1510,0%@1510,5%@1510,0%@1510,2%@1510,0%@1510] GR3D_FREQ 0% cpu@62.031C soc2@60.906C soc0@58.687C gpu@62.562C tj@62.562C soc1@60.437C VDD_IN 12083mW/9277mW VDD_CPU_GPU_CV 4723mW/3242mW VDD_SOC 2487mW/2037mW
06-14-2026 12:57:51 RAM 1625/7607MB (lfb 72x4MB) SWAP 225/3804MB (cached 0MB) CPU [10%@1510,11%@1510,69%@1510,13%@1510,40%@1510,12%@1510] GR3D_FREQ 0% cpu@61.937C soc2@60.531C soc0@58.437C gpu@61.593C tj@61.937C soc1@60.312C VDD_IN 6932mW/9250mW VDD_CPU_GPU_CV 1977mW/3227mW VDD_SOC 1584mW/2032mW
06-14-2026 12:57:52 RAM 1678/7607MB (lfb 72x4MB) SWAP 225/3804MB (cached 0MB) CPU [1%@1510,0%@1510,99%@1510,0%@1510,4%@1510,0%@1510] GR3D_FREQ 0% cpu@61.687C soc2@60.281C soc0@58.25C gpu@61.406C tj@61.687C soc1@60.187C VDD_IN 6150mW/9216mW VDD_CPU_GPU_CV 1545mW/3209mW VDD_SOC 1465mW/2025mW
06-14-2026 12:57:53 RAM 2887/7607MB (lfb 31x4MB) SWAP 225/3804MB (cached 0MB) CPU [0%@1510,0%@1510,97%@1510,0%@1510,2%@1510,27%@1510] GR3D_FREQ 0% cpu@61.812C soc2@60.218C soc0@58.093C gpu@61.343C tj@61.812C soc1@60.093C VDD_IN 7487mW/9197mW VDD_CPU_GPU_CV 1819mW/3193mW VDD_SOC 1901mW/2024mW
06-14-2026 12:57:54 RAM 3237/7607MB (lfb 7x4MB) SWAP 225/3804MB (cached 0MB) CPU [0%@1510,0%@1510,23%@1510,0%@1510,0%@1510,6%@1510] GR3D_FREQ 99% cpu@61.718C soc2@60.468C soc0@58.25C gpu@62.468C tj@62.468C soc1@60.187C VDD_IN 10379mW/9210mW VDD_CPU_GPU_CV 4422mW/3207mW VDD_SOC 1977mW/2024mW
06-14-2026 12:57:55 RAM 3252/7607MB (lfb 7x4MB) SWAP 225/3804MB (cached 0MB) CPU [0%@1510,0%@1510,2%@1510,0%@1510,0%@1510,0%@1510] GR3D_FREQ 99% cpu@61.593C soc2@60.562C soc0@58.375C gpu@62.562C tj@62.562C soc1@60.25C VDD_IN 10894mW/9228mW VDD_CPU_GPU_CV 4896mW/3225mW VDD_SOC 2017mW/2023mW
06-14-2026 12:57:56 RAM 3252/7607MB (lfb 7x4MB) SWAP 225/3804MB (cached 0MB) CPU [0%@1510,0%@1510,0%@1510,0%@1510,0%@1510,0%@1510] GR3D_FREQ 99% cpu@61.937C soc2@60.656C soc0@58.375C gpu@62.687C tj@62.687C soc1@60.093C VDD_IN 10934mW/9246mW VDD_CPU_GPU_CV 4936mW/3243mW VDD_SOC 2017mW/2023mW
06-14-2026 12:57:57 RAM 3489/7607MB (lfb 2x2MB) SWAP 225/3804MB (cached 0MB) CPU [7%@1510,0%@1510,0%@1510,0%@1510,3%@1510,11%@1510] GR3D_FREQ 77% cpu@61.812C soc2@60.656C soc0@58.406C gpu@62.5C tj@62.5C soc1@60.187C VDD_IN 10458mW/9259mW VDD_CPU_GPU_CV 4343mW/3255mW VDD_SOC 2056mW/2024mW
06-14-2026 12:57:58 RAM 3488/7607MB (lfb 28x4MB) SWAP 225/3804MB (cached 0MB) CPU [1%@1510,0%@1510,0%@1510,0%@1510,0%@1510,27%@1510] GR3D_FREQ 99% cpu@61.843C soc2@60.812C soc0@58.375C gpu@62.781C tj@62.968C soc1@60.218C VDD_IN 12399mW/9291mW VDD_CPU_GPU_CV 4920mW/3272mW VDD_SOC 2527mW/2029mW
06-14-2026 12:57:59 RAM 3488/7607MB (lfb 28x4MB) SWAP 225/3804MB (cached 0MB) CPU [0%@1510,0%@1510,0%@1510,0%@1510,0%@1510,0%@1510] GR3D_FREQ 99% cpu@62C soc2@60.812C soc0@58.531C gpu@63.031C tj@63.031C soc1@60.25C VDD_IN 12517mW/9325mW VDD_CPU_GPU_CV 4959mW/3289mW VDD_SOC 2566mW/2034mW
06-14-2026 12:58:00 RAM 3488/7607MB (lfb 28x4MB) SWAP 225/3804MB (cached 0MB) CPU [0%@1510,0%@1510,0%@1510,0%@1510,0%@1510,0%@1510] GR3D_FREQ 99% cpu@61.968C soc2@60.906C soc0@58.625C gpu@63.093C tj@63.093C soc1@60.312C VDD_IN 12517mW/9357mW VDD_CPU_GPU_CV 4959mW/3306mW VDD_SOC 2566mW/2040mW
06-14-2026 12:58:01 RAM 3488/7607MB (lfb 28x4MB) SWAP 225/3804MB (cached 0MB) CPU [1%@1510,0%@1510,0%@1510,1%@1510,0%@1510,0%@1510] GR3D_FREQ 99% cpu@62.156C soc2@60.937C soc0@58.687C gpu@63.187C tj@63.187C soc1@60.343C VDD_IN 12517mW/9389mW VDD_CPU_GPU_CV 4959mW/3323mW VDD_SOC 2566mW/2045mW
06-14-2026 12:58:02 RAM 3488/7607MB (lfb 28x4MB) SWAP 225/3804MB (cached 0MB) CPU [0%@1510,0%@1510,0%@1510,0%@1510,0%@1510,0%@1510] GR3D_FREQ 98% cpu@61.968C soc2@61.031C soc0@58.781C gpu@63.187C tj@63.187C soc1@60.343C VDD_IN 12517mW/9421mW VDD_CPU_GPU_CV 4959mW/3340mW VDD_SOC 2566mW/2050mW
06-14-2026 12:58:03 RAM 3488/7607MB (lfb 28x4MB) SWAP 225/3804MB (cached 0MB) CPU [0%@1510,0%@1510,0%@1510,0%@1510,0%@1510,0%@1510] GR3D_FREQ 98% cpu@62.031C soc2@60.906C soc0@58.531C gpu@63.312C tj@63.312C soc1@60.343C VDD_IN 12517mW/9451mW VDD_CPU_GPU_CV 4959mW/3356mW VDD_SOC 2566mW/2056mW
06-14-2026 12:58:04 RAM 3488/7607MB (lfb 28x4MB) SWAP 225/3804MB (cached 0MB) CPU [1%@1510,0%@1510,0%@1510,0%@1510,0%@1510,0%@1510] GR3D_FREQ 99% cpu@62.093C soc2@61.125C soc0@58.75C gpu@63.343C tj@63.343C soc1@60.406C VDD_IN 12478mW/9481mW VDD_CPU_GPU_CV 4959mW/3371mW VDD_SOC 2566mW/2061mW
06-14-2026 12:58:05 RAM 3488/7607MB (lfb 28x4MB) SWAP 225/3804MB (cached 0MB) CPU [0%@1510,0%@1510,0%@1510,0%@1510,0%@1510,0%@1510] GR3D_FREQ 99% cpu@62.218C soc2@61.125C soc0@58.781C gpu@63.281C tj@63.281C soc1@60.375C VDD_IN 12517mW/9510mW VDD_CPU_GPU_CV 4959mW/3387mW VDD_SOC 2566mW/2065mW
06-14-2026 12:58:06 RAM 3488/7607MB (lfb 28x4MB) SWAP 225/3804MB (cached 0MB) CPU [0%@1510,0%@1510,0%@1510,0%@1510,0%@1510,0%@1510] GR3D_FREQ 99% cpu@62.312C soc2@61.187C soc0@58.812C gpu@63.468C tj@63.468C soc1@60.5C VDD_IN 12517mW/9539mW VDD_CPU_GPU_CV 4959mW/3402mW VDD_SOC 2606mW/2071mW
06-14-2026 12:58:07 RAM 3488/7607MB (lfb 28x4MB) SWAP 225/3804MB (cached 0MB) CPU [0%@1510,0%@1510,0%@1510,0%@1510,0%@1510,0%@1510] GR3D_FREQ 99% cpu@62.25C soc2@61.156C soc0@58.843C gpu@63.468C tj@63.468C soc1@60.437C VDD_IN 12517mW/9568mW VDD_CPU_GPU_CV 4959mW/3417mW VDD_SOC 2566mW/2075mW
06-14-2026 12:58:08 RAM 3488/7607MB (lfb 28x4MB) SWAP 225/3804MB (cached 0MB) CPU [0%@1510,0%@1510,0%@1510,0%@1510,0%@1510,0%@1510] GR3D_FREQ 99% cpu@62.531C soc2@61.218C soc0@58.968C gpu@63.593C tj@63.593C soc1@60.468C VDD_IN 12517mW/9595mW VDD_CPU_GPU_CV 4959mW/3431mW VDD_SOC 2606mW/2080mW
06-14-2026 12:58:09 RAM 3488/7607MB (lfb 28x4MB) SWAP 225/3804MB (cached 0MB) CPU [2%@1510,0%@1510,0%@1510,0%@1510,0%@1510,0%@1510] GR3D_FREQ 98% cpu@62.218C soc2@61.187C soc0@58.843C gpu@63.593C tj@63.593C soc1@60.593C VDD_IN 12517mW/9623mW VDD_CPU_GPU_CV 4959mW/3445mW VDD_SOC 2566mW/2085mW
06-14-2026 12:58:10 RAM 3488/7607MB (lfb 28x4MB) SWAP 225/3804MB (cached 0MB) CPU [0%@1510,0%@1510,0%@1510,0%@1510,0%@1510,0%@1510] GR3D_FREQ 99% cpu@62.343C soc2@61.25C soc0@58.906C gpu@63.25C tj@63.25C soc1@60.593C VDD_IN 12517mW/9650mW VDD_CPU_GPU_CV 4959mW/3459mW VDD_SOC 2566mW/2089mW
06-14-2026 12:58:11 RAM 3488/7607MB (lfb 28x4MB) SWAP 225/3804MB (cached 0MB) CPU [0%@1510,0%@1510,0%@1510,0%@1510,0%@1510,3%@1510] GR3D_FREQ 99% cpu@62.406C soc2@61.281C soc0@59.031C gpu@63.312C tj@63.312C soc1@60.593C VDD_IN 12557mW/9676mW VDD_CPU_GPU_CV 4959mW/3473mW VDD_SOC 2566mW/2094mW
06-14-2026 12:58:12 RAM 3488/7607MB (lfb 28x4MB) SWAP 225/3804MB (cached 0MB) CPU [1%@1510,0%@1510,0%@1510,0%@1510,0%@1510,0%@1510] GR3D_FREQ 98% cpu@62.437C soc2@61.406C soc0@58.968C gpu@63.406C tj@63.406C soc1@60.75C VDD_IN 12517mW/9702mW VDD_CPU_GPU_CV 4959mW/3487mW VDD_SOC 2606mW/2098mW
06-14-2026 12:58:13 RAM 3488/7607MB (lfb 28x4MB) SWAP 225/3804MB (cached 0MB) CPU [0%@1510,0%@1510,0%@1510,0%@1510,0%@1510,0%@1510] GR3D_FREQ 99% cpu@62.718C soc2@61.406C soc0@59.062C gpu@63.343C tj@63.343C soc1@60.812C VDD_IN 12517mW/9727mW VDD_CPU_GPU_CV 4959mW/3500mW VDD_SOC 2606mW/2103mW
06-14-2026 12:58:14 RAM 3488/7607MB (lfb 28x4MB) SWAP 225/3804MB (cached 0MB) CPU [1%@1510,0%@1510,0%@1510,0%@1510,0%@1510,0%@1510] GR3D_FREQ 99% cpu@62.437C soc2@61.468C soc0@59.125C gpu@63.5C tj@63.5C soc1@60.718C VDD_IN 12517mW/9752mW VDD_CPU_GPU_CV 4959mW/3513mW VDD_SOC 2566mW/2107mW
06-14-2026 12:58:15 RAM 3488/7607MB (lfb 28x4MB) SWAP 225/3804MB (cached 0MB) CPU [1%@1510,0%@1510,0%@1510,0%@1510,0%@1510,0%@1510] GR3D_FREQ 99% cpu@62.406C soc2@61.406C soc0@59.093C gpu@63.5C tj@63.5C soc1@60.781C VDD_IN 12517mW/9777mW VDD_CPU_GPU_CV 4959mW/3526mW VDD_SOC 2566mW/2111mW
06-14-2026 12:58:16 RAM 3488/7607MB (lfb 28x4MB) SWAP 225/3804MB (cached 0MB) CPU [0%@1510,0%@1510,0%@1510,0%@1510,0%@1510,0%@1510] GR3D_FREQ 99% cpu@62.531C soc2@61.5C soc0@59.062C gpu@63.468C tj@63.468C soc1@60.75C VDD_IN 12517mW/9801mW VDD_CPU_GPU_CV 4920mW/3538mW VDD_SOC 2606mW/2116mW
06-14-2026 12:58:17 RAM 3488/7607MB (lfb 28x4MB) SWAP 225/3804MB (cached 0MB) CPU [0%@1510,0%@1510,0%@1510,0%@1510,0%@1510,0%@1510] GR3D_FREQ 99% cpu@62.687C soc2@61.593C soc0@59.125C gpu@63.5C tj@63.5C soc1@60.875C VDD_IN 12517mW/9824mW VDD_CPU_GPU_CV 4959mW/3550mW VDD_SOC 2606mW/2120mW
06-14-2026 12:58:18 RAM 3488/7607MB (lfb 28x4MB) SWAP 225/3804MB (cached 0MB) CPU [1%@1510,0%@1510,0%@1510,0%@1510,0%@1510,0%@1510] GR3D_FREQ 99% cpu@62.562C soc2@61.562C soc0@59.218C gpu@63.562C tj@63.562C soc1@60.937C VDD_IN 12517mW/9848mW VDD_CPU_GPU_CV 4920mW/3562mW VDD_SOC 2606mW/2124mW
06-14-2026 12:58:19 RAM 3488/7607MB (lfb 28x4MB) SWAP 225/3804MB (cached 0MB) CPU [0%@1510,0%@1510,0%@1510,0%@1510,0%@1510,0%@1510] GR3D_FREQ 98% cpu@62.718C soc2@61.531C soc0@59.312C gpu@63.625C tj@63.625C soc1@61C VDD_IN 12517mW/9870mW VDD_CPU_GPU_CV 4920mW/3574mW VDD_SOC 2606mW/2128mW
06-14-2026 12:58:20 RAM 3488/7607MB (lfb 28x4MB) SWAP 225/3804MB (cached 0MB) CPU [0%@1510,0%@1510,0%@1510,0%@1510,0%@1510,0%@1510] GR3D_FREQ 99% cpu@62.593C soc2@61.687C soc0@59.343C gpu@63.718C tj@63.718C soc1@60.875C VDD_IN 12517mW/9893mW VDD_CPU_GPU_CV 4959mW/3586mW VDD_SOC 2606mW/2132mW
06-14-2026 12:58:21 RAM 3488/7607MB (lfb 28x4MB) SWAP 225/3804MB (cached 0MB) CPU [1%@1510,0%@1510,0%@1510,0%@1510,0%@1510,0%@1510] GR3D_FREQ 98% cpu@62.531C soc2@61.687C soc0@59.156C gpu@63.656C tj@63.656C soc1@60.937C VDD_IN 12517mW/9915mW VDD_CPU_GPU_CV 4959mW/3597mW VDD_SOC 2606mW/2136mW
06-14-2026 12:58:22 RAM 3488/7607MB (lfb 28x4MB) SWAP 225/3804MB (cached 0MB) CPU [2%@1510,0%@1510,0%@1510,0%@1510,0%@1510,0%@1510] GR3D_FREQ 99% cpu@62.625C soc2@61.593C soc0@59.312C gpu@63.718C tj@63.718C soc1@60.906C VDD_IN 12557mW/9937mW VDD_CPU_GPU_CV 4959mW/3608mW VDD_SOC 2606mW/2140mW
06-14-2026 12:58:23 RAM 3488/7607MB (lfb 28x4MB) SWAP 225/3804MB (cached 0MB) CPU [0%@1510,0%@1510,0%@1510,0%@1510,0%@1510,0%@1510] GR3D_FREQ 99% cpu@62.781C soc2@61.781C soc0@59.343C gpu@63.781C tj@63.781C soc1@60.937C VDD_IN 12517mW/9958mW VDD_CPU_GPU_CV 4920mW/3619mW VDD_SOC 2606mW/2144mW
06-14-2026 12:58:24 RAM 3488/7607MB (lfb 28x4MB) SWAP 225/3804MB (cached 0MB) CPU [0%@1510,0%@1510,0%@1510,0%@1510,0%@1510,0%@1510] GR3D_FREQ 98% cpu@62.843C soc2@61.75C soc0@59.406C gpu@63.781C tj@63.781C soc1@61.062C VDD_IN 12517mW/9979mW VDD_CPU_GPU_CV 4959mW/3630mW VDD_SOC 2606mW/2148mW
06-14-2026 12:58:25 RAM 3488/7607MB (lfb 28x4MB) SWAP 225/3804MB (cached 0MB) CPU [0%@1510,0%@1510,0%@1510,0%@1510,0%@1510,0%@1510] GR3D_FREQ 99% cpu@62.75C soc2@61.781C soc0@59.5C gpu@63.781C tj@63.781C soc1@61.156C VDD_IN 12517mW/10000mW VDD_CPU_GPU_CV 4959mW/3641mW VDD_SOC 2606mW/2151mW
06-14-2026 12:58:26 RAM 3488/7607MB (lfb 28x4MB) SWAP 225/3804MB (cached 0MB) CPU [0%@1510,0%@1510,0%@1510,0%@1510,0%@1510,0%@1510] GR3D_FREQ 98% cpu@63.062C soc2@61.781C soc0@59.5C gpu@63.875C tj@63.875C soc1@60.968C VDD_IN 12557mW/10020mW VDD_CPU_GPU_CV 4959mW/3652mW VDD_SOC 2606mW/2155mW
06-14-2026 12:58:27 RAM 3488/7607MB (lfb 28x4MB) SWAP 225/3804MB (cached 0MB) CPU [0%@1510,0%@1510,0%@1510,0%@1510,0%@1510,0%@1510] GR3D_FREQ 99% cpu@62.843C soc2@61.718C soc0@59.562C gpu@63.843C tj@63.843C soc1@61.031C VDD_IN 12517mW/10040mW VDD_CPU_GPU_CV 4920mW/3662mW VDD_SOC 2606mW/2159mW
06-14-2026 12:58:28 RAM 3488/7607MB (lfb 28x4MB) SWAP 225/3804MB (cached 0MB) CPU [0%@1510,0%@1510,0%@1510,0%@1510,0%@1510,0%@1510] GR3D_FREQ 99% cpu@62.937C soc2@61.781C soc0@59.406C gpu@63.843C tj@63.843C soc1@61.093C VDD_IN 12517mW/10060mW VDD_CPU_GPU_CV 4959mW/3672mW VDD_SOC 2606mW/2162mW
06-14-2026 12:58:29 RAM 3488/7607MB (lfb 28x4MB) SWAP 225/3804MB (cached 0MB) CPU [1%@1510,0%@1510,0%@1510,0%@1510,0%@1510,0%@1510] GR3D_FREQ 99% cpu@62.875C soc2@61.843C soc0@59.468C gpu@64.031C tj@64.031C soc1@61.156C VDD_IN 12557mW/10080mW VDD_CPU_GPU_CV 4959mW/3682mW VDD_SOC 2606mW/2166mW
06-14-2026 12:58:30 RAM 3488/7607MB (lfb 28x4MB) SWAP 225/3804MB (cached 0MB) CPU [0%@1510,0%@1510,0%@1510,0%@1510,0%@1510,0%@1510] GR3D_FREQ 99% cpu@63.031C soc2@61.906C soc0@59.5C gpu@63.937C tj@63.937C soc1@61.187C VDD_IN 12517mW/10099mW VDD_CPU_GPU_CV 4959mW/3692mW VDD_SOC 2606mW/2169mW
06-14-2026 12:58:31 RAM 3488/7607MB (lfb 28x4MB) SWAP 225/3804MB (cached 0MB) CPU [0%@1510,0%@1510,0%@1510,0%@1510,0%@1510,0%@1510] GR3D_FREQ 99% cpu@63.093C soc2@61.968C soc0@59.625C gpu@64.093C tj@64.093C soc1@61.281C VDD_IN 12557mW/10118mW VDD_CPU_GPU_CV 4959mW/3702mW VDD_SOC 2606mW/2173mW
06-14-2026 12:58:32 RAM 3488/7607MB (lfb 28x4MB) SWAP 225/3804MB (cached 0MB) CPU [0%@1510,0%@1510,0%@1510,0%@1510,0%@1510,0%@1510] GR3D_FREQ 99% cpu@62.937C soc2@61.968C soc0@59.625C gpu@63.937C tj@63.937C soc1@61.187C VDD_IN 12517mW/10136mW VDD_CPU_GPU_CV 4959mW/3712mW VDD_SOC 2606mW/2176mW
06-14-2026 12:58:33 RAM 3488/7607MB (lfb 28x4MB) SWAP 225/3804MB (cached 0MB) CPU [1%@1510,0%@1510,0%@1510,0%@1510,0%@1510,0%@1510] GR3D_FREQ 98% cpu@63.281C soc2@61.968C soc0@59.718C gpu@64.156C tj@64.156C soc1@61.156C VDD_IN 12557mW/10155mW VDD_CPU_GPU_CV 4959mW/3721mW VDD_SOC 2606mW/2179mW
06-14-2026 12:58:34 RAM 3488/7607MB (lfb 28x4MB) SWAP 225/3804MB (cached 0MB) CPU [0%@1510,0%@1510,0%@1510,0%@1510,0%@1510,0%@1510] GR3D_FREQ 99% cpu@63C soc2@62.062C soc0@59.562C gpu@64.156C tj@64.156C soc1@61.343C VDD_IN 12557mW/10173mW VDD_CPU_GPU_CV 4959mW/3731mW VDD_SOC 2606mW/2182mW
06-14-2026 12:58:35 RAM 3488/7607MB (lfb 28x4MB) SWAP 225/3804MB (cached 0MB) CPU [1%@1510,0%@1510,0%@1510,0%@1510,0%@1510,0%@1510] GR3D_FREQ 99% cpu@63.093C soc2@61.968C soc0@59.656C gpu@64.156C tj@64.156C soc1@61.312C VDD_IN 12517mW/10191mW VDD_CPU_GPU_CV 4959mW/3740mW VDD_SOC 2606mW/2186mW
06-14-2026 12:58:36 RAM 3488/7607MB (lfb 28x4MB) SWAP 225/3804MB (cached 0MB) CPU [0%@1510,0%@1510,0%@1510,0%@1510,0%@1510,0%@1510] GR3D_FREQ 98% cpu@63.093C soc2@62.093C soc0@59.593C gpu@64.187C tj@64.187C soc1@61.343C VDD_IN 12557mW/10208mW VDD_CPU_GPU_CV 4959mW/3749mW VDD_SOC 2606mW/2189mW
06-14-2026 12:58:38 RAM 3488/7607MB (lfb 28x4MB) SWAP 225/3804MB (cached 0MB) CPU [0%@1510,0%@1510,0%@1510,0%@1510,0%@1510,0%@1510] GR3D_FREQ 99% cpu@63.125C soc2@62C soc0@59.781C gpu@64.187C tj@64.187C soc1@61.437C VDD_IN 12557mW/10226mW VDD_CPU_GPU_CV 4959mW/3758mW VDD_SOC 2606mW/2192mW
06-14-2026 12:58:39 RAM 3488/7607MB (lfb 28x4MB) SWAP 225/3804MB (cached 0MB) CPU [0%@1510,0%@1510,0%@1510,0%@1510,0%@1510,0%@1510] GR3D_FREQ 99% cpu@63.281C soc2@62.031C soc0@59.687C gpu@64.281C tj@64.281C soc1@61.281C VDD_IN 12517mW/10243mW VDD_CPU_GPU_CV 4959mW/3767mW VDD_SOC 2606mW/2195mW
06-14-2026 12:58:40 RAM 3488/7607MB (lfb 28x4MB) SWAP 225/3804MB (cached 0MB) CPU [0%@1510,0%@1510,0%@1510,0%@1510,0%@1510,0%@1510] GR3D_FREQ 98% cpu@63.062C soc2@62.093C soc0@59.812C gpu@64.281C tj@64.281C soc1@61.312C VDD_IN 12557mW/10259mW VDD_CPU_GPU_CV 4959mW/3775mW VDD_SOC 2606mW/2198mW
06-14-2026 12:58:41 RAM 3488/7607MB (lfb 28x4MB) SWAP 225/3804MB (cached 0MB) CPU [0%@1510,0%@1510,0%@1510,0%@1510,0%@1510,0%@1510] GR3D_FREQ 99% cpu@63.062C soc2@61.968C soc0@59.656C gpu@64.312C tj@64.312C soc1@61.343C VDD_IN 12557mW/10276mW VDD_CPU_GPU_CV 4959mW/3784mW VDD_SOC 2606mW/2201mW
06-14-2026 12:58:42 RAM 3488/7607MB (lfb 28x4MB) SWAP 225/3804MB (cached 0MB) CPU [1%@1510,0%@1510,0%@1510,0%@1510,0%@1510,0%@1510] GR3D_FREQ 99% cpu@63.093C soc2@62.031C soc0@59.718C gpu@64.312C tj@64.312C soc1@61.406C VDD_IN 12517mW/10292mW VDD_CPU_GPU_CV 4959mW/3792mW VDD_SOC 2606mW/2204mW
06-14-2026 12:58:43 RAM 3488/7607MB (lfb 28x4MB) SWAP 225/3804MB (cached 0MB) CPU [0%@1510,0%@1510,0%@1510,0%@1510,0%@1510,0%@1510] GR3D_FREQ 99% cpu@63.218C soc2@62.062C soc0@59.75C gpu@64.25C tj@64.25C soc1@61.375C VDD_IN 12557mW/10308mW VDD_CPU_GPU_CV 4959mW/3801mW VDD_SOC 2606mW/2207mW
06-14-2026 12:58:44 RAM 3488/7607MB (lfb 28x4MB) SWAP 225/3804MB (cached 0MB) CPU [0%@1510,0%@1510,0%@1510,0%@1510,0%@1510,0%@1510] GR3D_FREQ 99% cpu@63.406C soc2@62.093C soc0@59.718C gpu@64.343C tj@64.343C soc1@61.437C VDD_IN 12557mW/10324mW VDD_CPU_GPU_CV 4959mW/3809mW VDD_SOC 2601mW/2209mW
06-14-2026 12:58:45 RAM 3488/7607MB (lfb 28x4MB) SWAP 225/3804MB (cached 0MB) CPU [0%@1510,0%@1510,0%@1510,0%@1510,0%@1510,0%@1510] GR3D_FREQ 99% cpu@63.312C soc2@62.093C soc0@59.812C gpu@64.343C tj@64.343C soc1@61.531C VDD_IN 12517mW/10340mW VDD_CPU_GPU_CV 4959mW/3817mW VDD_SOC 2606mW/2212mW
06-14-2026 12:58:46 RAM 3488/7607MB (lfb 28x4MB) SWAP 225/3804MB (cached 0MB) CPU [0%@1510,0%@1510,0%@1510,0%@1510,0%@1510,0%@1510] GR3D_FREQ 99% cpu@63.125C soc2@62.187C soc0@59.875C gpu@64.406C tj@64.406C soc1@61.375C VDD_IN 12557mW/10355mW VDD_CPU_GPU_CV 4959mW/3825mW VDD_SOC 2606mW/2215mW
06-14-2026 12:58:47 RAM 3488/7607MB (lfb 28x4MB) SWAP 225/3804MB (cached 0MB) CPU [0%@1510,0%@1510,0%@1510,0%@1510,0%@1510,0%@1510] GR3D_FREQ 99% cpu@63.187C soc2@62.062C soc0@59.812C gpu@64.437C tj@64.437C soc1@61.468C VDD_IN 12557mW/10371mW VDD_CPU_GPU_CV 4959mW/3833mW VDD_SOC 2601mW/2218mW
06-14-2026 12:58:48 RAM 3488/7607MB (lfb 28x4MB) SWAP 225/3804MB (cached 0MB) CPU [1%@1510,0%@1510,0%@1510,0%@1510,0%@1510,0%@1510] GR3D_FREQ 99% cpu@63.187C soc2@62.156C soc0@59.75C gpu@64.468C tj@64.468C soc1@61.375C VDD_IN 12517mW/10385mW VDD_CPU_GPU_CV 4959mW/3841mW VDD_SOC 2606mW/2220mW
06-14-2026 12:58:49 RAM 3488/7607MB (lfb 28x4MB) SWAP 225/3804MB (cached 0MB) CPU [0%@1510,0%@1510,0%@1510,0%@1510,0%@1510,0%@1510] GR3D_FREQ 98% cpu@63.25C soc2@62.125C soc0@59.875C gpu@64.593C tj@64.593C soc1@61.406C VDD_IN 12557mW/10400mW VDD_CPU_GPU_CV 4959mW/3848mW VDD_SOC 2606mW/2223mW
06-14-2026 12:58:50 RAM 3488/7607MB (lfb 28x4MB) SWAP 225/3804MB (cached 0MB) CPU [0%@1510,0%@1510,0%@1510,0%@1510,0%@1510,0%@1510] GR3D_FREQ 98% cpu@63.343C soc2@62.125C soc0@59.937C gpu@64.187C tj@64.187C soc1@61.562C VDD_IN 12557mW/10415mW VDD_CPU_GPU_CV 4959mW/3856mW VDD_SOC 2606mW/2226mW
06-14-2026 12:58:51 RAM 3488/7607MB (lfb 28x4MB) SWAP 225/3804MB (cached 0MB) CPU [1%@1510,0%@1510,0%@1510,0%@1510,0%@1510,0%@1510] GR3D_FREQ 99% cpu@63.25C soc2@62.281C soc0@59.937C gpu@64.156C tj@64.156C soc1@61.687C VDD_IN 12517mW/10429mW VDD_CPU_GPU_CV 4920mW/3863mW VDD_SOC 2606mW/2228mW
06-14-2026 12:58:52 RAM 3488/7607MB (lfb 28x4MB) SWAP 225/3804MB (cached 0MB) CPU [0%@1510,0%@1510,0%@1510,0%@1510,0%@1510,0%@1510] GR3D_FREQ 98% cpu@63.406C soc2@62.312C soc0@60C gpu@64.187C tj@64.187C soc1@61.531C VDD_IN 12557mW/10443mW VDD_CPU_GPU_CV 4959mW/3871mW VDD_SOC 2601mW/2231mW
06-14-2026 12:58:53 RAM 3488/7607MB (lfb 28x4MB) SWAP 225/3804MB (cached 0MB) CPU [0%@1510,0%@1510,0%@1510,0%@1510,0%@1510,0%@1510] GR3D_FREQ 99% cpu@63.25C soc2@62.218C soc0@59.875C gpu@64.281C tj@64.281C soc1@61.5C VDD_IN 12557mW/10457mW VDD_CPU_GPU_CV 4959mW/3878mW VDD_SOC 2606mW/2233mW
06-14-2026 12:58:54 RAM 3488/7607MB (lfb 28x4MB) SWAP 225/3804MB (cached 0MB) CPU [1%@1510,0%@1510,0%@1510,0%@1510,0%@1510,0%@1510] GR3D_FREQ 98% cpu@63.406C soc2@62.218C soc0@59.906C gpu@64.218C tj@64.218C soc1@61.406C VDD_IN 12557mW/10471mW VDD_CPU_GPU_CV 4959mW/3885mW VDD_SOC 2606mW/2236mW
06-14-2026 12:58:55 RAM 3488/7607MB (lfb 28x4MB) SWAP 225/3804MB (cached 0MB) CPU [0%@1510,0%@1510,0%@1510,0%@1510,0%@1510,0%@1510] GR3D_FREQ 99% cpu@63.281C soc2@62.375C soc0@59.968C gpu@64.312C tj@64.312C soc1@61.625C VDD_IN 12557mW/10485mW VDD_CPU_GPU_CV 4959mW/3892mW VDD_SOC 2606mW/2238mW
06-14-2026 12:58:56 RAM 3488/7607MB (lfb 28x4MB) SWAP 225/3804MB (cached 0MB) CPU [0%@1510,0%@1510,0%@1510,0%@1510,0%@1510,0%@1510] GR3D_FREQ 99% cpu@63.437C soc2@62.343C soc0@59.906C gpu@64.312C tj@64.312C soc1@61.687C VDD_IN 12557mW/10499mW VDD_CPU_GPU_CV 4959mW/3899mW VDD_SOC 2606mW/2240mW
06-14-2026 12:58:57 RAM 3488/7607MB (lfb 28x4MB) SWAP 225/3804MB (cached 0MB) CPU [0%@1510,0%@1510,0%@1510,0%@1510,0%@1510,0%@1510] GR3D_FREQ 99% cpu@63.5C soc2@62.406C soc0@60.031C gpu@64.312C tj@64.406C soc1@61.718C VDD_IN 12557mW/10512mW VDD_CPU_GPU_CV 4959mW/3906mW VDD_SOC 2601mW/2243mW
06-14-2026 12:58:58 RAM 3488/7607MB (lfb 28x4MB) SWAP 225/3804MB (cached 0MB) CPU [1%@1510,0%@1510,0%@1510,0%@1510,0%@1510,0%@1510] GR3D_FREQ 99% cpu@63.375C soc2@62.281C soc0@60.093C gpu@64.281C tj@64.375C soc1@61.531C VDD_IN 12517mW/10525mW VDD_CPU_GPU_CV 4959mW/3913mW VDD_SOC 2606mW/2245mW
06-14-2026 12:58:59 RAM 3488/7607MB (lfb 28x4MB) SWAP 225/3804MB (cached 0MB) CPU [1%@1510,0%@1510,0%@1510,0%@1510,0%@1510,0%@1510] GR3D_FREQ 99% cpu@63.656C soc2@62.437C soc0@59.968C gpu@64.468C tj@64.468C soc1@61.625C VDD_IN 12557mW/10538mW VDD_CPU_GPU_CV 4959mW/3919mW VDD_SOC 2601mW/2247mW
06-14-2026 12:59:00 RAM 3488/7607MB (lfb 28x4MB) SWAP 225/3804MB (cached 0MB) CPU [0%@1510,0%@1510,0%@1510,0%@1510,0%@1510,0%@1510] GR3D_FREQ 99% cpu@63.375C soc2@62.218C soc0@59.937C gpu@64.5C tj@64.5C soc1@61.593C VDD_IN 12517mW/10551mW VDD_CPU_GPU_CV 4959mW/3926mW VDD_SOC 2606mW/2250mW
06-14-2026 12:59:01 RAM 3488/7607MB (lfb 28x4MB) SWAP 225/3804MB (cached 0MB) CPU [1%@1510,0%@1510,0%@1510,0%@1510,0%@1510,0%@1510] GR3D_FREQ 98% cpu@63.406C soc2@62.343C soc0@59.937C gpu@64.593C tj@64.593C soc1@61.687C VDD_IN 12557mW/10563mW VDD_CPU_GPU_CV 4959mW/3933mW VDD_SOC 2601mW/2252mW
06-14-2026 12:59:02 RAM 3488/7607MB (lfb 28x4MB) SWAP 225/3804MB (cached 0MB) CPU [0%@1510,0%@1510,0%@1510,0%@1510,0%@1510,0%@1510] GR3D_FREQ 99% cpu@63.562C soc2@62.375C soc0@59.968C gpu@64.593C tj@64.593C soc1@61.687C VDD_IN 12517mW/10576mW VDD_CPU_GPU_CV 4959mW/3939mW VDD_SOC 2606mW/2254mW
06-14-2026 12:59:03 RAM 3488/7607MB (lfb 28x4MB) SWAP 225/3804MB (cached 0MB) CPU [0%@1510,0%@1510,0%@1510,0%@1510,0%@1510,0%@1510] GR3D_FREQ 98% cpu@63.531C soc2@62.375C soc0@60.062C gpu@64.687C tj@64.687C soc1@61.781C VDD_IN 12557mW/10588mW VDD_CPU_GPU_CV 4959mW/3945mW VDD_SOC 2606mW/2256mW
06-14-2026 12:59:04 RAM 3488/7607MB (lfb 28x4MB) SWAP 225/3804MB (cached 0MB) CPU [0%@1510,0%@1510,0%@1510,0%@1510,0%@1510,0%@1510] GR3D_FREQ 99% cpu@63.75C soc2@62.437C soc0@60.125C gpu@64.718C tj@64.718C soc1@61.593C VDD_IN 12557mW/10600mW VDD_CPU_GPU_CV 4959mW/3952mW VDD_SOC 2601mW/2258mW
06-14-2026 12:59:05 RAM 3488/7607MB (lfb 28x4MB) SWAP 225/3804MB (cached 0MB) CPU [1%@1510,1%@1510,0%@1510,0%@1510,0%@1510,0%@1510] GR3D_FREQ 99% cpu@63.437C soc2@62.375C soc0@60.062C gpu@64.656C tj@64.656C soc1@61.656C VDD_IN 12557mW/10612mW VDD_CPU_GPU_CV 4959mW/3958mW VDD_SOC 2606mW/2261mW
06-14-2026 12:59:06 RAM 3488/7607MB (lfb 28x4MB) SWAP 225/3804MB (cached 0MB) CPU [0%@1510,0%@1510,0%@1510,0%@1510,0%@1510,0%@1510] GR3D_FREQ 98% cpu@63.468C soc2@62.406C soc0@60.031C gpu@64.781C tj@64.781C soc1@61.718C VDD_IN 12557mW/10624mW VDD_CPU_GPU_CV 4959mW/3964mW VDD_SOC 2606mW/2263mW
06-14-2026 12:59:07 RAM 3488/7607MB (lfb 28x4MB) SWAP 225/3804MB (cached 0MB) CPU [0%@1510,0%@1510,0%@1510,0%@1510,0%@1510,0%@1510] GR3D_FREQ 99% cpu@63.406C soc2@62.531C soc0@60.062C gpu@64.781C tj@64.781C soc1@61.812C VDD_IN 12557mW/10636mW VDD_CPU_GPU_CV 4959mW/3970mW VDD_SOC 2606mW/2265mW
06-14-2026 12:59:08 RAM 3488/7607MB (lfb 28x4MB) SWAP 225/3804MB (cached 0MB) CPU [0%@1510,0%@1510,0%@1510,0%@1510,0%@1510,0%@1510] GR3D_FREQ 98% cpu@63.593C soc2@62.468C soc0@60.156C gpu@64.812C tj@64.812C soc1@61.812C VDD_IN 12557mW/10648mW VDD_CPU_GPU_CV 4959mW/3976mW VDD_SOC 2601mW/2267mW
06-14-2026 12:59:09 RAM 3488/7607MB (lfb 28x4MB) SWAP 225/3804MB (cached 0MB) CPU [1%@1510,0%@1510,0%@1510,0%@1510,0%@1510,0%@1510] GR3D_FREQ 99% cpu@63.718C soc2@62.437C soc0@60.25C gpu@64.75C tj@64.75C soc1@61.875C VDD_IN 12557mW/10659mW VDD_CPU_GPU_CV 4959mW/3982mW VDD_SOC 2606mW/2269mW
06-14-2026 12:59:10 RAM 3488/7607MB (lfb 28x4MB) SWAP 225/3804MB (cached 0MB) CPU [0%@1510,0%@1510,0%@1510,0%@1510,0%@1510,0%@1510] GR3D_FREQ 99% cpu@63.593C soc2@62.468C soc0@60.312C gpu@64.781C tj@64.781C soc1@61.906C VDD_IN 12557mW/10670mW VDD_CPU_GPU_CV 4959mW/3988mW VDD_SOC 2606mW/2271mW
06-14-2026 12:59:11 RAM 3488/7607MB (lfb 28x4MB) SWAP 225/3804MB (cached 0MB) CPU [2%@1510,0%@1510,0%@1510,0%@1510,0%@1510,0%@1510] GR3D_FREQ 98% cpu@63.562C soc2@62.437C soc0@60.062C gpu@64.468C tj@64.468C soc1@61.812C VDD_IN 12557mW/10682mW VDD_CPU_GPU_CV 4998mW/3994mW VDD_SOC 2606mW/2273mW
06-14-2026 12:59:12 RAM 3488/7607MB (lfb 28x4MB) SWAP 225/3804MB (cached 0MB) CPU [0%@1510,0%@1510,0%@1510,0%@1510,0%@1510,0%@1510] GR3D_FREQ 99% cpu@63.562C soc2@62.531C soc0@60.125C gpu@64.562C tj@64.562C soc1@61.812C VDD_IN 12557mW/10693mW VDD_CPU_GPU_CV 4959mW/4000mW VDD_SOC 2606mW/2275mW
06-14-2026 12:59:13 RAM 3488/7607MB (lfb 28x4MB) SWAP 225/3804MB (cached 0MB) CPU [1%@1510,0%@1510,0%@1510,0%@1510,0%@1510,0%@1510] GR3D_FREQ 99% cpu@63.625C soc2@62.562C soc0@60.125C gpu@64.468C tj@64.468C soc1@61.687C VDD_IN 12557mW/10704mW VDD_CPU_GPU_CV 4959mW/4005mW VDD_SOC 2606mW/2277mW
06-14-2026 12:59:14 RAM 3488/7607MB (lfb 28x4MB) SWAP 225/3804MB (cached 0MB) CPU [0%@1510,0%@1510,0%@1510,0%@1510,0%@1510,0%@1510] GR3D_FREQ 98% cpu@63.562C soc2@62.531C soc0@60.187C gpu@64.531C tj@64.531C soc1@61.812C VDD_IN 12557mW/10715mW VDD_CPU_GPU_CV 4959mW/4011mW VDD_SOC 2606mW/2279mW
06-14-2026 12:59:15 RAM 3488/7607MB (lfb 28x4MB) SWAP 225/3804MB (cached 0MB) CPU [1%@1510,0%@1510,0%@1510,0%@1510,0%@1510,0%@1510] GR3D_FREQ 99% cpu@63.656C soc2@62.562C soc0@60.25C gpu@64.625C tj@64.625C soc1@61.875C VDD_IN 12557mW/10725mW VDD_CPU_GPU_CV 4959mW/4016mW VDD_SOC 2601mW/2281mW
06-14-2026 12:59:16 RAM 3488/7607MB (lfb 28x4MB) SWAP 225/3804MB (cached 0MB) CPU [0%@1510,0%@1510,0%@1510,0%@1510,0%@1510,0%@1510] GR3D_FREQ 99% cpu@63.656C soc2@62.593C soc0@60.343C gpu@64.562C tj@64.562C soc1@62.062C VDD_IN 12557mW/10736mW VDD_CPU_GPU_CV 4959mW/4022mW VDD_SOC 2601mW/2282mW
06-14-2026 12:59:17 RAM 3488/7607MB (lfb 28x4MB) SWAP 225/3804MB (cached 0MB) CPU [0%@1510,0%@1510,0%@1510,0%@1510,0%@1510,0%@1510] GR3D_FREQ 98% cpu@63.687C soc2@62.656C soc0@60.187C gpu@64.562C tj@64.562C soc1@61.812C VDD_IN 12557mW/10746mW VDD_CPU_GPU_CV 4959mW/4027mW VDD_SOC 2606mW/2284mW
06-14-2026 12:59:18 RAM 3488/7607MB (lfb 28x4MB) SWAP 225/3804MB (cached 0MB) CPU [0%@1510,0%@1510,0%@1510,0%@1510,0%@1510,0%@1510] GR3D_FREQ 99% cpu@63.625C soc2@62.593C soc0@60.218C gpu@64.718C tj@64.718C soc1@61.906C VDD_IN 12557mW/10757mW VDD_CPU_GPU_CV 4959mW/4032mW VDD_SOC 2601mW/2286mW
06-14-2026 12:59:19 RAM 3488/7607MB (lfb 28x4MB) SWAP 225/3804MB (cached 0MB) CPU [0%@1510,0%@1510,0%@1510,0%@1510,0%@1510,0%@1510] GR3D_FREQ 99% cpu@63.687C soc2@62.656C soc0@60.187C gpu@64.625C tj@64.625C soc1@61.812C VDD_IN 12557mW/10767mW VDD_CPU_GPU_CV 4959mW/4038mW VDD_SOC 2606mW/2288mW
06-14-2026 12:59:20 RAM 3488/7607MB (lfb 28x4MB) SWAP 225/3804MB (cached 0MB) CPU [0%@1510,0%@1510,0%@1510,0%@1510,0%@1510,0%@1510] GR3D_FREQ 98% cpu@63.75C soc2@62.593C soc0@60.25C gpu@64.687C tj@64.687C soc1@62C VDD_IN 12557mW/10777mW VDD_CPU_GPU_CV 4959mW/4043mW VDD_SOC 2606mW/2290mW
06-14-2026 12:59:21 RAM 3488/7607MB (lfb 28x4MB) SWAP 225/3804MB (cached 0MB) CPU [0%@1510,0%@1510,0%@1510,1%@1510,0%@1510,0%@1510] GR3D_FREQ 99% cpu@63.75C soc2@62.656C soc0@60.375C gpu@64.687C tj@64.687C soc1@61.937C VDD_IN 12557mW/10787mW VDD_CPU_GPU_CV 4998mW/4048mW VDD_SOC 2601mW/2292mW
06-14-2026 12:59:22 RAM 3488/7607MB (lfb 28x4MB) SWAP 225/3804MB (cached 0MB) CPU [0%@1510,0%@1510,0%@1510,0%@1510,0%@1510,0%@1510] GR3D_FREQ 99% cpu@63.843C soc2@62.781C soc0@60.375C gpu@64.687C tj@64.687C soc1@62.093C VDD_IN 12557mW/10797mW VDD_CPU_GPU_CV 4959mW/4053mW VDD_SOC 2606mW/2293mW
06-14-2026 12:59:23 RAM 3488/7607MB (lfb 28x4MB) SWAP 225/3804MB (cached 0MB) CPU [0%@1510,0%@1510,0%@1510,0%@1510,0%@1510,0%@1510] GR3D_FREQ 98% cpu@63.687C soc2@62.687C soc0@60.406C gpu@64.75C tj@64.75C soc1@61.875C VDD_IN 12557mW/10807mW VDD_CPU_GPU_CV 4959mW/4058mW VDD_SOC 2606mW/2295mW
06-14-2026 12:59:24 RAM 3488/7607MB (lfb 28x4MB) SWAP 225/3804MB (cached 0MB) CPU [0%@1510,0%@1510,0%@1510,0%@1510,0%@1510,0%@1510] GR3D_FREQ 99% cpu@63.781C soc2@62.593C soc0@60.312C gpu@64.781C tj@64.781C soc1@61.906C VDD_IN 12557mW/10816mW VDD_CPU_GPU_CV 4998mW/4064mW VDD_SOC 2601mW/2297mW
06-14-2026 12:59:25 RAM 3488/7607MB (lfb 28x4MB) SWAP 225/3804MB (cached 0MB) CPU [0%@1510,0%@1510,0%@1510,0%@1510,0%@1510,0%@1510] GR3D_FREQ 99% cpu@63.718C soc2@62.718C soc0@60.312C gpu@64.781C tj@64.781C soc1@61.968C VDD_IN 12557mW/10826mW VDD_CPU_GPU_CV 4959mW/4069mW VDD_SOC 2606mW/2298mW
06-14-2026 12:59:26 RAM 3488/7607MB (lfb 28x4MB) SWAP 225/3804MB (cached 0MB) CPU [0%@1510,0%@1510,0%@1510,1%@1510,0%@1510,0%@1510] GR3D_FREQ 99% cpu@63.812C soc2@62.656C soc0@60.343C gpu@64.781C tj@64.781C soc1@62.031C VDD_IN 12517mW/10835mW VDD_CPU_GPU_CV 4959mW/4073mW VDD_SOC 2601mW/2300mW
06-14-2026 12:59:27 RAM 3488/7607MB (lfb 28x4MB) SWAP 225/3804MB (cached 0MB) CPU [0%@1510,0%@1510,0%@1510,0%@1510,0%@1510,0%@1510] GR3D_FREQ 99% cpu@63.968C soc2@62.75C soc0@60.406C gpu@64.781C tj@64.781C soc1@62.125C VDD_IN 12557mW/10845mW VDD_CPU_GPU_CV 4959mW/4078mW VDD_SOC 2601mW/2302mW
06-14-2026 12:59:28 RAM 3488/7607MB (lfb 28x4MB) SWAP 225/3804MB (cached 0MB) CPU [0%@1510,0%@1510,0%@1510,0%@1510,0%@1510,0%@1510] GR3D_FREQ 98% cpu@63.906C soc2@62.718C soc0@60.531C gpu@64.812C tj@64.812C soc1@62.125C VDD_IN 12557mW/10854mW VDD_CPU_GPU_CV 4959mW/4083mW VDD_SOC 2601mW/2303mW
06-14-2026 12:59:29 RAM 3488/7607MB (lfb 28x4MB) SWAP 225/3804MB (cached 0MB) CPU [0%@1510,0%@1510,0%@1510,0%@1510,0%@1510,0%@1510] GR3D_FREQ 99% cpu@64.031C soc2@62.843C soc0@60.531C gpu@64.875C tj@64.875C soc1@62.031C VDD_IN 12557mW/10863mW VDD_CPU_GPU_CV 4959mW/4088mW VDD_SOC 2601mW/2305mW
06-14-2026 12:59:30 RAM 3493/7607MB (lfb 28x4MB) SWAP 225/3804MB (cached 0MB) CPU [0%@1510,0%@1510,0%@1510,0%@1510,0%@1510,0%@1510] GR3D_FREQ 99% cpu@63.843C soc2@62.75C soc0@60.406C gpu@64.906C tj@64.906C soc1@62.062C VDD_IN 12557mW/10872mW VDD_CPU_GPU_CV 4959mW/4092mW VDD_SOC 2606mW/2307mW
06-14-2026 12:59:31 RAM 3493/7607MB (lfb 28x4MB) SWAP 225/3804MB (cached 0MB) CPU [0%@1510,0%@1510,0%@1510,0%@1510,0%@1510,0%@1510] GR3D_FREQ 99% cpu@63.906C soc2@62.75C soc0@60.437C gpu@64.875C tj@64.875C soc1@62C VDD_IN 12557mW/10881mW VDD_CPU_GPU_CV 4959mW/4097mW VDD_SOC 2606mW/2308mW
06-14-2026 12:59:32 RAM 3493/7607MB (lfb 28x4MB) SWAP 225/3804MB (cached 0MB) CPU [0%@1510,0%@1510,0%@1510,0%@1510,0%@1510,0%@1510] GR3D_FREQ 99% cpu@63.843C soc2@62.718C soc0@60.437C gpu@64.875C tj@64.875C soc1@62.156C VDD_IN 12557mW/10890mW VDD_CPU_GPU_CV 4959mW/4102mW VDD_SOC 2601mW/2310mW
06-14-2026 12:59:33 RAM 3493/7607MB (lfb 28x4MB) SWAP 225/3804MB (cached 0MB) CPU [0%@1510,0%@1510,0%@1510,1%@1510,0%@1510,0%@1510] GR3D_FREQ 98% cpu@63.906C soc2@62.781C soc0@60.468C gpu@64.937C tj@64.937C soc1@62.156C VDD_IN 12557mW/10899mW VDD_CPU_GPU_CV 4959mW/4106mW VDD_SOC 2601mW/2311mW
06-14-2026 12:59:34 RAM 3493/7607MB (lfb 28x4MB) SWAP 225/3804MB (cached 0MB) CPU [0%@1510,0%@1510,0%@1510,0%@1510,0%@1510,0%@1510] GR3D_FREQ 99% cpu@64.062C soc2@62.843C soc0@60.593C gpu@64.937C tj@64.937C soc1@62.25C VDD_IN 12557mW/10907mW VDD_CPU_GPU_CV 4959mW/4110mW VDD_SOC 2601mW/2313mW
06-14-2026 12:59:35 RAM 3493/7607MB (lfb 28x4MB) SWAP 225/3804MB (cached 0MB) CPU [0%@1510,0%@1510,0%@1510,1%@1510,0%@1510,0%@1510] GR3D_FREQ 98% cpu@63.812C soc2@62.843C soc0@60.687C gpu@64.937C tj@64.937C soc1@62C VDD_IN 12557mW/10916mW VDD_CPU_GPU_CV 4959mW/4115mW VDD_SOC 2601mW/2314mW
06-14-2026 12:59:36 RAM 3493/7607MB (lfb 28x4MB) SWAP 225/3804MB (cached 0MB) CPU [0%@1510,0%@1510,0%@1510,0%@1510,0%@1510,0%@1510] GR3D_FREQ 99% cpu@63.906C soc2@62.812C soc0@60.437C gpu@65C tj@65C soc1@62.125C VDD_IN 12557mW/10924mW VDD_CPU_GPU_CV 4959mW/4119mW VDD_SOC 2601mW/2316mW
06-14-2026 12:59:37 RAM 3493/7607MB (lfb 28x4MB) SWAP 225/3804MB (cached 0MB) CPU [0%@1510,0%@1510,0%@1510,0%@1510,0%@1510,0%@1510] GR3D_FREQ 99% cpu@63.875C soc2@62.812C soc0@60.5C gpu@65C tj@65C soc1@62.156C VDD_IN 12557mW/10933mW VDD_CPU_GPU_CV 4959mW/4124mW VDD_SOC 2601mW/2317mW
06-14-2026 12:59:38 RAM 3493/7607MB (lfb 28x4MB) SWAP 225/3804MB (cached 0MB) CPU [0%@1510,0%@1510,0%@1510,0%@1510,0%@1510,0%@1510] GR3D_FREQ 99% cpu@63.937C soc2@62.843C soc0@60.406C gpu@65.062C tj@65.062C soc1@62.156C VDD_IN 12596mW/10941mW VDD_CPU_GPU_CV 4959mW/4128mW VDD_SOC 2601mW/2319mW
06-14-2026 12:59:39 RAM 3493/7607MB (lfb 28x4MB) SWAP 225/3804MB (cached 0MB) CPU [0%@1510,0%@1510,0%@1510,0%@1510,0%@1510,0%@1510] GR3D_FREQ 99% cpu@63.906C soc2@62.843C soc0@60.562C gpu@65.062C tj@65.062C soc1@62.187C VDD_IN 12557mW/10950mW VDD_CPU_GPU_CV 4959mW/4132mW VDD_SOC 2601mW/2320mW
06-14-2026 12:59:40 RAM 3494/7607MB (lfb 28x4MB) SWAP 225/3804MB (cached 0MB) CPU [1%@1510,0%@1510,0%@1510,1%@1510,0%@1510,0%@1510] GR3D_FREQ 99% cpu@64.156C soc2@62.937C soc0@60.625C gpu@65.093C tj@65.093C soc1@62.312C VDD_IN 12557mW/10958mW VDD_CPU_GPU_CV 4998mW/4137mW VDD_SOC 2601mW/2321mW
06-14-2026 12:59:41 RAM 3494/7607MB (lfb 28x4MB) SWAP 225/3804MB (cached 0MB) CPU [0%@1510,0%@1510,0%@1510,0%@1510,0%@1510,0%@1510] GR3D_FREQ 99% cpu@63.968C soc2@63C soc0@60.718C gpu@65.093C tj@64.906C soc1@62.156C VDD_IN 12557mW/10966mW VDD_CPU_GPU_CV 4959mW/4141mW VDD_SOC 2606mW/2323mW
06-14-2026 12:59:42 RAM 3494/7607MB (lfb 28x4MB) SWAP 225/3804MB (cached 0MB) CPU [0%@1510,0%@1510,0%@1510,0%@1510,0%@1510,0%@1510] GR3D_FREQ 98% cpu@63.968C soc2@62.875C soc0@60.593C gpu@64.875C tj@64.875C soc1@62.218C VDD_IN 12557mW/10974mW VDD_CPU_GPU_CV 4959mW/4145mW VDD_SOC 2601mW/2324mW
06-14-2026 12:59:43 RAM 3494/7607MB (lfb 28x4MB) SWAP 225/3804MB (cached 0MB) CPU [0%@1510,0%@1510,0%@1510,0%@1510,0%@1510,0%@1510] GR3D_FREQ 99% cpu@63.937C soc2@62.843C soc0@60.468C gpu@64.937C tj@64.937C soc1@62.218C VDD_IN 12557mW/10982mW VDD_CPU_GPU_CV 4959mW/4149mW VDD_SOC 2606mW/2326mW
06-14-2026 12:59:44 RAM 1625/7607MB (lfb 116x4MB) SWAP 225/3804MB (cached 0MB) CPU [15%@1510,8%@1510,22%@1510,52%@1510,28%@1510,21%@1510] GR3D_FREQ 0% cpu@63.937C soc2@62.531C soc0@60.406C gpu@63.625C tj@63.937C soc1@62.218C VDD_IN 7210mW/10963mW VDD_CPU_GPU_CV 2135mW/4139mW VDD_SOC 1624mW/2322mW
06-14-2026 12:59:45 RAM 1673/7607MB (lfb 116x4MB) SWAP 225/3804MB (cached 0MB) CPU [1%@1510,0%@1510,96%@1510,0%@1510,4%@1510,0%@1510] GR3D_FREQ 0% cpu@63.718C soc2@62.281C soc0@60.25C gpu@63.218C tj@63.718C soc1@62.156C VDD_IN 6180mW/10939mW VDD_CPU_GPU_CV 1542mW/4126mW VDD_SOC 1505mW/2318mW
06-14-2026 12:59:46 RAM 1682/7607MB (lfb 116x4MB) SWAP 225/3804MB (cached 0MB) CPU [0%@1510,0%@1510,99%@1510,0%@1510,4%@1510,0%@1510] GR3D_FREQ 0% cpu@63.375C soc2@62.031C soc0@60.25C gpu@63.125C tj@63.375C soc1@62.156C VDD_IN 6061mW/10915mW VDD_CPU_GPU_CV 1463mW/4113mW VDD_SOC 1505mW/2314mW
06-14-2026 12:59:47 RAM 2913/7607MB (lfb 44x4MB) SWAP 225/3804MB (cached 0MB) CPU [0%@1510,0%@1510,98%@1510,0%@1510,2%@1510,0%@1510] GR3D_FREQ 40% cpu@63.343C soc2@61.968C soc0@59.937C gpu@63.156C tj@63.343C soc1@61.812C VDD_IN 6972mW/10896mW VDD_CPU_GPU_CV 1621mW/4101mW VDD_SOC 1822mW/2312mW
06-14-2026 12:59:48 RAM 3710/7607MB (lfb 9x4MB) SWAP 225/3804MB (cached 0MB) CPU [0%@1510,0%@1510,55%@1510,0%@1510,0%@1510,0%@1510] GR3D_FREQ 99% cpu@63.25C soc2@62.031C soc0@59.906C gpu@64.031C tj@64.031C soc1@61.75C VDD_IN 10283mW/10893mW VDD_CPU_GPU_CV 3666mW/4099mW VDD_SOC 2254mW/2312mW
06-14-2026 12:59:49 RAM 3710/7607MB (lfb 9x4MB) SWAP 225/3804MB (cached 0MB) CPU [0%@1510,0%@1510,1%@1510,0%@1510,0%@1510,0%@1510] GR3D_FREQ 99% cpu@63.468C soc2@62.375C soc0@60.031C gpu@64.343C tj@64.343C soc1@61.843C VDD_IN 12320mW/10900mW VDD_CPU_GPU_CV 4841mW/4102mW VDD_SOC 2566mW/2313mW
06-14-2026 12:59:50 RAM 3719/7607MB (lfb 8x4MB) SWAP 225/3804MB (cached 0MB) CPU [0%@1510,0%@1510,0%@1510,0%@1510,0%@1510,0%@1510] GR3D_FREQ 99% cpu@63.593C soc2@62.437C soc0@60.156C gpu@64.5C tj@64.5C soc1@61.875C VDD_IN 12517mW/10908mW VDD_CPU_GPU_CV 4959mW/4106mW VDD_SOC 2566mW/2314mW
06-14-2026 12:59:51 RAM 3718/7607MB (lfb 8x4MB) SWAP 225/3804MB (cached 0MB) CPU [0%@1510,0%@1510,1%@1510,0%@1510,0%@1510,0%@1510] GR3D_FREQ 99% cpu@63.562C soc2@62.562C soc0@60.281C gpu@64.593C tj@64.593C soc1@62.031C VDD_IN 12517mW/10915mW VDD_CPU_GPU_CV 4959mW/4110mW VDD_SOC 2566mW/2315mW
06-14-2026 12:59:52 RAM 3718/7607MB (lfb 8x4MB) SWAP 225/3804MB (cached 0MB) CPU [0%@1510,0%@1510,0%@1510,0%@1510,0%@1510,0%@1510] GR3D_FREQ 96% cpu@63.718C soc2@62.656C soc0@60.218C gpu@64.5C tj@64.5C soc1@61.812C VDD_IN 12557mW/10923mW VDD_CPU_GPU_CV 4959mW/4114mW VDD_SOC 2606mW/2317mW
06-14-2026 12:59:53 RAM 3719/7607MB (lfb 8x4MB) SWAP 225/3804MB (cached 0MB) CPU [1%@1510,0%@1510,1%@1510,0%@1510,1%@1510,0%@1510] GR3D_FREQ 99% cpu@63.531C soc2@62.5C soc0@60.187C gpu@64.625C tj@64.625C soc1@61.812C VDD_IN 12557mW/10931mW VDD_CPU_GPU_CV 4998mW/4119mW VDD_SOC 2601mW/2318mW
06-14-2026 12:59:54 RAM 3719/7607MB (lfb 8x4MB) SWAP 225/3804MB (cached 0MB) CPU [0%@1510,0%@1510,1%@1510,0%@1510,0%@1510,0%@1510] GR3D_FREQ 99% cpu@63.687C soc2@62.593C soc0@60.25C gpu@64.562C tj@64.562C soc1@61.875C VDD_IN 12517mW/10939mW VDD_CPU_GPU_CV 4959mW/4123mW VDD_SOC 2606mW/2319mW
06-14-2026 12:59:55 RAM 3719/7607MB (lfb 8x4MB) SWAP 225/3804MB (cached 0MB) CPU [0%@1510,0%@1510,1%@1510,0%@1510,0%@1510,0%@1510] GR3D_FREQ 96% cpu@63.75C soc2@62.656C soc0@60.281C gpu@64.562C tj@64.562C soc1@61.906C VDD_IN 12557mW/10946mW VDD_CPU_GPU_CV 4959mW/4127mW VDD_SOC 2606mW/2321mW
06-14-2026 12:59:56 RAM 3719/7607MB (lfb 8x4MB) SWAP 225/3804MB (cached 0MB) CPU [0%@1510,0%@1510,1%@1510,0%@1510,0%@1510,0%@1510] GR3D_FREQ 99% cpu@63.718C soc2@62.687C soc0@60.343C gpu@64.656C tj@64.656C soc1@62C VDD_IN 12517mW/10954mW VDD_CPU_GPU_CV 4959mW/4130mW VDD_SOC 2601mW/2322mW
06-14-2026 12:59:57 RAM 1542/7607MB (lfb 117x4MB) SWAP 225/3804MB (cached 0MB) CPU [2%@1510,2%@1510,49%@1510,3%@1510,23%@1510,8%@1510] GR3D_FREQ 0% cpu@63.875C soc2@62.375C soc0@60.343C gpu@63.437C tj@63.875C soc1@62.093C VDD_IN 7923mW/10939mW VDD_CPU_GPU_CV 2452mW/4123mW VDD_SOC 1822mW/2320mW
06-14-2026 12:59:58 RAM 1542/7607MB (lfb 117x4MB) SWAP 225/3804MB (cached 0MB) CPU [1%@1510,0%@1510,0%@1510,0%@1510,1%@1510,1%@1510] GR3D_FREQ 0% cpu@63.156C soc2@61.906C soc0@60.031C gpu@62.906C tj@63.156C soc1@61.812C VDD_IN 5546mW/10914mW VDD_CPU_GPU_CV 1148mW/4109mW VDD_SOC 1465mW/2316mW
06-14-2026 12:59:59 RAM 1544/7607MB (lfb 117x4MB) SWAP 225/3804MB (cached 0MB) CPU [0%@1510,0%@1510,1%@1510,1%@1510,0%@1510,0%@1510] GR3D_FREQ 0% cpu@63.125C soc2@61.75C soc0@59.843C gpu@62.781C tj@63.125C soc1@61.718C VDD_IN 5348mW/10889mW VDD_CPU_GPU_CV 1069mW/4095mW VDD_SOC 1426mW/2312mW
