06-14-2026 13:00:51 RAM 1482/7607MB (lfb 8x2MB) SWAP 225/3804MB (cached 0MB) CPU [15%@1510,2%@1510,2%@1510,1%@1510,1%@1510,1%@1510] GR3D_FREQ 0% cpu@59.312C soc2@58.031C soc0@56.343C gpu@59.25C tj@59.312C soc1@58.437C VDD_IN 5317mW/5317mW VDD_CPU_GPU_CV 1030mW/1030mW VDD_SOC 1426mW/1426mW
06-14-2026 13:00:52 RAM 1482/7607MB (lfb 8x2MB) SWAP 225/3804MB (cached 0MB) CPU [0%@1510,0%@1510,0%@1510,0%@1510,0%@1510,0%@1510] GR3D_FREQ 0% cpu@59.593C soc2@58C soc0@56.312C gpu@59.218C tj@59.593C soc1@58.281C VDD_IN 5237mW/5277mW VDD_CPU_GPU_CV 990mW/1010mW VDD_SOC 1426mW/1426mW
06-14-2026 13:00:53 RAM 1482/7607MB (lfb 8x2MB) SWAP 225/3804MB (cached 0MB) CPU [0%@1510,0%@1510,0%@1510,0%@1510,0%@1510,0%@1510] GR3D_FREQ 0% cpu@59.218C soc2@57.843C soc0@56.093C gpu@59.093C tj@59.218C soc1@58.218C VDD_IN 5237mW/5264mW VDD_CPU_GPU_CV 990mW/1003mW VDD_SOC 1426mW/1426mW
06-14-2026 13:00:54 RAM 1482/7607MB (lfb 8x2MB) SWAP 225/3804MB (cached 0MB) CPU [0%@1510,0%@1510,0%@1510,0%@1510,0%@1510,0%@1510] GR3D_FREQ 0% cpu@59.218C soc2@57.781C soc0@56.062C gpu@59.031C tj@59.218C soc1@58.218C VDD_IN 5237mW/5257mW VDD_CPU_GPU_CV 990mW/1000mW VDD_SOC 1426mW/1426mW
06-14-2026 13:00:55 RAM 1484/7607MB (lfb 7x2MB) SWAP 225/3804MB (cached 0MB) CPU [0%@1510,0%@1510,0%@1510,0%@1510,0%@1510,0%@1510] GR3D_FREQ 0% cpu@59.343C soc2@57.843C soc0@55.968C gpu@59.031C tj@59.343C soc1@58.093C VDD_IN 5237mW/5253mW VDD_CPU_GPU_CV 990mW/998mW VDD_SOC 1426mW/1426mW
06-14-2026 13:00:56 RAM 1538/7607MB (lfb 11x2MB) SWAP 225/3804MB (cached 0MB) CPU [62%@1510,17%@1510,8%@1510,11%@1510,4%@1510,2%@1510] GR3D_FREQ 0% cpu@59.406C soc2@58C soc0@56.031C gpu@59.031C tj@59.406C soc1@58.062C VDD_IN 5952mW/5370mW VDD_CPU_GPU_CV 1465mW/1076mW VDD_SOC 1465mW/1433mW
06-14-2026 13:00:57 RAM 3053/7607MB (lfb 2x2MB) SWAP 225/3804MB (cached 0MB) CPU [39%@1510,58%@1510,0%@1510,1%@1510,2%@1510,0%@1510] GR3D_FREQ 41% cpu@59.593C soc2@57.906C soc0@56.062C gpu@59.062C tj@59.593C soc1@58.093C VDD_IN 6983mW/5600mW VDD_CPU_GPU_CV 1584mW/1148mW VDD_SOC 1822mW/1488mW
06-14-2026 13:00:58 RAM 3346/7607MB (lfb 2x2MB) SWAP 229/3804MB (cached 0MB) CPU [31%@1510,29%@1510,1%@1510,0%@1510,0%@1510,25%@1510] GR3D_FREQ 99% cpu@59.25C soc2@58C soc0@56.062C gpu@59.937C tj@59.937C soc1@58.031C VDD_IN 8873mW/6009mW VDD_CPU_GPU_CV 3361mW/1425mW VDD_SOC 1822mW/1530mW
06-14-2026 13:00:59 RAM 3366/7607MB (lfb 3x4MB) SWAP 229/3804MB (cached 0MB) CPU [2%@1510,0%@1510,0%@1510,5%@1510,0%@1510,0%@1510] GR3D_FREQ 99% cpu@59.406C soc2@58.218C soc0@56.031C gpu@60.156C tj@60.156C soc1@58.093C VDD_IN 10141mW/6468mW VDD_CPU_GPU_CV 4343mW/1749mW VDD_SOC 1941mW/1576mW
06-14-2026 13:01:00 RAM 3366/7607MB (lfb 3x4MB) SWAP 229/3804MB (cached 0MB) CPU [0%@1510,0%@1510,0%@1510,0%@1510,0%@1510,0%@1510] GR3D_FREQ 99% cpu@59.437C soc2@58.312C soc0@56.187C gpu@60.437C tj@60.437C soc1@58.031C VDD_IN 10735mW/6895mW VDD_CPU_GPU_CV 4778mW/2052mW VDD_SOC 1977mW/1616mW
06-14-2026 13:01:01 RAM 3366/7607MB (lfb 3x4MB) SWAP 229/3804MB (cached 0MB) CPU [0%@1510,0%@1510,0%@1510,0%@1510,0%@1510,0%@1510] GR3D_FREQ 99% cpu@59.562C soc2@58.468C soc0@56.25C gpu@60.593C tj@60.593C soc1@58.187C VDD_IN 10775mW/7248mW VDD_CPU_GPU_CV 4817mW/2303mW VDD_SOC 1977mW/1649mW
06-14-2026 13:01:02 RAM 3366/7607MB (lfb 3x4MB) SWAP 229/3804MB (cached 0MB) CPU [0%@1510,0%@1510,0%@1510,0%@1510,0%@1510,0%@1510] GR3D_FREQ 99% cpu@59.781C soc2@58.5C soc0@56.468C gpu@60.593C tj@60.593C soc1@58.218C VDD_IN 10775mW/7542mW VDD_CPU_GPU_CV 4817mW/2513mW VDD_SOC 1977mW/1676mW
06-14-2026 13:01:03 RAM 3367/7607MB (lfb 3x4MB) SWAP 229/3804MB (cached 0MB) CPU [0%@1510,0%@1510,0%@1510,0%@1510,0%@1510,0%@1510] GR3D_FREQ 99% cpu@59.718C soc2@58.593C soc0@56.5C gpu@60.75C tj@60.75C soc1@58.312C VDD_IN 10775mW/7790mW VDD_CPU_GPU_CV 4817mW/2690mW VDD_SOC 1977mW/1699mW
06-14-2026 13:01:04 RAM 3367/7607MB (lfb 3x4MB) SWAP 229/3804MB (cached 0MB) CPU [0%@1510,0%@1510,0%@1510,0%@1510,0%@1510,0%@1510] GR3D_FREQ 99% cpu@60C soc2@58.562C soc0@56.5C gpu@60.812C tj@60.812C soc1@58.25C VDD_IN 10775mW/8004mW VDD_CPU_GPU_CV 4817mW/2842mW VDD_SOC 1977mW/1719mW
06-14-2026 13:01:05 RAM 3404/7607MB (lfb 2x4MB) SWAP 229/3804MB (cached 0MB) CPU [0%@1510,0%@1510,7%@1510,3%@1510,10%@1510,0%@1510] GR3D_FREQ 99% cpu@59.875C soc2@58.687C soc0@56.375C gpu@60.875C tj@60.875C soc1@58.218C VDD_IN 11074mW/8208mW VDD_CPU_GPU_CV 4691mW/2965mW VDD_SOC 2175mW/1749mW
06-14-2026 13:01:06 RAM 3404/7607MB (lfb 2x4MB) SWAP 229/3804MB (cached 0MB) CPU [0%@1510,0%@1510,0%@1510,0%@1510,0%@1510,0%@1510] GR3D_FREQ 98% cpu@59.937C soc2@58.875C soc0@56.593C gpu@61.156C tj@61.156C soc1@58.437C VDD_IN 12794mW/8495mW VDD_CPU_GPU_CV 5156mW/3102mW VDD_SOC 2601mW/1803mW
06-14-2026 13:01:07 RAM 3404/7607MB (lfb 2x4MB) SWAP 229/3804MB (cached 0MB) CPU [0%@1510,0%@1510,0%@1510,0%@1510,0%@1510,0%@1510] GR3D_FREQ 98% cpu@60.218C soc2@58.968C soc0@56.781C gpu@61.281C tj@61.281C soc1@58.437C VDD_IN 12952mW/8757mW VDD_CPU_GPU_CV 5226mW/3227mW VDD_SOC 2641mW/1852mW
06-14-2026 13:01:08 RAM 3404/7607MB (lfb 2x4MB) SWAP 229/3804MB (cached 0MB) CPU [0%@1510,0%@1510,0%@1510,0%@1510,0%@1510,0%@1510] GR3D_FREQ 99% cpu@60.218C soc2@59.062C soc0@56.75C gpu@61.343C tj@61.343C soc1@58.625C VDD_IN 12952mW/8990mW VDD_CPU_GPU_CV 5226mW/3338mW VDD_SOC 2641mW/1896mW
06-14-2026 13:01:09 RAM 3404/7607MB (lfb 2x4MB) SWAP 229/3804MB (cached 0MB) CPU [0%@1510,0%@1510,0%@1510,0%@1510,0%@1510,0%@1510] GR3D_FREQ 99% cpu@60.375C soc2@59.125C soc0@56.906C gpu@61.437C tj@61.437C soc1@58.5C VDD_IN 12952mW/9199mW VDD_CPU_GPU_CV 5226mW/3438mW VDD_SOC 2641mW/1935mW
06-14-2026 13:01:10 RAM 3404/7607MB (lfb 2x4MB) SWAP 229/3804MB (cached 0MB) CPU [0%@1510,0%@1510,0%@1510,1%@1510,0%@1510,0%@1510] GR3D_FREQ 99% cpu@60.312C soc2@59.125C soc0@56.843C gpu@61.843C tj@61.843C soc1@58.593C VDD_IN 12991mW/9388mW VDD_CPU_GPU_CV 5226mW/3527mW VDD_SOC 2641mW/1970mW
06-14-2026 13:01:11 RAM 3404/7607MB (lfb 2x4MB) SWAP 229/3804MB (cached 0MB) CPU [0%@1510,0%@1510,0%@1510,0%@1510,0%@1510,0%@1510] GR3D_FREQ 98% cpu@60.406C soc2@59.218C soc0@57C gpu@61.937C tj@61.937C soc1@58.687C VDD_IN 12952mW/9558mW VDD_CPU_GPU_CV 5226mW/3608mW VDD_SOC 2641mW/2002mW
06-14-2026 13:01:12 RAM 3404/7607MB (lfb 2x4MB) SWAP 229/3804MB (cached 0MB) CPU [0%@1510,2%@1510,4%@1510,0%@1510,0%@1510,0%@1510] GR3D_FREQ 99% cpu@60.5C soc2@59.343C soc0@57.062C gpu@61.593C tj@61.593C soc1@58.75C VDD_IN 12991mW/9714mW VDD_CPU_GPU_CV 5226mW/3681mW VDD_SOC 2641mW/2031mW
06-14-2026 13:01:13 RAM 3404/7607MB (lfb 2x4MB) SWAP 229/3804MB (cached 0MB) CPU [0%@1510,0%@1510,0%@1510,0%@1510,0%@1510,0%@1510] GR3D_FREQ 99% cpu@60.562C soc2@59.406C soc0@57.156C gpu@61.687C tj@61.687C soc1@58.906C VDD_IN 12952mW/9855mW VDD_CPU_GPU_CV 5226mW/3749mW VDD_SOC 2641mW/2058mW
06-14-2026 13:01:14 RAM 3404/7607MB (lfb 2x4MB) SWAP 229/3804MB (cached 0MB) CPU [0%@1510,0%@1510,1%@1510,0%@1510,0%@1510,0%@1510] GR3D_FREQ 99% cpu@60.812C soc2@59.593C soc0@57.25C gpu@61.875C tj@61.875C soc1@59C VDD_IN 12991mW/9985mW VDD_CPU_GPU_CV 5226mW/3810mW VDD_SOC 2641mW/2082mW
06-14-2026 13:01:15 RAM 3404/7607MB (lfb 2x4MB) SWAP 229/3804MB (cached 0MB) CPU [0%@1510,0%@1510,0%@1510,0%@1510,0%@1510,0%@1510] GR3D_FREQ 99% cpu@60.687C soc2@59.5C soc0@57.312C gpu@61.875C tj@61.875C soc1@58.906C VDD_IN 12991mW/10106mW VDD_CPU_GPU_CV 5226mW/3867mW VDD_SOC 2641mW/2104mW
06-14-2026 13:01:16 RAM 3404/7607MB (lfb 2x4MB) SWAP 229/3804MB (cached 0MB) CPU [0%@1510,0%@1510,0%@1510,0%@1510,0%@1510,0%@1510] GR3D_FREQ 99% cpu@60.687C soc2@59.687C soc0@57.312C gpu@61.843C tj@61.843C soc1@58.968C VDD_IN 12991mW/10217mW VDD_CPU_GPU_CV 5226mW/3919mW VDD_SOC 2641mW/2125mW
06-14-2026 13:01:17 RAM 3404/7607MB (lfb 2x4MB) SWAP 229/3804MB (cached 0MB) CPU [0%@1510,0%@1510,0%@1510,0%@1510,0%@1510,0%@1510] GR3D_FREQ 99% cpu@60.687C soc2@59.718C soc0@57.312C gpu@61.937C tj@61.937C soc1@59.062C VDD_IN 12991mW/10319mW VDD_CPU_GPU_CV 5226mW/3967mW VDD_SOC 2641mW/2144mW
06-14-2026 13:01:18 RAM 3404/7607MB (lfb 2x4MB) SWAP 229/3804MB (cached 0MB) CPU [0%@1510,0%@1510,2%@1510,0%@1510,0%@1510,0%@1510] GR3D_FREQ 99% cpu@60.968C soc2@59.812C soc0@57.468C gpu@62C tj@62C soc1@59.156C VDD_IN 12991mW/10415mW VDD_CPU_GPU_CV 5226mW/4012mW VDD_SOC 2641mW/2162mW
06-14-2026 13:01:19 RAM 3404/7607MB (lfb 2x4MB) SWAP 229/3804MB (cached 0MB) CPU [0%@1510,0%@1510,1%@1510,0%@1510,0%@1510,0%@1510] GR3D_FREQ 99% cpu@60.968C soc2@59.937C soc0@57.562C gpu@62.093C tj@62.093C soc1@59.312C VDD_IN 12991mW/10504mW VDD_CPU_GPU_CV 5226mW/4054mW VDD_SOC 2641mW/2178mW
06-14-2026 13:01:20 RAM 3404/7607MB (lfb 2x4MB) SWAP 229/3804MB (cached 0MB) CPU [0%@1510,0%@1510,0%@1510,0%@1510,0%@1510,0%@1510] GR3D_FREQ 99% cpu@61.062C soc2@60.062C soc0@57.718C gpu@62.187C tj@62.187C soc1@59.437C VDD_IN 12991mW/10587mW VDD_CPU_GPU_CV 5226mW/4093mW VDD_SOC 2641mW/2194mW
06-14-2026 13:01:21 RAM 3404/7607MB (lfb 2x4MB) SWAP 229/3804MB (cached 0MB) CPU [0%@1510,0%@1510,0%@1510,0%@1510,0%@1510,0%@1510] GR3D_FREQ 98% cpu@61.031C soc2@60.062C soc0@57.718C gpu@62.156C tj@62.156C soc1@59.312C VDD_IN 12991mW/10664mW VDD_CPU_GPU_CV 5226mW/4130mW VDD_SOC 2641mW/2208mW
06-14-2026 13:01:22 RAM 3406/7607MB (lfb 2x4MB) SWAP 229/3804MB (cached 0MB) CPU [0%@1510,0%@1510,0%@1510,1%@1510,0%@1510,0%@1510] GR3D_FREQ 99% cpu@61.187C soc2@60.031C soc0@57.718C gpu@62.343C tj@62.343C soc1@59.468C VDD_IN 12991mW/10737mW VDD_CPU_GPU_CV 5226mW/4164mW VDD_SOC 2641mW/2222mW
06-14-2026 13:01:24 RAM 3406/7607MB (lfb 2x4MB) SWAP 229/3804MB (cached 0MB) CPU [0%@1510,0%@1510,0%@1510,0%@1510,0%@1510,0%@1510] GR3D_FREQ 99% cpu@61.187C soc2@60.093C soc0@57.75C gpu@62.375C tj@62.375C soc1@59.531C VDD_IN 12991mW/10805mW VDD_CPU_GPU_CV 5226mW/4196mW VDD_SOC 2641mW/2234mW
06-14-2026 13:01:25 RAM 3406/7607MB (lfb 2x4MB) SWAP 229/3804MB (cached 0MB) CPU [0%@1510,0%@1510,0%@1510,0%@1510,0%@1510,0%@1510] GR3D_FREQ 99% cpu@61.25C soc2@60.156C soc0@57.875C gpu@62.406C tj@62.406C soc1@59.562C VDD_IN 12991mW/10869mW VDD_CPU_GPU_CV 5226mW/4227mW VDD_SOC 2641mW/2246mW
06-14-2026 13:01:26 RAM 3406/7607MB (lfb 2x4MB) SWAP 229/3804MB (cached 0MB) CPU [0%@1510,0%@1510,0%@1510,0%@1510,0%@1510,0%@1510] GR3D_FREQ 98% cpu@61.406C soc2@60.156C soc0@57.906C gpu@62.437C tj@62.437C soc1@59.468C VDD_IN 12991mW/10930mW VDD_CPU_GPU_CV 5226mW/4255mW VDD_SOC 2641mW/2258mW
06-14-2026 13:01:27 RAM 3406/7607MB (lfb 2x4MB) SWAP 229/3804MB (cached 0MB) CPU [0%@1510,0%@1510,0%@1510,0%@1510,0%@1510,0%@1510] GR3D_FREQ 98% cpu@61.593C soc2@60.281C soc0@58C gpu@62.562C tj@62.562C soc1@59.781C VDD_IN 12991mW/10987mW VDD_CPU_GPU_CV 5265mW/4283mW VDD_SOC 2641mW/2268mW
06-14-2026 13:01:28 RAM 3406/7607MB (lfb 2x4MB) SWAP 229/3804MB (cached 0MB) CPU [0%@1510,0%@1510,2%@1510,0%@1510,0%@1510,0%@1510] GR3D_FREQ 99% cpu@61.562C soc2@60.437C soc0@58.125C gpu@62.718C tj@62.718C soc1@59.843C VDD_IN 12991mW/11041mW VDD_CPU_GPU_CV 5226mW/4309mW VDD_SOC 2641mW/2278mW
06-14-2026 13:01:29 RAM 3406/7607MB (lfb 2x4MB) SWAP 229/3804MB (cached 0MB) CPU [0%@1510,0%@1510,0%@1510,0%@1510,0%@1510,0%@1510] GR3D_FREQ 99% cpu@61.531C soc2@60.5C soc0@58.125C gpu@62.656C tj@62.656C soc1@59.718C VDD_IN 12991mW/11093mW VDD_CPU_GPU_CV 5226mW/4333mW VDD_SOC 2641mW/2288mW
06-14-2026 13:01:30 RAM 3406/7607MB (lfb 2x4MB) SWAP 229/3804MB (cached 0MB) CPU [0%@1510,0%@1510,0%@1510,0%@1510,0%@1510,0%@1510] GR3D_FREQ 98% cpu@61.593C soc2@60.468C soc0@58.062C gpu@62.812C tj@62.812C soc1@59.781C VDD_IN 13031mW/11142mW VDD_CPU_GPU_CV 5226mW/4356mW VDD_SOC 2641mW/2297mW
06-14-2026 13:01:31 RAM 3406/7607MB (lfb 2x4MB) SWAP 229/3804MB (cached 0MB) CPU [0%@1510,0%@1510,0%@1510,0%@1510,0%@1510,0%@1510] GR3D_FREQ 98% cpu@61.5C soc2@60.562C soc0@58.187C gpu@62.812C tj@62.812C soc1@59.875C VDD_IN 13031mW/11190mW VDD_CPU_GPU_CV 5226mW/4377mW VDD_SOC 2641mW/2306mW
06-14-2026 13:01:32 RAM 3406/7607MB (lfb 2x4MB) SWAP 229/3804MB (cached 0MB) CPU [0%@1510,0%@1510,0%@1510,1%@1510,0%@1510,0%@1510] GR3D_FREQ 99% cpu@61.625C soc2@60.625C soc0@58.312C gpu@62.781C tj@62.781C soc1@59.968C VDD_IN 12991mW/11234mW VDD_CPU_GPU_CV 5226mW/4398mW VDD_SOC 2641mW/2314mW
06-14-2026 13:01:33 RAM 3406/7607MB (lfb 2x4MB) SWAP 229/3804MB (cached 0MB) CPU [0%@1510,0%@1510,0%@1510,0%@1510,0%@1510,0%@1510] GR3D_FREQ 99% cpu@61.75C soc2@60.562C soc0@58.281C gpu@62.875C tj@62.875C soc1@60.093C VDD_IN 12991mW/11275mW VDD_CPU_GPU_CV 5226mW/4418mW VDD_SOC 2641mW/2322mW
06-14-2026 13:01:34 RAM 3406/7607MB (lfb 2x4MB) SWAP 229/3804MB (cached 0MB) CPU [0%@1510,0%@1510,0%@1510,0%@1510,0%@1510,0%@1510] GR3D_FREQ 99% cpu@61.843C soc2@60.781C soc0@58.437C gpu@62.843C tj@62.843C soc1@60.156C VDD_IN 13031mW/11316mW VDD_CPU_GPU_CV 5265mW/4438mW VDD_SOC 2641mW/2329mW
06-14-2026 13:01:35 RAM 3406/7607MB (lfb 2x4MB) SWAP 229/3804MB (cached 0MB) CPU [0%@1510,0%@1510,0%@1510,0%@1510,0%@1510,0%@1510] GR3D_FREQ 99% cpu@61.968C soc2@60.812C soc0@58.468C gpu@63.031C tj@63.031C soc1@60.031C VDD_IN 12970mW/11354mW VDD_CPU_GPU_CV 5265mW/4456mW VDD_SOC 2641mW/2336mW
06-14-2026 13:01:36 RAM 3406/7607MB (lfb 2x4MB) SWAP 229/3804MB (cached 0MB) CPU [0%@1510,0%@1510,2%@1510,0%@1510,0%@1510,0%@1510] GR3D_FREQ 99% cpu@61.843C soc2@60.843C soc0@58.375C gpu@63.125C tj@63.125C soc1@60.093C VDD_IN 13031mW/11391mW VDD_CPU_GPU_CV 5226mW/4473mW VDD_SOC 2680mW/2344mW
06-14-2026 13:01:37 RAM 3406/7607MB (lfb 2x4MB) SWAP 229/3804MB (cached 0MB) CPU [0%@1510,0%@1510,0%@1510,0%@1510,0%@1510,0%@1510] GR3D_FREQ 99% cpu@61.906C soc2@60.906C soc0@58.437C gpu@63.125C tj@63.125C soc1@60.156C VDD_IN 13031mW/11427mW VDD_CPU_GPU_CV 5226mW/4490mW VDD_SOC 2641mW/2350mW
06-14-2026 13:01:38 RAM 3406/7607MB (lfb 2x4MB) SWAP 229/3804MB (cached 0MB) CPU [0%@1510,0%@1510,0%@1510,0%@1510,0%@1510,0%@1510] GR3D_FREQ 99% cpu@61.968C soc2@60.937C soc0@58.5C gpu@63.187C tj@63.187C soc1@60.281C VDD_IN 13031mW/11461mW VDD_CPU_GPU_CV 5265mW/4506mW VDD_SOC 2680mW/2357mW
06-14-2026 13:01:39 RAM 3406/7607MB (lfb 2x4MB) SWAP 229/3804MB (cached 0MB) CPU [0%@1510,0%@1510,0%@1510,0%@1510,0%@1510,0%@1510] GR3D_FREQ 99% cpu@62.031C soc2@61.062C soc0@58.687C gpu@63.281C tj@63.281C soc1@60.375C VDD_IN 12991mW/11493mW VDD_CPU_GPU_CV 5226mW/4521mW VDD_SOC 2641mW/2363mW
06-14-2026 13:01:40 RAM 3406/7607MB (lfb 2x4MB) SWAP 229/3804MB (cached 0MB) CPU [0%@1510,0%@1510,0%@1510,0%@1510,0%@1510,0%@1510] GR3D_FREQ 98% cpu@62.281C soc2@61.125C soc0@58.687C gpu@63.312C tj@63.312C soc1@60.5C VDD_IN 13009mW/11524mW VDD_CPU_GPU_CV 5265mW/4537mW VDD_SOC 2680mW/2370mW
06-14-2026 13:01:41 RAM 3406/7607MB (lfb 2x4MB) SWAP 229/3804MB (cached 0MB) CPU [0%@1510,0%@1510,3%@1510,0%@1510,0%@1510,0%@1510] GR3D_FREQ 99% cpu@62.125C soc2@61.156C soc0@58.843C gpu@63.437C tj@63.437C soc1@60.343C VDD_IN 13031mW/11554mW VDD_CPU_GPU_CV 5265mW/4551mW VDD_SOC 2680mW/2376mW
06-14-2026 13:01:42 RAM 3406/7607MB (lfb 2x4MB) SWAP 229/3804MB (cached 0MB) CPU [0%@1510,0%@1510,0%@1510,0%@1510,0%@1510,0%@1510] GR3D_FREQ 99% cpu@62.156C soc2@61.031C soc0@58.718C gpu@63.593C tj@63.593C soc1@60.406C VDD_IN 13031mW/11583mW VDD_CPU_GPU_CV 5265mW/4565mW VDD_SOC 2641mW/2381mW
06-14-2026 13:01:43 RAM 3406/7607MB (lfb 2x4MB) SWAP 229/3804MB (cached 0MB) CPU [0%@1510,0%@1510,0%@1510,0%@1510,0%@1510,0%@1510] GR3D_FREQ 99% cpu@62.187C soc2@61.25C soc0@58.781C gpu@63.531C tj@63.531C soc1@60.375C VDD_IN 13031mW/11611mW VDD_CPU_GPU_CV 5265mW/4579mW VDD_SOC 2680mW/2387mW
06-14-2026 13:01:44 RAM 3406/7607MB (lfb 2x4MB) SWAP 229/3804MB (cached 0MB) CPU [0%@1510,0%@1510,0%@1510,0%@1510,0%@1510,0%@1510] GR3D_FREQ 98% cpu@62.281C soc2@61.25C soc0@58.906C gpu@63.625C tj@63.625C soc1@60.5C VDD_IN 13031mW/11637mW VDD_CPU_GPU_CV 5265mW/4591mW VDD_SOC 2680mW/2392mW
06-14-2026 13:01:45 RAM 3406/7607MB (lfb 2x4MB) SWAP 229/3804MB (cached 0MB) CPU [0%@1510,0%@1510,0%@1510,0%@1510,0%@1510,0%@1510] GR3D_FREQ 98% cpu@62.281C soc2@61.281C soc0@58.906C gpu@63.656C tj@63.656C soc1@60.625C VDD_IN 13009mW/11663mW VDD_CPU_GPU_CV 5265mW/4604mW VDD_SOC 2680mW/2398mW
06-14-2026 13:01:46 RAM 3406/7607MB (lfb 2x4MB) SWAP 229/3804MB (cached 0MB) CPU [0%@1510,0%@1510,0%@1510,0%@1510,0%@1510,0%@1510] GR3D_FREQ 99% cpu@62.406C soc2@61.375C soc0@58.968C gpu@63.75C tj@63.75C soc1@60.687C VDD_IN 13031mW/11688mW VDD_CPU_GPU_CV 5265mW/4616mW VDD_SOC 2680mW/2403mW
06-14-2026 13:01:47 RAM 3406/7607MB (lfb 2x4MB) SWAP 229/3804MB (cached 0MB) CPU [3%@1510,0%@1510,0%@1510,0%@1510,0%@1510,0%@1510] GR3D_FREQ 99% cpu@62.437C soc2@61.468C soc0@59C gpu@63.812C tj@63.812C soc1@60.531C VDD_IN 13031mW/11712mW VDD_CPU_GPU_CV 5265mW/4628mW VDD_SOC 2680mW/2408mW
06-14-2026 13:01:48 RAM 3406/7607MB (lfb 2x4MB) SWAP 229/3804MB (cached 0MB) CPU [0%@1510,0%@1510,0%@1510,0%@1510,0%@1510,0%@1510] GR3D_FREQ 99% cpu@62.375C soc2@61.437C soc0@59.156C gpu@63.843C tj@63.843C soc1@60.75C VDD_IN 13009mW/11734mW VDD_CPU_GPU_CV 5265mW/4639mW VDD_SOC 2680mW/2412mW
06-14-2026 13:01:49 RAM 3406/7607MB (lfb 2x4MB) SWAP 229/3804MB (cached 0MB) CPU [0%@1510,0%@1510,0%@1510,0%@1510,0%@1510,0%@1510] GR3D_FREQ 98% cpu@62.468C soc2@61.468C soc0@59C gpu@63.937C tj@63.937C soc1@60.75C VDD_IN 13009mW/11756mW VDD_CPU_GPU_CV 5265mW/4650mW VDD_SOC 2680mW/2417mW
06-14-2026 13:01:50 RAM 3406/7607MB (lfb 2x4MB) SWAP 229/3804MB (cached 0MB) CPU [0%@1510,1%@1510,0%@1510,0%@1510,0%@1510,0%@1510] GR3D_FREQ 98% cpu@62.562C soc2@61.5C soc0@59.125C gpu@63.937C tj@63.937C soc1@60.75C VDD_IN 13070mW/11779mW VDD_CPU_GPU_CV 5265mW/4660mW VDD_SOC 2680mW/2422mW
06-14-2026 13:01:51 RAM 3406/7607MB (lfb 2x4MB) SWAP 229/3804MB (cached 0MB) CPU [0%@1510,0%@1510,0%@1510,0%@1510,0%@1510,0%@1510] GR3D_FREQ 99% cpu@62.656C soc2@61.562C soc0@59.156C gpu@64.062C tj@64.062C soc1@60.843C VDD_IN 13009mW/11799mW VDD_CPU_GPU_CV 5265mW/4670mW VDD_SOC 2680mW/2426mW
06-14-2026 13:01:52 RAM 3406/7607MB (lfb 2x4MB) SWAP 229/3804MB (cached 0MB) CPU [0%@1510,0%@1510,0%@1510,0%@1510,0%@1510,0%@1510] GR3D_FREQ 99% cpu@62.843C soc2@61.593C soc0@59.25C gpu@63.718C tj@63.718C soc1@60.937C VDD_IN 13031mW/11819mW VDD_CPU_GPU_CV 5265mW/4680mW VDD_SOC 2680mW/2430mW
06-14-2026 13:01:53 RAM 3406/7607MB (lfb 2x4MB) SWAP 229/3804MB (cached 0MB) CPU [0%@1510,0%@1510,0%@1510,0%@1510,0%@1510,0%@1510] GR3D_FREQ 99% cpu@62.718C soc2@61.656C soc0@59.312C gpu@63.75C tj@63.75C soc1@61.031C VDD_IN 13009mW/11839mW VDD_CPU_GPU_CV 5265mW/4689mW VDD_SOC 2680mW/2434mW
06-14-2026 13:01:54 RAM 3406/7607MB (lfb 2x4MB) SWAP 229/3804MB (cached 0MB) CPU [0%@1510,0%@1510,0%@1510,0%@1510,0%@1510,0%@1510] GR3D_FREQ 98% cpu@62.75C soc2@61.843C soc0@59.406C gpu@63.718C tj@63.718C soc1@60.875C VDD_IN 13031mW/11858mW VDD_CPU_GPU_CV 5265mW/4698mW VDD_SOC 2680mW/2438mW
06-14-2026 13:01:55 RAM 1590/7607MB (lfb 34x4MB) SWAP 229/3804MB (cached 0MB) CPU [22%@1510,26%@1510,11%@1510,17%@1510,26%@1510,3%@1510] GR3D_FREQ 0% cpu@62.812C soc2@61.437C soc0@59.187C gpu@62.437C tj@62.812C soc1@61C VDD_IN 7923mW/11796mW VDD_CPU_GPU_CV 2531mW/4665mW VDD_SOC 1779mW/2428mW
06-14-2026 13:01:56 RAM 1878/7607MB (lfb 26x4MB) SWAP 229/3804MB (cached 0MB) CPU [12%@1510,0%@1510,42%@1510,2%@1510,52%@1510,2%@1510] GR3D_FREQ 0% cpu@62.625C soc2@60.906C soc0@59.031C gpu@62.031C tj@62.625C soc1@60.906C VDD_IN 6338mW/11712mW VDD_CPU_GPU_CV 1621mW/4618mW VDD_SOC 1545mW/2414mW
06-14-2026 13:01:57 RAM 3135/7607MB (lfb 3x2MB) SWAP 229/3804MB (cached 0MB) CPU [0%@1510,0%@1510,0%@1510,0%@1510,98%@1510,0%@1510] GR3D_FREQ 0% cpu@62.437C soc2@60.812C soc0@58.906C gpu@62C tj@62.437C soc1@60.843C VDD_IN 7130mW/11643mW VDD_CPU_GPU_CV 1700mW/4574mW VDD_SOC 1822mW/2405mW
06-14-2026 13:01:58 RAM 3356/7607MB (lfb 2x4MB) SWAP 232/3804MB (cached 0MB) CPU [5%@1510,0%@1510,12%@1510,5%@1510,14%@1510,2%@1510] GR3D_FREQ 99% cpu@62.406C soc2@61.156C soc0@58.937C gpu@63.031C tj@63.031C soc1@60.843C VDD_IN 10379mW/11624mW VDD_CPU_GPU_CV 4422mW/4571mW VDD_SOC 1977mW/2399mW
06-14-2026 13:01:59 RAM 3368/7607MB (lfb 2x4MB) SWAP 232/3804MB (cached 0MB) CPU [0%@1510,0%@1510,1%@1510,1%@1510,0%@1510,0%@1510] GR3D_FREQ 99% cpu@62.25C soc2@61.25C soc0@59.031C gpu@63.25C tj@63.25C soc1@60.843C VDD_IN 10775mW/11611mW VDD_CPU_GPU_CV 4778mW/4574mW VDD_SOC 2017mW/2393mW
06-14-2026 13:02:00 RAM 3368/7607MB (lfb 2x4MB) SWAP 232/3804MB (cached 0MB) CPU [0%@1510,0%@1510,0%@1510,0%@1510,0%@1510,0%@1510] GR3D_FREQ 99% cpu@62.281C soc2@61.25C soc0@58.875C gpu@63.375C tj@63.375C soc1@60.718C VDD_IN 10854mW/11600mW VDD_CPU_GPU_CV 4857mW/4578mW VDD_SOC 2017mW/2388mW
06-14-2026 13:02:01 RAM 3368/7607MB (lfb 2x4MB) SWAP 232/3804MB (cached 0MB) CPU [0%@1510,0%@1510,0%@1510,0%@1510,0%@1510,0%@1510] GR3D_FREQ 99% cpu@62.218C soc2@61.156C soc0@58.937C gpu@63.437C tj@63.437C soc1@60.781C VDD_IN 10854mW/11590mW VDD_CPU_GPU_CV 4857mW/4582mW VDD_SOC 2017mW/2382mW
06-14-2026 13:02:02 RAM 3430/7607MB (lfb 2x2MB) SWAP 232/3804MB (cached 0MB) CPU [0%@1510,0%@1510,7%@1510,0%@1510,0%@1510,7%@1510] GR3D_FREQ 0% cpu@62.5C soc2@61.25C soc0@59.062C gpu@62.875C tj@62.875C soc1@60.812C VDD_IN 10300mW/11572mW VDD_CPU_GPU_CV 4383mW/4580mW VDD_SOC 1977mW/2377mW
06-14-2026 13:02:03 RAM 3432/7607MB (lfb 3x4MB) SWAP 232/3804MB (cached 0MB) CPU [0%@1510,0%@1510,4%@1510,4%@1510,0%@1510,1%@1510] GR3D_FREQ 99% cpu@62.531C soc2@61.468C soc0@59.125C gpu@63.75C tj@63.75C soc1@60.875C VDD_IN 12715mW/11587mW VDD_CPU_GPU_CV 5156mW/4588mW VDD_SOC 2601mW/2380mW
06-14-2026 13:02:04 RAM 3432/7607MB (lfb 3x4MB) SWAP 232/3804MB (cached 0MB) CPU [0%@1510,0%@1510,0%@1510,0%@1510,0%@1510,0%@1510] GR3D_FREQ 99% cpu@62.625C soc2@61.625C soc0@59.218C gpu@63.812C tj@63.812C soc1@61C VDD_IN 12991mW/11607mW VDD_CPU_GPU_CV 5226mW/4596mW VDD_SOC 2641mW/2383mW
06-14-2026 13:02:05 RAM 3432/7607MB (lfb 3x4MB) SWAP 232/3804MB (cached 0MB) CPU [0%@1510,0%@1510,0%@1510,0%@1510,0%@1510,0%@1510] GR3D_FREQ 98% cpu@62.781C soc2@61.625C soc0@59.125C gpu@63.906C tj@63.906C soc1@60.937C VDD_IN 13009mW/11626mW VDD_CPU_GPU_CV 5265mW/4605mW VDD_SOC 2641mW/2387mW
06-14-2026 13:02:06 RAM 3432/7607MB (lfb 3x4MB) SWAP 232/3804MB (cached 0MB) CPU [0%@1510,0%@1510,0%@1510,1%@1510,0%@1510,0%@1510] GR3D_FREQ 99% cpu@62.593C soc2@61.718C soc0@59.187C gpu@63.968C tj@63.968C soc1@60.906C VDD_IN 13031mW/11644mW VDD_CPU_GPU_CV 5265mW/4614mW VDD_SOC 2641mW/2390mW
06-14-2026 13:02:07 RAM 3432/7607MB (lfb 3x4MB) SWAP 232/3804MB (cached 0MB) CPU [0%@1510,0%@1510,0%@1510,0%@1510,0%@1510,0%@1510] GR3D_FREQ 99% cpu@62.687C soc2@61.687C soc0@59.156C gpu@64.031C tj@64.031C soc1@61C VDD_IN 13031mW/11663mW VDD_CPU_GPU_CV 5265mW/4623mW VDD_SOC 2680mW/2394mW
06-14-2026 13:02:08 RAM 3432/7607MB (lfb 3x4MB) SWAP 232/3804MB (cached 0MB) CPU [0%@1510,0%@1510,0%@1510,0%@1510,0%@1510,0%@1510] GR3D_FREQ 99% cpu@62.812C soc2@61.656C soc0@59.281C gpu@64.062C tj@64.062C soc1@61.093C VDD_IN 13031mW/11680mW VDD_CPU_GPU_CV 5265mW/4631mW VDD_SOC 2680mW/2398mW
06-14-2026 13:02:09 RAM 3432/7607MB (lfb 3x4MB) SWAP 232/3804MB (cached 0MB) CPU [0%@1510,0%@1510,1%@1510,0%@1510,0%@1510,0%@1510] GR3D_FREQ 98% cpu@62.812C soc2@61.812C soc0@59.406C gpu@64.093C tj@64.093C soc1@61.031C VDD_IN 13031mW/11698mW VDD_CPU_GPU_CV 5265mW/4639mW VDD_SOC 2680mW/2401mW
06-14-2026 13:02:10 RAM 3432/7607MB (lfb 3x4MB) SWAP 232/3804MB (cached 0MB) CPU [0%@1510,0%@1510,0%@1510,0%@1510,0%@1510,0%@1510] GR3D_FREQ 98% cpu@63.062C soc2@61.875C soc0@59.531C gpu@64.187C tj@64.187C soc1@61.187C VDD_IN 13009mW/11714mW VDD_CPU_GPU_CV 5265mW/4647mW VDD_SOC 2680mW/2405mW
06-14-2026 13:02:11 RAM 3432/7607MB (lfb 3x4MB) SWAP 232/3804MB (cached 0MB) CPU [0%@1510,0%@1510,0%@1510,0%@1510,0%@1510,0%@1510] GR3D_FREQ 99% cpu@62.843C soc2@61.875C soc0@59.593C gpu@64.312C tj@64.312C soc1@61.093C VDD_IN 13009mW/11730mW VDD_CPU_GPU_CV 5265mW/4655mW VDD_SOC 2680mW/2408mW
06-14-2026 13:02:12 RAM 3432/7607MB (lfb 3x4MB) SWAP 232/3804MB (cached 0MB) CPU [0%@1510,0%@1510,0%@1510,0%@1510,0%@1510,0%@1510] GR3D_FREQ 99% cpu@62.812C soc2@61.875C soc0@59.406C gpu@64.312C tj@64.312C soc1@61.187C VDD_IN 13009mW/11746mW VDD_CPU_GPU_CV 5265mW/4662mW VDD_SOC 2680mW/2412mW
06-14-2026 13:02:13 RAM 3432/7607MB (lfb 3x4MB) SWAP 232/3804MB (cached 0MB) CPU [0%@1510,0%@1510,4%@1510,0%@1510,0%@1510,0%@1510] GR3D_FREQ 99% cpu@62.906C soc2@61.937C soc0@59.468C gpu@63.968C tj@63.968C soc1@61.281C VDD_IN 13070mW/11762mW VDD_CPU_GPU_CV 5265mW/4670mW VDD_SOC 2680mW/2415mW
06-14-2026 13:02:14 RAM 3432/7607MB (lfb 3x4MB) SWAP 232/3804MB (cached 0MB) CPU [0%@1510,0%@1510,0%@1510,0%@1510,0%@1510,0%@1510] GR3D_FREQ 98% cpu@63.062C soc2@61.968C soc0@59.531C gpu@63.968C tj@63.968C soc1@61.312C VDD_IN 13049mW/11778mW VDD_CPU_GPU_CV 5265mW/4677mW VDD_SOC 2680mW/2418mW
06-14-2026 13:02:15 RAM 3432/7607MB (lfb 3x4MB) SWAP 232/3804MB (cached 0MB) CPU [0%@1510,0%@1510,3%@1510,0%@1510,0%@1510,0%@1510] GR3D_FREQ 98% cpu@63.187C soc2@62.031C soc0@59.625C gpu@64.125C tj@64.125C soc1@61.343C VDD_IN 13070mW/11793mW VDD_CPU_GPU_CV 5265mW/4684mW VDD_SOC 2680mW/2421mW
06-14-2026 13:02:16 RAM 3432/7607MB (lfb 3x4MB) SWAP 232/3804MB (cached 0MB) CPU [0%@1510,0%@1510,0%@1510,0%@1510,0%@1510,0%@1510] GR3D_FREQ 99% cpu@63.093C soc2@62.093C soc0@59.75C gpu@64.156C tj@64.156C soc1@61.343C VDD_IN 13070mW/11808mW VDD_CPU_GPU_CV 5265mW/4691mW VDD_SOC 2680mW/2424mW
06-14-2026 13:02:17 RAM 3432/7607MB (lfb 3x4MB) SWAP 232/3804MB (cached 0MB) CPU [0%@1510,1%@1510,0%@1510,0%@1510,0%@1510,0%@1510] GR3D_FREQ 99% cpu@63.281C soc2@62.093C soc0@59.843C gpu@64.187C tj@64.187C soc1@61.281C VDD_IN 13049mW/11823mW VDD_CPU_GPU_CV 5265mW/4697mW VDD_SOC 2680mW/2427mW
06-14-2026 13:02:18 RAM 3432/7607MB (lfb 3x4MB) SWAP 232/3804MB (cached 0MB) CPU [0%@1510,0%@1510,0%@1510,0%@1510,0%@1510,0%@1510] GR3D_FREQ 99% cpu@63.156C soc2@62.125C soc0@59.718C gpu@64.218C tj@64.218C soc1@61.281C VDD_IN 13049mW/11837mW VDD_CPU_GPU_CV 5265mW/4704mW VDD_SOC 2680mW/2430mW
06-14-2026 13:02:19 RAM 3432/7607MB (lfb 3x4MB) SWAP 232/3804MB (cached 0MB) CPU [0%@1510,0%@1510,0%@1510,0%@1510,0%@1510,0%@1510] GR3D_FREQ 99% cpu@63.156C soc2@62.093C soc0@59.781C gpu@64.218C tj@64.218C soc1@61.343C VDD_IN 13070mW/11851mW VDD_CPU_GPU_CV 5265mW/4710mW VDD_SOC 2680mW/2433mW
06-14-2026 13:02:20 RAM 3432/7607MB (lfb 3x4MB) SWAP 232/3804MB (cached 0MB) CPU [0%@1510,0%@1510,0%@1510,0%@1510,0%@1510,0%@1510] GR3D_FREQ 99% cpu@63.25C soc2@62.093C soc0@59.812C gpu@64.25C tj@64.25C soc1@61.437C VDD_IN 13049mW/11864mW VDD_CPU_GPU_CV 5265mW/4717mW VDD_SOC 2680mW/2436mW
06-14-2026 13:02:21 RAM 3432/7607MB (lfb 3x4MB) SWAP 232/3804MB (cached 0MB) CPU [0%@1510,0%@1510,0%@1510,1%@1510,0%@1510,0%@1510] GR3D_FREQ 99% cpu@63.281C soc2@62.125C soc0@59.906C gpu@64.312C tj@64.312C soc1@61.468C VDD_IN 13049mW/11877mW VDD_CPU_GPU_CV 5265mW/4723mW VDD_SOC 2680mW/2439mW
06-14-2026 13:02:22 RAM 3432/7607MB (lfb 3x4MB) SWAP 232/3804MB (cached 0MB) CPU [0%@1510,0%@1510,0%@1510,0%@1510,0%@1510,0%@1510] GR3D_FREQ 99% cpu@63.531C soc2@62.25C soc0@59.875C gpu@64.25C tj@64.25C soc1@61.562C VDD_IN 12873mW/11888mW VDD_CPU_GPU_CV 5147mW/4727mW VDD_SOC 2641mW/2441mW
06-14-2026 13:02:23 RAM 3432/7607MB (lfb 3x4MB) SWAP 232/3804MB (cached 0MB) CPU [0%@1510,0%@1510,0%@1510,0%@1510,0%@1510,0%@1510] GR3D_FREQ 99% cpu@63.187C soc2@62.312C soc0@59.968C gpu@64.375C tj@64.375C soc1@61.437C VDD_IN 12794mW/11898mW VDD_CPU_GPU_CV 5108mW/4731mW VDD_SOC 2641mW/2443mW
06-14-2026 13:02:24 RAM 3432/7607MB (lfb 3x4MB) SWAP 232/3804MB (cached 0MB) CPU [0%@1510,0%@1510,0%@1510,0%@1510,0%@1510,0%@1510] GR3D_FREQ 99% cpu@63.156C soc2@62.156C soc0@59.812C gpu@64.5C tj@64.5C soc1@61.5C VDD_IN 12833mW/11908mW VDD_CPU_GPU_CV 5108mW/4735mW VDD_SOC 2641mW/2445mW
06-14-2026 13:02:25 RAM 3432/7607MB (lfb 3x4MB) SWAP 232/3804MB (cached 0MB) CPU [0%@1510,0%@1510,0%@1510,0%@1510,0%@1510,0%@1510] GR3D_FREQ 99% cpu@63.312C soc2@62.218C soc0@59.937C gpu@64.531C tj@64.531C soc1@61.562C VDD_IN 12833mW/11918mW VDD_CPU_GPU_CV 5108mW/4739mW VDD_SOC 2641mW/2447mW
06-14-2026 13:02:26 RAM 3432/7607MB (lfb 3x4MB) SWAP 232/3804MB (cached 0MB) CPU [0%@1510,0%@1510,0%@1510,0%@1510,0%@1510,0%@1510] GR3D_FREQ 99% cpu@63.406C soc2@62.25C soc0@59.968C gpu@64.531C tj@64.531C soc1@61.562C VDD_IN 12833mW/11928mW VDD_CPU_GPU_CV 5108mW/4743mW VDD_SOC 2641mW/2449mW
06-14-2026 13:02:27 RAM 3432/7607MB (lfb 3x4MB) SWAP 232/3804MB (cached 0MB) CPU [0%@1510,0%@1510,0%@1510,0%@1510,0%@1510,0%@1510] GR3D_FREQ 99% cpu@63.406C soc2@62.281C soc0@60C gpu@64.593C tj@64.593C soc1@61.562C VDD_IN 12833mW/11937mW VDD_CPU_GPU_CV 5108mW/4747mW VDD_SOC 2641mW/2451mW
06-14-2026 13:02:28 RAM 3432/7607MB (lfb 3x4MB) SWAP 232/3804MB (cached 0MB) CPU [0%@1510,0%@1510,0%@1510,0%@1510,0%@1510,0%@1510] GR3D_FREQ 98% cpu@63.562C soc2@62.312C soc0@60.031C gpu@64.625C tj@64.625C soc1@61.625C VDD_IN 12833mW/11946mW VDD_CPU_GPU_CV 5108mW/4751mW VDD_SOC 2641mW/2453mW
06-14-2026 13:02:29 RAM 3432/7607MB (lfb 3x4MB) SWAP 232/3804MB (cached 0MB) CPU [0%@1510,0%@1510,0%@1510,0%@1510,0%@1510,0%@1510] GR3D_FREQ 99% cpu@63.437C soc2@62.343C soc0@60.125C gpu@64.687C tj@64.687C soc1@61.531C VDD_IN 12833mW/11955mW VDD_CPU_GPU_CV 5108mW/4754mW VDD_SOC 2641mW/2455mW
06-14-2026 13:02:30 RAM 3432/7607MB (lfb 3x4MB) SWAP 232/3804MB (cached 0MB) CPU [0%@1510,0%@1510,0%@1510,0%@1510,0%@1510,0%@1510] GR3D_FREQ 98% cpu@63.468C soc2@62.375C soc0@60.031C gpu@64.656C tj@64.656C soc1@61.687C VDD_IN 12833mW/11964mW VDD_CPU_GPU_CV 5108mW/4758mW VDD_SOC 2641mW/2457mW
06-14-2026 13:02:31 RAM 3432/7607MB (lfb 3x4MB) SWAP 232/3804MB (cached 0MB) CPU [0%@1510,0%@1510,0%@1510,0%@1510,0%@1510,0%@1510] GR3D_FREQ 99% cpu@63.406C soc2@62.343C soc0@60.031C gpu@64.781C tj@64.781C soc1@61.687C VDD_IN 12833mW/11973mW VDD_CPU_GPU_CV 5108mW/4762mW VDD_SOC 2641mW/2459mW
06-14-2026 13:02:32 RAM 3432/7607MB (lfb 3x4MB) SWAP 232/3804MB (cached 0MB) CPU [0%@1510,0%@1510,0%@1510,0%@1510,0%@1510,0%@1510] GR3D_FREQ 98% cpu@63.562C soc2@62.343C soc0@60.062C gpu@64.843C tj@64.843C soc1@61.781C VDD_IN 12833mW/11982mW VDD_CPU_GPU_CV 5108mW/4765mW VDD_SOC 2641mW/2461mW
06-14-2026 13:02:33 RAM 3432/7607MB (lfb 3x4MB) SWAP 232/3804MB (cached 0MB) CPU [0%@1510,0%@1510,0%@1510,0%@1510,0%@1510,0%@1510] GR3D_FREQ 99% cpu@63.625C soc2@62.406C soc0@60.156C gpu@64.437C tj@64.437C soc1@61.812C VDD_IN 12833mW/11990mW VDD_CPU_GPU_CV 5108mW/4768mW VDD_SOC 2641mW/2462mW
06-14-2026 13:02:34 RAM 3432/7607MB (lfb 3x4MB) SWAP 232/3804MB (cached 0MB) CPU [0%@1510,0%@1510,0%@1510,0%@1510,0%@1510,0%@1510] GR3D_FREQ 98% cpu@63.593C soc2@62.531C soc0@60.25C gpu@64.562C tj@64.562C soc1@61.843C VDD_IN 12873mW/11998mW VDD_CPU_GPU_CV 5108mW/4772mW VDD_SOC 2641mW/2464mW
06-14-2026 13:02:35 RAM 3432/7607MB (lfb 3x4MB) SWAP 232/3804MB (cached 0MB) CPU [0%@1510,0%@1510,0%@1510,0%@1510,0%@1510,0%@1510] GR3D_FREQ 99% cpu@63.781C soc2@62.562C soc0@60.281C gpu@64.5C tj@64.5C soc1@61.812C VDD_IN 12833mW/12006mW VDD_CPU_GPU_CV 5108mW/4775mW VDD_SOC 2641mW/2466mW
06-14-2026 13:02:36 RAM 3432/7607MB (lfb 3x4MB) SWAP 232/3804MB (cached 0MB) CPU [0%@1510,0%@1510,0%@1510,0%@1510,0%@1510,0%@1510] GR3D_FREQ 99% cpu@63.593C soc2@62.593C soc0@60.125C gpu@64.656C tj@64.656C soc1@61.812C VDD_IN 12833mW/12014mW VDD_CPU_GPU_CV 5108mW/4778mW VDD_SOC 2641mW/2467mW
06-14-2026 13:02:37 RAM 3432/7607MB (lfb 3x4MB) SWAP 232/3804MB (cached 0MB) CPU [0%@1510,0%@1510,0%@1510,0%@1510,0%@1510,0%@1510] GR3D_FREQ 99% cpu@63.593C soc2@62.593C soc0@60.25C gpu@64.562C tj@64.562C soc1@61.843C VDD_IN 12833mW/12022mW VDD_CPU_GPU_CV 5108mW/4781mW VDD_SOC 2641mW/2469mW
06-14-2026 13:02:38 RAM 3432/7607MB (lfb 3x4MB) SWAP 232/3804MB (cached 0MB) CPU [0%@1510,0%@1510,0%@1510,0%@1510,0%@1510,0%@1510] GR3D_FREQ 99% cpu@63.656C soc2@62.5C soc0@60.187C gpu@64.625C tj@64.625C soc1@61.875C VDD_IN 12833mW/12030mW VDD_CPU_GPU_CV 5108mW/4784mW VDD_SOC 2641mW/2471mW
06-14-2026 13:02:39 RAM 3432/7607MB (lfb 3x4MB) SWAP 232/3804MB (cached 0MB) CPU [0%@1510,0%@1510,1%@1510,0%@1510,0%@1510,0%@1510] GR3D_FREQ 99% cpu@63.75C soc2@62.625C soc0@60.343C gpu@64.75C tj@64.75C soc1@61.937C VDD_IN 12833mW/12037mW VDD_CPU_GPU_CV 5108mW/4787mW VDD_SOC 2641mW/2472mW
06-14-2026 13:02:40 RAM 3433/7607MB (lfb 3x4MB) SWAP 232/3804MB (cached 0MB) CPU [0%@1510,0%@1510,0%@1510,0%@1510,0%@1510,0%@1510] GR3D_FREQ 99% cpu@63.937C soc2@62.625C soc0@60.312C gpu@64.718C tj@64.718C soc1@61.906C VDD_IN 12833mW/12044mW VDD_CPU_GPU_CV 5108mW/4790mW VDD_SOC 2641mW/2474mW
06-14-2026 13:02:41 RAM 3433/7607MB (lfb 3x4MB) SWAP 232/3804MB (cached 0MB) CPU [0%@1510,0%@1510,0%@1510,0%@1510,0%@1510,0%@1510] GR3D_FREQ 98% cpu@63.656C soc2@62.718C soc0@60.406C gpu@64.687C tj@64.687C soc1@61.906C VDD_IN 12873mW/12052mW VDD_CPU_GPU_CV 5108mW/4793mW VDD_SOC 2641mW/2475mW
06-14-2026 13:02:42 RAM 3433/7607MB (lfb 3x4MB) SWAP 232/3804MB (cached 0MB) CPU [0%@1510,0%@1510,0%@1510,0%@1510,0%@1510,0%@1510] GR3D_FREQ 99% cpu@63.656C soc2@62.75C soc0@60.5C gpu@64.75C tj@64.75C soc1@61.843C VDD_IN 12873mW/12059mW VDD_CPU_GPU_CV 5108mW/4796mW VDD_SOC 2641mW/2477mW
06-14-2026 13:02:43 RAM 3433/7607MB (lfb 3x4MB) SWAP 232/3804MB (cached 0MB) CPU [0%@1510,0%@1510,1%@1510,0%@1510,0%@1510,0%@1510] GR3D_FREQ 99% cpu@63.656C soc2@62.781C soc0@60.281C gpu@64.812C tj@64.812C soc1@61.968C VDD_IN 13049mW/12068mW VDD_CPU_GPU_CV 5265mW/4800mW VDD_SOC 2680mW/2479mW
06-14-2026 13:02:44 RAM 3433/7607MB (lfb 3x4MB) SWAP 232/3804MB (cached 0MB) CPU [0%@1510,0%@1510,0%@1510,0%@1510,0%@1510,0%@1510] GR3D_FREQ 98% cpu@63.75C soc2@62.718C soc0@60.406C gpu@64.906C tj@64.906C soc1@61.968C VDD_IN 13049mW/12077mW VDD_CPU_GPU_CV 5304mW/4805mW VDD_SOC 2680mW/2480mW
06-14-2026 13:02:45 RAM 3433/7607MB (lfb 3x4MB) SWAP 232/3804MB (cached 0MB) CPU [0%@1510,0%@1510,0%@1510,0%@1510,0%@1510,0%@1510] GR3D_FREQ 98% cpu@63.718C soc2@62.75C soc0@60.406C gpu@64.937C tj@64.937C soc1@62.062C VDD_IN 13049mW/12085mW VDD_CPU_GPU_CV 5304mW/4809mW VDD_SOC 2680mW/2482mW
06-14-2026 13:02:46 RAM 3433/7607MB (lfb 3x4MB) SWAP 232/3804MB (cached 0MB) CPU [0%@1510,0%@1510,0%@1510,0%@1510,0%@1510,0%@1510] GR3D_FREQ 99% cpu@63.968C soc2@62.812C soc0@60.468C gpu@64.968C tj@64.968C soc1@62.062C VDD_IN 13049mW/12094mW VDD_CPU_GPU_CV 5265mW/4813mW VDD_SOC 2680mW/2484mW
06-14-2026 13:02:47 RAM 3433/7607MB (lfb 3x4MB) SWAP 232/3804MB (cached 0MB) CPU [0%@1510,0%@1510,0%@1510,0%@1510,0%@1510,0%@1510] GR3D_FREQ 99% cpu@64.156C soc2@62.843C soc0@60.562C gpu@65C tj@65C soc1@62.062C VDD_IN 13049mW/12102mW VDD_CPU_GPU_CV 5304mW/4817mW VDD_SOC 2680mW/2486mW
06-14-2026 13:02:48 RAM 3433/7607MB (lfb 3x4MB) SWAP 232/3804MB (cached 0MB) CPU [0%@1510,0%@1510,0%@1510,0%@1510,0%@1510,0%@1510] GR3D_FREQ 99% cpu@63.937C soc2@62.906C soc0@60.593C gpu@64.968C tj@64.968C soc1@62.093C VDD_IN 13049mW/12110mW VDD_CPU_GPU_CV 5265mW/4821mW VDD_SOC 2680mW/2487mW
06-14-2026 13:02:49 RAM 3433/7607MB (lfb 3x4MB) SWAP 232/3804MB (cached 0MB) CPU [0%@1510,0%@1510,0%@1510,0%@1510,0%@1510,0%@1510] GR3D_FREQ 98% cpu@63.843C soc2@62.875C soc0@60.625C gpu@65.031C tj@65.031C soc1@62.031C VDD_IN 13088mW/12118mW VDD_CPU_GPU_CV 5304mW/4825mW VDD_SOC 2680mW/2489mW
06-14-2026 13:02:50 RAM 3433/7607MB (lfb 3x4MB) SWAP 232/3804MB (cached 0MB) CPU [0%@1510,0%@1510,0%@1510,0%@1510,0%@1510,0%@1510] GR3D_FREQ 98% cpu@63.906C soc2@62.843C soc0@60.562C gpu@65C tj@65C soc1@62.187C VDD_IN 13088mW/12126mW VDD_CPU_GPU_CV 5265mW/4829mW VDD_SOC 2680mW/2490mW
06-14-2026 13:02:51 RAM 3433/7607MB (lfb 3x4MB) SWAP 232/3804MB (cached 0MB) CPU [0%@1510,0%@1510,0%@1510,0%@1510,0%@1510,0%@1510] GR3D_FREQ 99% cpu@64.031C soc2@62.906C soc0@60.625C gpu@65.062C tj@65.062C soc1@62.187C VDD_IN 13088mW/12135mW VDD_CPU_GPU_CV 5304mW/4833mW VDD_SOC 2680mW/2492mW
06-14-2026 13:02:52 RAM 3433/7607MB (lfb 3x4MB) SWAP 232/3804MB (cached 0MB) CPU [0%@1510,0%@1510,0%@1510,0%@1510,0%@1510,0%@1510] GR3D_FREQ 99% cpu@63.968C soc2@62.937C soc0@60.531C gpu@65.093C tj@65.093C soc1@62.281C VDD_IN 13088mW/12142mW VDD_CPU_GPU_CV 5265mW/4836mW VDD_SOC 2680mW/2494mW
06-14-2026 13:02:53 RAM 3433/7607MB (lfb 3x4MB) SWAP 232/3804MB (cached 0MB) CPU [0%@1510,0%@1510,0%@1510,0%@1510,0%@1510,0%@1510] GR3D_FREQ 99% cpu@64.093C soc2@62.968C soc0@60.687C gpu@65.156C tj@65.156C soc1@62.312C VDD_IN 13049mW/12150mW VDD_CPU_GPU_CV 5304mW/4840mW VDD_SOC 2680mW/2495mW
06-14-2026 13:02:54 RAM 3433/7607MB (lfb 3x4MB) SWAP 232/3804MB (cached 0MB) CPU [0%@1510,0%@1510,0%@1510,0%@1510,0%@1510,0%@1510] GR3D_FREQ 98% cpu@64.062C soc2@62.968C soc0@60.718C gpu@65.218C tj@65.218C soc1@62.156C VDD_IN 13088mW/12157mW VDD_CPU_GPU_CV 5304mW/4844mW VDD_SOC 2680mW/2497mW
06-14-2026 13:02:55 RAM 3433/7607MB (lfb 3x4MB) SWAP 232/3804MB (cached 0MB) CPU [0%@1510,0%@1510,1%@1510,0%@1510,0%@1510,0%@1510] GR3D_FREQ 99% cpu@64C soc2@62.968C soc0@60.593C gpu@65.156C tj@65.156C soc1@62.187C VDD_IN 13088mW/12165mW VDD_CPU_GPU_CV 5304mW/4848mW VDD_SOC 2680mW/2498mW
06-14-2026 13:02:56 RAM 3433/7607MB (lfb 3x4MB) SWAP 232/3804MB (cached 0MB) CPU [0%@1510,0%@1510,0%@1510,0%@1510,0%@1510,0%@1510] GR3D_FREQ 99% cpu@64.031C soc2@63.031C soc0@60.593C gpu@65.156C tj@65.156C soc1@62.218C VDD_IN 13088mW/12172mW VDD_CPU_GPU_CV 5304mW/4851mW VDD_SOC 2680mW/2500mW
06-14-2026 13:02:57 RAM 3433/7607MB (lfb 3x4MB) SWAP 232/3804MB (cached 0MB) CPU [0%@1510,0%@1510,0%@1510,0%@1510,0%@1510,0%@1510] GR3D_FREQ 99% cpu@63.968C soc2@62.968C soc0@60.625C gpu@65.25C tj@65.25C soc1@62.25C VDD_IN 13088mW/12180mW VDD_CPU_GPU_CV 5304mW/4855mW VDD_SOC 2680mW/2501mW
06-14-2026 13:02:58 RAM 3433/7607MB (lfb 3x4MB) SWAP 232/3804MB (cached 0MB) CPU [0%@1510,0%@1510,0%@1510,0%@1510,0%@1510,0%@1510] GR3D_FREQ 99% cpu@64.156C soc2@63C soc0@60.75C gpu@65.218C tj@65.218C soc1@62.375C VDD_IN 13088mW/12187mW VDD_CPU_GPU_CV 5265mW/4858mW VDD_SOC 2680mW/2502mW
06-14-2026 13:02:59 RAM 3433/7607MB (lfb 3x4MB) SWAP 232/3804MB (cached 0MB) CPU [0%@1510,0%@1510,0%@1510,0%@1510,0%@1510,0%@1510] GR3D_FREQ 99% cpu@64.125C soc2@63.062C soc0@60.718C gpu@65.218C tj@65.218C soc1@62.437C VDD_IN 13088mW/12194mW VDD_CPU_GPU_CV 5265mW/4861mW VDD_SOC 2680mW/2504mW
06-14-2026 13:03:00 RAM 3433/7607MB (lfb 3x4MB) SWAP 232/3804MB (cached 0MB) CPU [0%@1510,0%@1510,0%@1510,0%@1510,0%@1510,0%@1510] GR3D_FREQ 99% cpu@64.25C soc2@63.031C soc0@60.812C gpu@65.25C tj@65.25C soc1@62.218C VDD_IN 13088mW/12201mW VDD_CPU_GPU_CV 5304mW/4865mW VDD_SOC 2680mW/2505mW
06-14-2026 13:03:01 RAM 3433/7607MB (lfb 3x4MB) SWAP 232/3804MB (cached 0MB) CPU [0%@1510,0%@1510,2%@1510,0%@1510,0%@1510,0%@1510] GR3D_FREQ 99% cpu@64.093C soc2@62.968C soc0@60.656C gpu@65.281C tj@65.281C soc1@62.281C VDD_IN 13088mW/12208mW VDD_CPU_GPU_CV 5265mW/4868mW VDD_SOC 2680mW/2507mW
06-14-2026 13:03:02 RAM 3433/7607MB (lfb 3x4MB) SWAP 232/3804MB (cached 0MB) CPU [0%@1510,0%@1510,1%@1510,0%@1510,0%@1510,0%@1510] GR3D_FREQ 99% cpu@64.062C soc2@63.062C soc0@60.812C gpu@65.218C tj@65.218C soc1@62.312C VDD_IN 12912mW/12213mW VDD_CPU_GPU_CV 5147mW/4870mW VDD_SOC 2680mW/2508mW
06-14-2026 13:03:03 RAM 3433/7607MB (lfb 3x4MB) SWAP 232/3804MB (cached 0MB) CPU [0%@1510,0%@1510,0%@1510,0%@1510,0%@1510,0%@1510] GR3D_FREQ 99% cpu@64.062C soc2@63.062C soc0@60.781C gpu@65.281C tj@65.281C soc1@62.312C VDD_IN 12873mW/12218mW VDD_CPU_GPU_CV 5108mW/4872mW VDD_SOC 2641mW/2509mW
06-14-2026 13:03:04 RAM 3433/7607MB (lfb 3x4MB) SWAP 232/3804MB (cached 0MB) CPU [0%@1510,0%@1510,0%@1510,0%@1510,0%@1510,0%@1510] GR3D_FREQ 99% cpu@64.125C soc2@63.062C soc0@60.656C gpu@65.312C tj@65.312C soc1@62.406C VDD_IN 12873mW/12223mW VDD_CPU_GPU_CV 5108mW/4873mW VDD_SOC 2641mW/2510mW
06-14-2026 13:03:05 RAM 3433/7607MB (lfb 3x4MB) SWAP 232/3804MB (cached 0MB) CPU [0%@1510,0%@1510,0%@1510,0%@1510,0%@1510,0%@1510] GR3D_FREQ 99% cpu@64.343C soc2@63.093C soc0@60.812C gpu@65.312C tj@65.312C soc1@62.375C VDD_IN 12873mW/12228mW VDD_CPU_GPU_CV 5108mW/4875mW VDD_SOC 2641mW/2511mW
06-14-2026 13:03:06 RAM 3433/7607MB (lfb 3x4MB) SWAP 232/3804MB (cached 0MB) CPU [0%@1510,0%@1510,0%@1510,0%@1510,0%@1510,0%@1510] GR3D_FREQ 99% cpu@64.125C soc2@63.156C soc0@60.906C gpu@65.281C tj@65.281C soc1@62.312C VDD_IN 12873mW/12232mW VDD_CPU_GPU_CV 5108mW/4877mW VDD_SOC 2641mW/2512mW
06-14-2026 13:03:07 RAM 3433/7607MB (lfb 3x4MB) SWAP 232/3804MB (cached 0MB) CPU [0%@1510,0%@1510,0%@1510,0%@1510,0%@1510,0%@1510] GR3D_FREQ 99% cpu@64.062C soc2@63.156C soc0@60.718C gpu@65.343C tj@65.343C soc1@62.312C VDD_IN 12873mW/12237mW VDD_CPU_GPU_CV 5108mW/4879mW VDD_SOC 2680mW/2513mW
06-14-2026 13:03:08 RAM 3433/7607MB (lfb 3x4MB) SWAP 232/3804MB (cached 0MB) CPU [0%@1510,0%@1510,0%@1510,0%@1510,0%@1510,0%@1510] GR3D_FREQ 98% cpu@64.031C soc2@63.031C soc0@60.843C gpu@65.343C tj@65.343C soc1@62.312C VDD_IN 12873mW/12242mW VDD_CPU_GPU_CV 5108mW/4880mW VDD_SOC 2641mW/2514mW
06-14-2026 13:03:09 RAM 3433/7607MB (lfb 3x4MB) SWAP 232/3804MB (cached 0MB) CPU [0%@1510,0%@1510,0%@1510,0%@1510,0%@1510,0%@1510] GR3D_FREQ 99% cpu@64.218C soc2@63.125C soc0@60.812C gpu@65.406C tj@65.406C soc1@62.312C VDD_IN 12873mW/12246mW VDD_CPU_GPU_CV 5108mW/4882mW VDD_SOC 2680mW/2515mW
06-14-2026 13:03:10 RAM 3433/7607MB (lfb 3x4MB) SWAP 232/3804MB (cached 0MB) CPU [0%@1510,0%@1510,0%@1510,0%@1510,0%@1510,0%@1510] GR3D_FREQ 98% cpu@64.375C soc2@63.156C soc0@60.781C gpu@65.437C tj@65.437C soc1@62.406C VDD_IN 12852mW/12251mW VDD_CPU_GPU_CV 5108mW/4884mW VDD_SOC 2680mW/2516mW
06-14-2026 13:03:11 RAM 3433/7607MB (lfb 3x4MB) SWAP 232/3804MB (cached 0MB) CPU [0%@1510,0%@1510,0%@1510,1%@1510,0%@1510,0%@1510] GR3D_FREQ 99% cpu@64.312C soc2@63.093C soc0@60.812C gpu@65.437C tj@65.437C soc1@62.437C VDD_IN 12873mW/12255mW VDD_CPU_GPU_CV 5108mW/4885mW VDD_SOC 2680mW/2518mW
06-14-2026 13:03:12 RAM 3433/7607MB (lfb 3x4MB) SWAP 232/3804MB (cached 0MB) CPU [0%@1510,0%@1510,0%@1510,0%@1510,0%@1510,0%@1510] GR3D_FREQ 98% cpu@64.406C soc2@63.156C soc0@60.875C gpu@65.593C tj@65.593C soc1@62.312C VDD_IN 12873mW/12260mW VDD_CPU_GPU_CV 5108mW/4887mW VDD_SOC 2641mW/2518mW
06-14-2026 13:03:13 RAM 3433/7607MB (lfb 3x4MB) SWAP 232/3804MB (cached 0MB) CPU [0%@1510,0%@1510,2%@1510,0%@1510,0%@1510,0%@1510] GR3D_FREQ 99% cpu@64.187C soc2@63.218C soc0@60.875C gpu@65.125C tj@65.125C soc1@62.312C VDD_IN 12873mW/12264mW VDD_CPU_GPU_CV 5108mW/4888mW VDD_SOC 2641mW/2519mW
06-14-2026 13:03:14 RAM 3433/7607MB (lfb 3x4MB) SWAP 232/3804MB (cached 0MB) CPU [0%@1510,0%@1510,0%@1510,0%@1510,0%@1510,0%@1510] GR3D_FREQ 98% cpu@64.062C soc2@63.125C soc0@60.75C gpu@65.156C tj@65.156C soc1@62.375C VDD_IN 12873mW/12268mW VDD_CPU_GPU_CV 5108mW/4890mW VDD_SOC 2680mW/2520mW
06-14-2026 13:03:15 RAM 3433/7607MB (lfb 3x4MB) SWAP 232/3804MB (cached 0MB) CPU [0%@1510,0%@1510,0%@1510,0%@1510,0%@1510,0%@1510] GR3D_FREQ 99% cpu@64.187C soc2@63.125C soc0@60.843C gpu@65.187C tj@65.187C soc1@62.437C VDD_IN 12873mW/12272mW VDD_CPU_GPU_CV 5108mW/4891mW VDD_SOC 2680mW/2521mW
06-14-2026 13:03:16 RAM 3433/7607MB (lfb 3x4MB) SWAP 232/3804MB (cached 0MB) CPU [0%@1510,0%@1510,0%@1510,0%@1510,0%@1510,0%@1510] GR3D_FREQ 98% cpu@64.25C soc2@63.156C soc0@60.812C gpu@65.156C tj@65.281C soc1@62.406C VDD_IN 12852mW/12276mW VDD_CPU_GPU_CV 5108mW/4893mW VDD_SOC 2641mW/2522mW
06-14-2026 13:03:17 RAM 3433/7607MB (lfb 3x4MB) SWAP 232/3804MB (cached 0MB) CPU [0%@1510,0%@1510,0%@1510,0%@1510,0%@1510,0%@1510] GR3D_FREQ 99% cpu@64.375C soc2@63.218C soc0@60.875C gpu@65.25C tj@65.25C soc1@62.468C VDD_IN 12873mW/12280mW VDD_CPU_GPU_CV 5108mW/4894mW VDD_SOC 2641mW/2523mW
06-14-2026 13:03:18 RAM 3433/7607MB (lfb 3x4MB) SWAP 232/3804MB (cached 0MB) CPU [0%@1510,0%@1510,0%@1510,0%@1510,0%@1510,0%@1510] GR3D_FREQ 99% cpu@64.281C soc2@63.156C soc0@60.875C gpu@65.218C tj@65.218C soc1@62.593C VDD_IN 12852mW/12284mW VDD_CPU_GPU_CV 5108mW/4896mW VDD_SOC 2641mW/2524mW
06-14-2026 13:03:19 RAM 3433/7607MB (lfb 3x4MB) SWAP 232/3804MB (cached 0MB) CPU [1%@1510,0%@1510,0%@1510,0%@1510,0%@1510,0%@1510] GR3D_FREQ 99% cpu@64.187C soc2@63.25C soc0@60.812C gpu@65.375C tj@65.375C soc1@62.406C VDD_IN 12873mW/12288mW VDD_CPU_GPU_CV 5108mW/4897mW VDD_SOC 2680mW/2525mW
06-14-2026 13:03:20 RAM 3433/7607MB (lfb 3x4MB) SWAP 232/3804MB (cached 0MB) CPU [0%@1510,0%@1510,0%@1510,0%@1510,0%@1510,0%@1510] GR3D_FREQ 99% cpu@64.187C soc2@63.187C soc0@60.781C gpu@65.281C tj@65.281C soc1@62.406C VDD_IN 12852mW/12292mW VDD_CPU_GPU_CV 5108mW/4899mW VDD_SOC 2680mW/2526mW
06-14-2026 13:03:21 RAM 3433/7607MB (lfb 3x4MB) SWAP 232/3804MB (cached 0MB) CPU [0%@1510,0%@1510,0%@1510,0%@1510,0%@1510,0%@1510] GR3D_FREQ 99% cpu@64.25C soc2@63.187C soc0@60.843C gpu@65.281C tj@65.281C soc1@62.437C VDD_IN 12873mW/12296mW VDD_CPU_GPU_CV 5108mW/4900mW VDD_SOC 2680mW/2527mW
06-14-2026 13:03:22 RAM 3433/7607MB (lfb 3x4MB) SWAP 232/3804MB (cached 0MB) CPU [0%@1510,0%@1510,0%@1510,1%@1510,0%@1510,0%@1510] GR3D_FREQ 99% cpu@64.281C soc2@63.218C soc0@60.843C gpu@65.375C tj@65.375C soc1@62.437C VDD_IN 12852mW/12300mW VDD_CPU_GPU_CV 5108mW/4901mW VDD_SOC 2641mW/2528mW
06-14-2026 13:03:23 RAM 3433/7607MB (lfb 3x4MB) SWAP 232/3804MB (cached 0MB) CPU [0%@1510,0%@1510,0%@1510,0%@1510,0%@1510,0%@1510] GR3D_FREQ 98% cpu@64.343C soc2@63.187C soc0@60.937C gpu@65.531C tj@65.531C soc1@62.531C VDD_IN 13049mW/12305mW VDD_CPU_GPU_CV 5265mW/4904mW VDD_SOC 2680mW/2529mW
06-14-2026 13:03:24 RAM 3433/7607MB (lfb 3x4MB) SWAP 232/3804MB (cached 0MB) CPU [0%@1510,0%@1510,0%@1510,0%@1510,0%@1510,0%@1510] GR3D_FREQ 99% cpu@64.281C soc2@63.281C soc0@61.031C gpu@65.5C tj@65.5C soc1@62.718C VDD_IN 13049mW/12309mW VDD_CPU_GPU_CV 5304mW/4906mW VDD_SOC 2680mW/2530mW
06-14-2026 13:03:25 RAM 3433/7607MB (lfb 3x4MB) SWAP 232/3804MB (cached 0MB) CPU [0%@1510,0%@1510,0%@1510,0%@1510,0%@1510,0%@1510] GR3D_FREQ 99% cpu@64.406C soc2@63.25C soc0@60.875C gpu@65.562C tj@65.562C soc1@62.437C VDD_IN 13088mW/12315mW VDD_CPU_GPU_CV 5304mW/4909mW VDD_SOC 2680mW/2531mW
06-14-2026 13:03:26 RAM 3433/7607MB (lfb 3x4MB) SWAP 232/3804MB (cached 0MB) CPU [0%@1510,0%@1510,0%@1510,0%@1510,0%@1510,0%@1510] GR3D_FREQ 99% cpu@64.312C soc2@63.312C soc0@60.843C gpu@65.593C tj@65.593C soc1@62.5C VDD_IN 13088mW/12320mW VDD_CPU_GPU_CV 5265mW/4911mW VDD_SOC 2680mW/2532mW
06-14-2026 13:03:27 RAM 3433/7607MB (lfb 3x4MB) SWAP 232/3804MB (cached 0MB) CPU [0%@1510,0%@1510,0%@1510,0%@1510,0%@1510,0%@1510] GR3D_FREQ 99% cpu@64.312C soc2@63.281C soc0@60.968C gpu@65.531C tj@65.531C soc1@62.5C VDD_IN 13088mW/12324mW VDD_CPU_GPU_CV 5304mW/4914mW VDD_SOC 2680mW/2533mW
06-14-2026 13:03:28 RAM 3433/7607MB (lfb 3x4MB) SWAP 232/3804MB (cached 0MB) CPU [0%@1510,0%@1510,0%@1510,1%@1510,0%@1510,0%@1510] GR3D_FREQ 98% cpu@64.5C soc2@63.281C soc0@60.906C gpu@65.625C tj@65.625C soc1@62.531C VDD_IN 13088mW/12329mW VDD_CPU_GPU_CV 5304mW/4916mW VDD_SOC 2680mW/2534mW
06-14-2026 13:03:29 RAM 3433/7607MB (lfb 3x4MB) SWAP 232/3804MB (cached 0MB) CPU [0%@1510,0%@1510,0%@1510,1%@1510,0%@1510,0%@1510] GR3D_FREQ 99% cpu@64.281C soc2@63.312C soc0@61.031C gpu@65.625C tj@65.625C soc1@62.562C VDD_IN 13088mW/12334mW VDD_CPU_GPU_CV 5304mW/4919mW VDD_SOC 2680mW/2535mW
06-14-2026 13:03:30 RAM 3433/7607MB (lfb 3x4MB) SWAP 232/3804MB (cached 0MB) CPU [0%@1510,0%@1510,0%@1510,0%@1510,0%@1510,0%@1510] GR3D_FREQ 99% cpu@64.531C soc2@63.406C soc0@61.062C gpu@65.656C tj@65.656C soc1@62.687C VDD_IN 13088mW/12339mW VDD_CPU_GPU_CV 5304mW/4921mW VDD_SOC 2680mW/2535mW
06-14-2026 13:03:31 RAM 3433/7607MB (lfb 3x4MB) SWAP 232/3804MB (cached 0MB) CPU [0%@1510,0%@1510,0%@1510,0%@1510,0%@1510,0%@1510] GR3D_FREQ 99% cpu@64.375C soc2@63.281C soc0@61.125C gpu@65.75C tj@65.75C soc1@62.5C VDD_IN 13088mW/12344mW VDD_CPU_GPU_CV 5304mW/4924mW VDD_SOC 2680mW/2536mW
06-14-2026 13:03:32 RAM 3433/7607MB (lfb 3x4MB) SWAP 232/3804MB (cached 0MB) CPU [0%@1510,0%@1510,0%@1510,0%@1510,0%@1510,0%@1510] GR3D_FREQ 98% cpu@64.406C soc2@63.281C soc0@60.968C gpu@65.75C tj@65.75C soc1@62.562C VDD_IN 13088mW/12348mW VDD_CPU_GPU_CV 5304mW/4926mW VDD_SOC 2680mW/2537mW
06-14-2026 13:03:33 RAM 3433/7607MB (lfb 3x4MB) SWAP 232/3804MB (cached 0MB) CPU [0%@1510,0%@1510,0%@1510,0%@1510,0%@1510,0%@1510] GR3D_FREQ 98% cpu@64.375C soc2@63.281C soc0@60.906C gpu@65.343C tj@65.343C soc1@62.562C VDD_IN 13088mW/12353mW VDD_CPU_GPU_CV 5304mW/4928mW VDD_SOC 2680mW/2538mW
06-14-2026 13:03:34 RAM 3433/7607MB (lfb 3x4MB) SWAP 232/3804MB (cached 0MB) CPU [0%@1510,0%@1510,0%@1510,0%@1510,0%@1510,0%@1510] GR3D_FREQ 99% cpu@64.5C soc2@63.343C soc0@61C gpu@65.375C tj@65.375C soc1@62.562C VDD_IN 13088mW/12357mW VDD_CPU_GPU_CV 5304mW/4931mW VDD_SOC 2680mW/2539mW
06-14-2026 13:03:35 RAM 3433/7607MB (lfb 3x4MB) SWAP 232/3804MB (cached 0MB) CPU [0%@1510,0%@1510,0%@1510,0%@1510,0%@1510,0%@1510] GR3D_FREQ 99% cpu@64.468C soc2@63.406C soc0@61C gpu@65.437C tj@65.437C soc1@62.656C VDD_IN 13049mW/12361mW VDD_CPU_GPU_CV 5304mW/4933mW VDD_SOC 2680mW/2540mW
06-14-2026 13:03:36 RAM 3433/7607MB (lfb 3x4MB) SWAP 232/3804MB (cached 0MB) CPU [0%@1510,0%@1510,0%@1510,0%@1510,0%@1510,0%@1510] GR3D_FREQ 99% cpu@64.5C soc2@63.406C soc0@60.937C gpu@65.375C tj@65.375C soc1@62.656C VDD_IN 13049mW/12366mW VDD_CPU_GPU_CV 5304mW/4935mW VDD_SOC 2680mW/2541mW
06-14-2026 13:03:37 RAM 3433/7607MB (lfb 3x4MB) SWAP 232/3804MB (cached 0MB) CPU [0%@1510,0%@1510,0%@1510,0%@1510,0%@1510,0%@1510] GR3D_FREQ 98% cpu@64.687C soc2@63.375C soc0@61.156C gpu@65.5C tj@65.5C soc1@62.562C VDD_IN 13088mW/12370mW VDD_CPU_GPU_CV 5304mW/4937mW VDD_SOC 2680mW/2542mW
06-14-2026 13:03:38 RAM 3433/7607MB (lfb 3x4MB) SWAP 232/3804MB (cached 0MB) CPU [0%@1510,0%@1510,0%@1510,0%@1510,0%@1510,0%@1510] GR3D_FREQ 99% cpu@64.406C soc2@63.343C soc0@60.937C gpu@65.468C tj@65.468C soc1@62.593C VDD_IN 13088mW/12374mW VDD_CPU_GPU_CV 5304mW/4940mW VDD_SOC 2680mW/2542mW
06-14-2026 13:03:39 RAM 3433/7607MB (lfb 3x4MB) SWAP 232/3804MB (cached 0MB) CPU [0%@1510,0%@1510,0%@1510,3%@1510,0%@1510,0%@1510] GR3D_FREQ 99% cpu@64.406C soc2@63.375C soc0@60.937C gpu@65.5C tj@65.5C soc1@62.656C VDD_IN 13088mW/12379mW VDD_CPU_GPU_CV 5304mW/4942mW VDD_SOC 2680mW/2543mW
06-14-2026 13:03:40 RAM 3433/7607MB (lfb 3x4MB) SWAP 232/3804MB (cached 0MB) CPU [0%@1510,0%@1510,0%@1510,0%@1510,0%@1510,0%@1510] GR3D_FREQ 99% cpu@64.343C soc2@63.343C soc0@61.062C gpu@65.5C tj@65.5C soc1@62.625C VDD_IN 13088mW/12383mW VDD_CPU_GPU_CV 5304mW/4944mW VDD_SOC 2680mW/2544mW
06-14-2026 13:03:41 RAM 3433/7607MB (lfb 3x4MB) SWAP 232/3804MB (cached 0MB) CPU [0%@1510,0%@1510,0%@1510,0%@1510,0%@1510,0%@1510] GR3D_FREQ 99% cpu@64.468C soc2@63.406C soc0@61.031C gpu@65.531C tj@65.531C soc1@62.687C VDD_IN 13088mW/12387mW VDD_CPU_GPU_CV 5304mW/4946mW VDD_SOC 2680mW/2545mW
06-14-2026 13:03:42 RAM 3433/7607MB (lfb 3x4MB) SWAP 232/3804MB (cached 0MB) CPU [0%@1510,0%@1510,0%@1510,1%@1510,0%@1510,0%@1510] GR3D_FREQ 99% cpu@64.687C soc2@63.375C soc0@61.093C gpu@65.5C tj@65.5C soc1@62.718C VDD_IN 12912mW/12390mW VDD_CPU_GPU_CV 5147mW/4947mW VDD_SOC 2680mW/2546mW
06-14-2026 13:03:43 RAM 3433/7607MB (lfb 3x4MB) SWAP 232/3804MB (cached 0MB) CPU [0%@1510,0%@1510,0%@1510,0%@1510,0%@1510,0%@1510] GR3D_FREQ 98% cpu@64.375C soc2@63.343C soc0@61.187C gpu@65.468C tj@65.468C soc1@62.593C VDD_IN 12873mW/12393mW VDD_CPU_GPU_CV 5147mW/4948mW VDD_SOC 2680mW/2546mW
06-14-2026 13:03:44 RAM 3433/7607MB (lfb 3x4MB) SWAP 232/3804MB (cached 0MB) CPU [0%@1510,0%@1510,0%@1510,0%@1510,0%@1510,0%@1510] GR3D_FREQ 99% cpu@64.375C soc2@63.343C soc0@61C gpu@65.5C tj@65.5C soc1@62.562C VDD_IN 12873mW/12396mW VDD_CPU_GPU_CV 5147mW/4949mW VDD_SOC 2680mW/2547mW
06-14-2026 13:03:45 RAM 3433/7607MB (lfb 3x4MB) SWAP 232/3804MB (cached 0MB) CPU [0%@1510,0%@1510,0%@1510,0%@1510,0%@1510,0%@1510] GR3D_FREQ 99% cpu@64.5C soc2@63.437C soc0@61C gpu@65.437C tj@65.437C soc1@62.625C VDD_IN 12873mW/12398mW VDD_CPU_GPU_CV 5147mW/4951mW VDD_SOC 2680mW/2548mW
06-14-2026 13:03:46 RAM 3433/7607MB (lfb 3x4MB) SWAP 232/3804MB (cached 0MB) CPU [0%@1510,0%@1510,0%@1510,0%@1510,0%@1510,0%@1510] GR3D_FREQ 99% cpu@64.468C soc2@63.406C soc0@60.968C gpu@65.5C tj@65.5C soc1@62.625C VDD_IN 12873mW/12401mW VDD_CPU_GPU_CV 5108mW/4951mW VDD_SOC 2680mW/2549mW
06-14-2026 13:03:47 RAM 3433/7607MB (lfb 3x4MB) SWAP 232/3804MB (cached 0MB) CPU [0%@1510,0%@1510,0%@1510,0%@1510,0%@1510,0%@1510] GR3D_FREQ 99% cpu@64.468C soc2@63.468C soc0@61.062C gpu@65.531C tj@65.531C soc1@62.656C VDD_IN 12852mW/12404mW VDD_CPU_GPU_CV 5108mW/4952mW VDD_SOC 2680mW/2549mW
06-14-2026 13:03:48 RAM 3433/7607MB (lfb 3x4MB) SWAP 232/3804MB (cached 0MB) CPU [0%@1510,0%@1510,0%@1510,0%@1510,0%@1510,0%@1510] GR3D_FREQ 99% cpu@64.593C soc2@63.437C soc0@61.125C gpu@65.437C tj@65.437C soc1@62.781C VDD_IN 12852mW/12406mW VDD_CPU_GPU_CV 5108mW/4953mW VDD_SOC 2680mW/2550mW
06-14-2026 13:03:49 RAM 3433/7607MB (lfb 3x4MB) SWAP 232/3804MB (cached 0MB) CPU [0%@1510,0%@1510,0%@1510,1%@1510,0%@1510,0%@1510] GR3D_FREQ 99% cpu@64.5C soc2@63.437C soc0@61.156C gpu@65.531C tj@65.531C soc1@62.656C VDD_IN 12852mW/12409mW VDD_CPU_GPU_CV 5147mW/4954mW VDD_SOC 2641mW/2551mW
06-14-2026 13:03:50 RAM 3433/7607MB (lfb 3x4MB) SWAP 232/3804MB (cached 0MB) CPU [0%@1510,0%@1510,0%@1510,0%@1510,0%@1510,0%@1510] GR3D_FREQ 99% cpu@64.5C soc2@63.375C soc0@61C gpu@65.593C tj@65.593C soc1@62.625C VDD_IN 12873mW/12411mW VDD_CPU_GPU_CV 5108mW/4955mW VDD_SOC 2680mW/2551mW
06-14-2026 13:03:51 RAM 3433/7607MB (lfb 3x4MB) SWAP 232/3804MB (cached 0MB) CPU [0%@1510,0%@1510,0%@1510,0%@1510,0%@1510,0%@1510] GR3D_FREQ 99% cpu@64.437C soc2@63.437C soc0@61.093C gpu@65.562C tj@65.562C soc1@62.625C VDD_IN 12873mW/12414mW VDD_CPU_GPU_CV 5147mW/4956mW VDD_SOC 2680mW/2552mW
06-14-2026 13:03:52 RAM 3433/7607MB (lfb 3x4MB) SWAP 232/3804MB (cached 0MB) CPU [0%@1510,0%@1510,0%@1510,0%@1510,0%@1510,0%@1510] GR3D_FREQ 99% cpu@64.437C soc2@63.5C soc0@61.031C gpu@65.562C tj@65.562C soc1@62.625C VDD_IN 12873mW/12416mW VDD_CPU_GPU_CV 5147mW/4957mW VDD_SOC 2641mW/2553mW
06-14-2026 13:03:53 RAM 3433/7607MB (lfb 3x4MB) SWAP 232/3804MB (cached 0MB) CPU [0%@1510,0%@1510,0%@1510,0%@1510,0%@1510,0%@1510] GR3D_FREQ 99% cpu@64.656C soc2@63.406C soc0@61.093C gpu@65.468C tj@65.468C soc1@62.781C VDD_IN 12873mW/12419mW VDD_CPU_GPU_CV 5108mW/4958mW VDD_SOC 2680mW/2553mW
06-14-2026 13:03:54 RAM 3433/7607MB (lfb 3x4MB) SWAP 232/3804MB (cached 0MB) CPU [0%@1510,0%@1510,0%@1510,0%@1510,0%@1510,0%@1510] GR3D_FREQ 99% cpu@64.531C soc2@63.437C soc0@61.062C gpu@65.531C tj@65.531C soc1@62.718C VDD_IN 12852mW/12421mW VDD_CPU_GPU_CV 5147mW/4959mW VDD_SOC 2680mW/2554mW
06-14-2026 13:03:55 RAM 3433/7607MB (lfb 3x4MB) SWAP 232/3804MB (cached 0MB) CPU [0%@1510,0%@1510,0%@1510,1%@1510,0%@1510,0%@1510] GR3D_FREQ 99% cpu@64.718C soc2@63.5C soc0@61.156C gpu@65.625C tj@65.625C soc1@62.687C VDD_IN 12873mW/12424mW VDD_CPU_GPU_CV 5108mW/4960mW VDD_SOC 2680mW/2555mW
06-14-2026 13:03:56 RAM 3433/7607MB (lfb 3x4MB) SWAP 232/3804MB (cached 0MB) CPU [0%@1510,0%@1510,0%@1510,0%@1510,0%@1510,0%@1510] GR3D_FREQ 99% cpu@64.531C soc2@63.593C soc0@61.25C gpu@65.656C tj@65.656C soc1@62.625C VDD_IN 12873mW/12426mW VDD_CPU_GPU_CV 5108mW/4961mW VDD_SOC 2680mW/2555mW
06-14-2026 13:03:57 RAM 3433/7607MB (lfb 3x4MB) SWAP 232/3804MB (cached 0MB) CPU [0%@1510,0%@1510,0%@1510,0%@1510,0%@1510,0%@1510] GR3D_FREQ 99% cpu@64.531C soc2@63.468C soc0@61.062C gpu@65.656C tj@65.656C soc1@62.656C VDD_IN 12852mW/12428mW VDD_CPU_GPU_CV 5108mW/4962mW VDD_SOC 2641mW/2556mW
06-14-2026 13:03:58 RAM 3433/7607MB (lfb 3x4MB) SWAP 232/3804MB (cached 0MB) CPU [0%@1510,0%@1510,0%@1510,0%@1510,0%@1510,0%@1510] GR3D_FREQ 99% cpu@64.5C soc2@63.468C soc0@61.093C gpu@65.656C tj@65.656C soc1@62.75C VDD_IN 12852mW/12431mW VDD_CPU_GPU_CV 5108mW/4962mW VDD_SOC 2680mW/2556mW
06-14-2026 13:03:59 RAM 3433/7607MB (lfb 3x4MB) SWAP 232/3804MB (cached 0MB) CPU [0%@1510,0%@1510,0%@1510,0%@1510,0%@1510,0%@1510] GR3D_FREQ 99% cpu@64.593C soc2@63.531C soc0@61.062C gpu@65.656C tj@65.656C soc1@62.781C VDD_IN 12873mW/12433mW VDD_CPU_GPU_CV 5108mW/4963mW VDD_SOC 2680mW/2557mW
06-14-2026 13:04:00 RAM 3433/7607MB (lfb 3x4MB) SWAP 232/3804MB (cached 0MB) CPU [0%@1510,0%@1510,0%@1510,1%@1510,0%@1510,0%@1510] GR3D_FREQ 99% cpu@64.656C soc2@63.468C soc0@61.218C gpu@65.656C tj@65.656C soc1@62.843C VDD_IN 12852mW/12435mW VDD_CPU_GPU_CV 5147mW/4964mW VDD_SOC 2641mW/2558mW
06-14-2026 13:04:01 RAM 3433/7607MB (lfb 3x4MB) SWAP 232/3804MB (cached 0MB) CPU [0%@1510,0%@1510,0%@1510,0%@1510,0%@1510,0%@1510] GR3D_FREQ 99% cpu@64.5C soc2@63.468C soc0@61.281C gpu@65.718C tj@65.718C soc1@62.687C VDD_IN 12852mW/12437mW VDD_CPU_GPU_CV 5108mW/4965mW VDD_SOC 2641mW/2558mW
06-14-2026 13:04:02 RAM 1909/7607MB (lfb 30x4MB) SWAP 232/3804MB (cached 0MB) CPU [0%@1510,0%@1510,0%@1510,18%@1510,0%@1510,16%@1510] GR3D_FREQ 0% cpu@65.031C soc2@63.375C soc0@61.312C gpu@64.687C tj@65.031C soc1@62.718C VDD_IN 10859mW/12429mW VDD_CPU_GPU_CV 4021mW/4960mW VDD_SOC 2329mW/2557mW
06-14-2026 13:04:03 RAM 1686/7607MB (lfb 29x4MB) SWAP 232/3804MB (cached 0MB) CPU [39%@1510,13%@1510,19%@1510,19%@1510,36%@1510,24%@1510] GR3D_FREQ 1% cpu@64.312C soc2@63.031C soc0@60.875C gpu@63.937C tj@64.312C soc1@62.625C VDD_IN 6695mW/12399mW VDD_CPU_GPU_CV 1858mW/4944mW VDD_SOC 1584mW/2552mW
06-14-2026 13:04:04 RAM 3120/7607MB (lfb 2x2MB) SWAP 232/3804MB (cached 0MB) CPU [28%@1510,0%@1510,1%@1510,0%@1510,69%@1510,4%@1510] GR3D_FREQ 0% cpu@64.156C soc2@62.718C soc0@60.75C gpu@63.718C tj@64.156C soc1@62.625C VDD_IN 6259mW/12367mW VDD_CPU_GPU_CV 1463mW/4926mW VDD_SOC 1584mW/2547mW
06-14-2026 13:04:05 RAM 4030/7607MB (lfb 2x2MB) SWAP 246/3804MB (cached 0MB) CPU [24%@1510,0%@1510,0%@1510,8%@1510,73%@1510,27%@1510] GR3D_FREQ 0% cpu@64.406C soc2@62.625C soc0@60.718C gpu@63.687C tj@64.406C soc1@62.531C VDD_IN 7091mW/12340mW VDD_CPU_GPU_CV 1819mW/4910mW VDD_SOC 1743mW/2543mW
06-14-2026 13:04:06 RAM 4680/7607MB (lfb 2x2MB) SWAP 278/3804MB (cached 0MB) CPU [68%@1510,0%@1510,0%@1510,0%@1510,0%@1510,39%@1510] GR3D_FREQ 99% cpu@63.875C soc2@62.625C soc0@60.625C gpu@64.437C tj@64.437C soc1@62.281C VDD_IN 9176mW/12324mW VDD_CPU_GPU_CV 3080mW/4900mW VDD_SOC 2056mW/2540mW
06-14-2026 13:04:07 RAM 4693/7607MB (lfb 5x4MB) SWAP 278/3804MB (cached 0MB) CPU [1%@1510,0%@1510,0%@1510,6%@1510,0%@1510,0%@1510] GR3D_FREQ 99% cpu@64.187C soc2@62.906C soc0@60.625C gpu@65.031C tj@65.031C soc1@62.406C VDD_IN 12596mW/12325mW VDD_CPU_GPU_CV 4990mW/4901mW VDD_SOC 2601mW/2540mW
06-14-2026 13:04:08 RAM 4693/7607MB (lfb 5x4MB) SWAP 278/3804MB (cached 0MB) CPU [0%@1510,0%@1510,0%@1510,0%@1510,0%@1510,0%@1510] GR3D_FREQ 99% cpu@64.093C soc2@62.968C soc0@60.75C gpu@65.343C tj@65.343C soc1@62.468C VDD_IN 12931mW/12328mW VDD_CPU_GPU_CV 5187mW/4902mW VDD_SOC 2641mW/2541mW
06-14-2026 13:04:09 RAM 4693/7607MB (lfb 5x4MB) SWAP 277/3804MB (cached 0MB) CPU [1%@1510,0%@1510,0%@1510,0%@1510,0%@1510,0%@1510] GR3D_FREQ 99% cpu@64.281C soc2@63.093C soc0@60.812C gpu@65.406C tj@65.406C soc1@62.468C VDD_IN 12970mW/12332mW VDD_CPU_GPU_CV 5187mW/4904mW VDD_SOC 2641mW/2541mW
06-14-2026 13:04:10 RAM 4693/7607MB (lfb 5x4MB) SWAP 277/3804MB (cached 0MB) CPU [0%@1510,0%@1510,1%@1510,0%@1510,0%@1510,0%@1510] GR3D_FREQ 99% cpu@64.375C soc2@63.156C soc0@60.875C gpu@65.5C tj@65.5C soc1@62.5C VDD_IN 13049mW/12335mW VDD_CPU_GPU_CV 5265mW/4905mW VDD_SOC 2680mW/2542mW
06-14-2026 13:04:11 RAM 4692/7607MB (lfb 5x4MB) SWAP 277/3804MB (cached 0MB) CPU [0%@1510,0%@1510,0%@1510,0%@1510,0%@1510,0%@1510] GR3D_FREQ 99% cpu@64.093C soc2@63.25C soc0@60.875C gpu@65.562C tj@65.562C soc1@62.406C VDD_IN 13009mW/12339mW VDD_CPU_GPU_CV 5226mW/4907mW VDD_SOC 2680mW/2543mW
06-14-2026 13:04:12 RAM 4692/7607MB (lfb 5x4MB) SWAP 277/3804MB (cached 0MB) CPU [2%@1510,0%@1510,0%@1510,0%@1510,0%@1510,0%@1510] GR3D_FREQ 99% cpu@64.5C soc2@63.281C soc0@61.093C gpu@65.593C tj@65.593C soc1@62.468C VDD_IN 12931mW/12342mW VDD_CPU_GPU_CV 5187mW/4908mW VDD_SOC 2641mW/2543mW
06-14-2026 13:04:13 RAM 4693/7607MB (lfb 5x4MB) SWAP 277/3804MB (cached 0MB) CPU [1%@1510,0%@1510,0%@1510,0%@1510,0%@1510,0%@1510] GR3D_FREQ 99% cpu@64.187C soc2@63.312C soc0@60.875C gpu@65.656C tj@65.656C soc1@62.5C VDD_IN 12970mW/12345mW VDD_CPU_GPU_CV 5265mW/4910mW VDD_SOC 2680mW/2544mW
06-14-2026 13:04:14 RAM 4693/7607MB (lfb 5x4MB) SWAP 277/3804MB (cached 0MB) CPU [0%@1510,0%@1510,3%@1510,0%@1510,0%@1510,0%@1510] GR3D_FREQ 99% cpu@64.343C soc2@63.25C soc0@60.937C gpu@65.656C tj@65.656C soc1@62.468C VDD_IN 12931mW/12348mW VDD_CPU_GPU_CV 5187mW/4912mW VDD_SOC 2641mW/2544mW
06-14-2026 13:04:15 RAM 4693/7607MB (lfb 5x4MB) SWAP 277/3804MB (cached 0MB) CPU [1%@1510,0%@1510,0%@1510,0%@1510,0%@1510,0%@1510] GR3D_FREQ 99% cpu@64.468C soc2@63.281C soc0@60.843C gpu@65.312C tj@65.312C soc1@62.531C VDD_IN 13009mW/12351mW VDD_CPU_GPU_CV 5265mW/4913mW VDD_SOC 2680mW/2545mW
06-14-2026 13:04:16 RAM 1795/7607MB (lfb 61x4MB) SWAP 277/3804MB (cached 0MB) CPU [33%@1510,0%@1510,5%@1510,0%@1510,0%@1510,29%@1510] GR3D_FREQ 0% cpu@64.625C soc2@63.218C soc0@60.937C gpu@64.187C tj@64.625C soc1@62.75C VDD_IN 9927mW/12339mW VDD_CPU_GPU_CV 3508mW/4906mW VDD_SOC 2132mW/2543mW
06-14-2026 13:04:17 RAM 1560/7607MB (lfb 70x4MB) SWAP 268/3804MB (cached 0MB) CPU [14%@1510,17%@1510,11%@1510,3%@1510,2%@1510,3%@1510] GR3D_FREQ 0% cpu@64.156C soc2@62.75C soc0@60.843C gpu@63.593C tj@64.156C soc1@62.593C VDD_IN 5863mW/12308mW VDD_CPU_GPU_CV 1344mW/4889mW VDD_SOC 1505mW/2538mW
06-14-2026 13:04:18 RAM 1560/7607MB (lfb 70x4MB) SWAP 267/3804MB (cached 0MB) CPU [0%@1510,0%@1510,0%@1510,0%@1510,0%@1510,1%@1510] GR3D_FREQ 0% cpu@63.718C soc2@62.312C soc0@60.375C gpu@63.375C tj@63.718C soc1@62.312C VDD_IN 5348mW/12274mW VDD_CPU_GPU_CV 1069mW/4871mW VDD_SOC 1465mW/2533mW
