Setting SIM_SPEEDUP=1.000000
Suggested EK3_DRAG_BCOEF_* = 17.209, EK3_DRAG_MCOEF = 0.209
Home: -35.363262 149.165237 alt=584.000000m hdg=353.000000
Starting sketch 'ArduCopter'
Starting SITL input
Using Irlock at port : 9005
bind port 5760 for SERIAL0
SERIAL0 on TCP port 5760
Loaded defaults from /home/gara/ardupilot/Tools/autotest/default_params/copter.parm
bind port 5762 for SERIAL1
SERIAL1 on TCP port 5762
bind port 5763 for SERIAL2
SERIAL2 on TCP port 5763
Smoothing reset at 0.001
validate_structures:516: Validating structures
Waiting for internal clock bits to be set (current=0x00)
Loaded defaults from /home/gara/ardupilot/Tools/autotest/default_params/copter.parm
Loaded defaults from /home/gara/ardupilot/Tools/autotest/default_params/copter.parm
Loaded defaults from /home/gara/ardupilot/Tools/autotest/default_params/copter.parm
Loaded defaults from /home/gara/ardupilot/Tools/autotest/default_params/copter.parm
New connection on SERIAL0
Closed connection on SERIAL0
New connection on SERIAL0
Closed connection on SERIAL0
Exitting
