06-18-2026 13:36:39 RAM 4835/7607MB (lfb 9x2MB) SWAP 421/3804MB (cached 2MB) CPU [1%@1510,1%@1510,2%@1510,1%@1510,16%@1510,0%@1510] GR3D_FREQ 0% cpu@55.562C soc2@54.125C soc0@52.437C gpu@55.437C tj@55.562C soc1@54.625C VDD_IN 5277mW/5277mW VDD_CPU_GPU_CV 1030mW/1030mW VDD_SOC 1386mW/1386mW
06-18-2026 13:36:40 RAM 4835/7607MB (lfb 9x2MB) SWAP 421/3804MB (cached 2MB) CPU [0%@1510,0%@1510,0%@1510,0%@1510,0%@1510,0%@1510] GR3D_FREQ 0% cpu@55.593C soc2@54.093C soc0@52.531C gpu@55.281C tj@55.593C soc1@54.593C VDD_IN 5198mW/5238mW VDD_CPU_GPU_CV 990mW/1010mW VDD_SOC 1386mW/1386mW
06-18-2026 13:36:41 RAM 4835/7607MB (lfb 9x2MB) SWAP 421/3804MB (cached 2MB) CPU [0%@1510,0%@1510,0%@1510,0%@1510,0%@1510,0%@1510] GR3D_FREQ 0% cpu@55.687C soc2@54.125C soc0@52.406C gpu@55.375C tj@55.687C soc1@54.687C VDD_IN 5198mW/5224mW VDD_CPU_GPU_CV 990mW/1003mW VDD_SOC 1386mW/1386mW
06-18-2026 13:36:42 RAM 4835/7607MB (lfb 9x2MB) SWAP 421/3804MB (cached 2MB) CPU [0%@1510,0%@1510,0%@1510,0%@1510,0%@1510,0%@1510] GR3D_FREQ 0% cpu@55.812C soc2@54.125C soc0@52.531C gpu@55.375C tj@55.812C soc1@54.656C VDD_IN 5158mW/5208mW VDD_CPU_GPU_CV 990mW/1000mW VDD_SOC 1386mW/1386mW
06-18-2026 13:36:43 RAM 4835/7607MB (lfb 9x2MB) SWAP 421/3804MB (cached 2MB) CPU [0%@1510,0%@1510,0%@1510,0%@1510,0%@1510,0%@1510] GR3D_FREQ 0% cpu@55.625C soc2@54.125C soc0@52.5C gpu@55.312C tj@55.625C soc1@54.656C VDD_IN 5198mW/5206mW VDD_CPU_GPU_CV 950mW/990mW VDD_SOC 1386mW/1386mW
06-18-2026 13:36:44 RAM 4835/7607MB (lfb 9x2MB) SWAP 421/3804MB (cached 2MB) CPU [0%@1510,0%@1510,1%@1510,0%@1510,0%@1510,0%@1510] GR3D_FREQ 0% cpu@55.468C soc2@54.156C soc0@52.593C gpu@55.312C tj@55.468C soc1@54.531C VDD_IN 5198mW/5205mW VDD_CPU_GPU_CV 990mW/990mW VDD_SOC 1388mW/1386mW
06-18-2026 13:36:45 RAM 4835/7607MB (lfb 9x2MB) SWAP 421/3804MB (cached 2MB) CPU [4%@1510,0%@1510,0%@1510,0%@1510,0%@1510,26%@1510] GR3D_FREQ 99% cpu@55.843C soc2@54.5C soc0@52.593C gpu@56.812C tj@56.812C soc1@54.562C VDD_IN 10815mW/6006mW VDD_CPU_GPU_CV 4225mW/1452mW VDD_SOC 2214mW/1505mW
06-18-2026 13:36:46 RAM 4836/7607MB (lfb 9x2MB) SWAP 421/3804MB (cached 2MB) CPU [0%@1510,0%@1510,0%@1510,0%@1510,0%@1510,2%@1510] GR3D_FREQ 99% cpu@56.125C soc2@54.781C soc0@52.843C gpu@56.906C tj@56.906C soc1@54.781C VDD_IN 11549mW/6699mW VDD_CPU_GPU_CV 4146mW/1789mW VDD_SOC 2531mW/1633mW
06-18-2026 13:36:47 RAM 4836/7607MB (lfb 9x2MB) SWAP 421/3804MB (cached 2MB) CPU [2%@1510,4%@1510,0%@1510,0%@1510,0%@1510,33%@1510] GR3D_FREQ 99% cpu@56.25C soc2@55C soc0@52.875C gpu@57.062C tj@57.062C soc1@54.843C VDD_IN 11430mW/7225mW VDD_CPU_GPU_CV 4336mW/2072mW VDD_SOC 2373mW/1715mW
06-18-2026 13:36:48 RAM 4836/7607MB (lfb 9x2MB) SWAP 421/3804MB (cached 2MB) CPU [0%@1510,0%@1510,0%@1510,0%@1510,0%@1510,3%@1510] GR3D_FREQ 96% cpu@56.406C soc2@55.125C soc0@53.125C gpu@57.25C tj@57.25C soc1@55.031C VDD_IN 11549mW/7657mW VDD_CPU_GPU_CV 4225mW/2287mW VDD_SOC 2491mW/1793mW
06-18-2026 13:36:49 RAM 4837/7607MB (lfb 9x2MB) SWAP 421/3804MB (cached 2MB) CPU [0%@1510,4%@1510,0%@1510,0%@1510,0%@1510,1%@1510] GR3D_FREQ 99% cpu@56.468C soc2@55.281C soc0@53.218C gpu@57.437C tj@57.437C soc1@54.937C VDD_IN 11232mW/7982mW VDD_CPU_GPU_CV 4106mW/2453mW VDD_SOC 2412mW/1849mW
06-18-2026 13:36:50 RAM 4837/7607MB (lfb 9x2MB) SWAP 421/3804MB (cached 2MB) CPU [0%@1510,0%@1510,0%@1510,0%@1510,0%@1510,2%@1510] GR3D_FREQ 99% cpu@56.5C soc2@55.25C soc0@53.343C gpu@57.375C tj@57.375C soc1@55.093C VDD_IN 11390mW/8266mW VDD_CPU_GPU_CV 4304mW/2607mW VDD_SOC 2412mW/1896mW
06-18-2026 13:36:51 RAM 4836/7607MB (lfb 9x2MB) SWAP 421/3804MB (cached 2MB) CPU [4%@1510,0%@1510,0%@1510,0%@1510,0%@1510,2%@1510] GR3D_FREQ 99% cpu@56.812C soc2@55.343C soc0@53.375C gpu@57.312C tj@57.312C soc1@55.25C VDD_IN 10577mW/8444mW VDD_CPU_GPU_CV 3672mW/2689mW VDD_SOC 2373mW/1933mW
06-18-2026 13:36:52 RAM 4836/7607MB (lfb 9x2MB) SWAP 421/3804MB (cached 2MB) CPU [0%@1510,0%@1510,0%@1510,0%@1510,1%@1510,0%@1510] GR3D_FREQ 98% cpu@56.812C soc2@55.5C soc0@53.437C gpu@57.687C tj@57.687C soc1@55.312C VDD_IN 11311mW/8649mW VDD_CPU_GPU_CV 4533mW/2821mW VDD_SOC 2294mW/1958mW
06-18-2026 13:36:53 RAM 4836/7607MB (lfb 9x2MB) SWAP 421/3804MB (cached 2MB) CPU [0%@1510,0%@1510,0%@1510,0%@1510,1%@1510,0%@1510] GR3D_FREQ 99% cpu@56.906C soc2@55.656C soc0@53.593C gpu@57.687C tj@57.687C soc1@55.437C VDD_IN 11628mW/8847mW VDD_CPU_GPU_CV 4178mW/2911mW VDD_SOC 2570mW/1999mW
06-18-2026 13:36:54 RAM 4836/7607MB (lfb 9x2MB) SWAP 421/3804MB (cached 2MB) CPU [0%@1510,3%@1510,0%@1510,0%@1510,1%@1510,0%@1510] GR3D_FREQ 99% cpu@57.281C soc2@55.781C soc0@53.718C gpu@57.843C tj@57.843C soc1@55.5C VDD_IN 11430mW/9009mW VDD_CPU_GPU_CV 4297mW/2998mW VDD_SOC 2412mW/2025mW
06-18-2026 13:36:55 RAM 4836/7607MB (lfb 9x2MB) SWAP 421/3804MB (cached 2MB) CPU [0%@1510,0%@1510,0%@1510,0%@1510,3%@1510,0%@1510] GR3D_FREQ 96% cpu@57C soc2@55.906C soc0@53.875C gpu@57.937C tj@57.937C soc1@55.562C VDD_IN 11588mW/9160mW VDD_CPU_GPU_CV 4218mW/3069mW VDD_SOC 2531mW/2055mW
06-18-2026 13:36:56 RAM 4836/7607MB (lfb 9x2MB) SWAP 421/3804MB (cached 2MB) CPU [5%@1510,0%@1510,0%@1510,0%@1510,2%@1510,0%@1510] GR3D_FREQ 99% cpu@57.093C soc2@55.843C soc0@53.812C gpu@58C tj@58C soc1@55.625C VDD_IN 11351mW/9282mW VDD_CPU_GPU_CV 4178mW/3131mW VDD_SOC 2412mW/2075mW
06-18-2026 13:36:57 RAM 4836/7607MB (lfb 9x2MB) SWAP 421/3804MB (cached 2MB) CPU [0%@1510,0%@1510,0%@1510,0%@1510,2%@1510,0%@1510] GR3D_FREQ 96% cpu@57.156C soc2@56C soc0@53.968C gpu@58.031C tj@58.031C soc1@55.718C VDD_IN 11509mW/9399mW VDD_CPU_GPU_CV 4257mW/3190mW VDD_SOC 2452mW/2094mW
06-18-2026 13:36:58 RAM 4836/7607MB (lfb 9x2MB) SWAP 421/3804MB (cached 2MB) CPU [0%@1510,4%@1510,0%@1510,0%@1510,2%@1510,0%@1510] GR3D_FREQ 99% cpu@57.5C soc2@56.156C soc0@54.031C gpu@58.156C tj@58.156C soc1@55.906C VDD_IN 10916mW/9475mW VDD_CPU_GPU_CV 3909mW/3226mW VDD_SOC 2412mW/2110mW
06-18-2026 13:36:59 RAM 4836/7607MB (lfb 9x2MB) SWAP 421/3804MB (cached 2MB) CPU [0%@1510,0%@1510,0%@1510,0%@1510,2%@1510,0%@1510] GR3D_FREQ 99% cpu@57.656C soc2@56.187C soc0@54.156C gpu@58.187C tj@58.187C soc1@56C VDD_IN 11272mW/9561mW VDD_CPU_GPU_CV 4415mW/3283mW VDD_SOC 2333mW/2121mW
06-18-2026 13:37:00 RAM 4836/7607MB (lfb 9x2MB) SWAP 421/3804MB (cached 2MB) CPU [0%@1510,0%@1510,0%@1510,0%@1510,1%@1510,0%@1510] GR3D_FREQ 96% cpu@57.781C soc2@56.281C soc0@54.312C gpu@58.343C tj@58.343C soc1@56.062C VDD_IN 11667mW/9656mW VDD_CPU_GPU_CV 4178mW/3324mW VDD_SOC 2570mW/2141mW
06-18-2026 13:37:01 RAM 4836/7607MB (lfb 9x2MB) SWAP 421/3804MB (cached 2MB) CPU [0%@1510,4%@1510,0%@1510,0%@1510,2%@1510,0%@1510] GR3D_FREQ 99% cpu@57.562C soc2@56.25C soc0@54.125C gpu@58.781C tj@58.781C soc1@56.062C VDD_IN 11430mW/9734mW VDD_CPU_GPU_CV 4415mW/3371mW VDD_SOC 2373mW/2151mW
06-18-2026 13:37:02 RAM 4836/7607MB (lfb 9x2MB) SWAP 421/3804MB (cached 2MB) CPU [0%@1510,0%@1510,0%@1510,0%@1510,2%@1510,0%@1510] GR3D_FREQ 99% cpu@57.781C soc2@56.437C soc0@54.312C gpu@58.75C tj@58.75C soc1@56.093C VDD_IN 11628mW/9812mW VDD_CPU_GPU_CV 4178mW/3405mW VDD_SOC 2570mW/2169mW
06-18-2026 13:37:03 RAM 4836/7607MB (lfb 9x2MB) SWAP 421/3804MB (cached 2MB) CPU [4%@1510,0%@1510,0%@1510,0%@1510,1%@1510,0%@1510] GR3D_FREQ 99% cpu@57.812C soc2@56.562C soc0@54.468C gpu@58.781C tj@58.781C soc1@56.25C VDD_IN 11390mW/9876mW VDD_CPU_GPU_CV 4257mW/3439mW VDD_SOC 2412mW/2179mW
06-18-2026 13:37:04 RAM 4836/7607MB (lfb 9x2MB) SWAP 421/3804MB (cached 2MB) CPU [0%@1510,0%@1510,0%@1510,0%@1510,3%@1510,0%@1510] GR3D_FREQ 99% cpu@57.875C soc2@56.625C soc0@54.562C gpu@58.968C tj@58.968C soc1@56.375C VDD_IN 11588mW/9941mW VDD_CPU_GPU_CV 4257mW/3470mW VDD_SOC 2491mW/2191mW
06-18-2026 13:37:05 RAM 4836/7607MB (lfb 9x2MB) SWAP 421/3804MB (cached 2MB) CPU [0%@1510,1%@1510,0%@1510,3%@1510,2%@1510,0%@1510] GR3D_FREQ 99% cpu@58C soc2@56.593C soc0@54.625C gpu@58.968C tj@58.968C soc1@56.531C VDD_IN 11114mW/9985mW VDD_CPU_GPU_CV 4021mW/3491mW VDD_SOC 2412mW/2199mW
06-18-2026 13:37:06 RAM 4836/7607MB (lfb 9x2MB) SWAP 421/3804MB (cached 2MB) CPU [0%@1510,0%@1510,0%@1510,0%@1510,2%@1510,0%@1510] GR3D_FREQ 99% cpu@58.125C soc2@56.75C soc0@54.687C gpu@59.093C tj@59.093C soc1@56.406C VDD_IN 11430mW/10036mW VDD_CPU_GPU_CV 4376mW/3522mW VDD_SOC 2412mW/2206mW
06-18-2026 13:37:07 RAM 4836/7607MB (lfb 9x2MB) SWAP 421/3804MB (cached 2MB) CPU [1%@1510,0%@1510,0%@1510,0%@1510,1%@1510,0%@1510] GR3D_FREQ 0% cpu@58.062C soc2@56.687C soc0@54.718C gpu@58.562C tj@58.562C soc1@56.593C VDD_IN 10599mW/10056mW VDD_CPU_GPU_CV 3632mW/3526mW VDD_SOC 2373mW/2212mW
06-18-2026 13:37:08 RAM 4836/7607MB (lfb 9x2MB) SWAP 420/3804MB (cached 2MB) CPU [0%@1510,9%@1510,0%@1510,0%@1510,67%@1510,0%@1510] GR3D_FREQ 99% cpu@58.25C soc2@56.937C soc0@54.781C gpu@59.375C tj@59.375C soc1@56.562C VDD_IN 11390mW/10100mW VDD_CPU_GPU_CV 4612mW/3562mW VDD_SOC 2294mW/2215mW
06-18-2026 13:37:09 RAM 4836/7607MB (lfb 9x2MB) SWAP 420/3804MB (cached 2MB) CPU [0%@1510,0%@1510,0%@1510,0%@1510,1%@1510,0%@1510] GR3D_FREQ 99% cpu@58.281C soc2@56.968C soc0@54.906C gpu@59.5C tj@59.5C soc1@56.718C VDD_IN 11311mW/10139mW VDD_CPU_GPU_CV 4612mW/3596mW VDD_SOC 2254mW/2216mW
06-18-2026 13:37:10 RAM 4836/7607MB (lfb 9x2MB) SWAP 420/3804MB (cached 2MB) CPU [0%@1510,0%@1510,0%@1510,0%@1510,2%@1510,0%@1510] GR3D_FREQ 99% cpu@58.406C soc2@57.093C soc0@55.062C gpu@59.562C tj@59.562C soc1@56.875C VDD_IN 11588mW/10185mW VDD_CPU_GPU_CV 4336mW/3619mW VDD_SOC 2491mW/2225mW
06-18-2026 13:37:11 RAM 4837/7607MB (lfb 9x2MB) SWAP 420/3804MB (cached 2MB) CPU [0%@1510,9%@1510,0%@1510,0%@1510,20%@1510,0%@1510] GR3D_FREQ 99% cpu@58.437C soc2@57.093C soc0@55.062C gpu@59.25C tj@59.25C soc1@56.781C VDD_IN 10577mW/10197mW VDD_CPU_GPU_CV 3869mW/3627mW VDD_SOC 2254mW/2226mW
06-18-2026 13:37:12 RAM 4841/7607MB (lfb 7x2MB) SWAP 420/3804MB (cached 2MB) CPU [0%@1510,0%@1510,0%@1510,0%@1510,70%@1510,0%@1510] GR3D_FREQ 99% cpu@58.5C soc2@57.093C soc0@55.062C gpu@59.343C tj@59.343C soc1@56.906C VDD_IN 11351mW/10231mW VDD_CPU_GPU_CV 4652mW/3657mW VDD_SOC 2254mW/2226mW
06-18-2026 13:37:13 RAM 4841/7607MB (lfb 7x2MB) SWAP 420/3804MB (cached 2MB) CPU [0%@1510,0%@1510,0%@1510,0%@1510,1%@1510,0%@1510] GR3D_FREQ 99% cpu@58.5C soc2@57.312C soc0@55.062C gpu@59.593C tj@59.593C soc1@56.968C VDD_IN 11272mW/10260mW VDD_CPU_GPU_CV 4849mW/3691mW VDD_SOC 2175mW/2225mW
06-18-2026 13:37:14 RAM 4841/7607MB (lfb 7x2MB) SWAP 420/3804MB (cached 2MB) CPU [0%@1510,0%@1510,0%@1510,0%@1510,2%@1510,0%@1510] GR3D_FREQ 99% cpu@58.656C soc2@57.375C soc0@55.156C gpu@59.468C tj@59.468C soc1@57C VDD_IN 11667mW/10299mW VDD_CPU_GPU_CV 4218mW/3706mW VDD_SOC 2531mW/2234mW
06-18-2026 13:37:15 RAM 4841/7607MB (lfb 7x2MB) SWAP 420/3804MB (cached 2MB) CPU [0%@1510,9%@1510,0%@1510,0%@1510,1%@1510,0%@1510] GR3D_FREQ 99% cpu@58.718C soc2@57.343C soc0@55.25C gpu@59.656C tj@59.656C soc1@57.156C VDD_IN 11035mW/10319mW VDD_CPU_GPU_CV 4218mW/3719mW VDD_SOC 2294mW/2235mW
06-18-2026 13:37:16 RAM 4841/7607MB (lfb 7x2MB) SWAP 420/3804MB (cached 2MB) CPU [0%@1510,0%@1510,0%@1510,0%@1510,0%@1510,0%@1510] GR3D_FREQ 99% cpu@58.718C soc2@57.437C soc0@55.468C gpu@59.718C tj@59.718C soc1@57.25C VDD_IN 11311mW/10345mW VDD_CPU_GPU_CV 4612mW/3743mW VDD_SOC 2254mW/2236mW
06-18-2026 13:37:17 RAM 4841/7607MB (lfb 7x2MB) SWAP 420/3804MB (cached 2MB) CPU [0%@1510,0%@1510,0%@1510,0%@1510,3%@1510,0%@1510] GR3D_FREQ 80% cpu@59C soc2@57.656C soc0@55.343C gpu@59.718C tj@59.718C soc1@57.25C VDD_IN 11272mW/10369mW VDD_CPU_GPU_CV 4573mW/3764mW VDD_SOC 2294mW/2237mW
06-18-2026 13:37:18 RAM 4841/7607MB (lfb 7x2MB) SWAP 420/3804MB (cached 2MB) CPU [0%@1510,0%@1510,0%@1510,0%@1510,0%@1510,0%@1510] GR3D_FREQ 96% cpu@58.843C soc2@57.562C soc0@55.468C gpu@59.812C tj@59.812C soc1@57.312C VDD_IN 11707mW/10403mW VDD_CPU_GPU_CV 4178mW/3775mW VDD_SOC 2570mW/2245mW
06-18-2026 13:37:19 RAM 4842/7607MB (lfb 8x2MB) SWAP 420/3804MB (cached 2MB) CPU [10%@1510,0%@1510,0%@1510,0%@1510,3%@1510,0%@1510] GR3D_FREQ 99% cpu@58.906C soc2@57.531C soc0@55.375C gpu@59.906C tj@59.906C soc1@57.343C VDD_IN 11232mW/10423mW VDD_CPU_GPU_CV 4415mW/3790mW VDD_SOC 2294mW/2247mW
06-18-2026 13:37:20 RAM 4842/7607MB (lfb 8x2MB) SWAP 420/3804MB (cached 2MB) CPU [0%@1510,0%@1510,0%@1510,0%@1510,0%@1510,0%@1510] GR3D_FREQ 99% cpu@59.093C soc2@57.656C soc0@55.531C gpu@59.968C tj@59.968C soc1@57.437C VDD_IN 11272mW/10443mW VDD_CPU_GPU_CV 4573mW/3809mW VDD_SOC 2254mW/2247mW
06-18-2026 13:37:21 RAM 4842/7607MB (lfb 8x2MB) SWAP 420/3804MB (cached 2MB) CPU [0%@1510,0%@1510,0%@1510,0%@1510,5%@1510,0%@1510] GR3D_FREQ 99% cpu@59.125C soc2@57.843C soc0@55.781C gpu@60.031C tj@60.031C soc1@57.593C VDD_IN 11549mW/10469mW VDD_CPU_GPU_CV 4376mW/3822mW VDD_SOC 2452mW/2252mW
06-18-2026 13:37:22 RAM 4842/7607MB (lfb 8x2MB) SWAP 420/3804MB (cached 2MB) CPU [9%@1510,0%@1510,1%@1510,0%@1510,0%@1510,2%@1510] GR3D_FREQ 99% cpu@59.25C soc2@57.781C soc0@55.75C gpu@59.937C tj@59.937C soc1@57.656C VDD_IN 10102mW/10460mW VDD_CPU_GPU_CV 3514mW/3815mW VDD_SOC 2214mW/2251mW
06-18-2026 13:37:23 RAM 4842/7607MB (lfb 8x2MB) SWAP 420/3804MB (cached 2MB) CPU [0%@1510,0%@1510,0%@1510,0%@1510,0%@1510,0%@1510] GR3D_FREQ 99% cpu@59.093C soc2@57.906C soc0@55.843C gpu@60.218C tj@60.218C soc1@57.531C VDD_IN 11351mW/10480mW VDD_CPU_GPU_CV 4533mW/3831mW VDD_SOC 2294mW/2252mW
06-18-2026 13:37:24 RAM 4842/7607MB (lfb 8x2MB) SWAP 420/3804MB (cached 2MB) CPU [0%@1510,0%@1510,0%@1510,0%@1510,1%@1510,0%@1510] GR3D_FREQ 99% cpu@59.25C soc2@58C soc0@55.812C gpu@60.437C tj@60.437C soc1@57.593C VDD_IN 11311mW/10498mW VDD_CPU_GPU_CV 4809mW/3852mW VDD_SOC 2175mW/2250mW
06-18-2026 13:37:25 RAM 4842/7607MB (lfb 8x2MB) SWAP 420/3804MB (cached 2MB) CPU [0%@1510,0%@1510,0%@1510,0%@1510,2%@1510,0%@1510] GR3D_FREQ 96% cpu@59.218C soc2@58C soc0@55.937C gpu@60.312C tj@60.312C soc1@57.718C VDD_IN 11667mW/10523mW VDD_CPU_GPU_CV 4257mW/3861mW VDD_SOC 2531mW/2256mW
06-18-2026 13:37:26 RAM 4842/7607MB (lfb 8x2MB) SWAP 420/3804MB (cached 2MB) CPU [1%@1510,9%@1510,1%@1510,0%@1510,3%@1510,0%@1510] GR3D_FREQ 99% cpu@59.218C soc2@58.062C soc0@55.937C gpu@60.437C tj@60.437C soc1@57.781C VDD_IN 10876mW/10530mW VDD_CPU_GPU_CV 4106mW/3866mW VDD_SOC 2294mW/2257mW
06-18-2026 13:37:27 RAM 4842/7607MB (lfb 8x2MB) SWAP 420/3804MB (cached 2MB) CPU [0%@1510,0%@1510,0%@1510,0%@1510,0%@1510,0%@1510] GR3D_FREQ 99% cpu@59.656C soc2@58.093C soc0@56.031C gpu@60.437C tj@60.437C soc1@57.937C VDD_IN 11232mW/10545mW VDD_CPU_GPU_CV 4533mW/3880mW VDD_SOC 2254mW/2257mW
06-18-2026 13:37:28 RAM 4842/7607MB (lfb 8x2MB) SWAP 420/3804MB (cached 2MB) CPU [0%@1510,0%@1510,0%@1510,0%@1510,0%@1510,2%@1510] GR3D_FREQ 98% cpu@59.562C soc2@58.343C soc0@56.187C gpu@60.375C tj@60.375C soc1@57.781C VDD_IN 11272mW/10559mW VDD_CPU_GPU_CV 4730mW/3897mW VDD_SOC 2214mW/2256mW
06-18-2026 13:37:29 RAM 4842/7607MB (lfb 8x2MB) SWAP 420/3804MB (cached 2MB) CPU [0%@1510,0%@1510,0%@1510,0%@1510,0%@1510,2%@1510] GR3D_FREQ 99% cpu@59.75C soc2@58.375C soc0@56.093C gpu@60.406C tj@60.406C soc1@57.875C VDD_IN 11707mW/10582mW VDD_CPU_GPU_CV 4218mW/3903mW VDD_SOC 2570mW/2262mW
06-18-2026 13:37:30 RAM 4842/7607MB (lfb 8x2MB) SWAP 420/3804MB (cached 2MB) CPU [0%@1510,8%@1510,0%@1510,0%@1510,0%@1510,1%@1510] GR3D_FREQ 99% cpu@59.531C soc2@58.281C soc0@56.062C gpu@60.5C tj@60.5C soc1@57.937C VDD_IN 11311mW/10596mW VDD_CPU_GPU_CV 4415mW/3913mW VDD_SOC 2333mW/2263mW
06-18-2026 13:37:31 RAM 4842/7607MB (lfb 8x2MB) SWAP 420/3804MB (cached 2MB) CPU [0%@1510,0%@1510,0%@1510,0%@1510,0%@1510,0%@1510] GR3D_FREQ 99% cpu@59.562C soc2@58.375C soc0@56.125C gpu@60.5C tj@60.5C soc1@58.031C VDD_IN 11351mW/10610mW VDD_CPU_GPU_CV 4612mW/3926mW VDD_SOC 2254mW/2263mW
06-18-2026 13:37:32 RAM 4842/7607MB (lfb 8x2MB) SWAP 420/3804MB (cached 2MB) CPU [0%@1510,0%@1510,0%@1510,0%@1510,3%@1510,1%@1510] GR3D_FREQ 96% cpu@59.843C soc2@58.437C soc0@56.343C gpu@60.531C tj@60.531C soc1@58.062C VDD_IN 11470mW/10626mW VDD_CPU_GPU_CV 4415mW/3935mW VDD_SOC 2412mW/2266mW
06-18-2026 13:37:33 RAM 4842/7607MB (lfb 8x2MB) SWAP 420/3804MB (cached 2MB) CPU [0%@1510,9%@1510,1%@1510,0%@1510,7%@1510,0%@1510] GR3D_FREQ 58% cpu@59.906C soc2@58.406C soc0@56.406C gpu@60.187C tj@60.187C soc1@58.218C VDD_IN 9824mW/10611mW VDD_CPU_GPU_CV 3277mW/3923mW VDD_SOC 2214mW/2265mW
06-18-2026 13:37:34 RAM 4842/7607MB (lfb 8x2MB) SWAP 420/3804MB (cached 2MB) CPU [0%@1510,0%@1510,0%@1510,0%@1510,0%@1510,0%@1510] GR3D_FREQ 99% cpu@60.062C soc2@58.5C soc0@56.5C gpu@60.625C tj@60.625C soc1@58.125C VDD_IN 11232mW/10623mW VDD_CPU_GPU_CV 4494mW/3933mW VDD_SOC 2294mW/2266mW
06-18-2026 13:37:35 RAM 4842/7607MB (lfb 8x2MB) SWAP 420/3804MB (cached 2MB) CPU [0%@1510,0%@1510,0%@1510,0%@1510,1%@1510,0%@1510] GR3D_FREQ 99% cpu@59.781C soc2@58.593C soc0@56.343C gpu@60.875C tj@60.875C soc1@58.218C VDD_IN 11311mW/10635mW VDD_CPU_GPU_CV 4730mW/3947mW VDD_SOC 2214mW/2265mW
06-18-2026 13:37:36 RAM 4842/7607MB (lfb 8x2MB) SWAP 420/3804MB (cached 2MB) CPU [0%@1510,0%@1510,0%@1510,0%@1510,0%@1510,3%@1510] GR3D_FREQ 99% cpu@59.937C soc2@58.593C soc0@56.5C gpu@60.718C tj@60.718C soc1@58.343C VDD_IN 11628mW/10652mW VDD_CPU_GPU_CV 4257mW/3953mW VDD_SOC 2531mW/2269mW
06-18-2026 13:37:37 RAM 4842/7607MB (lfb 8x2MB) SWAP 420/3804MB (cached 2MB) CPU [10%@1510,0%@1510,0%@1510,0%@1510,0%@1510,1%@1510] GR3D_FREQ 99% cpu@59.906C soc2@58.656C soc0@56.5C gpu@60.781C tj@60.781C soc1@58.375C VDD_IN 10758mW/10654mW VDD_CPU_GPU_CV 3988mW/3953mW VDD_SOC 2294mW/2270mW
06-18-2026 13:37:38 RAM 4842/7607MB (lfb 8x2MB) SWAP 420/3804MB (cached 2MB) CPU [0%@1510,0%@1510,0%@1510,0%@1510,0%@1510,0%@1510] GR3D_FREQ 99% cpu@60.062C soc2@58.687C soc0@56.625C gpu@60.937C tj@60.937C soc1@58.5C VDD_IN 11351mW/10665mW VDD_CPU_GPU_CV 4573mW/3963mW VDD_SOC 2294mW/2270mW
06-18-2026 13:37:39 RAM 4842/7607MB (lfb 8x2MB) SWAP 420/3804MB (cached 2MB) CPU [0%@1510,0%@1510,0%@1510,0%@1510,2%@1510,0%@1510] GR3D_FREQ 98% cpu@60.281C soc2@58.812C soc0@56.687C gpu@60.968C tj@60.968C soc1@58.625C VDD_IN 11311mW/10676mW VDD_CPU_GPU_CV 4809mW/3977mW VDD_SOC 2214mW/2269mW
06-18-2026 13:37:40 RAM 4842/7607MB (lfb 8x2MB) SWAP 420/3804MB (cached 2MB) CPU [0%@1510,0%@1510,0%@1510,0%@1510,1%@1510,0%@1510] GR3D_FREQ 99% cpu@60.093C soc2@58.906C soc0@56.75C gpu@60.968C tj@60.968C soc1@58.406C VDD_IN 11667mW/10692mW VDD_CPU_GPU_CV 4218mW/3981mW VDD_SOC 2570mW/2274mW
06-18-2026 13:37:41 RAM 4842/7607MB (lfb 8x2MB) SWAP 420/3804MB (cached 2MB) CPU [9%@1510,0%@1510,0%@1510,0%@1510,2%@1510,0%@1510] GR3D_FREQ 99% cpu@60.031C soc2@58.75C soc0@56.718C gpu@61.125C tj@61.125C soc1@58.437C VDD_IN 11232mW/10700mW VDD_CPU_GPU_CV 4376mW/3987mW VDD_SOC 2333mW/2275mW
06-18-2026 13:37:42 RAM 4842/7607MB (lfb 8x2MB) SWAP 420/3804MB (cached 2MB) CPU [0%@1510,0%@1510,0%@1510,0%@1510,0%@1510,0%@1510] GR3D_FREQ 99% cpu@60.093C soc2@58.812C soc0@56.718C gpu@61.093C tj@61.093C soc1@58.531C VDD_IN 11272mW/10709mW VDD_CPU_GPU_CV 4573mW/3997mW VDD_SOC 2254mW/2275mW
06-18-2026 13:37:43 RAM 4842/7607MB (lfb 8x2MB) SWAP 420/3804MB (cached 2MB) CPU [0%@1510,0%@1510,0%@1510,0%@1510,1%@1510,2%@1510] GR3D_FREQ 96% cpu@60.281C soc2@59C soc0@56.812C gpu@61.062C tj@61.062C soc1@58.687C VDD_IN 11430mW/10720mW VDD_CPU_GPU_CV 4454mW/4004mW VDD_SOC 2373mW/2276mW
06-18-2026 13:37:44 RAM 4842/7607MB (lfb 8x2MB) SWAP 420/3804MB (cached 2MB) CPU [1%@1510,1%@1510,1%@1510,0%@1510,0%@1510,0%@1510] GR3D_FREQ 0% cpu@60.562C soc2@59C soc0@57C gpu@60.437C tj@60.562C soc1@58.718C VDD_IN 10164mW/10712mW VDD_CPU_GPU_CV 3435mW/3995mW VDD_SOC 2294mW/2276mW
06-18-2026 13:37:45 RAM 4844/7607MB (lfb 8x2MB) SWAP 420/3804MB (cached 2MB) CPU [0%@1510,15%@1510,0%@1510,0%@1510,0%@1510,84%@1510] GR3D_FREQ 99% cpu@60.406C soc2@59.031C soc0@56.968C gpu@61.093C tj@61.093C soc1@58.656C VDD_IN 10894mW/10715mW VDD_CPU_GPU_CV 4422mW/4001mW VDD_SOC 2175mW/2275mW
06-18-2026 13:37:47 RAM 4844/7607MB (lfb 8x2MB) SWAP 420/3804MB (cached 2MB) CPU [0%@1510,0%@1510,0%@1510,0%@1510,0%@1510,49%@1510] GR3D_FREQ 99% cpu@60.281C soc2@59C soc0@56.968C gpu@61.062C tj@61.062C soc1@58.75C VDD_IN 10656mW/10714mW VDD_CPU_GPU_CV 4304mW/4006mW VDD_SOC 2135mW/2273mW
06-18-2026 13:37:48 RAM 4844/7607MB (lfb 8x2MB) SWAP 420/3804MB (cached 2MB) CPU [0%@1510,0%@1510,0%@1510,0%@1510,0%@1510,0%@1510] GR3D_FREQ 99% cpu@60.25C soc2@59C soc0@56.843C gpu@60.906C tj@60.906C soc1@58.75C VDD_IN 10260mW/10707mW VDD_CPU_GPU_CV 4106mW/4007mW VDD_SOC 2056mW/2270mW
06-18-2026 13:37:49 RAM 4844/7607MB (lfb 8x2MB) SWAP 420/3804MB (cached 2MB) CPU [0%@1510,0%@1510,0%@1510,0%@1510,0%@1510,0%@1510] GR3D_FREQ 99% cpu@60.343C soc2@59.031C soc0@57C gpu@60.906C tj@60.906C soc1@58.875C VDD_IN 10339mW/10702mW VDD_CPU_GPU_CV 4106mW/4009mW VDD_SOC 2056mW/2267mW
06-18-2026 13:37:50 RAM 4844/7607MB (lfb 8x2MB) SWAP 420/3804MB (cached 2MB) CPU [0%@1510,0%@1510,0%@1510,2%@1510,0%@1510,0%@1510] GR3D_FREQ 99% cpu@60.375C soc2@59.093C soc0@57.031C gpu@61.375C tj@61.375C soc1@58.875C VDD_IN 11132mW/10708mW VDD_CPU_GPU_CV 4896mW/4021mW VDD_SOC 2096mW/2264mW
06-18-2026 13:37:51 RAM 4844/7607MB (lfb 8x2MB) SWAP 420/3804MB (cached 2MB) CPU [0%@1510,0%@1510,0%@1510,3%@1510,0%@1510,0%@1510] GR3D_FREQ 96% cpu@60.562C soc2@59.187C soc0@57.062C gpu@61.187C tj@61.187C soc1@58.937C VDD_IN 11628mW/10721mW VDD_CPU_GPU_CV 4257mW/4024mW VDD_SOC 2531mW/2268mW
06-18-2026 13:37:52 RAM 4844/7607MB (lfb 8x2MB) SWAP 420/3804MB (cached 2MB) CPU [36%@1510,0%@1510,1%@1510,16%@1510,0%@1510,0%@1510] GR3D_FREQ 99% cpu@60.5C soc2@59.375C soc0@57.031C gpu@61.031C tj@61.031C soc1@58.875C VDD_IN 10181mW/10713mW VDD_CPU_GPU_CV 3830mW/4022mW VDD_SOC 2135mW/2266mW
06-18-2026 13:37:53 RAM 4844/7607MB (lfb 8x2MB) SWAP 420/3804MB (cached 2MB) CPU [100%@1510,0%@1510,0%@1510,0%@1510,0%@1510,0%@1510] GR3D_FREQ 99% cpu@60.531C soc2@59.375C soc0@57.031C gpu@61.343C tj@61.343C soc1@58.843C VDD_IN 10916mW/10716mW VDD_CPU_GPU_CV 4541mW/4029mW VDD_SOC 2135mW/2264mW
06-18-2026 13:37:54 RAM 4844/7607MB (lfb 8x2MB) SWAP 420/3804MB (cached 2MB) CPU [36%@1510,0%@1510,0%@1510,0%@1510,0%@1510,0%@1510] GR3D_FREQ 99% cpu@60.468C soc2@59.187C soc0@57.156C gpu@61.312C tj@61.312C soc1@58.875C VDD_IN 10498mW/10713mW VDD_CPU_GPU_CV 4264mW/4032mW VDD_SOC 2096mW/2262mW
06-18-2026 13:37:55 RAM 4844/7607MB (lfb 8x2MB) SWAP 420/3804MB (cached 2MB) CPU [0%@1510,0%@1510,0%@1510,0%@1510,0%@1510,0%@1510] GR3D_FREQ 99% cpu@60.5C soc2@59.218C soc0@57.093C gpu@61.125C tj@61.125C soc1@59.031C VDD_IN 10260mW/10707mW VDD_CPU_GPU_CV 4106mW/4033mW VDD_SOC 2056mW/2259mW
06-18-2026 13:37:56 RAM 4844/7607MB (lfb 8x2MB) SWAP 420/3804MB (cached 2MB) CPU [0%@1510,0%@1510,0%@1510,0%@1510,1%@1510,0%@1510] GR3D_FREQ 99% cpu@60.656C soc2@59.312C soc0@57.125C gpu@61.5C tj@61.5C soc1@59C VDD_IN 10797mW/10708mW VDD_CPU_GPU_CV 4494mW/4039mW VDD_SOC 2135mW/2258mW
06-18-2026 13:37:57 RAM 4844/7607MB (lfb 8x2MB) SWAP 420/3804MB (cached 2MB) CPU [0%@1510,0%@1510,0%@1510,0%@1510,1%@1510,1%@1510] GR3D_FREQ 99% cpu@60.593C soc2@59.375C soc0@57.187C gpu@61.468C tj@61.468C soc1@59.093C VDD_IN 11390mW/10717mW VDD_CPU_GPU_CV 4533mW/4045mW VDD_SOC 2333mW/2259mW
06-18-2026 13:37:58 RAM 4844/7607MB (lfb 8x2MB) SWAP 420/3804MB (cached 2MB) CPU [1%@1510,1%@1510,1%@1510,0%@1510,0%@1510,0%@1510] GR3D_FREQ 0% cpu@60.843C soc2@59.343C soc0@57.375C gpu@60.812C tj@60.843C soc1@59C VDD_IN 10102mW/10709mW VDD_CPU_GPU_CV 3395mW/4037mW VDD_SOC 2294mW/2259mW
06-18-2026 13:37:59 RAM 4845/7607MB (lfb 8x2MB) SWAP 420/3804MB (cached 2MB) CPU [0%@1510,14%@1510,0%@1510,0%@1510,0%@1510,2%@1510] GR3D_FREQ 99% cpu@60.562C soc2@59.312C soc0@57.187C gpu@61.312C tj@61.312C soc1@59C VDD_IN 10441mW/10706mW VDD_CPU_GPU_CV 4027mW/4037mW VDD_SOC 2135mW/2258mW
06-18-2026 13:38:00 RAM 4845/7607MB (lfb 8x2MB) SWAP 420/3804MB (cached 2MB) CPU [0%@1510,0%@1510,0%@1510,0%@1510,0%@1510,0%@1510] GR3D_FREQ 99% cpu@60.625C soc2@59.468C soc0@57.218C gpu@61.562C tj@61.406C soc1@59.093C VDD_IN 10718mW/10706mW VDD_CPU_GPU_CV 4264mW/4040mW VDD_SOC 2175mW/2257mW
06-18-2026 13:38:01 RAM 4845/7607MB (lfb 8x2MB) SWAP 420/3804MB (cached 2MB) CPU [0%@1510,0%@1510,0%@1510,0%@1510,0%@1510,0%@1510] GR3D_FREQ 99% cpu@60.687C soc2@59.468C soc0@57.281C gpu@61.468C tj@61.375C soc1@59.125C VDD_IN 10458mW/10703mW VDD_CPU_GPU_CV 4185mW/4041mW VDD_SOC 2096mW/2255mW
06-18-2026 13:38:02 RAM 4845/7607MB (lfb 8x2MB) SWAP 420/3804MB (cached 2MB) CPU [0%@1510,0%@1510,0%@1510,0%@1510,0%@1510,0%@1510] GR3D_FREQ 99% cpu@60.75C soc2@59.281C soc0@57.375C gpu@61.406C tj@61.25C soc1@59.093C VDD_IN 10260mW/10698mW VDD_CPU_GPU_CV 4106mW/4042mW VDD_SOC 2056mW/2252mW
06-18-2026 13:38:03 RAM 4845/7607MB (lfb 8x2MB) SWAP 420/3804MB (cached 2MB) CPU [0%@1510,0%@1510,0%@1510,0%@1510,0%@1510,2%@1510] GR3D_FREQ 99% cpu@60.843C soc2@59.468C soc0@57.437C gpu@61.875C tj@61.687C soc1@59.25C VDD_IN 11171mW/10703mW VDD_CPU_GPU_CV 4888mW/4052mW VDD_SOC 2096mW/2250mW
06-18-2026 13:38:04 RAM 4845/7607MB (lfb 8x2MB) SWAP 420/3804MB (cached 2MB) CPU [0%@1510,0%@1510,0%@1510,0%@1510,0%@1510,2%@1510] GR3D_FREQ 99% cpu@60.875C soc2@59.687C soc0@57.562C gpu@61.5C tj@61.5C soc1@59.343C VDD_IN 11667mW/10715mW VDD_CPU_GPU_CV 4257mW/4055mW VDD_SOC 2531mW/2254mW
06-18-2026 13:38:05 RAM 4845/7607MB (lfb 8x2MB) SWAP 420/3804MB (cached 2MB) CPU [17%@1510,0%@1510,1%@1510,0%@1510,0%@1510,1%@1510] GR3D_FREQ 99% cpu@60.75C soc2@59.437C soc0@57.25C gpu@61.218C tj@61.218C soc1@59.187C VDD_IN 9785mW/10704mW VDD_CPU_GPU_CV 3593mW/4049mW VDD_SOC 2096mW/2252mW
06-18-2026 13:38:06 RAM 4845/7607MB (lfb 8x2MB) SWAP 420/3804MB (cached 2MB) CPU [0%@1510,0%@1510,0%@1510,0%@1510,0%@1510,0%@1510] GR3D_FREQ 99% cpu@60.718C soc2@59.5C soc0@57.437C gpu@61.406C tj@61.406C soc1@59.218C VDD_IN 10560mW/10702mW VDD_CPU_GPU_CV 4146mW/4050mW VDD_SOC 2135mW/2251mW
06-18-2026 13:38:07 RAM 4845/7607MB (lfb 8x2MB) SWAP 420/3804MB (cached 2MB) CPU [2%@1510,0%@1510,0%@1510,0%@1510,0%@1510,0%@1510] GR3D_FREQ 99% cpu@60.812C soc2@59.468C soc0@57.375C gpu@61.531C tj@61.531C soc1@59.343C VDD_IN 10599mW/10701mW VDD_CPU_GPU_CV 4225mW/4052mW VDD_SOC 2135mW/2249mW
06-18-2026 13:38:08 RAM 4845/7607MB (lfb 8x2MB) SWAP 420/3804MB (cached 2MB) CPU [1%@1510,0%@1510,0%@1510,0%@1510,0%@1510,0%@1510] GR3D_FREQ 99% cpu@60.937C soc2@59.531C soc0@57.468C gpu@61.593C tj@61.593C soc1@59.281C VDD_IN 10520mW/10699mW VDD_CPU_GPU_CV 4225mW/4054mW VDD_SOC 2096mW/2247mW
06-18-2026 13:38:09 RAM 4845/7607MB (lfb 8x2MB) SWAP 420/3804MB (cached 2MB) CPU [0%@1510,0%@1510,0%@1510,0%@1510,0%@1510,2%@1510] GR3D_FREQ 99% cpu@60.843C soc2@59.625C soc0@57.562C gpu@61.75C tj@61.75C soc1@59.343C VDD_IN 10876mW/10701mW VDD_CPU_GPU_CV 4573mW/4060mW VDD_SOC 2135mW/2246mW
06-18-2026 13:38:10 RAM 4845/7607MB (lfb 8x2MB) SWAP 420/3804MB (cached 2MB) CPU [0%@1510,0%@1510,0%@1510,0%@1510,0%@1510,3%@1510] GR3D_FREQ 99% cpu@61.156C soc2@59.75C soc0@57.718C gpu@61.718C tj@61.718C soc1@59.281C VDD_IN 11470mW/10709mW VDD_CPU_GPU_CV 4494mW/4065mW VDD_SOC 2373mW/2248mW
06-18-2026 13:38:11 RAM 4845/7607MB (lfb 8x2MB) SWAP 420/3804MB (cached 2MB) CPU [2%@1510,0%@1510,2%@1510,2%@1510,7%@1510,2%@1510] GR3D_FREQ 0% cpu@61.031C soc2@59.625C soc0@57.5C gpu@60.968C tj@61.031C soc1@59.406C VDD_IN 9666mW/10698mW VDD_CPU_GPU_CV 3198mW/4056mW VDD_SOC 2175mW/2247mW
06-18-2026 13:38:12 RAM 4845/7607MB (lfb 8x2MB) SWAP 420/3804MB (cached 2MB) CPU [0%@1510,0%@1510,0%@1510,0%@1510,9%@1510,1%@1510] GR3D_FREQ 99% cpu@60.937C soc2@59.593C soc0@57.531C gpu@61.562C tj@61.562C soc1@59.375C VDD_IN 10379mW/10695mW VDD_CPU_GPU_CV 4027mW/4055mW VDD_SOC 2135mW/2246mW
06-18-2026 13:38:13 RAM 4845/7607MB (lfb 8x2MB) SWAP 420/3804MB (cached 2MB) CPU [0%@1510,0%@1510,0%@1510,0%@1510,0%@1510,0%@1510] GR3D_FREQ 99% cpu@60.937C soc2@59.656C soc0@57.625C gpu@61.562C tj@61.562C soc1@59.406C VDD_IN 10441mW/10692mW VDD_CPU_GPU_CV 4146mW/4056mW VDD_SOC 2096mW/2244mW
06-18-2026 13:38:14 RAM 4845/7607MB (lfb 8x2MB) SWAP 420/3804MB (cached 2MB) CPU [0%@1510,0%@1510,0%@1510,0%@1510,0%@1510,0%@1510] GR3D_FREQ 99% cpu@61.031C soc2@59.75C soc0@57.687C gpu@61.718C tj@61.718C soc1@59.5C VDD_IN 10481mW/10690mW VDD_CPU_GPU_CV 4185mW/4058mW VDD_SOC 2096mW/2242mW
06-18-2026 13:38:15 RAM 4845/7607MB (lfb 8x2MB) SWAP 420/3804MB (cached 2MB) CPU [0%@1510,0%@1510,0%@1510,0%@1510,1%@1510,0%@1510] GR3D_FREQ 99% cpu@61.156C soc2@59.781C soc0@57.75C gpu@61.843C tj@61.843C soc1@59.562C VDD_IN 10560mW/10688mW VDD_CPU_GPU_CV 4225mW/4059mW VDD_SOC 2135mW/2241mW
06-18-2026 13:38:16 RAM 4845/7607MB (lfb 8x2MB) SWAP 420/3804MB (cached 2MB) CPU [0%@1510,0%@1510,0%@1510,0%@1510,2%@1510,0%@1510] GR3D_FREQ 99% cpu@61C soc2@59.875C soc0@57.843C gpu@61.968C tj@61.968C soc1@59.375C VDD_IN 11153mW/10693mW VDD_CPU_GPU_CV 4928mW/4068mW VDD_SOC 2096mW/2240mW
06-18-2026 13:38:17 RAM 4845/7607MB (lfb 8x2MB) SWAP 420/3804MB (cached 2MB) CPU [0%@1510,0%@1510,0%@1510,0%@1510,3%@1510,0%@1510] GR3D_FREQ 99% cpu@61.062C soc2@59.937C soc0@57.718C gpu@61.937C tj@61.937C soc1@59.468C VDD_IN 11707mW/10704mW VDD_CPU_GPU_CV 4257mW/4070mW VDD_SOC 2570mW/2243mW
06-18-2026 13:38:18 RAM 4845/7607MB (lfb 8x2MB) SWAP 420/3804MB (cached 2MB) CPU [17%@1510,0%@1510,2%@1510,0%@1510,2%@1510,0%@1510] GR3D_FREQ 99% cpu@61C soc2@59.843C soc0@57.75C gpu@61.875C tj@61.875C soc1@59.5C VDD_IN 10125mW/10698mW VDD_CPU_GPU_CV 3790mW/4067mW VDD_SOC 2135mW/2242mW
06-18-2026 13:38:19 RAM 4845/7607MB (lfb 8x2MB) SWAP 420/3804MB (cached 2MB) CPU [0%@1510,0%@1510,0%@1510,0%@1510,0%@1510,0%@1510] GR3D_FREQ 99% cpu@61.093C soc2@59.812C soc0@57.656C gpu@61.906C tj@61.906C soc1@59.593C VDD_IN 10599mW/10697mW VDD_CPU_GPU_CV 4185mW/4069mW VDD_SOC 2135mW/2241mW
06-18-2026 13:38:20 RAM 4845/7607MB (lfb 8x2MB) SWAP 420/3804MB (cached 2MB) CPU [0%@1510,0%@1510,0%@1510,0%@1510,0%@1510,0%@1510] GR3D_FREQ 99% cpu@61.375C soc2@59.843C soc0@57.656C gpu@61.781C tj@61.781C soc1@59.531C VDD_IN 10300mW/10693mW VDD_CPU_GPU_CV 4106mW/4069mW VDD_SOC 2056mW/2239mW
06-18-2026 13:38:21 RAM 4845/7607MB (lfb 8x2MB) SWAP 420/3804MB (cached 2MB) CPU [0%@1510,0%@1510,0%@1510,0%@1510,0%@1510,0%@1510] GR3D_FREQ 99% cpu@61.187C soc2@59.843C soc0@57.781C gpu@61.875C tj@61.875C soc1@59.718C VDD_IN 10419mW/10690mW VDD_CPU_GPU_CV 4146mW/4070mW VDD_SOC 2056mW/2237mW
06-18-2026 13:38:22 RAM 4845/7607MB (lfb 8x2MB) SWAP 420/3804MB (cached 2MB) CPU [0%@1510,0%@1510,0%@1510,0%@1510,1%@1510,0%@1510] GR3D_FREQ 99% cpu@61.093C soc2@59.937C soc0@57.75C gpu@62.156C tj@62.156C soc1@59.562C VDD_IN 10934mW/10692mW VDD_CPU_GPU_CV 4620mW/4075mW VDD_SOC 2135mW/2236mW
06-18-2026 13:38:23 RAM 4845/7607MB (lfb 8x2MB) SWAP 420/3804MB (cached 2MB) CPU [0%@1510,0%@1510,0%@1510,0%@1510,2%@1510,1%@1510] GR3D_FREQ 99% cpu@61.156C soc2@60.062C soc0@57.75C gpu@62.125C tj@62.125C soc1@59.625C VDD_IN 11470mW/10700mW VDD_CPU_GPU_CV 4415mW/4078mW VDD_SOC 2412mW/2238mW
06-18-2026 13:38:24 RAM 4845/7607MB (lfb 8x2MB) SWAP 420/3804MB (cached 2MB) CPU [1%@1510,1%@1510,1%@1510,11%@1510,0%@1510,0%@1510] GR3D_FREQ 0% cpu@61.312C soc2@59.875C soc0@57.875C gpu@61.375C tj@61.375C soc1@59.625C VDD_IN 9190mW/10686mW VDD_CPU_GPU_CV 3001mW/4068mW VDD_SOC 2096mW/2237mW
06-18-2026 13:38:25 RAM 4849/7607MB (lfb 7x2MB) SWAP 420/3804MB (cached 2MB) CPU [0%@1510,0%@1510,0%@1510,3%@1510,1%@1510,0%@1510] GR3D_FREQ 99% cpu@61.125C soc2@59.968C soc0@57.781C gpu@62.25C tj@62.25C soc1@59.593C VDD_IN 10639mW/10685mW VDD_CPU_GPU_CV 4146mW/4069mW VDD_SOC 2175mW/2236mW
06-18-2026 13:38:26 RAM 4849/7607MB (lfb 7x2MB) SWAP 420/3804MB (cached 2MB) CPU [0%@1510,0%@1510,0%@1510,0%@1510,0%@1510,0%@1510] GR3D_FREQ 99% cpu@61.25C soc2@59.968C soc0@57.968C gpu@62.187C tj@62.187C soc1@59.75C VDD_IN 10639mW/10685mW VDD_CPU_GPU_CV 4225mW/4070mW VDD_SOC 2135mW/2235mW
06-18-2026 13:38:27 RAM 4849/7607MB (lfb 7x2MB) SWAP 420/3804MB (cached 2MB) CPU [0%@1510,0%@1510,0%@1510,0%@1510,0%@1510,0%@1510] GR3D_FREQ 99% cpu@61.156C soc2@60.062C soc0@57.937C gpu@62.031C tj@62.031C soc1@59.75C VDD_IN 10339mW/10682mW VDD_CPU_GPU_CV 4146mW/4071mW VDD_SOC 2056mW/2234mW
06-18-2026 13:38:28 RAM 4849/7607MB (lfb 7x2MB) SWAP 420/3804MB (cached 2MB) CPU [0%@1510,0%@1510,1%@1510,0%@1510,0%@1510,0%@1510] GR3D_FREQ 99% cpu@61.343C soc2@60.062C soc0@58.062C gpu@61.875C tj@61.875C soc1@59.656C VDD_IN 10339mW/10678mW VDD_CPU_GPU_CV 4106mW/4071mW VDD_SOC 2056mW/2232mW
06-18-2026 13:38:29 RAM 4849/7607MB (lfb 7x2MB) SWAP 420/3804MB (cached 2MB) CPU [0%@1510,0%@1510,0%@1510,0%@1510,2%@1510,0%@1510] GR3D_FREQ 99% cpu@61.156C soc2@60.062C soc0@57.937C gpu@62.25C tj@62.25C soc1@59.687C VDD_IN 11171mW/10683mW VDD_CPU_GPU_CV 4928mW/4079mW VDD_SOC 2096mW/2231mW
06-18-2026 13:38:30 RAM 4849/7607MB (lfb 7x2MB) SWAP 420/3804MB (cached 2MB) CPU [0%@1510,0%@1510,0%@1510,0%@1510,0%@1510,3%@1510] GR3D_FREQ 99% cpu@61.25C soc2@60.093C soc0@57.968C gpu@62.093C tj@62.093C soc1@59.656C VDD_IN 11667mW/10692mW VDD_CPU_GPU_CV 4218mW/4080mW VDD_SOC 2570mW/2234mW
06-18-2026 13:38:31 RAM 4848/7607MB (lfb 7x2MB) SWAP 420/3804MB (cached 2MB) CPU [1%@1510,16%@1510,1%@1510,0%@1510,0%@1510,2%@1510] GR3D_FREQ 99% cpu@61.343C soc2@60.031C soc0@57.906C gpu@61.843C tj@61.843C soc1@59.812C VDD_IN 10062mW/10686mW VDD_CPU_GPU_CV 3751mW/4077mW VDD_SOC 2096mW/2233mW
06-18-2026 13:38:32 RAM 4848/7607MB (lfb 7x2MB) SWAP 420/3804MB (cached 2MB) CPU [0%@1510,0%@1510,0%@1510,0%@1510,0%@1510,0%@1510] GR3D_FREQ 99% cpu@61.312C soc2@60.125C soc0@58C gpu@61.937C tj@61.937C soc1@59.812C VDD_IN 10718mW/10686mW VDD_CPU_GPU_CV 4225mW/4079mW VDD_SOC 2175mW/2232mW
06-18-2026 13:38:33 RAM 4848/7607MB (lfb 7x2MB) SWAP 420/3804MB (cached 2MB) CPU [0%@1510,0%@1510,0%@1510,0%@1510,0%@1510,0%@1510] GR3D_FREQ 99% cpu@61.437C soc2@60.156C soc0@58C gpu@62.125C tj@62.125C soc1@59.656C VDD_IN 10560mW/10685mW VDD_CPU_GPU_CV 4225mW/4080mW VDD_SOC 2135mW/2231mW
06-18-2026 13:38:34 RAM 4848/7607MB (lfb 7x2MB) SWAP 420/3804MB (cached 2MB) CPU [0%@1510,0%@1510,0%@1510,0%@1510,0%@1510,0%@1510] GR3D_FREQ 99% cpu@61.312C soc2@60.062C soc0@58.125C gpu@62.031C tj@62.031C soc1@59.687C VDD_IN 10402mW/10683mW VDD_CPU_GPU_CV 4146mW/4080mW VDD_SOC 2096mW/2230mW
06-18-2026 13:38:35 RAM 4848/7607MB (lfb 7x2MB) SWAP 420/3804MB (cached 2MB) CPU [0%@1510,0%@1510,0%@1510,0%@1510,1%@1510,0%@1510] GR3D_FREQ 99% cpu@61.343C soc2@60.093C soc0@58C gpu@62.312C tj@62.312C soc1@59.75C VDD_IN 10955mW/10685mW VDD_CPU_GPU_CV 4652mW/4085mW VDD_SOC 2096mW/2229mW
06-18-2026 13:38:36 RAM 4848/7607MB (lfb 7x2MB) SWAP 420/3804MB (cached 2MB) CPU [0%@1510,0%@1510,0%@1510,0%@1510,2%@1510,0%@1510] GR3D_FREQ 96% cpu@61.343C soc2@60.218C soc0@57.968C gpu@62.218C tj@62.218C soc1@59.843C VDD_IN 11509mW/10692mW VDD_CPU_GPU_CV 4415mW/4088mW VDD_SOC 2452mW/2231mW
06-18-2026 13:38:37 RAM 4848/7607MB (lfb 7x2MB) SWAP 420/3804MB (cached 2MB) CPU [18%@1510,0%@1510,1%@1510,0%@1510,3%@1510,0%@1510] GR3D_FREQ 0% cpu@61.593C soc2@60.156C soc0@58.062C gpu@61.562C tj@61.593C soc1@59.937C VDD_IN 8992mW/10678mW VDD_CPU_GPU_CV 2882mW/4078mW VDD_SOC 2056mW/2229mW
06-18-2026 13:38:38 RAM 4848/7607MB (lfb 7x2MB) SWAP 420/3804MB (cached 2MB) CPU [0%@1510,0%@1510,0%@1510,0%@1510,0%@1510,0%@1510] GR3D_FREQ 99% cpu@61.562C soc2@60.156C soc0@58.031C gpu@62C tj@62C soc1@59.937C VDD_IN 10339mW/10675mW VDD_CPU_GPU_CV 4027mW/4078mW VDD_SOC 2096mW/2228mW
06-18-2026 13:38:39 RAM 4848/7607MB (lfb 7x2MB) SWAP 420/3804MB (cached 2MB) CPU [0%@1510,0%@1510,0%@1510,0%@1510,0%@1510,0%@1510] GR3D_FREQ 99% cpu@61.343C soc2@60.218C soc0@58.156C gpu@62.125C tj@62.125C soc1@60C VDD_IN 10520mW/10674mW VDD_CPU_GPU_CV 4185mW/4078mW VDD_SOC 2096mW/2227mW
06-18-2026 13:38:40 RAM 4848/7607MB (lfb 7x2MB) SWAP 420/3804MB (cached 2MB) CPU [0%@1510,0%@1510,0%@1510,0%@1510,0%@1510,0%@1510] GR3D_FREQ 99% cpu@61.656C soc2@60.218C soc0@57.968C gpu@62.25C tj@62.25C soc1@59.812C VDD_IN 10599mW/10673mW VDD_CPU_GPU_CV 4225mW/4080mW VDD_SOC 2135mW/2226mW
06-18-2026 13:38:41 RAM 4848/7607MB (lfb 7x2MB) SWAP 420/3804MB (cached 2MB) CPU [0%@1510,0%@1510,0%@1510,0%@1510,0%@1510,0%@1510] GR3D_FREQ 99% cpu@61.343C soc2@60.218C soc0@58.062C gpu@62.343C tj@62.343C soc1@59.843C VDD_IN 10481mW/10671mW VDD_CPU_GPU_CV 4225mW/4081mW VDD_SOC 2096mW/2225mW
06-18-2026 13:38:42 RAM 4848/7607MB (lfb 7x2MB) SWAP 420/3804MB (cached 2MB) CPU [0%@1510,0%@1510,0%@1510,0%@1510,2%@1510,0%@1510] GR3D_FREQ 96% cpu@61.5C soc2@60.312C soc0@58.062C gpu@62.468C tj@62.468C soc1@59.875C VDD_IN 11193mW/10676mW VDD_CPU_GPU_CV 4967mW/4088mW VDD_SOC 2096mW/2224mW
06-18-2026 13:38:43 RAM 4848/7607MB (lfb 7x2MB) SWAP 420/3804MB (cached 2MB) CPU [0%@1510,0%@1510,0%@1510,0%@1510,2%@1510,0%@1510] GR3D_FREQ 99% cpu@61.656C soc2@60.468C soc0@58.156C gpu@62.406C tj@62.406C soc1@59.968C VDD_IN 11707mW/10684mW VDD_CPU_GPU_CV 4218mW/4089mW VDD_SOC 2566mW/2227mW
06-18-2026 13:38:44 RAM 4848/7607MB (lfb 7x2MB) SWAP 420/3804MB (cached 2MB) CPU [1%@1510,0%@1510,2%@1510,16%@1510,2%@1510,0%@1510] GR3D_FREQ 99% cpu@61.562C soc2@60.312C soc0@58.218C gpu@62.343C tj@62.343C soc1@60.062C VDD_IN 10204mW/10680mW VDD_CPU_GPU_CV 3869mW/4087mW VDD_SOC 2135mW/2226mW
06-18-2026 13:38:45 RAM 4848/7607MB (lfb 7x2MB) SWAP 420/3804MB (cached 2MB) CPU [0%@1510,0%@1510,0%@1510,0%@1510,0%@1510,0%@1510] GR3D_FREQ 99% cpu@61.656C soc2@60.406C soc0@58.281C gpu@62.187C tj@62.187C soc1@60.031C VDD_IN 10481mW/10679mW VDD_CPU_GPU_CV 4146mW/4088mW VDD_SOC 2135mW/2225mW
06-18-2026 13:38:46 RAM 4848/7607MB (lfb 7x2MB) SWAP 420/3804MB (cached 2MB) CPU [0%@1510,0%@1510,0%@1510,0%@1510,0%@1510,0%@1510] GR3D_FREQ 99% cpu@61.406C soc2@60.25C soc0@58.093C gpu@62.187C tj@62.187C soc1@59.875C VDD_IN 10419mW/10677mW VDD_CPU_GPU_CV 4146mW/4088mW VDD_SOC 2056mW/2224mW
06-18-2026 13:38:47 RAM 4848/7607MB (lfb 7x2MB) SWAP 420/3804MB (cached 2MB) CPU [0%@1510,0%@1510,0%@1510,0%@1510,0%@1510,0%@1510] GR3D_FREQ 99% cpu@61.593C soc2@60.25C soc0@58.093C gpu@62.437C tj@62.437C soc1@59.875C VDD_IN 10520mW/10675mW VDD_CPU_GPU_CV 4225mW/4089mW VDD_SOC 2096mW/2223mW
06-18-2026 13:38:48 RAM 4848/7607MB (lfb 7x2MB) SWAP 420/3804MB (cached 2MB) CPU [0%@1510,0%@1510,0%@1510,1%@1510,0%@1510,1%@1510] GR3D_FREQ 99% cpu@61.531C soc2@60.406C soc0@58.187C gpu@62.656C tj@62.656C soc1@59.937C VDD_IN 10995mW/10678mW VDD_CPU_GPU_CV 4730mW/4094mW VDD_SOC 2135mW/2222mW
06-18-2026 13:38:49 RAM 4848/7607MB (lfb 7x2MB) SWAP 420/3804MB (cached 2MB) CPU [0%@1510,0%@1510,0%@1510,0%@1510,3%@1510,0%@1510] GR3D_FREQ 96% cpu@61.75C soc2@60.437C soc0@58.25C gpu@62.562C tj@62.406C soc1@59.968C VDD_IN 11549mW/10685mW VDD_CPU_GPU_CV 4376mW/4096mW VDD_SOC 2452mW/2224mW
