06-13-2026 14:17:04 RAM 1847/7607MB (lfb 78x4MB) SWAP 11/3804MB (cached 0MB) CPU [50%@1510,15%@1510,14%@1510,54%@1510,51%@1510,10%@1510] GR3D_FREQ 0% cpu@61.593C soc2@59.968C soc0@58.031C gpu@61.031C tj@61.593C soc1@60.093C VDD_IN 6417mW/6417mW VDD_CPU_GPU_CV 1740mW/1740mW VDD_SOC 1505mW/1505mW
06-13-2026 14:17:05 RAM 1885/7607MB (lfb 78x4MB) SWAP 11/3804MB (cached 0MB) CPU [0%@1510,3%@1510,4%@1510,100%@1510,7%@1510,22%@1510] GR3D_FREQ 53% cpu@61.437C soc2@59.937C soc0@57.968C gpu@60.968C tj@61.437C soc1@60.031C VDD_IN 6219mW/6318mW VDD_CPU_GPU_CV 1582mW/1661mW VDD_SOC 1505mW/1505mW
06-13-2026 14:17:05 RAM 2202/7607MB (lfb 69x4MB) SWAP 11/3804MB (cached 0MB) CPU [2%@1510,9%@1510,1%@1510,98%@1510,0%@1510,0%@1510] GR3D_FREQ 0% cpu@61.375C soc2@59.968C soc0@58.125C gpu@61.125C tj@61.375C soc1@59.875C VDD_IN 6180mW/6272mW VDD_CPU_GPU_CV 1502mW/1608mW VDD_SOC 1505mW/1505mW
06-13-2026 14:17:06 RAM 2945/7607MB (lfb 44x4MB) SWAP 11/3804MB (cached 0MB) CPU [0%@1510,0%@1510,0%@1510,98%@1510,0%@1510,0%@1510] GR3D_FREQ 38% cpu@61.5C soc2@60C soc0@58C gpu@61.125C tj@61.5C soc1@60.062C VDD_IN 7012mW/6457mW VDD_CPU_GPU_CV 1621mW/1611mW VDD_SOC 1822mW/1584mW
06-13-2026 14:17:06 RAM 3308/7607MB (lfb 32x4MB) SWAP 11/3804MB (cached 0MB) CPU [1%@1510,0%@1510,0%@1510,80%@1510,0%@1510,0%@1510] GR3D_FREQ 99% cpu@61.343C soc2@59.968C soc0@58C gpu@61.875C tj@61.875C soc1@59.968C VDD_IN 7962mW/6758mW VDD_CPU_GPU_CV 2254mW/1740mW VDD_SOC 1898mW/1647mW
06-13-2026 14:17:07 RAM 3308/7607MB (lfb 32x4MB) SWAP 11/3804MB (cached 0MB) CPU [0%@1510,0%@1510,0%@1510,0%@1510,0%@1510,0%@1510] GR3D_FREQ 99% cpu@61.531C soc2@60.218C soc0@58.062C gpu@62.375C tj@62.375C soc1@59.937C VDD_IN 11135mW/7488mW VDD_CPU_GPU_CV 4139mW/2140mW VDD_SOC 2369mW/1767mW
06-13-2026 14:17:07 RAM 3308/7607MB (lfb 32x4MB) SWAP 11/3804MB (cached 0MB) CPU [0%@1510,0%@1510,0%@1510,1%@1510,0%@1510,0%@1510] GR3D_FREQ 99% cpu@61.531C soc2@60.406C soc0@58.281C gpu@62.531C tj@62.531C soc1@59.906C VDD_IN 12122mW/8150mW VDD_CPU_GPU_CV 4723mW/2509mW VDD_SOC 2523mW/1875mW
06-13-2026 14:17:08 RAM 3308/7607MB (lfb 32x4MB) SWAP 11/3804MB (cached 0MB) CPU [0%@1510,0%@1510,0%@1510,0%@1510,0%@1510,0%@1510] GR3D_FREQ 99% cpu@61.75C soc2@60.531C soc0@58.25C gpu@62.562C tj@62.562C soc1@60.156C VDD_IN 12399mW/8681mW VDD_CPU_GPU_CV 4880mW/2805mW VDD_SOC 2562mW/1961mW
06-13-2026 14:17:08 RAM 3308/7607MB (lfb 32x4MB) SWAP 11/3804MB (cached 0MB) CPU [1%@1510,0%@1510,0%@1510,0%@1510,0%@1510,0%@1510] GR3D_FREQ 99% cpu@61.656C soc2@60.593C soc0@58.281C gpu@62.75C tj@62.75C soc1@60.031C VDD_IN 12517mW/9107mW VDD_CPU_GPU_CV 4920mW/3040mW VDD_SOC 2562mW/2028mW
06-13-2026 14:17:09 RAM 3308/7607MB (lfb 32x4MB) SWAP 11/3804MB (cached 0MB) CPU [0%@1510,0%@1510,0%@1510,0%@1510,0%@1510,0%@1510] GR3D_FREQ 98% cpu@61.718C soc2@60.562C soc0@58.406C gpu@62.687C tj@62.687C soc1@60.062C VDD_IN 12517mW/9448mW VDD_CPU_GPU_CV 4959mW/3232mW VDD_SOC 2562mW/2081mW
06-13-2026 14:17:09 RAM 3308/7607MB (lfb 32x4MB) SWAP 11/3804MB (cached 0MB) CPU [0%@1510,0%@1510,0%@1510,0%@1510,0%@1510,0%@1510] GR3D_FREQ 99% cpu@61.781C soc2@60.75C soc0@58.406C gpu@62.937C tj@62.937C soc1@60.062C VDD_IN 12517mW/9727mW VDD_CPU_GPU_CV 4959mW/3389mW VDD_SOC 2601mW/2129mW
06-13-2026 14:17:10 RAM 3308/7607MB (lfb 32x4MB) SWAP 11/3804MB (cached 0MB) CPU [0%@1510,0%@1510,1%@1510,0%@1510,0%@1510,0%@1510] GR3D_FREQ 99% cpu@61.937C soc2@60.75C soc0@58.468C gpu@62.968C tj@62.968C soc1@60.218C VDD_IN 12517mW/9960mW VDD_CPU_GPU_CV 4959mW/3520mW VDD_SOC 2562mW/2165mW
06-13-2026 14:17:10 RAM 3308/7607MB (lfb 32x4MB) SWAP 11/3804MB (cached 0MB) CPU [0%@1510,0%@1510,1%@1510,1%@1510,0%@1510,0%@1510] GR3D_FREQ 99% cpu@61.937C soc2@60.781C soc0@58.468C gpu@62.812C tj@62.812C soc1@60.218C VDD_IN 12517mW/10156mW VDD_CPU_GPU_CV 4959mW/3631mW VDD_SOC 2562mW/2195mW
06-13-2026 14:17:11 RAM 3308/7607MB (lfb 32x4MB) SWAP 11/3804MB (cached 0MB) CPU [0%@1510,0%@1510,0%@1510,0%@1510,0%@1510,0%@1510] GR3D_FREQ 99% cpu@62.062C soc2@60.875C soc0@58.437C gpu@62.875C tj@62.875C soc1@60.218C VDD_IN 12478mW/10322mW VDD_CPU_GPU_CV 4959mW/3725mW VDD_SOC 2562mW/2221mW
06-13-2026 14:17:11 RAM 3308/7607MB (lfb 32x4MB) SWAP 11/3804MB (cached 0MB) CPU [0%@1510,0%@1510,0%@1510,0%@1510,0%@1510,0%@1510] GR3D_FREQ 98% cpu@61.937C soc2@60.906C soc0@58.468C gpu@63.156C tj@63.156C soc1@60.218C VDD_IN 12517mW/10468mW VDD_CPU_GPU_CV 4959mW/3808mW VDD_SOC 2562mW/2244mW
06-13-2026 14:17:12 RAM 3308/7607MB (lfb 32x4MB) SWAP 11/3804MB (cached 0MB) CPU [1%@1510,0%@1510,0%@1510,0%@1510,0%@1510,0%@1510] GR3D_FREQ 99% cpu@62.125C soc2@60.906C soc0@58.718C gpu@63.343C tj@63.343C soc1@60.343C VDD_IN 12478mW/10594mW VDD_CPU_GPU_CV 4959mW/3880mW VDD_SOC 2562mW/2264mW
06-13-2026 14:17:12 RAM 3308/7607MB (lfb 32x4MB) SWAP 11/3804MB (cached 0MB) CPU [0%@1510,0%@1510,0%@1510,0%@1510,0%@1510,0%@1510] GR3D_FREQ 99% cpu@62.062C soc2@60.906C soc0@58.562C gpu@63.218C tj@63.218C soc1@60.343C VDD_IN 12517mW/10707mW VDD_CPU_GPU_CV 4951mW/3943mW VDD_SOC 2562mW/2282mW
06-13-2026 14:17:13 RAM 3308/7607MB (lfb 32x4MB) SWAP 11/3804MB (cached 0MB) CPU [0%@1510,0%@1510,0%@1510,1%@1510,0%@1510,0%@1510] GR3D_FREQ 98% cpu@62.031C soc2@60.937C soc0@58.656C gpu@63.093C tj@63.093C soc1@60.312C VDD_IN 12517mW/10808mW VDD_CPU_GPU_CV 4959mW/3999mW VDD_SOC 2562mW/2297mW
06-13-2026 14:17:13 RAM 3308/7607MB (lfb 32x4MB) SWAP 11/3804MB (cached 0MB) CPU [0%@1510,0%@1510,0%@1510,0%@1510,0%@1510,0%@1510] GR3D_FREQ 99% cpu@62.093C soc2@61C soc0@58.531C gpu@63.062C tj@63.062C soc1@60.25C VDD_IN 12517mW/10898mW VDD_CPU_GPU_CV 4959mW/4050mW VDD_SOC 2562mW/2311mW
06-13-2026 14:17:14 RAM 3308/7607MB (lfb 32x4MB) SWAP 11/3804MB (cached 0MB) CPU [1%@1510,0%@1510,0%@1510,0%@1510,0%@1510,0%@1510] GR3D_FREQ 99% cpu@62.281C soc2@61.062C soc0@58.781C gpu@63.5C tj@63.5C soc1@60.281C VDD_IN 12517mW/10979mW VDD_CPU_GPU_CV 4959mW/4095mW VDD_SOC 2562mW/2324mW
06-13-2026 14:17:14 RAM 3312/7607MB (lfb 31x4MB) SWAP 11/3804MB (cached 0MB) CPU [0%@1510,0%@1510,0%@1510,0%@1510,0%@1510,0%@1510] GR3D_FREQ 99% cpu@62.218C soc2@61.093C soc0@58.75C gpu@63.281C tj@63.281C soc1@60.468C VDD_IN 12517mW/11052mW VDD_CPU_GPU_CV 4959mW/4136mW VDD_SOC 2562mW/2335mW
06-13-2026 14:17:15 RAM 3312/7607MB (lfb 31x4MB) SWAP 11/3804MB (cached 0MB) CPU [0%@1510,0%@1510,0%@1510,0%@1510,0%@1510,0%@1510] GR3D_FREQ 99% cpu@62.156C soc2@61C soc0@58.718C gpu@63.25C tj@63.5C soc1@60.375C VDD_IN 12478mW/11117mW VDD_CPU_GPU_CV 4959mW/4174mW VDD_SOC 2562mW/2345mW
06-13-2026 14:17:15 RAM 3312/7607MB (lfb 31x4MB) SWAP 11/3804MB (cached 0MB) CPU [0%@1510,0%@1510,0%@1510,1%@1510,0%@1510,0%@1510] GR3D_FREQ 98% cpu@62.187C soc2@61.156C soc0@58.687C gpu@63.375C tj@63.375C soc1@60.343C VDD_IN 12517mW/11178mW VDD_CPU_GPU_CV 4951mW/4207mW VDD_SOC 2562mW/2355mW
06-13-2026 14:17:16 RAM 3312/7607MB (lfb 31x4MB) SWAP 11/3804MB (cached 0MB) CPU [1%@1510,0%@1510,0%@1510,0%@1510,0%@1510,0%@1510] GR3D_FREQ 99% cpu@62.218C soc2@61.25C soc0@58.968C gpu@63.218C tj@63.218C soc1@60.406C VDD_IN 12478mW/11232mW VDD_CPU_GPU_CV 4959mW/4239mW VDD_SOC 2562mW/2363mW
06-13-2026 14:17:16 RAM 3312/7607MB (lfb 31x4MB) SWAP 11/3804MB (cached 0MB) CPU [0%@1510,0%@1510,0%@1510,1%@1510,0%@1510,0%@1510] GR3D_FREQ 99% cpu@62.375C soc2@61.218C soc0@58.875C gpu@63.343C tj@63.343C soc1@60.531C VDD_IN 12517mW/11283mW VDD_CPU_GPU_CV 4951mW/4267mW VDD_SOC 2562mW/2371mW
06-13-2026 14:17:17 RAM 3312/7607MB (lfb 31x4MB) SWAP 11/3804MB (cached 0MB) CPU [0%@1510,0%@1510,0%@1510,1%@1510,0%@1510,0%@1510] GR3D_FREQ 98% cpu@62.187C soc2@61.281C soc0@58.906C gpu@63.593C tj@63.593C soc1@60.468C VDD_IN 12517mW/11331mW VDD_CPU_GPU_CV 4959mW/4294mW VDD_SOC 2562mW/2379mW
06-13-2026 14:17:18 RAM 3312/7607MB (lfb 31x4MB) SWAP 11/3804MB (cached 0MB) CPU [0%@1510,0%@1510,0%@1510,0%@1510,0%@1510,0%@1510] GR3D_FREQ 99% cpu@62.343C soc2@61.281C soc0@58.812C gpu@63.375C tj@63.375C soc1@60.468C VDD_IN 12517mW/11375mW VDD_CPU_GPU_CV 4959mW/4318mW VDD_SOC 2562mW/2385mW
06-13-2026 14:17:18 RAM 3312/7607MB (lfb 31x4MB) SWAP 11/3804MB (cached 0MB) CPU [0%@1510,0%@1510,0%@1510,0%@1510,0%@1510,0%@1510] GR3D_FREQ 99% cpu@62.343C soc2@61.312C soc0@59.031C gpu@63.468C tj@63.656C soc1@60.718C VDD_IN 12517mW/11415mW VDD_CPU_GPU_CV 4951mW/4341mW VDD_SOC 2562mW/2392mW
06-13-2026 14:17:19 RAM 3312/7607MB (lfb 31x4MB) SWAP 11/3804MB (cached 0MB) CPU [0%@1510,0%@1510,1%@1510,1%@1510,0%@1510,0%@1510] GR3D_FREQ 99% cpu@62.406C soc2@61.343C soc0@58.968C gpu@63.468C tj@63.468C soc1@60.625C VDD_IN 12517mW/11453mW VDD_CPU_GPU_CV 4959mW/4362mW VDD_SOC 2562mW/2398mW
06-13-2026 14:17:19 RAM 3312/7607MB (lfb 31x4MB) SWAP 11/3804MB (cached 0MB) CPU [0%@1510,0%@1510,0%@1510,0%@1510,0%@1510,0%@1510] GR3D_FREQ 99% cpu@62.375C soc2@61.375C soc0@58.937C gpu@63.468C tj@63.468C soc1@60.687C VDD_IN 12517mW/11489mW VDD_CPU_GPU_CV 4959mW/4382mW VDD_SOC 2562mW/2403mW
06-13-2026 14:17:20 RAM 3312/7607MB (lfb 31x4MB) SWAP 11/3804MB (cached 0MB) CPU [0%@1510,0%@1510,0%@1510,0%@1510,0%@1510,0%@1510] GR3D_FREQ 98% cpu@62.312C soc2@61.343C soc0@59.031C gpu@63.375C tj@63.375C soc1@60.593C VDD_IN 12517mW/11522mW VDD_CPU_GPU_CV 4951mW/4401mW VDD_SOC 2562mW/2408mW
06-13-2026 14:17:20 RAM 3312/7607MB (lfb 31x4MB) SWAP 11/3804MB (cached 0MB) CPU [0%@1510,0%@1510,0%@1510,1%@1510,0%@1510,0%@1510] GR3D_FREQ 99% cpu@62.406C soc2@61.437C soc0@59.187C gpu@63.687C tj@63.687C soc1@60.562C VDD_IN 12517mW/11553mW VDD_CPU_GPU_CV 4951mW/4418mW VDD_SOC 2562mW/2413mW
06-13-2026 14:17:21 RAM 3312/7607MB (lfb 31x4MB) SWAP 11/3804MB (cached 0MB) CPU [0%@1510,1%@1510,0%@1510,0%@1510,0%@1510,0%@1510] GR3D_FREQ 99% cpu@62.5C soc2@61.437C soc0@59.093C gpu@63.687C tj@63.687C soc1@60.812C VDD_IN 12517mW/11582mW VDD_CPU_GPU_CV 4951mW/4434mW VDD_SOC 2562mW/2418mW
06-13-2026 14:17:21 RAM 3312/7607MB (lfb 31x4MB) SWAP 11/3804MB (cached 0MB) CPU [0%@1510,0%@1510,0%@1510,1%@1510,0%@1510,0%@1510] GR3D_FREQ 99% cpu@62.531C soc2@61.406C soc0@59.125C gpu@63.531C tj@63.531C soc1@60.656C VDD_IN 12517mW/11610mW VDD_CPU_GPU_CV 4959mW/4449mW VDD_SOC 2562mW/2422mW
06-13-2026 14:17:22 RAM 3312/7607MB (lfb 31x4MB) SWAP 11/3804MB (cached 0MB) CPU [0%@1510,0%@1510,0%@1510,0%@1510,0%@1510,0%@1510] GR3D_FREQ 99% cpu@62.437C soc2@61.5C soc0@59.156C gpu@63.562C tj@63.562C soc1@60.656C VDD_IN 12517mW/11636mW VDD_CPU_GPU_CV 4959mW/4464mW VDD_SOC 2562mW/2426mW
06-13-2026 14:17:22 RAM 3312/7607MB (lfb 31x4MB) SWAP 11/3804MB (cached 0MB) CPU [0%@1510,0%@1510,0%@1510,0%@1510,0%@1510,0%@1510] GR3D_FREQ 99% cpu@62.531C soc2@61.562C soc0@59.281C gpu@63.593C tj@63.593C soc1@60.687C VDD_IN 12517mW/11660mW VDD_CPU_GPU_CV 4951mW/4477mW VDD_SOC 2562mW/2430mW
06-13-2026 14:17:23 RAM 3312/7607MB (lfb 31x4MB) SWAP 11/3804MB (cached 0MB) CPU [0%@1510,0%@1510,0%@1510,0%@1510,0%@1510,0%@1510] GR3D_FREQ 99% cpu@62.75C soc2@61.562C soc0@59.218C gpu@63.593C tj@63.593C soc1@60.875C VDD_IN 12517mW/11683mW VDD_CPU_GPU_CV 4959mW/4491mW VDD_SOC 2562mW/2433mW
06-13-2026 14:17:23 RAM 3312/7607MB (lfb 31x4MB) SWAP 11/3804MB (cached 0MB) CPU [0%@1510,1%@1510,0%@1510,0%@1510,0%@1510,0%@1510] GR3D_FREQ 99% cpu@62.593C soc2@61.531C soc0@59.187C gpu@63.937C tj@63.937C soc1@60.812C VDD_IN 12517mW/11705mW VDD_CPU_GPU_CV 4951mW/4503mW VDD_SOC 2601mW/2438mW
06-13-2026 14:17:24 RAM 3312/7607MB (lfb 31x4MB) SWAP 11/3804MB (cached 0MB) CPU [0%@1510,0%@1510,0%@1510,0%@1510,0%@1510,0%@1510] GR3D_FREQ 98% cpu@62.656C soc2@61.562C soc0@59.25C gpu@63.843C tj@63.843C soc1@60.843C VDD_IN 12517mW/11726mW VDD_CPU_GPU_CV 4951mW/4514mW VDD_SOC 2601mW/2442mW
06-13-2026 14:17:24 RAM 3314/7607MB (lfb 31x4MB) SWAP 11/3804MB (cached 0MB) CPU [0%@1510,0%@1510,0%@1510,2%@1510,0%@1510,0%@1510] GR3D_FREQ 99% cpu@62.593C soc2@61.593C soc0@59.406C gpu@63.75C tj@63.75C soc1@60.843C VDD_IN 12438mW/11744mW VDD_CPU_GPU_CV 4920mW/4524mW VDD_SOC 2562mW/2445mW
06-13-2026 14:17:25 RAM 3314/7607MB (lfb 31x4MB) SWAP 11/3804MB (cached 0MB) CPU [0%@1510,0%@1510,0%@1510,0%@1510,0%@1510,0%@1510] GR3D_FREQ 99% cpu@62.875C soc2@61.625C soc0@59.375C gpu@63.687C tj@63.687C soc1@61C VDD_IN 12478mW/11762mW VDD_CPU_GPU_CV 4920mW/4534mW VDD_SOC 2562mW/2448mW
06-13-2026 14:17:25 RAM 3314/7607MB (lfb 31x4MB) SWAP 11/3804MB (cached 0MB) CPU [1%@1510,0%@1510,0%@1510,0%@1510,0%@1510,0%@1510] GR3D_FREQ 98% cpu@62.781C soc2@61.656C soc0@59.281C gpu@63.781C tj@63.781C soc1@60.937C VDD_IN 12517mW/11780mW VDD_CPU_GPU_CV 4951mW/4544mW VDD_SOC 2601mW/2451mW
06-13-2026 14:17:26 RAM 3314/7607MB (lfb 31x4MB) SWAP 11/3804MB (cached 0MB) CPU [0%@1510,0%@1510,0%@1510,0%@1510,0%@1510,0%@1510] GR3D_FREQ 99% cpu@62.75C soc2@61.656C soc0@59.312C gpu@63.781C tj@63.781C soc1@60.906C VDD_IN 12517mW/11797mW VDD_CPU_GPU_CV 4959mW/4554mW VDD_SOC 2601mW/2455mW
06-13-2026 14:17:26 RAM 3314/7607MB (lfb 31x4MB) SWAP 11/3804MB (cached 0MB) CPU [0%@1510,0%@1510,0%@1510,0%@1510,0%@1510,1%@1510] GR3D_FREQ 99% cpu@62.843C soc2@61.781C soc0@59.375C gpu@64C tj@64C soc1@60.906C VDD_IN 12517mW/11813mW VDD_CPU_GPU_CV 4959mW/4563mW VDD_SOC 2562mW/2457mW
06-13-2026 14:17:27 RAM 3314/7607MB (lfb 31x4MB) SWAP 11/3804MB (cached 0MB) CPU [0%@1510,0%@1510,0%@1510,0%@1510,0%@1510,0%@1510] GR3D_FREQ 99% cpu@62.687C soc2@61.812C soc0@59.5C gpu@63.937C tj@63.937C soc1@61.093C VDD_IN 12517mW/11829mW VDD_CPU_GPU_CV 4951mW/4571mW VDD_SOC 2601mW/2460mW
06-13-2026 14:17:27 RAM 3314/7607MB (lfb 31x4MB) SWAP 11/3804MB (cached 0MB) CPU [0%@1510,0%@1510,0%@1510,0%@1510,0%@1510,0%@1510] GR3D_FREQ 98% cpu@62.812C soc2@61.781C soc0@59.437C gpu@63.812C tj@63.812C soc1@61.062C VDD_IN 12517mW/11844mW VDD_CPU_GPU_CV 4951mW/4580mW VDD_SOC 2601mW/2463mW
06-13-2026 14:17:28 RAM 3314/7607MB (lfb 31x4MB) SWAP 11/3804MB (cached 0MB) CPU [0%@1510,0%@1510,0%@1510,1%@1510,0%@1510,0%@1510] GR3D_FREQ 99% cpu@62.687C soc2@61.75C soc0@59.5C gpu@63.906C tj@63.906C soc1@61C VDD_IN 12517mW/11858mW VDD_CPU_GPU_CV 4959mW/4588mW VDD_SOC 2601mW/2466mW
06-13-2026 14:17:28 RAM 3314/7607MB (lfb 31x4MB) SWAP 11/3804MB (cached 0MB) CPU [0%@1510,0%@1510,0%@1510,0%@1510,0%@1510,0%@1510] GR3D_FREQ 99% cpu@63.093C soc2@61.875C soc0@59.468C gpu@64.125C tj@63.906C soc1@61.031C VDD_IN 12557mW/11873mW VDD_CPU_GPU_CV 4951mW/4595mW VDD_SOC 2601mW/2469mW
06-13-2026 14:17:29 RAM 3314/7607MB (lfb 31x4MB) SWAP 11/3804MB (cached 0MB) CPU [0%@1510,1%@1510,0%@1510,0%@1510,0%@1510,0%@1510] GR3D_FREQ 99% cpu@62.875C soc2@61.875C soc0@59.531C gpu@63.875C tj@63.875C soc1@61.218C VDD_IN 12517mW/11886mW VDD_CPU_GPU_CV 4959mW/4603mW VDD_SOC 2601mW/2472mW
06-13-2026 14:17:29 RAM 3314/7607MB (lfb 31x4MB) SWAP 11/3804MB (cached 0MB) CPU [1%@1510,0%@1510,0%@1510,0%@1510,0%@1510,0%@1510] GR3D_FREQ 99% cpu@63.031C soc2@61.875C soc0@59.562C gpu@64.156C tj@64.156C soc1@61.156C VDD_IN 12517mW/11899mW VDD_CPU_GPU_CV 4959mW/4610mW VDD_SOC 2601mW/2474mW
06-13-2026 14:17:30 RAM 3314/7607MB (lfb 31x4MB) SWAP 11/3804MB (cached 0MB) CPU [0%@1510,1%@1510,0%@1510,1%@1510,0%@1510,0%@1510] GR3D_FREQ 99% cpu@62.875C soc2@61.937C soc0@59.593C gpu@64.093C tj@64.093C soc1@61.156C VDD_IN 12557mW/11911mW VDD_CPU_GPU_CV 4951mW/4616mW VDD_SOC 2601mW/2477mW
06-13-2026 14:17:30 RAM 3314/7607MB (lfb 31x4MB) SWAP 11/3804MB (cached 0MB) CPU [0%@1510,0%@1510,0%@1510,3%@1510,0%@1510,0%@1510] GR3D_FREQ 99% cpu@62.968C soc2@62C soc0@59.75C gpu@64C tj@64C soc1@61.156C VDD_IN 12517mW/11923mW VDD_CPU_GPU_CV 4959mW/4623mW VDD_SOC 2601mW/2479mW
06-13-2026 14:17:31 RAM 3314/7607MB (lfb 31x4MB) SWAP 11/3804MB (cached 0MB) CPU [0%@1510,0%@1510,0%@1510,1%@1510,0%@1510,0%@1510] GR3D_FREQ 99% cpu@63.093C soc2@61.968C soc0@59.656C gpu@64.031C tj@64.031C soc1@61.281C VDD_IN 12517mW/11934mW VDD_CPU_GPU_CV 4912mW/4629mW VDD_SOC 2601mW/2482mW
06-13-2026 14:17:31 RAM 3314/7607MB (lfb 31x4MB) SWAP 11/3804MB (cached 0MB) CPU [0%@1510,0%@1510,0%@1510,0%@1510,0%@1510,0%@1510] GR3D_FREQ 99% cpu@63.093C soc2@61.875C soc0@59.656C gpu@64.312C tj@64.312C soc1@61.312C VDD_IN 12517mW/11945mW VDD_CPU_GPU_CV 4951mW/4635mW VDD_SOC 2601mW/2484mW
06-13-2026 14:17:32 RAM 3314/7607MB (lfb 31x4MB) SWAP 11/3804MB (cached 0MB) CPU [0%@1510,0%@1510,0%@1510,1%@1510,0%@1510,0%@1510] GR3D_FREQ 98% cpu@63.093C soc2@61.937C soc0@59.625C gpu@64.093C tj@64.031C soc1@61.25C VDD_IN 12557mW/11956mW VDD_CPU_GPU_CV 4951mW/4640mW VDD_SOC 2601mW/2486mW
06-13-2026 14:17:32 RAM 3314/7607MB (lfb 31x4MB) SWAP 11/3804MB (cached 0MB) CPU [0%@1510,0%@1510,0%@1510,1%@1510,0%@1510,0%@1510] GR3D_FREQ 99% cpu@63.093C soc2@62.062C soc0@59.687C gpu@64.281C tj@64.281C soc1@61.25C VDD_IN 12517mW/11966mW VDD_CPU_GPU_CV 4951mW/4646mW VDD_SOC 2601mW/2488mW
06-13-2026 14:17:33 RAM 3314/7607MB (lfb 31x4MB) SWAP 11/3804MB (cached 0MB) CPU [0%@1510,0%@1510,0%@1510,0%@1510,0%@1510,0%@1510] GR3D_FREQ 99% cpu@63.156C soc2@62C soc0@59.75C gpu@64.187C tj@64.187C soc1@61.375C VDD_IN 12557mW/11977mW VDD_CPU_GPU_CV 4951mW/4651mW VDD_SOC 2601mW/2490mW
06-13-2026 14:17:33 RAM 3314/7607MB (lfb 31x4MB) SWAP 11/3804MB (cached 0MB) CPU [0%@1510,0%@1510,0%@1510,1%@1510,0%@1510,0%@1510] GR3D_FREQ 98% cpu@63.25C soc2@62.062C soc0@59.656C gpu@64.187C tj@64.187C soc1@61.343C VDD_IN 12517mW/11986mW VDD_CPU_GPU_CV 4951mW/4656mW VDD_SOC 2601mW/2492mW
06-13-2026 14:17:34 RAM 3314/7607MB (lfb 31x4MB) SWAP 11/3804MB (cached 0MB) CPU [0%@1510,0%@1510,0%@1510,0%@1510,0%@1510,0%@1510] GR3D_FREQ 99% cpu@63.125C soc2@62.125C soc0@59.781C gpu@64.093C tj@64.093C soc1@61.375C VDD_IN 12517mW/11995mW VDD_CPU_GPU_CV 4951mW/4661mW VDD_SOC 2601mW/2494mW
06-13-2026 14:17:34 RAM 3314/7607MB (lfb 31x4MB) SWAP 11/3804MB (cached 0MB) CPU [0%@1510,0%@1510,0%@1510,0%@1510,0%@1510,0%@1510] GR3D_FREQ 99% cpu@63.281C soc2@62.031C soc0@59.75C gpu@64.437C tj@64.437C soc1@61.343C VDD_IN 12557mW/12004mW VDD_CPU_GPU_CV 4951mW/4666mW VDD_SOC 2601mW/2496mW
06-13-2026 14:17:35 RAM 3314/7607MB (lfb 31x4MB) SWAP 11/3804MB (cached 0MB) CPU [0%@1510,0%@1510,0%@1510,0%@1510,0%@1510,0%@1510] GR3D_FREQ 98% cpu@63.25C soc2@62.25C soc0@59.875C gpu@64.25C tj@64.25C soc1@61.531C VDD_IN 12557mW/12013mW VDD_CPU_GPU_CV 4951mW/4671mW VDD_SOC 2601mW/2497mW
06-13-2026 14:17:35 RAM 3314/7607MB (lfb 31x4MB) SWAP 11/3804MB (cached 0MB) CPU [0%@1510,0%@1510,0%@1510,0%@1510,0%@1510,0%@1510] GR3D_FREQ 99% cpu@63.218C soc2@62.156C soc0@59.843C gpu@64.218C tj@64.437C soc1@61.562C VDD_IN 12517mW/12021mW VDD_CPU_GPU_CV 4951mW/4675mW VDD_SOC 2601mW/2499mW
06-13-2026 14:17:36 RAM 3314/7607MB (lfb 31x4MB) SWAP 11/3804MB (cached 0MB) CPU [1%@1510,0%@1510,0%@1510,0%@1510,0%@1510,0%@1510] GR3D_FREQ 99% cpu@63.312C soc2@62.218C soc0@59.812C gpu@64.343C tj@64.343C soc1@61.375C VDD_IN 12517mW/12029mW VDD_CPU_GPU_CV 4951mW/4680mW VDD_SOC 2601mW/2501mW
06-13-2026 14:17:36 RAM 3314/7607MB (lfb 31x4MB) SWAP 11/3804MB (cached 0MB) CPU [0%@1510,0%@1510,0%@1510,1%@1510,0%@1510,0%@1510] GR3D_FREQ 99% cpu@63.281C soc2@62.156C soc0@59.937C gpu@64.312C tj@64.312C soc1@61.437C VDD_IN 12557mW/12038mW VDD_CPU_GPU_CV 4951mW/4684mW VDD_SOC 2601mW/2502mW
06-13-2026 14:17:37 RAM 3314/7607MB (lfb 31x4MB) SWAP 11/3804MB (cached 0MB) CPU [0%@1510,0%@1510,0%@1510,0%@1510,0%@1510,0%@1510] GR3D_FREQ 99% cpu@63.406C soc2@62.281C soc0@59.906C gpu@64.25C tj@64.25C soc1@61.406C VDD_IN 12517mW/12045mW VDD_CPU_GPU_CV 4951mW/4688mW VDD_SOC 2601mW/2504mW
06-13-2026 14:17:37 RAM 3314/7607MB (lfb 31x4MB) SWAP 11/3804MB (cached 0MB) CPU [0%@1510,0%@1510,0%@1510,3%@1510,0%@1510,0%@1510] GR3D_FREQ 99% cpu@63.25C soc2@62.343C soc0@59.906C gpu@64.562C tj@64.562C soc1@61.531C VDD_IN 12517mW/12052mW VDD_CPU_GPU_CV 4951mW/4692mW VDD_SOC 2601mW/2505mW
06-13-2026 14:17:38 RAM 3314/7607MB (lfb 31x4MB) SWAP 11/3804MB (cached 0MB) CPU [0%@1510,0%@1510,1%@1510,1%@1510,0%@1510,0%@1510] GR3D_FREQ 98% cpu@63.343C soc2@62.312C soc0@59.906C gpu@64.406C tj@64.406C soc1@61.5C VDD_IN 12557mW/12060mW VDD_CPU_GPU_CV 4951mW/4696mW VDD_SOC 2601mW/2507mW
06-13-2026 14:17:38 RAM 3314/7607MB (lfb 31x4MB) SWAP 11/3804MB (cached 0MB) CPU [0%@1510,0%@1510,0%@1510,1%@1510,0%@1510,0%@1510] GR3D_FREQ 99% cpu@63.343C soc2@62.281C soc0@59.968C gpu@64.375C tj@64.375C soc1@61.437C VDD_IN 12557mW/12067mW VDD_CPU_GPU_CV 4951mW/4700mW VDD_SOC 2601mW/2508mW
06-13-2026 14:17:39 RAM 3314/7607MB (lfb 31x4MB) SWAP 11/3804MB (cached 0MB) CPU [0%@1510,1%@1510,0%@1510,0%@1510,0%@1510,0%@1510] GR3D_FREQ 99% cpu@63.593C soc2@62.343C soc0@60.062C gpu@64.312C tj@64.437C soc1@61.75C VDD_IN 12517mW/12073mW VDD_CPU_GPU_CV 4951mW/4703mW VDD_SOC 2601mW/2509mW
06-13-2026 14:17:39 RAM 3314/7607MB (lfb 31x4MB) SWAP 11/3804MB (cached 0MB) CPU [0%@1510,0%@1510,0%@1510,0%@1510,0%@1510,1%@1510] GR3D_FREQ 98% cpu@63.375C soc2@62.343C soc0@60.125C gpu@64.437C tj@64.437C soc1@61.656C VDD_IN 12557mW/12080mW VDD_CPU_GPU_CV 4951mW/4707mW VDD_SOC 2601mW/2511mW
06-13-2026 14:17:40 RAM 3314/7607MB (lfb 31x4MB) SWAP 11/3804MB (cached 0MB) CPU [0%@1510,0%@1510,0%@1510,0%@1510,0%@1510,0%@1510] GR3D_FREQ 99% cpu@63.468C soc2@62.375C soc0@60.093C gpu@64.468C tj@64.468C soc1@61.656C VDD_IN 12557mW/12087mW VDD_CPU_GPU_CV 4951mW/4710mW VDD_SOC 2601mW/2512mW
06-13-2026 14:17:40 RAM 3314/7607MB (lfb 31x4MB) SWAP 11/3804MB (cached 0MB) CPU [0%@1510,0%@1510,0%@1510,1%@1510,0%@1510,0%@1510] GR3D_FREQ 99% cpu@63.375C soc2@62.312C soc0@59.968C gpu@64.687C tj@64.687C soc1@61.593C VDD_IN 12517mW/12093mW VDD_CPU_GPU_CV 4951mW/4714mW VDD_SOC 2601mW/2513mW
06-13-2026 14:17:41 RAM 3314/7607MB (lfb 31x4MB) SWAP 11/3804MB (cached 0MB) CPU [0%@1510,0%@1510,0%@1510,0%@1510,0%@1510,0%@1510] GR3D_FREQ 99% cpu@63.656C soc2@62.406C soc0@60.125C gpu@64.625C tj@64.625C soc1@61.812C VDD_IN 12536mW/12099mW VDD_CPU_GPU_CV 4951mW/4717mW VDD_SOC 2601mW/2514mW
06-13-2026 14:17:41 RAM 3314/7607MB (lfb 31x4MB) SWAP 11/3804MB (cached 0MB) CPU [0%@1510,0%@1510,0%@1510,1%@1510,0%@1510,0%@1510] GR3D_FREQ 98% cpu@63.531C soc2@62.437C soc0@60.125C gpu@64.5C tj@64.5C soc1@61.75C VDD_IN 12557mW/12105mW VDD_CPU_GPU_CV 4951mW/4720mW VDD_SOC 2601mW/2515mW
06-13-2026 14:17:42 RAM 3314/7607MB (lfb 31x4MB) SWAP 11/3804MB (cached 0MB) CPU [0%@1510,0%@1510,0%@1510,0%@1510,0%@1510,0%@1510] GR3D_FREQ 99% cpu@63.468C soc2@62.468C soc0@60.156C gpu@64.468C tj@64.468C soc1@61.656C VDD_IN 12478mW/12110mW VDD_CPU_GPU_CV 4912mW/4723mW VDD_SOC 2562mW/2516mW
06-13-2026 14:17:42 RAM 3314/7607MB (lfb 31x4MB) SWAP 11/3804MB (cached 0MB) CPU [0%@1510,1%@1510,0%@1510,0%@1510,0%@1510,0%@1510] GR3D_FREQ 99% cpu@63.562C soc2@62.375C soc0@60.093C gpu@64.656C tj@64.656C soc1@61.656C VDD_IN 12557mW/12116mW VDD_CPU_GPU_CV 4951mW/4726mW VDD_SOC 2601mW/2517mW
06-13-2026 14:17:43 RAM 3314/7607MB (lfb 31x4MB) SWAP 11/3804MB (cached 0MB) CPU [1%@1510,0%@1510,0%@1510,0%@1510,0%@1510,0%@1510] GR3D_FREQ 99% cpu@63.5C soc2@62.5C soc0@60.312C gpu@64.437C tj@64.437C soc1@61.625C VDD_IN 12557mW/12122mW VDD_CPU_GPU_CV 4951mW/4729mW VDD_SOC 2601mW/2518mW
06-13-2026 14:17:43 RAM 3314/7607MB (lfb 31x4MB) SWAP 11/3804MB (cached 0MB) CPU [0%@1510,0%@1510,0%@1510,1%@1510,0%@1510,0%@1510] GR3D_FREQ 99% cpu@63.625C soc2@62.468C soc0@60.25C gpu@64.781C tj@64.781C soc1@61.843C VDD_IN 12517mW/12127mW VDD_CPU_GPU_CV 4951mW/4731mW VDD_SOC 2601mW/2519mW
06-13-2026 14:17:44 RAM 3314/7607MB (lfb 31x4MB) SWAP 11/3804MB (cached 0MB) CPU [0%@1510,0%@1510,0%@1510,0%@1510,0%@1510,0%@1510] GR3D_FREQ 98% cpu@63.593C soc2@62.468C soc0@60.187C gpu@64.718C tj@64.718C soc1@61.781C VDD_IN 12557mW/12132mW VDD_CPU_GPU_CV 4990mW/4735mW VDD_SOC 2601mW/2520mW
06-13-2026 14:17:44 RAM 3314/7607MB (lfb 31x4MB) SWAP 11/3804MB (cached 0MB) CPU [0%@1510,0%@1510,0%@1510,0%@1510,0%@1510,0%@1510] GR3D_FREQ 99% cpu@63.593C soc2@62.5C soc0@60.218C gpu@64.593C tj@64.593C soc1@61.75C VDD_IN 12557mW/12138mW VDD_CPU_GPU_CV 4951mW/4737mW VDD_SOC 2601mW/2521mW
06-13-2026 14:17:45 RAM 3314/7607MB (lfb 31x4MB) SWAP 11/3804MB (cached 0MB) CPU [0%@1510,0%@1510,0%@1510,1%@1510,0%@1510,0%@1510] GR3D_FREQ 99% cpu@63.593C soc2@62.656C soc0@60.281C gpu@64.625C tj@64.625C soc1@61.906C VDD_IN 12557mW/12143mW VDD_CPU_GPU_CV 4990mW/4740mW VDD_SOC 2601mW/2522mW
06-13-2026 14:17:45 RAM 3314/7607MB (lfb 31x4MB) SWAP 11/3804MB (cached 0MB) CPU [0%@1510,0%@1510,0%@1510,0%@1510,0%@1510,0%@1510] GR3D_FREQ 99% cpu@63.593C soc2@62.593C soc0@60.25C gpu@64.812C tj@64.812C soc1@61.968C VDD_IN 12536mW/12148mW VDD_CPU_GPU_CV 4990mW/4744mW VDD_SOC 2601mW/2523mW
06-13-2026 14:17:46 RAM 3314/7607MB (lfb 31x4MB) SWAP 11/3804MB (cached 0MB) CPU [0%@1510,0%@1510,0%@1510,3%@1510,0%@1510,0%@1510] GR3D_FREQ 99% cpu@63.656C soc2@62.625C soc0@60.218C gpu@64.906C tj@64.906C soc1@61.812C VDD_IN 12557mW/12153mW VDD_CPU_GPU_CV 4951mW/4746mW VDD_SOC 2601mW/2524mW
06-13-2026 14:17:46 RAM 3314/7607MB (lfb 31x4MB) SWAP 11/3804MB (cached 0MB) CPU [0%@1510,0%@1510,0%@1510,0%@1510,0%@1510,0%@1510] GR3D_FREQ 99% cpu@63.562C soc2@62.593C soc0@60.343C gpu@64.906C tj@64.906C soc1@61.843C VDD_IN 12557mW/12157mW VDD_CPU_GPU_CV 4990mW/4749mW VDD_SOC 2601mW/2525mW
06-13-2026 14:17:47 RAM 3314/7607MB (lfb 31x4MB) SWAP 11/3804MB (cached 0MB) CPU [0%@1510,0%@1510,0%@1510,0%@1510,0%@1510,0%@1510] GR3D_FREQ 99% cpu@63.687C soc2@62.656C soc0@60.375C gpu@64.718C tj@64.718C soc1@62.031C VDD_IN 12557mW/12162mW VDD_CPU_GPU_CV 4951mW/4751mW VDD_SOC 2601mW/2526mW
06-13-2026 14:17:47 RAM 3314/7607MB (lfb 31x4MB) SWAP 11/3804MB (cached 0MB) CPU [0%@1510,1%@1510,0%@1510,0%@1510,0%@1510,0%@1510] GR3D_FREQ 99% cpu@63.781C soc2@62.687C soc0@60.375C gpu@64.718C tj@64.718C soc1@61.968C VDD_IN 12557mW/12167mW VDD_CPU_GPU_CV 4951mW/4754mW VDD_SOC 2601mW/2527mW
06-13-2026 14:17:48 RAM 3314/7607MB (lfb 31x4MB) SWAP 11/3804MB (cached 0MB) CPU [1%@1510,0%@1510,0%@1510,0%@1510,0%@1510,0%@1510] GR3D_FREQ 98% cpu@63.75C soc2@62.593C soc0@60.437C gpu@65.156C tj@65.156C soc1@61.875C VDD_IN 12536mW/12171mW VDD_CPU_GPU_CV 4990mW/4756mW VDD_SOC 2601mW/2528mW
06-13-2026 14:17:48 RAM 3314/7607MB (lfb 31x4MB) SWAP 11/3804MB (cached 0MB) CPU [0%@1510,0%@1510,0%@1510,0%@1510,0%@1510,0%@1510] GR3D_FREQ 99% cpu@63.781C soc2@62.718C soc0@60.375C gpu@64.843C tj@64.843C soc1@61.843C VDD_IN 12557mW/12175mW VDD_CPU_GPU_CV 4951mW/4759mW VDD_SOC 2601mW/2529mW
06-13-2026 14:17:49 RAM 3314/7607MB (lfb 31x4MB) SWAP 11/3804MB (cached 0MB) CPU [0%@1510,0%@1510,0%@1510,0%@1510,0%@1510,0%@1510] GR3D_FREQ 99% cpu@63.687C soc2@62.75C soc0@60.531C gpu@64.906C tj@64.906C soc1@61.906C VDD_IN 12557mW/12180mW VDD_CPU_GPU_CV 4990mW/4761mW VDD_SOC 2601mW/2529mW
06-13-2026 14:17:49 RAM 3314/7607MB (lfb 31x4MB) SWAP 11/3804MB (cached 0MB) CPU [1%@1510,1%@1510,0%@1510,0%@1510,0%@1510,0%@1510] GR3D_FREQ 99% cpu@63.968C soc2@62.75C soc0@60.468C gpu@64.937C tj@64.937C soc1@62.156C VDD_IN 12557mW/12184mW VDD_CPU_GPU_CV 4990mW/4764mW VDD_SOC 2601mW/2530mW
06-13-2026 14:17:50 RAM 3314/7607MB (lfb 31x4MB) SWAP 11/3804MB (cached 0MB) CPU [0%@1510,1%@1510,0%@1510,0%@1510,0%@1510,0%@1510] GR3D_FREQ 99% cpu@63.906C soc2@62.75C soc0@60.375C gpu@64.875C tj@64.875C soc1@62.031C VDD_IN 12557mW/12188mW VDD_CPU_GPU_CV 4951mW/4766mW VDD_SOC 2601mW/2531mW
06-13-2026 14:17:50 RAM 3314/7607MB (lfb 31x4MB) SWAP 11/3804MB (cached 0MB) CPU [0%@1510,0%@1510,0%@1510,0%@1510,0%@1510,0%@1510] GR3D_FREQ 99% cpu@63.687C soc2@62.781C soc0@60.406C gpu@64.875C tj@64.875C soc1@61.968C VDD_IN 12576mW/12192mW VDD_CPU_GPU_CV 4990mW/4768mW VDD_SOC 2601mW/2532mW
06-13-2026 14:17:51 RAM 3314/7607MB (lfb 31x4MB) SWAP 11/3804MB (cached 0MB) CPU [0%@1510,0%@1510,0%@1510,0%@1510,0%@1510,0%@1510] GR3D_FREQ 98% cpu@63.968C soc2@62.843C soc0@60.593C gpu@65.218C tj@65.218C soc1@62.031C VDD_IN 12557mW/12196mW VDD_CPU_GPU_CV 4951mW/4770mW VDD_SOC 2601mW/2533mW
06-13-2026 14:17:51 RAM 3314/7607MB (lfb 31x4MB) SWAP 11/3804MB (cached 0MB) CPU [0%@1510,0%@1510,0%@1510,0%@1510,0%@1510,0%@1510] GR3D_FREQ 99% cpu@64.062C soc2@62.843C soc0@60.593C gpu@65.093C tj@65.093C soc1@62.218C VDD_IN 12557mW/12200mW VDD_CPU_GPU_CV 4951mW/4772mW VDD_SOC 2601mW/2533mW
06-13-2026 14:17:52 RAM 3314/7607MB (lfb 31x4MB) SWAP 11/3804MB (cached 0MB) CPU [0%@1510,0%@1510,0%@1510,0%@1510,0%@1510,0%@1510] GR3D_FREQ 98% cpu@63.937C soc2@62.875C soc0@60.468C gpu@65C tj@65C soc1@62.093C VDD_IN 12536mW/12203mW VDD_CPU_GPU_CV 4990mW/4774mW VDD_SOC 2601mW/2534mW
06-13-2026 14:17:52 RAM 3314/7607MB (lfb 31x4MB) SWAP 11/3804MB (cached 0MB) CPU [1%@1510,0%@1510,0%@1510,0%@1510,0%@1510,0%@1510] GR3D_FREQ 99% cpu@63.812C soc2@62.843C soc0@60.5C gpu@64.906C tj@65.062C soc1@62.218C VDD_IN 12536mW/12207mW VDD_CPU_GPU_CV 4951mW/4776mW VDD_SOC 2601mW/2535mW
06-13-2026 14:17:53 RAM 3314/7607MB (lfb 31x4MB) SWAP 11/3804MB (cached 0MB) CPU [1%@1510,0%@1510,0%@1510,0%@1510,0%@1510,0%@1510] GR3D_FREQ 99% cpu@64.093C soc2@62.906C soc0@60.656C gpu@65.031C tj@65.031C soc1@62.093C VDD_IN 12576mW/12211mW VDD_CPU_GPU_CV 4990mW/4778mW VDD_SOC 2601mW/2535mW
06-13-2026 14:17:53 RAM 3314/7607MB (lfb 31x4MB) SWAP 11/3804MB (cached 0MB) CPU [1%@1510,0%@1510,0%@1510,0%@1510,0%@1510,0%@1510] GR3D_FREQ 99% cpu@64.156C soc2@63C soc0@60.593C gpu@64.906C tj@64.906C soc1@62.156C VDD_IN 12596mW/12215mW VDD_CPU_GPU_CV 4990mW/4781mW VDD_SOC 2601mW/2536mW
06-13-2026 14:17:54 RAM 3314/7607MB (lfb 31x4MB) SWAP 11/3804MB (cached 0MB) CPU [0%@1510,0%@1510,0%@1510,0%@1510,0%@1510,0%@1510] GR3D_FREQ 99% cpu@64.125C soc2@62.843C soc0@60.625C gpu@65.281C tj@65.281C soc1@62.25C VDD_IN 12557mW/12218mW VDD_CPU_GPU_CV 4951mW/4782mW VDD_SOC 2601mW/2537mW
06-13-2026 14:17:54 RAM 3314/7607MB (lfb 31x4MB) SWAP 11/3804MB (cached 0MB) CPU [0%@1510,0%@1510,0%@1510,0%@1510,0%@1510,0%@1510] GR3D_FREQ 98% cpu@63.906C soc2@62.906C soc0@60.656C gpu@65.093C tj@65.093C soc1@62.218C VDD_IN 12576mW/12222mW VDD_CPU_GPU_CV 4990mW/4784mW VDD_SOC 2601mW/2537mW
06-13-2026 14:17:55 RAM 3314/7607MB (lfb 31x4MB) SWAP 11/3804MB (cached 0MB) CPU [1%@1510,0%@1510,0%@1510,0%@1510,0%@1510,0%@1510] GR3D_FREQ 99% cpu@64.156C soc2@63C soc0@60.593C gpu@65.031C tj@65.031C soc1@62.218C VDD_IN 12557mW/12225mW VDD_CPU_GPU_CV 4951mW/4786mW VDD_SOC 2601mW/2538mW
06-13-2026 14:17:55 RAM 3314/7607MB (lfb 31x4MB) SWAP 11/3804MB (cached 0MB) CPU [0%@1510,0%@1510,0%@1510,0%@1510,0%@1510,0%@1510] GR3D_FREQ 99% cpu@64.062C soc2@62.906C soc0@60.687C gpu@64.937C tj@64.937C soc1@62.343C VDD_IN 12557mW/12228mW VDD_CPU_GPU_CV 4951mW/4788mW VDD_SOC 2601mW/2539mW
06-13-2026 14:17:56 RAM 3314/7607MB (lfb 31x4MB) SWAP 11/3804MB (cached 0MB) CPU [0%@1510,0%@1510,0%@1510,0%@1510,0%@1510,0%@1510] GR3D_FREQ 98% cpu@64.093C soc2@63C soc0@60.656C gpu@65.125C tj@65.125C soc1@62.25C VDD_IN 12557mW/12231mW VDD_CPU_GPU_CV 4990mW/4790mW VDD_SOC 2601mW/2539mW
06-13-2026 14:17:56 RAM 3314/7607MB (lfb 31x4MB) SWAP 11/3804MB (cached 0MB) CPU [0%@1510,0%@1510,0%@1510,0%@1510,0%@1510,0%@1510] GR3D_FREQ 99% cpu@64.031C soc2@62.968C soc0@60.687C gpu@65.062C tj@65.062C soc1@62.281C VDD_IN 12557mW/12235mW VDD_CPU_GPU_CV 4951mW/4791mW VDD_SOC 2601mW/2540mW
06-13-2026 14:17:57 RAM 3314/7607MB (lfb 31x4MB) SWAP 11/3804MB (cached 0MB) CPU [1%@1510,0%@1510,0%@1510,0%@1510,0%@1510,0%@1510] GR3D_FREQ 99% cpu@64.156C soc2@63.062C soc0@60.875C gpu@65.375C tj@65.375C soc1@62.187C VDD_IN 12596mW/12238mW VDD_CPU_GPU_CV 4990mW/4793mW VDD_SOC 2601mW/2540mW
06-13-2026 14:17:57 RAM 3314/7607MB (lfb 31x4MB) SWAP 11/3804MB (cached 0MB) CPU [1%@1510,0%@1510,0%@1510,0%@1510,0%@1510,0%@1510] GR3D_FREQ 98% cpu@64.125C soc2@63.093C soc0@60.75C gpu@65.156C tj@65.156C soc1@62.343C VDD_IN 12557mW/12241mW VDD_CPU_GPU_CV 4951mW/4795mW VDD_SOC 2601mW/2541mW
06-13-2026 14:17:58 RAM 3314/7607MB (lfb 31x4MB) SWAP 11/3804MB (cached 0MB) CPU [0%@1510,0%@1510,0%@1510,0%@1510,0%@1510,0%@1510] GR3D_FREQ 99% cpu@64.187C soc2@63.031C soc0@60.781C gpu@65.125C tj@65.125C soc1@62.312C VDD_IN 12557mW/12244mW VDD_CPU_GPU_CV 4951mW/4796mW VDD_SOC 2601mW/2541mW
06-13-2026 14:17:58 RAM 3314/7607MB (lfb 31x4MB) SWAP 11/3804MB (cached 0MB) CPU [0%@1510,0%@1510,0%@1510,0%@1510,0%@1510,0%@1510] GR3D_FREQ 98% cpu@64.062C soc2@63.062C soc0@60.781C gpu@65.093C tj@65.093C soc1@62.375C VDD_IN 12536mW/12247mW VDD_CPU_GPU_CV 4990mW/4798mW VDD_SOC 2601mW/2542mW
06-13-2026 14:17:59 RAM 3314/7607MB (lfb 31x4MB) SWAP 11/3804MB (cached 0MB) CPU [0%@1510,0%@1510,0%@1510,0%@1510,0%@1510,0%@1510] GR3D_FREQ 99% cpu@64.125C soc2@63.156C soc0@60.906C gpu@65.406C tj@65.406C soc1@62.312C VDD_IN 12557mW/12250mW VDD_CPU_GPU_CV 4951mW/4799mW VDD_SOC 2601mW/2543mW
06-13-2026 14:17:59 RAM 3314/7607MB (lfb 31x4MB) SWAP 11/3804MB (cached 0MB) CPU [1%@1510,0%@1510,0%@1510,0%@1510,0%@1510,0%@1510] GR3D_FREQ 99% cpu@64.25C soc2@63.156C soc0@60.843C gpu@65.062C tj@65.062C soc1@62.5C VDD_IN 12478mW/12252mW VDD_CPU_GPU_CV 4951mW/4801mW VDD_SOC 2601mW/2543mW
06-13-2026 14:18:00 RAM 3314/7607MB (lfb 31x4MB) SWAP 11/3804MB (cached 0MB) CPU [1%@1510,0%@1510,0%@1510,0%@1510,0%@1510,0%@1510] GR3D_FREQ 99% cpu@64.218C soc2@63.062C soc0@60.843C gpu@65.5C tj@65.5C soc1@62.312C VDD_IN 12536mW/12254mW VDD_CPU_GPU_CV 4951mW/4802mW VDD_SOC 2601mW/2544mW
06-13-2026 14:18:00 RAM 3314/7607MB (lfb 31x4MB) SWAP 11/3804MB (cached 0MB) CPU [1%@1510,0%@1510,0%@1510,0%@1510,0%@1510,0%@1510] GR3D_FREQ 98% cpu@64.125C soc2@63.125C soc0@60.843C gpu@65.312C tj@65.312C soc1@62.375C VDD_IN 12536mW/12257mW VDD_CPU_GPU_CV 4951mW/4803mW VDD_SOC 2601mW/2544mW
06-13-2026 14:18:01 RAM 3314/7607MB (lfb 31x4MB) SWAP 11/3804MB (cached 0MB) CPU [0%@1510,0%@1510,1%@1510,0%@1510,0%@1510,0%@1510] GR3D_FREQ 99% cpu@64.218C soc2@63.218C soc0@60.812C gpu@65.156C tj@65.156C soc1@62.375C VDD_IN 12557mW/12259mW VDD_CPU_GPU_CV 4951mW/4805mW VDD_SOC 2601mW/2545mW
06-13-2026 14:18:01 RAM 3314/7607MB (lfb 31x4MB) SWAP 11/3804MB (cached 0MB) CPU [1%@1510,0%@1510,0%@1510,0%@1510,0%@1510,0%@1510] GR3D_FREQ 99% cpu@64.312C soc2@63.281C soc0@60.968C gpu@65.281C tj@65.281C soc1@62.468C VDD_IN 12576mW/12262mW VDD_CPU_GPU_CV 4990mW/4806mW VDD_SOC 2601mW/2545mW
06-13-2026 14:18:02 RAM 3314/7607MB (lfb 31x4MB) SWAP 11/3804MB (cached 0MB) CPU [0%@1510,0%@1510,0%@1510,0%@1510,0%@1510,0%@1510] GR3D_FREQ 98% cpu@64.406C soc2@63.218C soc0@60.843C gpu@65.5C tj@65.5C soc1@62.406C VDD_IN 12596mW/12265mW VDD_CPU_GPU_CV 4951mW/4807mW VDD_SOC 2601mW/2546mW
06-13-2026 14:18:02 RAM 3314/7607MB (lfb 31x4MB) SWAP 11/3804MB (cached 0MB) CPU [1%@1510,0%@1510,0%@1510,0%@1510,0%@1510,0%@1510] GR3D_FREQ 99% cpu@64.281C soc2@63.25C soc0@60.937C gpu@65.281C tj@65.281C soc1@62.437C VDD_IN 12557mW/12268mW VDD_CPU_GPU_CV 4951mW/4809mW VDD_SOC 2601mW/2546mW
06-13-2026 14:18:03 RAM 3314/7607MB (lfb 31x4MB) SWAP 11/3804MB (cached 0MB) CPU [3%@1510,0%@1510,0%@1510,0%@1510,0%@1510,0%@1510] GR3D_FREQ 99% cpu@64.343C soc2@63.281C soc0@61C gpu@65.531C tj@65.531C soc1@62.437C VDD_IN 12536mW/12270mW VDD_CPU_GPU_CV 4990mW/4810mW VDD_SOC 2601mW/2547mW
06-13-2026 14:18:03 RAM 3314/7607MB (lfb 31x4MB) SWAP 11/3804MB (cached 0MB) CPU [0%@1510,0%@1510,0%@1510,0%@1510,0%@1510,0%@1510] GR3D_FREQ 99% cpu@64.468C soc2@63.281C soc0@61C gpu@65.406C tj@65.406C soc1@62.593C VDD_IN 12576mW/12272mW VDD_CPU_GPU_CV 4951mW/4811mW VDD_SOC 2601mW/2547mW
06-13-2026 14:18:04 RAM 3314/7607MB (lfb 31x4MB) SWAP 11/3804MB (cached 0MB) CPU [1%@1510,0%@1510,0%@1510,0%@1510,0%@1510,1%@1510] GR3D_FREQ 99% cpu@64.312C soc2@63.218C soc0@60.968C gpu@65.343C tj@65.343C soc1@62.5C VDD_IN 12536mW/12275mW VDD_CPU_GPU_CV 4951mW/4813mW VDD_SOC 2601mW/2547mW
06-13-2026 14:18:04 RAM 3314/7607MB (lfb 31x4MB) SWAP 11/3804MB (cached 0MB) CPU [1%@1510,0%@1510,0%@1510,0%@1510,1%@1510,0%@1510] GR3D_FREQ 99% cpu@64.312C soc2@63.312C soc0@60.937C gpu@65.375C tj@65.375C soc1@62.5C VDD_IN 12576mW/12277mW VDD_CPU_GPU_CV 4990mW/4814mW VDD_SOC 2601mW/2548mW
06-13-2026 14:18:05 RAM 3314/7607MB (lfb 31x4MB) SWAP 11/3804MB (cached 0MB) CPU [0%@1510,0%@1510,0%@1510,0%@1510,0%@1510,0%@1510] GR3D_FREQ 98% cpu@64.343C soc2@63.375C soc0@60.937C gpu@65.531C tj@65.531C soc1@62.5C VDD_IN 12536mW/12279mW VDD_CPU_GPU_CV 4990mW/4816mW VDD_SOC 2601mW/2548mW
06-13-2026 14:18:05 RAM 3314/7607MB (lfb 31x4MB) SWAP 11/3804MB (cached 0MB) CPU [1%@1510,0%@1510,0%@1510,0%@1510,0%@1510,0%@1510] GR3D_FREQ 99% cpu@64.531C soc2@63.406C soc0@61.125C gpu@65.468C tj@65.468C soc1@62.625C VDD_IN 12557mW/12282mW VDD_CPU_GPU_CV 4951mW/4817mW VDD_SOC 2601mW/2549mW
06-13-2026 14:18:06 RAM 3314/7607MB (lfb 31x4MB) SWAP 11/3804MB (cached 0MB) CPU [0%@1510,0%@1510,0%@1510,0%@1510,0%@1510,0%@1510] GR3D_FREQ 99% cpu@64.5C soc2@63.343C soc0@61C gpu@65.406C tj@65.406C soc1@62.562C VDD_IN 12536mW/12284mW VDD_CPU_GPU_CV 4951mW/4818mW VDD_SOC 2601mW/2549mW
06-13-2026 14:18:06 RAM 3314/7607MB (lfb 31x4MB) SWAP 11/3804MB (cached 0MB) CPU [0%@1510,0%@1510,0%@1510,0%@1510,0%@1510,0%@1510] GR3D_FREQ 98% cpu@64.406C soc2@63.343C soc0@61.031C gpu@65.5C tj@65.5C soc1@62.562C VDD_IN 12576mW/12286mW VDD_CPU_GPU_CV 4951mW/4819mW VDD_SOC 2601mW/2550mW
06-13-2026 14:18:07 RAM 3314/7607MB (lfb 31x4MB) SWAP 11/3804MB (cached 0MB) CPU [1%@1510,0%@1510,0%@1510,0%@1510,0%@1510,0%@1510] GR3D_FREQ 99% cpu@64.375C soc2@63.437C soc0@61C gpu@65.375C tj@65.375C soc1@62.531C VDD_IN 12557mW/12288mW VDD_CPU_GPU_CV 4951mW/4820mW VDD_SOC 2601mW/2550mW
06-13-2026 14:18:08 RAM 3314/7607MB (lfb 31x4MB) SWAP 11/3804MB (cached 0MB) CPU [0%@1510,0%@1510,0%@1510,0%@1510,0%@1510,0%@1510] GR3D_FREQ 99% cpu@64.656C soc2@63.406C soc0@61.093C gpu@65.375C tj@65.375C soc1@62.687C VDD_IN 12536mW/12290mW VDD_CPU_GPU_CV 4951mW/4821mW VDD_SOC 2601mW/2550mW
06-13-2026 14:18:08 RAM 3314/7607MB (lfb 31x4MB) SWAP 11/3804MB (cached 0MB) CPU [0%@1510,0%@1510,0%@1510,0%@1510,0%@1510,0%@1510] GR3D_FREQ 98% cpu@64.468C soc2@63.343C soc0@61.062C gpu@65.718C tj@65.718C soc1@62.656C VDD_IN 12576mW/12292mW VDD_CPU_GPU_CV 4951mW/4822mW VDD_SOC 2601mW/2551mW
06-13-2026 14:18:09 RAM 3314/7607MB (lfb 31x4MB) SWAP 11/3804MB (cached 0MB) CPU [0%@1510,0%@1510,0%@1510,1%@1510,0%@1510,0%@1510] GR3D_FREQ 99% cpu@64.5C soc2@63.343C soc0@61.093C gpu@65.5C tj@65.5C soc1@62.625C VDD_IN 12536mW/12294mW VDD_CPU_GPU_CV 4951mW/4823mW VDD_SOC 2601mW/2551mW
06-13-2026 14:18:09 RAM 3314/7607MB (lfb 31x4MB) SWAP 11/3804MB (cached 0MB) CPU [1%@1510,0%@1510,1%@1510,0%@1510,0%@1510,0%@1510] GR3D_FREQ 99% cpu@64.5C soc2@63.375C soc0@61.031C gpu@65.5C tj@65.5C soc1@62.687C VDD_IN 12557mW/12296mW VDD_CPU_GPU_CV 4951mW/4824mW VDD_SOC 2601mW/2552mW
06-13-2026 14:18:10 RAM 3314/7607MB (lfb 31x4MB) SWAP 11/3804MB (cached 0MB) CPU [0%@1510,0%@1510,0%@1510,0%@1510,0%@1510,0%@1510] GR3D_FREQ 99% cpu@64.656C soc2@63.468C soc0@61.125C gpu@65.468C tj@65.468C soc1@62.781C VDD_IN 12576mW/12298mW VDD_CPU_GPU_CV 4990mW/4825mW VDD_SOC 2601mW/2552mW
06-13-2026 14:18:10 RAM 3314/7607MB (lfb 31x4MB) SWAP 11/3804MB (cached 0MB) CPU [0%@1510,0%@1510,0%@1510,0%@1510,0%@1510,0%@1510] GR3D_FREQ 98% cpu@64.593C soc2@63.468C soc0@61.125C gpu@65.468C tj@65.468C soc1@62.687C VDD_IN 12557mW/12300mW VDD_CPU_GPU_CV 4951mW/4826mW VDD_SOC 2601mW/2552mW
06-13-2026 14:18:11 RAM 3314/7607MB (lfb 31x4MB) SWAP 11/3804MB (cached 0MB) CPU [2%@1510,0%@1510,0%@1510,0%@1510,0%@1510,0%@1510] GR3D_FREQ 99% cpu@64.5C soc2@63.437C soc0@61.093C gpu@65.531C tj@65.531C soc1@62.593C VDD_IN 12557mW/12302mW VDD_CPU_GPU_CV 4951mW/4827mW VDD_SOC 2601mW/2553mW
06-13-2026 14:18:11 RAM 3314/7607MB (lfb 31x4MB) SWAP 11/3804MB (cached 0MB) CPU [0%@1510,0%@1510,0%@1510,0%@1510,0%@1510,0%@1510] GR3D_FREQ 99% cpu@64.468C soc2@63.468C soc0@61.062C gpu@65.656C tj@65.656C soc1@62.718C VDD_IN 12576mW/12304mW VDD_CPU_GPU_CV 4990mW/4828mW VDD_SOC 2601mW/2553mW
06-13-2026 14:18:12 RAM 3314/7607MB (lfb 31x4MB) SWAP 11/3804MB (cached 0MB) CPU [0%@1510,0%@1510,0%@1510,0%@1510,0%@1510,0%@1510] GR3D_FREQ 99% cpu@64.5C soc2@63.593C soc0@61.218C gpu@65.562C tj@65.562C soc1@62.781C VDD_IN 12576mW/12306mW VDD_CPU_GPU_CV 4951mW/4829mW VDD_SOC 2601mW/2553mW
06-13-2026 14:18:12 RAM 3314/7607MB (lfb 31x4MB) SWAP 11/3804MB (cached 0MB) CPU [0%@1510,0%@1510,0%@1510,0%@1510,0%@1510,0%@1510] GR3D_FREQ 99% cpu@64.562C soc2@63.593C soc0@61.25C gpu@65.531C tj@65.531C soc1@62.781C VDD_IN 12557mW/12308mW VDD_CPU_GPU_CV 4951mW/4830mW VDD_SOC 2601mW/2554mW
06-13-2026 14:18:13 RAM 3314/7607MB (lfb 31x4MB) SWAP 11/3804MB (cached 0MB) CPU [1%@1510,0%@1510,0%@1510,0%@1510,0%@1510,0%@1510] GR3D_FREQ 99% cpu@64.593C soc2@63.468C soc0@61.187C gpu@65.531C tj@65.531C soc1@62.718C VDD_IN 12576mW/12310mW VDD_CPU_GPU_CV 4990mW/4831mW VDD_SOC 2601mW/2554mW
06-13-2026 14:18:13 RAM 3314/7607MB (lfb 31x4MB) SWAP 11/3804MB (cached 0MB) CPU [1%@1510,0%@1510,0%@1510,0%@1510,0%@1510,0%@1510] GR3D_FREQ 99% cpu@64.781C soc2@63.593C soc0@61.218C gpu@65.75C tj@65.75C soc1@62.718C VDD_IN 12596mW/12312mW VDD_CPU_GPU_CV 4951mW/4832mW VDD_SOC 2601mW/2555mW
06-13-2026 14:18:14 RAM 3314/7607MB (lfb 31x4MB) SWAP 11/3804MB (cached 0MB) CPU [0%@1510,0%@1510,1%@1510,0%@1510,0%@1510,0%@1510] GR3D_FREQ 99% cpu@64.531C soc2@63.562C soc0@61.343C gpu@65.5C tj@65.5C soc1@62.843C VDD_IN 12557mW/12314mW VDD_CPU_GPU_CV 4951mW/4833mW VDD_SOC 2601mW/2555mW
06-13-2026 14:18:14 RAM 3314/7607MB (lfb 31x4MB) SWAP 11/3804MB (cached 0MB) CPU [0%@1510,0%@1510,0%@1510,0%@1510,0%@1510,0%@1510] GR3D_FREQ 99% cpu@64.625C soc2@63.593C soc0@61.25C gpu@65.812C tj@65.812C soc1@62.812C VDD_IN 12576mW/12316mW VDD_CPU_GPU_CV 4990mW/4834mW VDD_SOC 2601mW/2555mW
06-13-2026 14:18:15 RAM 3314/7607MB (lfb 31x4MB) SWAP 11/3804MB (cached 0MB) CPU [0%@1510,0%@1510,1%@1510,0%@1510,0%@1510,0%@1510] GR3D_FREQ 98% cpu@64.625C soc2@63.531C soc0@61.187C gpu@65.625C tj@65.625C soc1@62.843C VDD_IN 12536mW/12318mW VDD_CPU_GPU_CV 4990mW/4835mW VDD_SOC 2601mW/2556mW
06-13-2026 14:18:15 RAM 3314/7607MB (lfb 31x4MB) SWAP 11/3804MB (cached 0MB) CPU [1%@1510,0%@1510,0%@1510,0%@1510,0%@1510,0%@1510] GR3D_FREQ 99% cpu@64.593C soc2@63.593C soc0@61.25C gpu@65.625C tj@65.625C soc1@62.812C VDD_IN 12557mW/12319mW VDD_CPU_GPU_CV 4951mW/4836mW VDD_SOC 2601mW/2556mW
06-13-2026 14:18:16 RAM 3314/7607MB (lfb 31x4MB) SWAP 11/3804MB (cached 0MB) CPU [0%@1510,0%@1510,0%@1510,0%@1510,0%@1510,0%@1510] GR3D_FREQ 99% cpu@64.656C soc2@63.625C soc0@61.312C gpu@65.687C tj@65.687C soc1@62.75C VDD_IN 12536mW/12321mW VDD_CPU_GPU_CV 4990mW/4837mW VDD_SOC 2601mW/2556mW
06-13-2026 14:18:16 RAM 3314/7607MB (lfb 31x4MB) SWAP 11/3804MB (cached 0MB) CPU [0%@1510,0%@1510,0%@1510,0%@1510,0%@1510,0%@1510] GR3D_FREQ 98% cpu@64.75C soc2@63.593C soc0@61.312C gpu@65.75C tj@65.75C soc1@62.968C VDD_IN 12557mW/12322mW VDD_CPU_GPU_CV 4990mW/4838mW VDD_SOC 2601mW/2556mW
06-13-2026 14:18:17 RAM 3322/7607MB (lfb 31x4MB) SWAP 11/3804MB (cached 0MB) CPU [36%@1510,16%@1510,11%@1510,27%@1510,21%@1510,8%@1510] GR3D_FREQ 99% cpu@64.906C soc2@63.687C soc0@61.218C gpu@65.625C tj@65.625C soc1@62.843C VDD_IN 13049mW/12328mW VDD_CPU_GPU_CV 5422mW/4842mW VDD_SOC 2637mW/2557mW
06-13-2026 14:18:17 RAM 3322/7607MB (lfb 31x4MB) SWAP 11/3804MB (cached 0MB) CPU [1%@1510,2%@1510,0%@1510,2%@1510,0%@1510,0%@1510] GR3D_FREQ 99% cpu@64.687C soc2@63.656C soc0@61.281C gpu@65.875C tj@65.875C soc1@62.812C VDD_IN 12655mW/12330mW VDD_CPU_GPU_CV 5108mW/4844mW VDD_SOC 2601mW/2557mW
06-13-2026 14:18:18 RAM 3322/7607MB (lfb 31x4MB) SWAP 11/3804MB (cached 0MB) CPU [0%@1510,0%@1510,0%@1510,1%@1510,0%@1510,0%@1510] GR3D_FREQ 98% cpu@64.593C soc2@63.656C soc0@61.375C gpu@65.75C tj@65.75C soc1@62.812C VDD_IN 12615mW/12332mW VDD_CPU_GPU_CV 5029mW/4845mW VDD_SOC 2601mW/2558mW
06-13-2026 14:18:18 RAM 3322/7607MB (lfb 31x4MB) SWAP 11/3804MB (cached 0MB) CPU [0%@1510,1%@1510,0%@1510,1%@1510,0%@1510,0%@1510] GR3D_FREQ 99% cpu@64.781C soc2@63.593C soc0@61.375C gpu@65.75C tj@65.75C soc1@63.031C VDD_IN 12596mW/12334mW VDD_CPU_GPU_CV 4990mW/4846mW VDD_SOC 2601mW/2558mW
06-13-2026 14:18:19 RAM 3322/7607MB (lfb 31x4MB) SWAP 11/3804MB (cached 0MB) CPU [0%@1510,0%@1510,0%@1510,0%@1510,0%@1510,0%@1510] GR3D_FREQ 99% cpu@64.75C soc2@63.656C soc0@61.343C gpu@65.781C tj@65.781C soc1@62.875C VDD_IN 12576mW/12335mW VDD_CPU_GPU_CV 4990mW/4847mW VDD_SOC 2601mW/2558mW
06-13-2026 14:18:19 RAM 3322/7607MB (lfb 31x4MB) SWAP 11/3804MB (cached 0MB) CPU [0%@1510,0%@1510,0%@1510,0%@1510,0%@1510,0%@1510] GR3D_FREQ 99% cpu@64.625C soc2@63.593C soc0@61.312C gpu@65.906C tj@65.906C soc1@62.843C VDD_IN 12576mW/12337mW VDD_CPU_GPU_CV 4990mW/4848mW VDD_SOC 2601mW/2559mW
06-13-2026 14:18:20 RAM 3322/7607MB (lfb 31x4MB) SWAP 11/3804MB (cached 0MB) CPU [0%@1510,0%@1510,0%@1510,1%@1510,0%@1510,0%@1510] GR3D_FREQ 99% cpu@64.718C soc2@63.812C soc0@61.406C gpu@66.093C tj@66.093C soc1@62.875C VDD_IN 12576mW/12338mW VDD_CPU_GPU_CV 4990mW/4849mW VDD_SOC 2601mW/2559mW
06-13-2026 14:18:20 RAM 3331/7607MB (lfb 31x4MB) SWAP 11/3804MB (cached 0MB) CPU [14%@1510,15%@1510,9%@1510,15%@1510,7%@1510,4%@1510] GR3D_FREQ 99% cpu@65.281C soc2@63.812C soc0@61.406C gpu@65.906C tj@65.906C soc1@62.968C VDD_IN 12891mW/12342mW VDD_CPU_GPU_CV 5226mW/4852mW VDD_SOC 2601mW/2559mW
06-13-2026 14:18:21 RAM 3323/7607MB (lfb 31x4MB) SWAP 11/3804MB (cached 0MB) CPU [7%@1510,9%@1510,20%@1510,11%@1510,10%@1510,5%@1510] GR3D_FREQ 99% cpu@64.906C soc2@63.75C soc0@61.406C gpu@65.781C tj@65.781C soc1@62.968C VDD_IN 12812mW/12345mW VDD_CPU_GPU_CV 5187mW/4854mW VDD_SOC 2601mW/2559mW
06-13-2026 14:18:21 RAM 3323/7607MB (lfb 31x4MB) SWAP 11/3804MB (cached 0MB) CPU [0%@1510,0%@1510,0%@1510,0%@1510,0%@1510,0%@1510] GR3D_FREQ 99% cpu@64.812C soc2@63.75C soc0@61.343C gpu@65.75C tj@65.75C soc1@62.968C VDD_IN 12655mW/12347mW VDD_CPU_GPU_CV 5029mW/4855mW VDD_SOC 2601mW/2560mW
06-13-2026 14:18:22 RAM 3323/7607MB (lfb 31x4MB) SWAP 11/3804MB (cached 0MB) CPU [0%@1510,0%@1510,0%@1510,0%@1510,0%@1510,0%@1510] GR3D_FREQ 98% cpu@64.812C soc2@63.812C soc0@61.593C gpu@66.125C tj@66.125C soc1@62.937C VDD_IN 12576mW/12349mW VDD_CPU_GPU_CV 4990mW/4856mW VDD_SOC 2601mW/2560mW
06-13-2026 14:18:22 RAM 3323/7607MB (lfb 31x4MB) SWAP 11/3804MB (cached 0MB) CPU [1%@1510,0%@1510,0%@1510,0%@1510,0%@1510,0%@1510] GR3D_FREQ 99% cpu@65.093C soc2@63.812C soc0@61.5C gpu@65.812C tj@65.812C soc1@63C VDD_IN 12576mW/12350mW VDD_CPU_GPU_CV 4990mW/4857mW VDD_SOC 2601mW/2560mW
06-13-2026 14:18:23 RAM 3323/7607MB (lfb 31x4MB) SWAP 11/3804MB (cached 0MB) CPU [0%@1510,0%@1510,0%@1510,0%@1510,0%@1510,0%@1510] GR3D_FREQ 99% cpu@64.875C soc2@63.812C soc0@61.468C gpu@66.031C tj@66.031C soc1@63C VDD_IN 12576mW/12352mW VDD_CPU_GPU_CV 4990mW/4858mW VDD_SOC 2601mW/2560mW
06-13-2026 14:18:23 RAM 3323/7607MB (lfb 31x4MB) SWAP 11/3804MB (cached 0MB) CPU [0%@1510,0%@1510,0%@1510,0%@1510,0%@1510,0%@1510] GR3D_FREQ 99% cpu@64.843C soc2@63.812C soc0@61.406C gpu@65.968C tj@65.968C soc1@63.031C VDD_IN 12576mW/12353mW VDD_CPU_GPU_CV 4990mW/4859mW VDD_SOC 2601mW/2561mW
06-13-2026 14:18:24 RAM 3323/7607MB (lfb 31x4MB) SWAP 11/3804MB (cached 0MB) CPU [0%@1510,0%@1510,0%@1510,0%@1510,0%@1510,0%@1510] GR3D_FREQ 99% cpu@65.062C soc2@63.843C soc0@61.5C gpu@65.843C tj@65.843C soc1@63.031C VDD_IN 12557mW/12354mW VDD_CPU_GPU_CV 4990mW/4859mW VDD_SOC 2601mW/2561mW
06-13-2026 14:18:24 RAM 3330/7607MB (lfb 32x4MB) SWAP 11/3804MB (cached 0MB) CPU [14%@1510,8%@1510,19%@1510,16%@1510,9%@1510,5%@1510] GR3D_FREQ 96% cpu@65.062C soc2@64C soc0@61.625C gpu@65.812C tj@65.812C soc1@63.125C VDD_IN 12931mW/12358mW VDD_CPU_GPU_CV 5304mW/4862mW VDD_SOC 2601mW/2561mW
06-13-2026 14:18:25 RAM 3326/7607MB (lfb 31x4MB) SWAP 11/3804MB (cached 0MB) CPU [30%@1510,2%@1510,3%@1510,2%@1510,4%@1510,6%@1510] GR3D_FREQ 98% cpu@65.031C soc2@63.843C soc0@61.593C gpu@66C tj@66C soc1@63.156C VDD_IN 12812mW/12361mW VDD_CPU_GPU_CV 5187mW/4864mW VDD_SOC 2601mW/2561mW
06-13-2026 14:18:25 RAM 3326/7607MB (lfb 31x4MB) SWAP 11/3804MB (cached 0MB) CPU [0%@1510,0%@1510,0%@1510,0%@1510,0%@1510,0%@1510] GR3D_FREQ 99% cpu@64.906C soc2@63.843C soc0@61.562C gpu@65.937C tj@65.937C soc1@63.125C VDD_IN 12615mW/12362mW VDD_CPU_GPU_CV 5029mW/4865mW VDD_SOC 2601mW/2562mW
06-13-2026 14:18:26 RAM 3326/7607MB (lfb 31x4MB) SWAP 11/3804MB (cached 0MB) CPU [0%@1510,0%@1510,0%@1510,0%@1510,0%@1510,0%@1510] GR3D_FREQ 98% cpu@64.968C soc2@63.875C soc0@61.468C gpu@66.187C tj@66.187C soc1@63.093C VDD_IN 12615mW/12364mW VDD_CPU_GPU_CV 4990mW/4866mW VDD_SOC 2601mW/2562mW
06-13-2026 14:18:26 RAM 3326/7607MB (lfb 31x4MB) SWAP 11/3804MB (cached 0MB) CPU [0%@1510,5%@1510,0%@1510,0%@1510,0%@1510,0%@1510] GR3D_FREQ 99% cpu@64.906C soc2@64C soc0@61.656C gpu@66.062C tj@66.062C soc1@63.125C VDD_IN 12576mW/12365mW VDD_CPU_GPU_CV 4990mW/4867mW VDD_SOC 2601mW/2562mW
06-13-2026 14:18:27 RAM 3326/7607MB (lfb 31x4MB) SWAP 11/3804MB (cached 0MB) CPU [0%@1510,0%@1510,0%@1510,1%@1510,0%@1510,0%@1510] GR3D_FREQ 99% cpu@65.031C soc2@63.937C soc0@61.531C gpu@66C tj@66C soc1@63.25C VDD_IN 12576mW/12366mW VDD_CPU_GPU_CV 4990mW/4868mW VDD_SOC 2601mW/2562mW
06-13-2026 14:18:27 RAM 3326/7607MB (lfb 31x4MB) SWAP 11/3804MB (cached 0MB) CPU [0%@1510,0%@1510,0%@1510,0%@1510,0%@1510,0%@1510] GR3D_FREQ 98% cpu@65C soc2@63.906C soc0@61.656C gpu@65.875C tj@65.875C soc1@63.156C VDD_IN 12576mW/12368mW VDD_CPU_GPU_CV 4990mW/4868mW VDD_SOC 2601mW/2563mW
06-13-2026 14:18:28 RAM 3326/7607MB (lfb 31x4MB) SWAP 11/3804MB (cached 0MB) CPU [0%@1510,1%@1510,1%@1510,0%@1510,0%@1510,0%@1510] GR3D_FREQ 99% cpu@64.968C soc2@63.843C soc0@61.625C gpu@66C tj@66C soc1@63.125C VDD_IN 12596mW/12369mW VDD_CPU_GPU_CV 4990mW/4869mW VDD_SOC 2601mW/2563mW
06-13-2026 14:18:28 RAM 3326/7607MB (lfb 31x4MB) SWAP 11/3804MB (cached 0MB) CPU [0%@1510,0%@1510,0%@1510,0%@1510,0%@1510,0%@1510] GR3D_FREQ 98% cpu@64.968C soc2@64.062C soc0@61.781C gpu@66C tj@66C soc1@63.125C VDD_IN 12576mW/12370mW VDD_CPU_GPU_CV 4990mW/4870mW VDD_SOC 2601mW/2563mW
06-13-2026 14:18:29 RAM 3326/7607MB (lfb 31x4MB) SWAP 11/3804MB (cached 0MB) CPU [0%@1510,0%@1510,1%@1510,0%@1510,0%@1510,0%@1510] GR3D_FREQ 99% cpu@65.156C soc2@64C soc0@61.656C gpu@66.218C tj@66.218C soc1@63.281C VDD_IN 12576mW/12372mW VDD_CPU_GPU_CV 4990mW/4870mW VDD_SOC 2601mW/2563mW
06-13-2026 14:18:29 RAM 3326/7607MB (lfb 31x4MB) SWAP 11/3804MB (cached 0MB) CPU [0%@1510,0%@1510,0%@1510,0%@1510,0%@1510,0%@1510] GR3D_FREQ 99% cpu@65.062C soc2@63.968C soc0@61.625C gpu@66.125C tj@66.125C soc1@63.187C VDD_IN 12576mW/12373mW VDD_CPU_GPU_CV 4990mW/4871mW VDD_SOC 2601mW/2564mW
06-13-2026 14:18:30 RAM 3326/7607MB (lfb 31x4MB) SWAP 11/3804MB (cached 0MB) CPU [0%@1510,0%@1510,0%@1510,0%@1510,0%@1510,0%@1510] GR3D_FREQ 98% cpu@65.031C soc2@64.031C soc0@61.625C gpu@66C tj@66C soc1@63.156C VDD_IN 12576mW/12374mW VDD_CPU_GPU_CV 4990mW/4872mW VDD_SOC 2601mW/2564mW
06-13-2026 14:18:30 RAM 3326/7607MB (lfb 31x4MB) SWAP 11/3804MB (cached 0MB) CPU [4%@1510,0%@1510,0%@1510,3%@1510,0%@1510,0%@1510] GR3D_FREQ 99% cpu@65.031C soc2@64C soc0@61.593C gpu@66.031C tj@66.031C soc1@63.156C VDD_IN 12615mW/12375mW VDD_CPU_GPU_CV 4990mW/4873mW VDD_SOC 2601mW/2564mW
06-13-2026 14:18:31 RAM 3325/7607MB (lfb 31x4MB) SWAP 11/3804MB (cached 0MB) CPU [13%@1510,27%@1510,15%@1510,18%@1510,7%@1510,6%@1510] GR3D_FREQ 99% cpu@65.218C soc2@64.156C soc0@61.687C gpu@66.125C tj@66.125C soc1@63.343C VDD_IN 12812mW/12378mW VDD_CPU_GPU_CV 5187mW/4874mW VDD_SOC 2601mW/2564mW
06-13-2026 14:18:31 RAM 3326/7607MB (lfb 31x4MB) SWAP 11/3804MB (cached 0MB) CPU [0%@1510,1%@1510,0%@1510,0%@1510,0%@1510,0%@1510] GR3D_FREQ 97% cpu@65.125C soc2@64C soc0@61.625C gpu@65.968C tj@65.968C soc1@63.281C VDD_IN 12655mW/12380mW VDD_CPU_GPU_CV 5029mW/4875mW VDD_SOC 2601mW/2564mW
06-13-2026 14:18:32 RAM 3326/7607MB (lfb 31x4MB) SWAP 11/3804MB (cached 0MB) CPU [0%@1510,4%@1510,0%@1510,0%@1510,0%@1510,0%@1510] GR3D_FREQ 99% cpu@65.093C soc2@64.093C soc0@61.718C gpu@66.281C tj@66.281C soc1@63.218C VDD_IN 12615mW/12381mW VDD_CPU_GPU_CV 4990mW/4876mW VDD_SOC 2601mW/2565mW
06-13-2026 14:18:32 RAM 3327/7607MB (lfb 31x4MB) SWAP 11/3804MB (cached 0MB) CPU [8%@1510,6%@1510,0%@1510,2%@1510,0%@1510,0%@1510] GR3D_FREQ 99% cpu@65.093C soc2@64.062C soc0@61.656C gpu@66.156C tj@66.156C soc1@63.218C VDD_IN 12655mW/12382mW VDD_CPU_GPU_CV 5069mW/4877mW VDD_SOC 2601mW/2565mW
06-13-2026 14:18:33 RAM 3361/7607MB (lfb 32x4MB) SWAP 11/3804MB (cached 0MB) CPU [32%@1510,24%@1510,67%@1510,20%@1510,10%@1510,42%@1510] GR3D_FREQ 99% cpu@65.656C soc2@64.25C soc0@61.843C gpu@66.312C tj@66.312C soc1@63.375C VDD_IN 13364mW/12388mW VDD_CPU_GPU_CV 5649mW/4881mW VDD_SOC 2637mW/2565mW
06-13-2026 14:18:33 RAM 3359/7607MB (lfb 32x4MB) SWAP 11/3804MB (cached 0MB) CPU [48%@1510,41%@1510,32%@1510,40%@1510,10%@1510,6%@1510] GR3D_FREQ 99% cpu@65.468C soc2@64.281C soc0@61.843C gpu@66.25C tj@66.25C soc1@63.343C VDD_IN 13443mW/12394mW VDD_CPU_GPU_CV 5727mW/4886mW VDD_SOC 2637mW/2566mW
06-13-2026 14:18:34 RAM 3344/7607MB (lfb 32x4MB) SWAP 11/3804MB (cached 0MB) CPU [44%@1510,20%@1510,21%@1510,19%@1510,0%@1510,1%@1510] GR3D_FREQ 97% cpu@65.468C soc2@64.25C soc0@61.781C gpu@66.25C tj@66.25C soc1@63.312C VDD_IN 13207mW/12399mW VDD_CPU_GPU_CV 5531mW/4890mW VDD_SOC 2637mW/2566mW
06-13-2026 14:18:34 RAM 3367/7607MB (lfb 32x4MB) SWAP 11/3804MB (cached 0MB) CPU [2%@1510,86%@1510,9%@1510,3%@1510,0%@1510,0%@1510] GR3D_FREQ 99% cpu@65.531C soc2@64.187C soc0@61.781C gpu@66.187C tj@66.187C soc1@63.375C VDD_IN 13128mW/12403mW VDD_CPU_GPU_CV 5462mW/4893mW VDD_SOC 2597mW/2566mW
06-13-2026 14:18:35 RAM 3382/7607MB (lfb 32x4MB) SWAP 11/3804MB (cached 0MB) CPU [5%@1510,42%@1510,0%@1510,43%@1510,0%@1510,0%@1510] GR3D_FREQ 99% cpu@65.687C soc2@64.125C soc0@61.968C gpu@66.187C tj@66.187C soc1@63.343C VDD_IN 13009mW/12406mW VDD_CPU_GPU_CV 5344mW/4896mW VDD_SOC 2601mW/2566mW
06-13-2026 14:18:35 RAM 3403/7607MB (lfb 31x4MB) SWAP 11/3804MB (cached 0MB) CPU [0%@1510,50%@1510,0%@1510,48%@1510,0%@1510,0%@1510] GR3D_FREQ 99% cpu@65.375C soc2@64.281C soc0@61.906C gpu@66.218C tj@66.218C soc1@63.5C VDD_IN 13049mW/12410mW VDD_CPU_GPU_CV 5422mW/4898mW VDD_SOC 2637mW/2567mW
06-13-2026 14:18:36 RAM 3412/7607MB (lfb 31x4MB) SWAP 11/3804MB (cached 0MB) CPU [0%@1510,66%@1510,0%@1510,29%@1510,0%@1510,0%@1510] GR3D_FREQ 97% cpu@65.531C soc2@64.25C soc0@61.875C gpu@66.437C tj@66.437C soc1@63.437C VDD_IN 13088mW/12413mW VDD_CPU_GPU_CV 5383mW/4901mW VDD_SOC 2637mW/2567mW
06-13-2026 14:18:36 RAM 3411/7607MB (lfb 32x4MB) SWAP 11/3804MB (cached 0MB) CPU [38%@1510,11%@1510,2%@1510,49%@1510,0%@1510,0%@1510] GR3D_FREQ 99% cpu@65.468C soc2@64.312C soc0@61.843C gpu@66.375C tj@66.375C soc1@63.406C VDD_IN 13207mW/12418mW VDD_CPU_GPU_CV 5422mW/4904mW VDD_SOC 2676mW/2568mW
06-13-2026 14:18:37 RAM 3411/7607MB (lfb 32x4MB) SWAP 11/3804MB (cached 0MB) CPU [100%@1510,0%@1510,1%@1510,0%@1510,0%@1510,0%@1510] GR3D_FREQ 99% cpu@65.25C soc2@64.312C soc0@61.875C gpu@66.531C tj@66.531C soc1@63.343C VDD_IN 13049mW/12421mW VDD_CPU_GPU_CV 5344mW/4906mW VDD_SOC 2637mW/2568mW
06-13-2026 14:18:37 RAM 3411/7607MB (lfb 32x4MB) SWAP 11/3804MB (cached 0MB) CPU [100%@1510,1%@1510,0%@1510,0%@1510,0%@1510,0%@1510] GR3D_FREQ 98% cpu@65.343C soc2@64.343C soc0@62.125C gpu@66.343C tj@66.343C soc1@63.343C VDD_IN 13049mW/12424mW VDD_CPU_GPU_CV 5344mW/4909mW VDD_SOC 2637mW/2569mW
06-13-2026 14:18:38 RAM 3413/7607MB (lfb 32x4MB) SWAP 11/3804MB (cached 0MB) CPU [100%@1510,0%@1510,0%@1510,0%@1510,0%@1510,0%@1510] GR3D_FREQ 99% cpu@65.5C soc2@64.312C soc0@62C gpu@66.25C tj@66.25C soc1@63.5C VDD_IN 13009mW/12428mW VDD_CPU_GPU_CV 5265mW/4911mW VDD_SOC 2641mW/2569mW
06-13-2026 14:18:38 RAM 3419/7607MB (lfb 31x4MB) SWAP 11/3804MB (cached 0MB) CPU [80%@1510,0%@1510,1%@1510,19%@1510,0%@1510,0%@1510] GR3D_FREQ 99% cpu@65.468C soc2@64.343C soc0@61.875C gpu@66.25C tj@66.25C soc1@63.5C VDD_IN 13009mW/12431mW VDD_CPU_GPU_CV 5304mW/4913mW VDD_SOC 2637mW/2569mW
06-13-2026 14:18:39 RAM 3427/7607MB (lfb 32x4MB) SWAP 11/3804MB (cached 0MB) CPU [0%@1510,0%@1510,0%@1510,100%@1510,0%@1510,0%@1510] GR3D_FREQ 99% cpu@65.437C soc2@64.281C soc0@61.906C gpu@66.343C tj@66.343C soc1@63.437C VDD_IN 13009mW/12434mW VDD_CPU_GPU_CV 5304mW/4915mW VDD_SOC 2637mW/2570mW
06-13-2026 14:18:39 RAM 3432/7607MB (lfb 32x4MB) SWAP 11/3804MB (cached 0MB) CPU [11%@1510,1%@1510,20%@1510,69%@1510,0%@1510,0%@1510] GR3D_FREQ 99% cpu@65.437C soc2@64.25C soc0@61.875C gpu@66.25C tj@66.25C soc1@63.437C VDD_IN 13049mW/12437mW VDD_CPU_GPU_CV 5344mW/4917mW VDD_SOC 2637mW/2570mW
06-13-2026 14:18:40 RAM 3434/7607MB (lfb 32x4MB) SWAP 11/3804MB (cached 0MB) CPU [10%@1510,0%@1510,58%@1510,30%@1510,0%@1510,0%@1510] GR3D_FREQ 99% cpu@65.562C soc2@64.375C soc0@62.031C gpu@66.5C tj@66.5C soc1@63.625C VDD_IN 13088mW/12440mW VDD_CPU_GPU_CV 5422mW/4920mW VDD_SOC 2637mW/2570mW
06-13-2026 14:18:40 RAM 3434/7607MB (lfb 32x4MB) SWAP 11/3804MB (cached 0MB) CPU [16%@1510,0%@1510,46%@1510,38%@1510,0%@1510,2%@1510] GR3D_FREQ 99% cpu@65.468C soc2@64.281C soc0@62C gpu@66.5C tj@66.5C soc1@63.5C VDD_IN 13167mW/12444mW VDD_CPU_GPU_CV 5462mW/4923mW VDD_SOC 2637mW/2571mW
06-13-2026 14:18:41 RAM 3434/7607MB (lfb 32x4MB) SWAP 11/3804MB (cached 0MB) CPU [17%@1510,0%@1510,28%@1510,56%@1510,0%@1510,0%@1510] GR3D_FREQ 97% cpu@65.531C soc2@64.375C soc0@61.906C gpu@66.5C tj@66.5C soc1@63.531C VDD_IN 13128mW/12448mW VDD_CPU_GPU_CV 5462mW/4925mW VDD_SOC 2637mW/2571mW
06-13-2026 14:18:41 RAM 3434/7607MB (lfb 32x4MB) SWAP 11/3804MB (cached 0MB) CPU [13%@1510,1%@1510,64%@1510,20%@1510,0%@1510,0%@1510] GR3D_FREQ 99% cpu@65.437C soc2@64.343C soc0@61.906C gpu@66.468C tj@66.468C soc1@63.5C VDD_IN 13128mW/12451mW VDD_CPU_GPU_CV 5462mW/4928mW VDD_SOC 2637mW/2571mW
06-13-2026 14:18:42 RAM 3346/7607MB (lfb 33x4MB) SWAP 11/3804MB (cached 0MB) CPU [8%@1510,0%@1510,89%@1510,1%@1510,0%@1510,0%@1510] GR3D_FREQ 99% cpu@65.718C soc2@64.437C soc0@62.093C gpu@66.406C tj@66.406C soc1@63.5C VDD_IN 13088mW/12455mW VDD_CPU_GPU_CV 5462mW/4931mW VDD_SOC 2637mW/2572mW
06-13-2026 14:18:42 RAM 3371/7607MB (lfb 31x4MB) SWAP 11/3804MB (cached 0MB) CPU [0%@1510,1%@1510,100%@1510,0%@1510,0%@1510,0%@1510] GR3D_FREQ 99% cpu@65.406C soc2@64.468C soc0@62C gpu@66.406C tj@66.406C soc1@63.625C VDD_IN 13088mW/12458mW VDD_CPU_GPU_CV 5422mW/4933mW VDD_SOC 2637mW/2572mW
06-13-2026 14:18:43 RAM 3397/7607MB (lfb 31x4MB) SWAP 11/3804MB (cached 0MB) CPU [0%@1510,1%@1510,100%@1510,0%@1510,0%@1510,0%@1510] GR3D_FREQ 97% cpu@65.531C soc2@64.531C soc0@62.062C gpu@66.406C tj@66.406C soc1@63.593C VDD_IN 13088mW/12461mW VDD_CPU_GPU_CV 5422mW/4936mW VDD_SOC 2637mW/2572mW
06-13-2026 14:18:43 RAM 3405/7607MB (lfb 31x4MB) SWAP 11/3804MB (cached 0MB) CPU [0%@1510,0%@1510,100%@1510,0%@1510,0%@1510,0%@1510] GR3D_FREQ 99% cpu@65.531C soc2@64.5C soc0@62.093C gpu@66.781C tj@66.781C soc1@63.5C VDD_IN 13088mW/12464mW VDD_CPU_GPU_CV 5422mW/4938mW VDD_SOC 2637mW/2573mW
06-13-2026 14:18:44 RAM 3339/7607MB (lfb 33x4MB) SWAP 11/3804MB (cached 0MB) CPU [2%@1510,0%@1510,94%@1510,2%@1510,0%@1510,0%@1510] GR3D_FREQ 99% cpu@65.5C soc2@64.562C soc0@62C gpu@66.656C tj@66.656C soc1@63.5C VDD_IN 13207mW/12468mW VDD_CPU_GPU_CV 5462mW/4941mW VDD_SOC 2637mW/2573mW
06-13-2026 14:18:44 RAM 3339/7607MB (lfb 33x4MB) SWAP 11/3804MB (cached 0MB) CPU [1%@1510,0%@1510,100%@1510,0%@1510,0%@1510,0%@1510] GR3D_FREQ 97% cpu@65.5C soc2@64.562C soc0@62.031C gpu@66.5C tj@66.5C soc1@63.687C VDD_IN 13049mW/12471mW VDD_CPU_GPU_CV 5344mW/4943mW VDD_SOC 2637mW/2573mW
06-13-2026 14:18:45 RAM 3339/7607MB (lfb 33x4MB) SWAP 11/3804MB (cached 0MB) CPU [0%@1510,3%@1510,100%@1510,0%@1510,0%@1510,0%@1510] GR3D_FREQ 99% cpu@65.656C soc2@64.406C soc0@62.125C gpu@66.687C tj@66.687C soc1@63.625C VDD_IN 13009mW/12474mW VDD_CPU_GPU_CV 5265mW/4945mW VDD_SOC 2637mW/2574mW
06-13-2026 14:18:45 RAM 3339/7607MB (lfb 33x4MB) SWAP 11/3804MB (cached 0MB) CPU [0%@1510,1%@1510,100%@1510,0%@1510,0%@1510,0%@1510] GR3D_FREQ 99% cpu@65.5C soc2@64.5C soc0@62.125C gpu@66.593C tj@66.593C soc1@63.593C VDD_IN 12931mW/12476mW VDD_CPU_GPU_CV 5265mW/4946mW VDD_SOC 2637mW/2574mW
06-13-2026 14:18:46 RAM 3348/7607MB (lfb 33x4MB) SWAP 11/3804MB (cached 0MB) CPU [38%@1510,0%@1510,34%@1510,1%@1510,0%@1510,0%@1510] GR3D_FREQ 97% cpu@65.593C soc2@64.531C soc0@62.093C gpu@66.437C tj@66.437C soc1@63.593C VDD_IN 12931mW/12478mW VDD_CPU_GPU_CV 5226mW/4948mW VDD_SOC 2637mW/2574mW
06-13-2026 14:18:46 RAM 3353/7607MB (lfb 33x4MB) SWAP 11/3804MB (cached 0MB) CPU [36%@1510,0%@1510,0%@1510,0%@1510,46%@1510,31%@1510] GR3D_FREQ 99% cpu@65.562C soc2@64.437C soc0@62.25C gpu@66.75C tj@66.75C soc1@63.593C VDD_IN 13009mW/12481mW VDD_CPU_GPU_CV 5344mW/4950mW VDD_SOC 2637mW/2575mW
06-13-2026 14:18:47 RAM 3349/7607MB (lfb 33x4MB) SWAP 11/3804MB (cached 0MB) CPU [24%@1510,0%@1510,0%@1510,0%@1510,0%@1510,67%@1510] GR3D_FREQ 99% cpu@65.781C soc2@64.562C soc0@62.187C gpu@66.531C tj@66.531C soc1@63.75C VDD_IN 13009mW/12483mW VDD_CPU_GPU_CV 5344mW/4952mW VDD_SOC 2637mW/2575mW
06-13-2026 14:18:47 RAM 3350/7607MB (lfb 33x4MB) SWAP 11/3804MB (cached 0MB) CPU [69%@1510,3%@1510,3%@1510,8%@1510,0%@1510,18%@1510] GR3D_FREQ 96% cpu@65.687C soc2@64.562C soc0@62.125C gpu@66.781C tj@66.781C soc1@63.625C VDD_IN 13088mW/12486mW VDD_CPU_GPU_CV 5383mW/4954mW VDD_SOC 2637mW/2575mW
06-13-2026 14:18:48 RAM 3388/7607MB (lfb 33x4MB) SWAP 11/3804MB (cached 0MB) CPU [25%@1510,22%@1510,40%@1510,1%@1510,1%@1510,0%@1510] GR3D_FREQ 97% cpu@65.781C soc2@64.562C soc0@62.093C gpu@66.718C tj@66.718C soc1@63.656C VDD_IN 13049mW/12489mW VDD_CPU_GPU_CV 5383mW/4956mW VDD_SOC 2637mW/2576mW
06-13-2026 14:18:48 RAM 3388/7607MB (lfb 33x4MB) SWAP 11/3804MB (cached 0MB) CPU [3%@1510,1%@1510,68%@1510,3%@1510,78%@1510,4%@1510] GR3D_FREQ 99% cpu@65.75C soc2@64.656C soc0@62.156C gpu@66.562C tj@66.562C soc1@63.75C VDD_IN 13167mW/12492mW VDD_CPU_GPU_CV 5462mW/4958mW VDD_SOC 2637mW/2576mW
06-13-2026 14:18:49 RAM 3357/7607MB (lfb 33x4MB) SWAP 11/3804MB (cached 0MB) CPU [41%@1510,7%@1510,29%@1510,7%@1510,0%@1510,2%@1510] GR3D_FREQ 99% cpu@65.781C soc2@64.687C soc0@62.156C gpu@66.75C tj@66.75C soc1@63.687C VDD_IN 13088mW/12495mW VDD_CPU_GPU_CV 5422mW/4960mW VDD_SOC 2637mW/2576mW
06-13-2026 14:18:49 RAM 3363/7607MB (lfb 33x4MB) SWAP 11/3804MB (cached 0MB) CPU [6%@1510,6%@1510,76%@1510,8%@1510,24%@1510,3%@1510] GR3D_FREQ 96% cpu@65.937C soc2@64.656C soc0@62.187C gpu@66.625C tj@66.625C soc1@63.812C VDD_IN 13207mW/12499mW VDD_CPU_GPU_CV 5531mW/4963mW VDD_SOC 2637mW/2576mW
06-13-2026 14:18:50 RAM 3368/7607MB (lfb 33x4MB) SWAP 11/3804MB (cached 0MB) CPU [66%@1510,5%@1510,8%@1510,7%@1510,26%@1510,6%@1510] GR3D_FREQ 99% cpu@65.75C soc2@64.75C soc0@62.156C gpu@66.531C tj@66.531C soc1@63.812C VDD_IN 13167mW/12502mW VDD_CPU_GPU_CV 5531mW/4966mW VDD_SOC 2597mW/2577mW
06-13-2026 14:18:50 RAM 3457/7607MB (lfb 32x4MB) SWAP 11/3804MB (cached 0MB) CPU [38%@1510,57%@1510,26%@1510,23%@1510,54%@1510,20%@1510] GR3D_FREQ 99% cpu@66.031C soc2@64.75C soc0@62.187C gpu@66.687C tj@66.687C soc1@63.75C VDD_IN 13579mW/12507mW VDD_CPU_GPU_CV 5845mW/4970mW VDD_SOC 2637mW/2577mW
06-13-2026 14:18:51 RAM 3424/7607MB (lfb 32x4MB) SWAP 11/3804MB (cached 0MB) CPU [5%@1510,20%@1510,72%@1510,6%@1510,100%@1510,0%@1510] GR3D_FREQ 97% cpu@65.843C soc2@64.718C soc0@62.281C gpu@66.625C tj@66.625C soc1@63.812C VDD_IN 13579mW/12512mW VDD_CPU_GPU_CV 5884mW/4974mW VDD_SOC 2637mW/2577mW
06-13-2026 14:18:51 RAM 3424/7607MB (lfb 32x4MB) SWAP 11/3804MB (cached 0MB) CPU [1%@1510,0%@1510,100%@1510,0%@1510,94%@1510,0%@1510] GR3D_FREQ 99% cpu@65.906C soc2@64.781C soc0@62.312C gpu@66.906C tj@66.906C soc1@63.843C VDD_IN 13522mW/12517mW VDD_CPU_GPU_CV 5767mW/4978mW VDD_SOC 2637mW/2577mW
06-13-2026 14:18:52 RAM 3427/7607MB (lfb 32x4MB) SWAP 11/3804MB (cached 0MB) CPU [19%@1510,13%@1510,100%@1510,10%@1510,76%@1510,0%@1510] GR3D_FREQ 99% cpu@66.031C soc2@64.781C soc0@62.343C gpu@66.781C tj@66.781C soc1@63.843C VDD_IN 13579mW/12522mW VDD_CPU_GPU_CV 5845mW/4982mW VDD_SOC 2637mW/2578mW
06-13-2026 14:18:52 RAM 1938/7607MB (lfb 86x4MB) SWAP 11/3804MB (cached 0MB) CPU [34%@1510,85%@1510,100%@1510,26%@1510,45%@1510,72%@1510] GR3D_FREQ 0% cpu@66.062C soc2@64.5C soc0@62.187C gpu@65.718C tj@66.062C soc1@63.812C VDD_IN 9888mW/12509mW VDD_CPU_GPU_CV 3627mW/4976mW VDD_SOC 2053mW/2575mW
