Warning: You are sending unauthenticated requests to the HF Hub. Please set a HF_TOKEN to enable higher rate limits and faster downloads.
[transformers] Model config: pad_token_id must be `None` or an integer within the vocabulary (between 0 and 31999), got 128002. This may result in unexpected behavior.
[transformers] You are using a model of type `idefics3` to instantiate a model of type `smolvlm`. This may be expected if you are loading a checkpoint that shares a subset of the architecture (e.g., loading a `sam2_video` checkpoint into `Sam2Model`), but is otherwise not supported and can yield errors. Please verify that the checkpoint is compatible with the model you are instantiating.
[train] device: cuda | effective batch: 16
[train] loading processor...
[train] loading model...
Loading weights:   0%|          | 0/489 [00:00<?, ?it/s]Loading weights: 100%|██████████| 489/489 [00:00<00:00, 12376.91it/s]
trainable params: 4,161,536 || all params: 511,643,840 || trainable%: 0.8134
[dataset] loading RefDrone 'train' from /home/gara/.cache/huggingface/hub/datasets--sunzc-sunny--RefDrone/snapshots/ac85a66e1731c3f06749b475a19f5fb25e2622cc/RefDrone_train_mdetr.json
[dataset] 46874 non-empty annotations
[dataset] 46874 samples loaded, 0 images not found
[dataset] loading RefDrone 'val' from /home/gara/.cache/huggingface/hub/datasets--sunzc-sunny--RefDrone/snapshots/ac85a66e1731c3f06749b475a19f5fb25e2622cc/RefDrone_val_mdetr.json
[dataset] 4734 non-empty annotations
[dataset] 200 samples loaded, 0 images not found
  E1 step 0/23437  loss=1.7110  lr=2.00e-04  3s
  E1 step 50/23437  loss=1.1171  lr=2.00e-04  69s
  E1 step 100/23437  loss=0.8574  lr=2.00e-04  136s
  E1 step 150/23437  loss=0.8801  lr=2.00e-04  203s
  E1 step 200/23437  loss=1.0403  lr=2.00e-04  270s
  E1 step 250/23437  loss=0.9155  lr=2.00e-04  339s
  E1 step 300/23437  loss=0.9074  lr=2.00e-04  407s
  E1 step 350/23437  loss=0.9600  lr=2.00e-04  475s
  E1 step 400/23437  loss=0.8182  lr=2.00e-04  542s
  E1 step 450/23437  loss=0.8573  lr=2.00e-04  609s
  E1 step 500/23437  loss=1.0882  lr=2.00e-04  676s
  E1 step 550/23437  loss=0.9686  lr=2.00e-04  744s
  E1 step 600/23437  loss=0.9471  lr=2.00e-04  811s
  E1 step 650/23437  loss=0.9949  lr=2.00e-04  879s
  E1 step 700/23437  loss=0.9030  lr=2.00e-04  947s
  E1 step 750/23437  loss=0.9391  lr=2.00e-04  1014s
  E1 step 800/23437  loss=0.8523  lr=1.99e-04  1082s
  E1 step 850/23437  loss=0.7786  lr=1.99e-04  1149s
  E1 step 900/23437  loss=0.8820  lr=1.99e-04  1217s
  E1 step 950/23437  loss=1.0106  lr=1.99e-04  1284s
  E1 step 1000/23437  loss=0.9103  lr=1.99e-04  1352s
  E1 step 1050/23437  loss=0.8633  lr=1.99e-04  1418s
  E1 step 1100/23437  loss=0.8748  lr=1.99e-04  1484s
  E1 step 1150/23437  loss=0.8209  lr=1.99e-04  1550s
  E1 step 1200/23437  loss=0.8507  lr=1.99e-04  1617s
  E1 step 1250/23437  loss=1.0047  lr=1.99e-04  1683s
  E1 step 1300/23437  loss=0.8560  lr=1.98e-04  1750s
  E1 step 1350/23437  loss=0.9141  lr=1.98e-04  1816s
  E1 step 1400/23437  loss=0.9944  lr=1.98e-04  1883s
  E1 step 1450/23437  loss=1.0325  lr=1.98e-04  1949s
  E1 step 1500/23437  loss=0.9202  lr=1.98e-04  2016s
  E1 step 1550/23437  loss=0.9257  lr=1.98e-04  2082s
  E1 step 1600/23437  loss=0.9557  lr=1.98e-04  2149s
  E1 step 1650/23437  loss=0.8285  lr=1.98e-04  2216s
  E1 step 1700/23437  loss=0.8580  lr=1.97e-04  2282s
  E1 step 1750/23437  loss=0.9056  lr=1.97e-04  2349s
  E1 step 1800/23437  loss=0.8673  lr=1.97e-04  2416s
  E1 step 1850/23437  loss=0.8961  lr=1.97e-04  2483s
  E1 step 1900/23437  loss=0.8832  lr=1.97e-04  2550s
  E1 step 1950/23437  loss=0.8696  lr=1.97e-04  2617s
  E1 step 2000/23437  loss=0.8764  lr=1.96e-04  2686s
  E1 step 2050/23437  loss=0.8271  lr=1.96e-04  2754s
  E1 step 2100/23437  loss=0.8157  lr=1.96e-04  2822s
  E1 step 2150/23437  loss=0.8735  lr=1.96e-04  2890s
  E1 step 2200/23437  loss=0.9233  lr=1.96e-04  2959s
  E1 step 2250/23437  loss=0.7934  lr=1.95e-04  3027s
  E1 step 2300/23437  loss=0.8722  lr=1.95e-04  3095s
  E1 step 2350/23437  loss=0.7118  lr=1.95e-04  3163s
  E1 step 2400/23437  loss=0.8768  lr=1.95e-04  3231s
  E1 step 2450/23437  loss=0.8513  lr=1.95e-04  3299s
  E1 step 2500/23437  loss=0.9248  lr=1.94e-04  3367s
  E1 step 2550/23437  loss=0.8867  lr=1.94e-04  3435s
  E1 step 2600/23437  loss=0.8423  lr=1.94e-04  3503s
  E1 step 2650/23437  loss=0.8024  lr=1.94e-04  3571s
  E1 step 2700/23437  loss=0.7970  lr=1.94e-04  3640s
  E1 step 2750/23437  loss=0.8011  lr=1.93e-04  3707s
  E1 step 2800/23437  loss=0.8680  lr=1.93e-04  3776s
  E1 step 2850/23437  loss=0.7348  lr=1.93e-04  3844s
  E1 step 2900/23437  loss=0.8241  lr=1.93e-04  3912s
  E1 step 2950/23437  loss=0.7684  lr=1.92e-04  3981s
  E1 step 3000/23437  loss=0.9887  lr=1.92e-04  4048s
  E1 step 3050/23437  loss=0.8452  lr=1.92e-04  4116s
  E1 step 3100/23437  loss=0.8879  lr=1.92e-04  4184s
  E1 step 3150/23437  loss=0.8873  lr=1.91e-04  4252s
  E1 step 3200/23437  loss=0.9984  lr=1.91e-04  4320s
  E1 step 3250/23437  loss=0.9367  lr=1.91e-04  4388s
  E1 step 3300/23437  loss=0.9244  lr=1.90e-04  4456s
  E1 step 3350/23437  loss=0.7313  lr=1.90e-04  4524s
  E1 step 3400/23437  loss=0.7816  lr=1.90e-04  4592s
  E1 step 3450/23437  loss=0.8322  lr=1.90e-04  4659s
  E1 step 3500/23437  loss=0.7447  lr=1.89e-04  4727s
  E1 step 3550/23437  loss=0.8220  lr=1.89e-04  4795s
  E1 step 3600/23437  loss=0.8295  lr=1.89e-04  4863s
  E1 step 3650/23437  loss=0.9530  lr=1.88e-04  4931s
  E1 step 3700/23437  loss=0.8165  lr=1.88e-04  5000s
  E1 step 3750/23437  loss=0.9523  lr=1.88e-04  5067s
  E1 step 3800/23437  loss=1.0161  lr=1.87e-04  5135s
  E1 step 3850/23437  loss=1.0583  lr=1.87e-04  5203s
  E1 step 3900/23437  loss=0.9071  lr=1.87e-04  5271s
  E1 step 3950/23437  loss=0.7842  lr=1.86e-04  5339s
  E1 step 4000/23437  loss=0.8797  lr=1.86e-04  5407s
  E1 step 4050/23437  loss=0.8542  lr=1.86e-04  5474s
  E1 step 4100/23437  loss=0.9022  lr=1.85e-04  5542s
  E1 step 4150/23437  loss=0.7804  lr=1.85e-04  5610s
  E1 step 4200/23437  loss=0.8060  lr=1.85e-04  5678s
  E1 step 4250/23437  loss=0.9045  lr=1.84e-04  5746s
  E1 step 4300/23437  loss=0.8836  lr=1.84e-04  5813s
  E1 step 4350/23437  loss=0.8773  lr=1.84e-04  5882s
  E1 step 4400/23437  loss=0.9430  lr=1.83e-04  5950s
  E1 step 4450/23437  loss=0.9228  lr=1.83e-04  6017s
  E1 step 4500/23437  loss=0.8836  lr=1.82e-04  6085s
  E1 step 4550/23437  loss=0.9399  lr=1.82e-04  6153s
  E1 step 4600/23437  loss=0.8764  lr=1.82e-04  6221s
  E1 step 4650/23437  loss=0.7999  lr=1.81e-04  6290s
  E1 step 4700/23437  loss=0.8978  lr=1.81e-04  6358s
  E1 step 4750/23437  loss=1.0954  lr=1.80e-04  6425s
  E1 step 4800/23437  loss=1.0270  lr=1.80e-04  6493s
  E1 step 4850/23437  loss=0.9204  lr=1.80e-04  6560s
  E1 step 4900/23437  loss=0.7632  lr=1.79e-04  6627s
  E1 step 4950/23437  loss=0.7112  lr=1.79e-04  6694s
  E1 step 5000/23437  loss=1.0876  lr=1.78e-04  6762s
  E1 step 5050/23437  loss=0.7993  lr=1.78e-04  6829s
  E1 step 5100/23437  loss=0.8902  lr=1.78e-04  6897s
  E1 step 5150/23437  loss=0.7130  lr=1.77e-04  6964s
  E1 step 5200/23437  loss=0.7970  lr=1.77e-04  7032s
  E1 step 5250/23437  loss=0.9997  lr=1.76e-04  7099s
  E1 step 5300/23437  loss=0.9542  lr=1.76e-04  7167s
  E1 step 5350/23437  loss=0.7832  lr=1.75e-04  7234s
  E1 step 5400/23437  loss=0.8289  lr=1.75e-04  7302s
  E1 step 5450/23437  loss=0.7455  lr=1.74e-04  7369s
  E1 step 5500/23437  loss=0.8458  lr=1.74e-04  7437s
  E1 step 5550/23437  loss=0.8940  lr=1.74e-04  7504s
  E1 step 5600/23437  loss=1.0470  lr=1.73e-04  7572s
  E1 step 5650/23437  loss=0.8502  lr=1.73e-04  7640s
  E1 step 5700/23437  loss=0.8535  lr=1.72e-04  7708s
  E1 step 5750/23437  loss=0.9576  lr=1.72e-04  7776s
  E1 step 5800/23437  loss=0.8492  lr=1.71e-04  7843s
  E1 step 5850/23437  loss=1.0187  lr=1.71e-04  7910s
  E1 step 5900/23437  loss=0.8503  lr=1.70e-04  7978s
  E1 step 5950/23437  loss=0.8094  lr=1.70e-04  8046s
  E1 step 6000/23437  loss=0.8427  lr=1.69e-04  8114s
  E1 step 6050/23437  loss=0.7829  lr=1.69e-04  8182s
  E1 step 6100/23437  loss=0.9068  lr=1.68e-04  8249s
  E1 step 6150/23437  loss=0.8484  lr=1.68e-04  8317s
  E1 step 6200/23437  loss=0.8582  lr=1.67e-04  8384s
  E1 step 6250/23437  loss=1.0103  lr=1.67e-04  8452s
  E1 step 6300/23437  loss=0.9271  lr=1.66e-04  8519s
  E1 step 6350/23437  loss=0.7982  lr=1.66e-04  8587s
  E1 step 6400/23437  loss=0.8745  lr=1.65e-04  8654s
  E1 step 6450/23437  loss=0.8268  lr=1.65e-04  8722s
  E1 step 6500/23437  loss=0.9059  lr=1.64e-04  8789s
  E1 step 6550/23437  loss=0.8410  lr=1.64e-04  8856s
  E1 step 6600/23437  loss=0.8926  lr=1.63e-04  8924s
  E1 step 6650/23437  loss=0.8440  lr=1.63e-04  8991s
  E1 step 6700/23437  loss=0.7440  lr=1.62e-04  9059s
  E1 step 6750/23437  loss=0.7960  lr=1.62e-04  9126s
  E1 step 6800/23437  loss=0.9138  lr=1.61e-04  9194s
  E1 step 6850/23437  loss=0.9457  lr=1.61e-04  9262s
  E1 step 6900/23437  loss=1.0059  lr=1.60e-04  9329s
  E1 step 6950/23437  loss=0.8357  lr=1.60e-04  9397s
  E1 step 7000/23437  loss=0.7974  lr=1.59e-04  9465s
  E1 step 7050/23437  loss=0.9262  lr=1.59e-04  9533s
  E1 step 7100/23437  loss=0.6386  lr=1.58e-04  9600s
  E1 step 7150/23437  loss=0.9202  lr=1.58e-04  9667s
  E1 step 7200/23437  loss=0.8105  lr=1.57e-04  9734s
  E1 step 7250/23437  loss=0.7991  lr=1.56e-04  9801s
  E1 step 7300/23437  loss=0.8436  lr=1.56e-04  9868s
  E1 step 7350/23437  loss=0.7922  lr=1.55e-04  9934s
  E1 step 7400/23437  loss=0.8261  lr=1.55e-04  10000s
  E1 step 7450/23437  loss=0.7604  lr=1.54e-04  10068s
  E1 step 7500/23437  loss=0.8061  lr=1.54e-04  10135s
  E1 step 7550/23437  loss=0.8310  lr=1.53e-04  10202s
  E1 step 7600/23437  loss=1.0030  lr=1.52e-04  10269s
  E1 step 7650/23437  loss=0.7587  lr=1.52e-04  10337s
  E1 step 7700/23437  loss=0.8258  lr=1.51e-04  10404s
  E1 step 7750/23437  loss=0.9975  lr=1.51e-04  10472s
  E1 step 7800/23437  loss=0.7892  lr=1.50e-04  10538s
  E1 step 7850/23437  loss=0.8708  lr=1.50e-04  10606s
  E1 step 7900/23437  loss=0.7704  lr=1.49e-04  10673s
  E1 step 7950/23437  loss=0.8900  lr=1.48e-04  10740s
  E1 step 8000/23437  loss=0.8201  lr=1.48e-04  10808s
  E1 step 8050/23437  loss=0.8031  lr=1.47e-04  10875s
  E1 step 8100/23437  loss=0.8685  lr=1.47e-04  10943s
  E1 step 8150/23437  loss=0.7282  lr=1.46e-04  11011s
  E1 step 8200/23437  loss=0.8693  lr=1.45e-04  11079s
  E1 step 8250/23437  loss=0.8459  lr=1.45e-04  11147s
  E1 step 8300/23437  loss=0.9435  lr=1.44e-04  11215s
  E1 step 8350/23437  loss=0.7873  lr=1.44e-04  11284s
  E1 step 8400/23437  loss=0.7835  lr=1.43e-04  11353s
  E1 step 8450/23437  loss=0.7842  lr=1.42e-04  11422s
  E1 step 8500/23437  loss=0.7918  lr=1.42e-04  11491s
  E1 step 8550/23437  loss=0.8045  lr=1.41e-04  11560s
  E1 step 8600/23437  loss=0.8332  lr=1.41e-04  11630s
  E1 step 8650/23437  loss=0.7359  lr=1.40e-04  11699s
  E1 step 8700/23437  loss=0.9747  lr=1.39e-04  11769s
  E1 step 8750/23437  loss=0.8071  lr=1.39e-04  11838s
  E1 step 8800/23437  loss=0.7024  lr=1.38e-04  11908s
  E1 step 8850/23437  loss=0.7335  lr=1.38e-04  11978s
  E1 step 8900/23437  loss=0.8975  lr=1.37e-04  12048s
  E1 step 8950/23437  loss=0.9180  lr=1.36e-04  12118s
  E1 step 9000/23437  loss=0.9405  lr=1.36e-04  12188s
  E1 step 9050/23437  loss=0.9253  lr=1.35e-04  12259s
  E1 step 9100/23437  loss=0.8013  lr=1.34e-04  12330s
  E1 step 9150/23437  loss=0.7761  lr=1.34e-04  12400s
  E1 step 9200/23437  loss=0.8590  lr=1.33e-04  12471s
  E1 step 9250/23437  loss=0.8707  lr=1.32e-04  12542s
  E1 step 9300/23437  loss=0.7992  lr=1.32e-04  12613s
  E1 step 9350/23437  loss=0.9366  lr=1.31e-04  12684s
  E1 step 9400/23437  loss=0.8186  lr=1.31e-04  12754s
  E1 step 9450/23437  loss=0.7598  lr=1.30e-04  12825s
  E1 step 9500/23437  loss=0.8486  lr=1.29e-04  12897s
  E1 step 9550/23437  loss=0.8434  lr=1.29e-04  12968s
  E1 step 9600/23437  loss=0.8315  lr=1.28e-04  13039s
  E1 step 9650/23437  loss=0.7827  lr=1.27e-04  13111s
  E1 step 9700/23437  loss=0.7872  lr=1.27e-04  13182s
  E1 step 9750/23437  loss=0.8231  lr=1.26e-04  13253s
  E1 step 9800/23437  loss=0.7958  lr=1.25e-04  13325s
  E1 step 9850/23437  loss=0.8336  lr=1.25e-04  13395s
  E1 step 9900/23437  loss=0.8778  lr=1.24e-04  13466s
  E1 step 9950/23437  loss=0.9057  lr=1.24e-04  13538s
  E1 step 10000/23437  loss=0.8060  lr=1.23e-04  13609s
  E1 step 10050/23437  loss=0.6218  lr=1.22e-04  13680s
  E1 step 10100/23437  loss=0.9149  lr=1.22e-04  13752s
  E1 step 10150/23437  loss=0.8186  lr=1.21e-04  13823s
  E1 step 10200/23437  loss=0.7027  lr=1.20e-04  13896s
  E1 step 10250/23437  loss=0.8831  lr=1.20e-04  13967s
  E1 step 10300/23437  loss=0.8712  lr=1.19e-04  14039s
  E1 step 10350/23437  loss=0.8644  lr=1.18e-04  14111s
  E1 step 10400/23437  loss=0.8189  lr=1.18e-04  14182s
  E1 step 10450/23437  loss=0.8132  lr=1.17e-04  14254s
  E1 step 10500/23437  loss=0.8922  lr=1.16e-04  14326s
  E1 step 10550/23437  loss=0.7894  lr=1.16e-04  14397s
  E1 step 10600/23437  loss=0.9021  lr=1.15e-04  14469s
  E1 step 10650/23437  loss=0.7899  lr=1.14e-04  14541s
  E1 step 10700/23437  loss=0.9370  lr=1.14e-04  14614s
  E1 step 10750/23437  loss=0.8622  lr=1.13e-04  14685s
  E1 step 10800/23437  loss=0.7838  lr=1.12e-04  14758s
  E1 step 10850/23437  loss=0.6699  lr=1.12e-04  14829s
  E1 step 10900/23437  loss=0.8260  lr=1.11e-04  14901s
  E1 step 10950/23437  loss=0.7576  lr=1.10e-04  14973s
  E1 step 11000/23437  loss=0.7003  lr=1.10e-04  15044s
  E1 step 11050/23437  loss=0.8662  lr=1.09e-04  15117s
  E1 step 11100/23437  loss=0.7286  lr=1.08e-04  15189s
  E1 step 11150/23437  loss=0.8004  lr=1.08e-04  15261s
  E1 step 11200/23437  loss=0.8093  lr=1.07e-04  15332s
  E1 step 11250/23437  loss=0.6937  lr=1.06e-04  15404s
  E1 step 11300/23437  loss=0.8438  lr=1.06e-04  15476s
  E1 step 11350/23437  loss=0.8647  lr=1.05e-04  15548s
  E1 step 11400/23437  loss=0.8060  lr=1.04e-04  15621s
  E1 step 11450/23437  loss=0.7807  lr=1.04e-04  15693s
  E1 step 11500/23437  loss=0.7570  lr=1.03e-04  15765s
  E1 step 11550/23437  loss=0.8809  lr=1.02e-04  15837s
  E1 step 11600/23437  loss=0.8351  lr=1.02e-04  15909s
  E1 step 11650/23437  loss=0.7363  lr=1.01e-04  15981s
  E1 step 11700/23437  loss=0.8505  lr=1.00e-04  16053s
  E1 step 11750/23437  loss=0.7998  lr=9.96e-05  16125s
  E1 step 11800/23437  loss=0.8526  lr=9.89e-05  16197s
  E1 step 11850/23437  loss=0.7972  lr=9.82e-05  16269s
  E1 step 11900/23437  loss=0.6969  lr=9.76e-05  16341s
  E1 step 11950/23437  loss=0.8693  lr=9.69e-05  16413s
  E1 step 12000/23437  loss=0.8449  lr=9.62e-05  16484s
  E1 step 12050/23437  loss=0.7297  lr=9.56e-05  16556s
  E1 step 12100/23437  loss=0.7910  lr=9.49e-05  16628s
  E1 step 12150/23437  loss=0.8390  lr=9.43e-05  16700s
  E1 step 12200/23437  loss=0.8013  lr=9.35e-05  16772s
  E1 step 12250/23437  loss=0.8304  lr=9.29e-05  16844s
  E1 step 12300/23437  loss=0.7995  lr=9.22e-05  16916s
  E1 step 12350/23437  loss=0.8279  lr=9.16e-05  16988s
  E1 step 12400/23437  loss=0.6316  lr=9.08e-05  17060s
  E1 step 12450/23437  loss=0.6967  lr=9.02e-05  17131s
  E1 step 12500/23437  loss=0.7589  lr=8.96e-05  17203s
  E1 step 12550/23437  loss=0.8214  lr=8.89e-05  17275s
  E1 step 12600/23437  loss=0.8714  lr=8.82e-05  17346s
  E1 step 12650/23437  loss=0.9336  lr=8.75e-05  17418s
  E1 step 12700/23437  loss=0.9205  lr=8.69e-05  17489s
  E1 step 12750/23437  loss=0.6569  lr=8.63e-05  17561s
  E1 step 12800/23437  loss=0.8441  lr=8.55e-05  17633s
  E1 step 12850/23437  loss=0.8465  lr=8.49e-05  17705s
  E1 step 12900/23437  loss=0.7192  lr=8.42e-05  17776s
  E1 step 12950/23437  loss=0.8663  lr=8.36e-05  17848s
  E1 step 13000/23437  loss=0.9313  lr=8.29e-05  17919s
  E1 step 13050/23437  loss=0.8981  lr=8.22e-05  17990s
  E1 step 13100/23437  loss=0.8015  lr=8.16e-05  18062s
  E1 step 13150/23437  loss=0.9217  lr=8.10e-05  18134s
  E1 step 13200/23437  loss=0.7343  lr=8.02e-05  18205s
  E1 step 13250/23437  loss=0.8087  lr=7.96e-05  18277s
  E1 step 13300/23437  loss=0.9995  lr=7.90e-05  18349s
  E1 step 13350/23437  loss=0.7992  lr=7.83e-05  18421s
  E1 step 13400/23437  loss=0.8174  lr=7.76e-05  18493s
  E1 step 13450/23437  loss=1.1598  lr=7.70e-05  18565s
  E1 step 13500/23437  loss=0.8308  lr=7.64e-05  18636s
  E1 step 13550/23437  loss=0.9014  lr=7.57e-05  18708s
  E1 step 13600/23437  loss=0.7432  lr=7.50e-05  18780s
  E1 step 13650/23437  loss=0.8633  lr=7.44e-05  18851s
  E1 step 13700/23437  loss=0.7604  lr=7.38e-05  18923s
  E1 step 13750/23437  loss=0.9014  lr=7.31e-05  18995s
  E1 step 13800/23437  loss=0.7317  lr=7.24e-05  19067s
  E1 step 13850/23437  loss=0.7534  lr=7.18e-05  19138s
  E1 step 13900/23437  loss=0.8078  lr=7.12e-05  19209s
  E1 step 13950/23437  loss=0.7254  lr=7.06e-05  19281s
  E1 step 14000/23437  loss=0.8544  lr=6.99e-05  19352s
  E1 step 14050/23437  loss=0.7693  lr=6.92e-05  19424s
  E1 step 14100/23437  loss=0.7639  lr=6.86e-05  19496s
  E1 step 14150/23437  loss=0.8713  lr=6.80e-05  19568s
  E1 step 14200/23437  loss=0.8550  lr=6.73e-05  19639s
  E1 step 14250/23437  loss=0.7961  lr=6.67e-05  19711s
  E1 step 14300/23437  loss=0.8682  lr=6.61e-05  19782s
  E1 step 14350/23437  loss=0.7215  lr=6.55e-05  19854s
  E1 step 14400/23437  loss=0.8259  lr=6.48e-05  19925s
  E1 step 14450/23437  loss=0.7258  lr=6.42e-05  19997s
  E1 step 14500/23437  loss=0.8268  lr=6.36e-05  20068s
  E1 step 14550/23437  loss=0.9003  lr=6.30e-05  20140s
  E1 step 14600/23437  loss=0.8140  lr=6.23e-05  20211s
  E1 step 14650/23437  loss=0.7765  lr=6.17e-05  20282s
  E1 step 14700/23437  loss=0.8567  lr=6.11e-05  20353s
  E1 step 14750/23437  loss=0.6494  lr=6.05e-05  20425s
  E1 step 14800/23437  loss=0.8348  lr=5.98e-05  20496s
  E1 step 14850/23437  loss=0.8326  lr=5.92e-05  20566s
  E1 step 14900/23437  loss=0.8605  lr=5.86e-05  20637s
  E1 step 14950/23437  loss=0.7327  lr=5.81e-05  20708s
  E1 step 15000/23437  loss=0.7485  lr=5.74e-05  20779s
  E1 step 15050/23437  loss=0.8323  lr=5.68e-05  20850s
  E1 step 15100/23437  loss=0.8622  lr=5.62e-05  20922s
  E1 step 15150/23437  loss=0.6837  lr=5.56e-05  20993s
  E1 step 15200/23437  loss=0.7853  lr=5.50e-05  21064s
  E1 step 15250/23437  loss=0.8802  lr=5.44e-05  21135s
  E1 step 15300/23437  loss=0.6833  lr=5.38e-05  21206s
  E1 step 15350/23437  loss=0.7116  lr=5.33e-05  21277s
  E1 step 15400/23437  loss=0.8758  lr=5.26e-05  21349s
  E1 step 15450/23437  loss=0.8216  lr=5.20e-05  21420s
  E1 step 15500/23437  loss=0.7438  lr=5.15e-05  21491s
  E1 step 15550/23437  loss=0.7478  lr=5.09e-05  21562s
  E1 step 15600/23437  loss=0.7528  lr=5.02e-05  21633s
  E1 step 15650/23437  loss=0.8599  lr=4.97e-05  21704s
  E1 step 15700/23437  loss=0.7828  lr=4.91e-05  21776s
  E1 step 15750/23437  loss=0.8608  lr=4.86e-05  21847s
  E1 step 15800/23437  loss=0.9667  lr=4.79e-05  21918s
  E1 step 15850/23437  loss=0.8275  lr=4.74e-05  21990s
  E1 step 15900/23437  loss=0.6925  lr=4.68e-05  22061s
  E1 step 15950/23437  loss=0.7097  lr=4.63e-05  22132s
  E1 step 16000/23437  loss=0.8302  lr=4.57e-05  22204s
  E1 step 16050/23437  loss=0.8036  lr=4.51e-05  22275s
  E1 step 16100/23437  loss=0.8364  lr=4.46e-05  22346s
  E1 step 16150/23437  loss=0.8374  lr=4.41e-05  22417s
  E1 step 16200/23437  loss=0.9626  lr=4.34e-05  22489s
  E1 step 16250/23437  loss=0.8341  lr=4.29e-05  22560s
  E1 step 16300/23437  loss=0.8254  lr=4.24e-05  22631s
  E1 step 16350/23437  loss=0.7412  lr=4.19e-05  22702s
  E1 step 16400/23437  loss=0.8209  lr=4.12e-05  22773s
  E1 step 16450/23437  loss=0.7803  lr=4.07e-05  22844s
  E1 step 16500/23437  loss=0.8079  lr=4.02e-05  22916s
  E1 step 16550/23437  loss=0.8390  lr=3.97e-05  22987s
  E1 step 16600/23437  loss=0.9072  lr=3.91e-05  23057s
  E1 step 16650/23437  loss=0.6726  lr=3.86e-05  23129s
  E1 step 16700/23437  loss=0.7620  lr=3.81e-05  23200s
  E1 step 16750/23437  loss=0.8324  lr=3.76e-05  23271s
  E1 step 16800/23437  loss=0.9226  lr=3.70e-05  23342s
  E1 step 16850/23437  loss=0.8031  lr=3.65e-05  23413s
  E1 step 16900/23437  loss=0.8569  lr=3.60e-05  23484s
  E1 step 16950/23437  loss=0.6634  lr=3.55e-05  23555s
  E1 step 17000/23437  loss=0.6839  lr=3.49e-05  23626s
  E1 step 17050/23437  loss=0.6702  lr=3.44e-05  23698s
  E1 step 17100/23437  loss=0.7427  lr=3.40e-05  23769s
  E1 step 17150/23437  loss=0.9020  lr=3.35e-05  23840s
  E1 step 17200/23437  loss=0.7658  lr=3.29e-05  23911s
  E1 step 17250/23437  loss=0.7990  lr=3.24e-05  23982s
  E1 step 17300/23437  loss=0.7347  lr=3.20e-05  24053s
  E1 step 17350/23437  loss=1.0546  lr=3.15e-05  24124s
  E1 step 17400/23437  loss=0.7670  lr=3.10e-05  24195s
  E1 step 17450/23437  loss=0.9382  lr=3.05e-05  24266s
  E1 step 17500/23437  loss=0.6777  lr=3.00e-05  24336s
  E1 step 17550/23437  loss=0.8116  lr=2.96e-05  24407s
  E1 step 17600/23437  loss=0.9342  lr=2.90e-05  24477s
  E1 step 17650/23437  loss=0.8530  lr=2.86e-05  24548s
  E1 step 17700/23437  loss=0.7093  lr=2.81e-05  24618s
  E1 step 17750/23437  loss=0.8120  lr=2.77e-05  24689s
  E1 step 17800/23437  loss=0.9235  lr=2.72e-05  24759s
  E1 step 17850/23437  loss=1.0339  lr=2.67e-05  24830s
  E1 step 17900/23437  loss=0.8653  lr=2.63e-05  24901s
  E1 step 17950/23437  loss=0.7840  lr=2.59e-05  24972s
  E1 step 18000/23437  loss=0.6906  lr=2.54e-05  25042s
  E1 step 18050/23437  loss=0.8519  lr=2.49e-05  25113s
  E1 step 18100/23437  loss=0.7356  lr=2.45e-05  25184s
  E1 step 18150/23437  loss=0.8426  lr=2.41e-05  25255s
  E1 step 18200/23437  loss=0.8064  lr=2.36e-05  25326s
  E1 step 18250/23437  loss=0.7370  lr=2.32e-05  25396s
  E1 step 18300/23437  loss=0.7429  lr=2.28e-05  25467s
  E1 step 18350/23437  loss=0.8647  lr=2.24e-05  25539s
  E1 step 18400/23437  loss=0.7622  lr=2.19e-05  25609s
  E1 step 18450/23437  loss=0.6846  lr=2.15e-05  25680s
  E1 step 18500/23437  loss=0.7803  lr=2.11e-05  25751s
  E1 step 18550/23437  loss=0.7643  lr=2.07e-05  25822s
  E1 step 18600/23437  loss=0.8418  lr=2.03e-05  25893s
  E1 step 18650/23437  loss=0.8045  lr=1.99e-05  25964s
  E1 step 18700/23437  loss=0.8209  lr=1.95e-05  26036s
  E1 step 18750/23437  loss=0.8701  lr=1.91e-05  26107s
  E1 step 18800/23437  loss=0.9354  lr=1.87e-05  26178s
  E1 step 18850/23437  loss=0.8214  lr=1.83e-05  26249s
  E1 step 18900/23437  loss=0.7313  lr=1.79e-05  26321s
  E1 step 18950/23437  loss=0.7085  lr=1.76e-05  26392s
  E1 step 19000/23437  loss=0.7663  lr=1.71e-05  26463s
  E1 step 19050/23437  loss=0.8175  lr=1.68e-05  26534s
  E1 step 19100/23437  loss=0.8612  lr=1.64e-05  26605s
  E1 step 19150/23437  loss=0.7326  lr=1.61e-05  26675s
  E1 step 19200/23437  loss=0.8005  lr=1.57e-05  26746s
  E1 step 19250/23437  loss=0.6685  lr=1.53e-05  26817s
  E1 step 19300/23437  loss=0.8179  lr=1.50e-05  26888s
  E1 step 19350/23437  loss=0.7769  lr=1.46e-05  26959s
  E1 step 19400/23437  loss=0.9395  lr=1.43e-05  27030s
  E1 step 19450/23437  loss=0.8971  lr=1.39e-05  27102s
  E1 step 19500/23437  loss=0.8334  lr=1.36e-05  27173s
  E1 step 19550/23437  loss=0.8033  lr=1.33e-05  27244s
  E1 step 19600/23437  loss=0.8288  lr=1.29e-05  27315s
  E1 step 19650/23437  loss=0.7963  lr=1.26e-05  27387s
  E1 step 19700/23437  loss=0.7309  lr=1.23e-05  27458s
  E1 step 19750/23437  loss=0.7097  lr=1.20e-05  27529s
  E1 step 19800/23437  loss=0.9125  lr=1.16e-05  27599s
  E1 step 19850/23437  loss=0.7786  lr=1.13e-05  27671s
  E1 step 19900/23437  loss=0.9704  lr=1.10e-05  27742s
  E1 step 19950/23437  loss=0.8927  lr=1.07e-05  27813s
  E1 step 20000/23437  loss=0.7019  lr=1.04e-05  27884s
  E1 step 20050/23437  loss=0.7762  lr=1.01e-05  27955s
  E1 step 20100/23437  loss=0.8485  lr=9.84e-06  28025s
  E1 step 20150/23437  loss=0.9272  lr=9.56e-06  28096s
  E1 step 20200/23437  loss=0.8459  lr=9.24e-06  28167s
  E1 step 20250/23437  loss=0.7800  lr=8.97e-06  28238s
  E1 step 20300/23437  loss=0.8706  lr=8.71e-06  28309s
  E1 step 20350/23437  loss=0.8034  lr=8.45e-06  28379s
  E1 step 20400/23437  loss=0.8191  lr=8.15e-06  28450s
  E1 step 20450/23437  loss=0.7564  lr=7.90e-06  28521s
  E1 step 20500/23437  loss=0.7248  lr=7.65e-06  28591s
  E1 step 20550/23437  loss=0.8024  lr=7.40e-06  28662s
  E1 step 20600/23437  loss=0.8990  lr=7.12e-06  28733s
  E1 step 20650/23437  loss=0.9086  lr=6.89e-06  28804s
  E1 step 20700/23437  loss=0.7541  lr=6.65e-06  28875s
  E1 step 20750/23437  loss=0.8571  lr=6.42e-06  28945s
  E1 step 20800/23437  loss=0.6808  lr=6.16e-06  29016s
  E1 step 20850/23437  loss=0.7786  lr=5.94e-06  29086s
  E1 step 20900/23437  loss=0.8054  lr=5.72e-06  29157s
  E1 step 20950/23437  loss=0.6461  lr=5.51e-06  29228s
  E1 step 21000/23437  loss=0.7744  lr=5.27e-06  29298s
  E1 step 21050/23437  loss=0.7099  lr=5.06e-06  29369s
  E1 step 21100/23437  loss=0.6644  lr=4.86e-06  29439s
  E1 step 21150/23437  loss=0.8116  lr=4.67e-06  29509s
  E1 step 21200/23437  loss=0.8238  lr=4.44e-06  29580s
  E1 step 21250/23437  loss=0.8664  lr=4.26e-06  29650s
  E1 step 21300/23437  loss=0.8242  lr=4.07e-06  29720s
  E1 step 21350/23437  loss=0.9691  lr=3.89e-06  29790s
  E1 step 21400/23437  loss=0.8293  lr=3.69e-06  29859s
  E1 step 21450/23437  loss=0.7022  lr=3.52e-06  29930s
  E1 step 21500/23437  loss=0.7089  lr=3.35e-06  29999s
  E1 step 21550/23437  loss=0.7972  lr=3.19e-06  30069s
  E1 step 21600/23437  loss=0.7777  lr=3.00e-06  30139s
  E1 step 21650/23437  loss=0.7251  lr=2.85e-06  30209s
  E1 step 21700/23437  loss=0.7744  lr=2.70e-06  30279s
  E1 step 21750/23437  loss=0.8393  lr=2.55e-06  30349s
  E1 step 21800/23437  loss=0.7404  lr=2.38e-06  30419s
  E1 step 21850/23437  loss=0.8697  lr=2.25e-06  30489s
  E1 step 21900/23437  loss=0.7547  lr=2.11e-06  30559s
  E1 step 21950/23437  loss=0.7642  lr=1.98e-06  30629s
  E1 step 22000/23437  loss=0.7580  lr=1.84e-06  30700s
  E1 step 22050/23437  loss=0.7867  lr=1.72e-06  30770s
  E1 step 22100/23437  loss=0.7642  lr=1.60e-06  30841s
  E1 step 22150/23437  loss=0.5822  lr=1.49e-06  30911s
  E1 step 22200/23437  loss=0.7270  lr=1.36e-06  30982s
  E1 step 22250/23437  loss=0.8127  lr=1.26e-06  31052s
  E1 step 22300/23437  loss=0.6691  lr=1.16e-06  31123s
  E1 step 22350/23437  loss=0.6953  lr=1.06e-06  31193s
  E1 step 22400/23437  loss=0.6721  lr=9.56e-07  31263s
  E1 step 22450/23437  loss=0.7865  lr=8.69e-07  31333s
  E1 step 22500/23437  loss=0.7744  lr=7.86e-07  31404s
  E1 step 22550/23437  loss=0.9029  lr=7.08e-07  31474s
  E1 step 22600/23437  loss=0.9034  lr=6.22e-07  31545s
  E1 step 22650/23437  loss=0.8489  lr=5.52e-07  31615s
  E1 step 22700/23437  loss=0.6225  lr=4.86e-07  31685s
  E1 step 22750/23437  loss=0.8230  lr=4.25e-07  31756s
  E1 step 22800/23437  loss=0.6913  lr=3.59e-07  31826s
  E1 step 22850/23437  loss=0.7293  lr=3.06e-07  31896s
  E1 step 22900/23437  loss=0.7775  lr=2.58e-07  31967s
  E1 step 22950/23437  loss=0.9884  lr=2.14e-07  32037s
  E1 step 23000/23437  loss=0.9083  lr=1.68e-07  32107s
  E1 step 23050/23437  loss=0.8500  lr=1.33e-07  32178s
  E1 step 23100/23437  loss=0.6742  lr=1.01e-07  32249s
  E1 step 23150/23437  loss=0.9013  lr=7.45e-08  32320s
  E1 step 23200/23437  loss=0.7462  lr=4.84e-08  32390s
  E1 step 23250/23437  loss=0.9681  lr=3.04e-08  32461s
  E1 step 23300/23437  loss=0.7754  lr=1.66e-08  32532s
  E1 step 23350/23437  loss=0.7640  lr=6.96e-09  32602s
  E1 step 23400/23437  loss=0.7053  lr=9.20e-10  32673s
[epoch 1] mean_loss=0.8341  (32723s total)
[eval E1] parse_rate=100.0%  iou@0.25=1.0%  mean_iou=0.008
[transformers] You are using a model of type `idefics3` to instantiate a model of type `smolvlm`. This may be expected if you are loading a checkpoint that shares a subset of the architecture (e.g., loading a `sam2_video` checkpoint into `Sam2Model`), but is otherwise not supported and can yield errors. Please verify that the checkpoint is compatible with the model you are instantiating.
[train] epoch 1 adapter checkpoint saved to /home/gara/jetson/smolvlm_ft/epoch1
[train] merging LoRA adapter into base weights...
Writing model shards:   0%|          | 0/1 [00:00<?, ?it/s]Writing model shards: 100%|██████████| 1/1 [00:00<00:00,  1.09it/s]Writing model shards: 100%|██████████| 1/1 [00:00<00:00,  1.09it/s]
[train] merged checkpoint saved to /home/gara/jetson/smolvlm_ft
[train] logs written to results/stage2-finetune/raw/train_loss.csv, results/stage2-finetune/raw/eval_iou.csv
