06-14-2026 18:01:41 RAM 646/7607MB (lfb 234x1MB) SWAP 312/3804MB (cached 1MB) CPU [0%@1510,1%@1510,1%@1510,1%@1510,1%@1510,11%@1510] GR3D_FREQ 0% cpu@59.093C soc2@57.531C soc0@55.843C gpu@58.593C tj@58.875C soc1@57.718C VDD_IN 5277mW/5277mW VDD_CPU_GPU_CV 1030mW/1030mW VDD_SOC 1426mW/1426mW
06-14-2026 18:01:42 RAM 646/7607MB (lfb 234x1MB) SWAP 312/3804MB (cached 1MB) CPU [0%@1510,0%@1510,0%@1510,0%@1510,0%@1510,0%@1510] GR3D_FREQ 0% cpu@58.781C soc2@57.406C soc0@55.656C gpu@58.593C tj@58.781C soc1@57.781C VDD_IN 5237mW/5257mW VDD_CPU_GPU_CV 990mW/1010mW VDD_SOC 1426mW/1426mW
06-14-2026 18:01:43 RAM 646/7607MB (lfb 234x1MB) SWAP 312/3804MB (cached 1MB) CPU [0%@1510,0%@1510,0%@1510,0%@1510,0%@1510,0%@1510] GR3D_FREQ 0% cpu@58.812C soc2@57.375C soc0@55.593C gpu@58.562C tj@58.812C soc1@57.687C VDD_IN 5237mW/5250mW VDD_CPU_GPU_CV 990mW/1003mW VDD_SOC 1386mW/1413mW
06-14-2026 18:01:44 RAM 646/7607MB (lfb 234x1MB) SWAP 312/3804MB (cached 1MB) CPU [0%@1510,0%@1510,0%@1510,0%@1510,0%@1510,0%@1510] GR3D_FREQ 0% cpu@58.812C soc2@57.343C soc0@55.593C gpu@58.562C tj@58.812C soc1@57.687C VDD_IN 5237mW/5247mW VDD_CPU_GPU_CV 990mW/1000mW VDD_SOC 1426mW/1416mW
06-14-2026 18:01:45 RAM 646/7607MB (lfb 234x1MB) SWAP 312/3804MB (cached 1MB) CPU [0%@1510,0%@1510,0%@1510,1%@1510,0%@1510,0%@1510] GR3D_FREQ 0% cpu@58.75C soc2@57.343C soc0@55.562C gpu@58.5C tj@59C soc1@57.625C VDD_IN 5237mW/5245mW VDD_CPU_GPU_CV 990mW/998mW VDD_SOC 1426mW/1418mW
06-14-2026 18:01:46 RAM 759/7607MB (lfb 234x1MB) SWAP 312/3804MB (cached 1MB) CPU [9%@1510,8%@1510,5%@1510,72%@1510,7%@1510,3%@1510] GR3D_FREQ 30% cpu@59.031C soc2@57.406C soc0@55.656C gpu@58.75C tj@59.031C soc1@57.718C VDD_IN 5952mW/5363mW VDD_CPU_GPU_CV 1505mW/1083mW VDD_SOC 1426mW/1419mW
06-14-2026 18:01:47 RAM 826/7607MB (lfb 234x1MB) SWAP 312/3804MB (cached 1MB) CPU [0%@1510,99%@1510,1%@1510,1%@1510,1%@1510,0%@1510] GR3D_FREQ 0% cpu@58.875C soc2@57.437C soc0@55.562C gpu@58.718C tj@58.875C soc1@57.531C VDD_IN 5912mW/5441mW VDD_CPU_GPU_CV 1386mW/1126mW VDD_SOC 1465mW/1426mW
06-14-2026 18:01:48 RAM 834/7607MB (lfb 234x1MB) SWAP 312/3804MB (cached 1MB) CPU [10%@1510,60%@1510,5%@1510,18%@1510,19%@1510,0%@1510] GR3D_FREQ 0% cpu@59C soc2@57.281C soc0@55.437C gpu@58.781C tj@59C soc1@57.562C VDD_IN 6110mW/5525mW VDD_CPU_GPU_CV 1545mW/1178mW VDD_SOC 1505mW/1436mW
06-14-2026 18:01:49 RAM 2041/7607MB (lfb 3994x32kB) SWAP 312/3804MB (cached 1MB) CPU [2%@1510,93%@1510,9%@1510,0%@1510,16%@1510,0%@1510] GR3D_FREQ 0% cpu@58.968C soc2@57.25C soc0@55.437C gpu@58.781C tj@58.968C soc1@57.562C VDD_IN 6190mW/5599mW VDD_CPU_GPU_CV 1426mW/1206mW VDD_SOC 1545mW/1448mW
06-14-2026 18:01:50 RAM 2720/7607MB (lfb 1x1MB) SWAP 313/3804MB (cached 1MB) CPU [1%@1510,95%@1510,0%@1510,0%@1510,52%@1510,0%@1510] GR3D_FREQ 0% cpu@59.093C soc2@57.343C soc0@55.375C gpu@58.375C tj@59.093C soc1@57.593C VDD_IN 6705mW/5709mW VDD_CPU_GPU_CV 1743mW/1260mW VDD_SOC 1584mW/1462mW
06-14-2026 18:01:51 RAM 2845/7607MB (lfb 3x4MB) SWAP 313/3804MB (cached 1MB) CPU [5%@1510,0%@1510,0%@1510,28%@1510,7%@1510,4%@1510] GR3D_FREQ 0% cpu@59.093C soc2@57.562C soc0@55.625C gpu@58.968C tj@59.093C soc1@57.656C VDD_IN 9507mW/6055mW VDD_CPU_GPU_CV 3830mW/1493mW VDD_SOC 1901mW/1501mW
06-14-2026 18:01:52 RAM 2862/7607MB (lfb 1x4MB) SWAP 313/3804MB (cached 1MB) CPU [0%@1510,1%@1510,0%@1510,7%@1510,0%@1510,1%@1510] GR3D_FREQ 99% cpu@58.812C soc2@57.812C soc0@55.75C gpu@59.75C tj@59.75C soc1@57.5C VDD_IN 10300mW/6408mW VDD_CPU_GPU_CV 4383mW/1734mW VDD_SOC 1980mW/1541mW
06-14-2026 18:01:53 RAM 2861/7607MB (lfb 1x4MB) SWAP 314/3804MB (cached 1MB) CPU [1%@1510,0%@1510,0%@1510,3%@1510,0%@1510,2%@1510] GR3D_FREQ 99% cpu@59C soc2@57.812C soc0@55.656C gpu@60.031C tj@60.031C soc1@57.531C VDD_IN 10577mW/6729mW VDD_CPU_GPU_CV 4620mW/1956mW VDD_SOC 1980mW/1575mW
06-14-2026 18:01:54 RAM 2862/7607MB (lfb 1x4MB) SWAP 314/3804MB (cached 1MB) CPU [1%@1510,1%@1510,0%@1510,4%@1510,0%@1510,3%@1510] GR3D_FREQ 0% cpu@59.312C soc2@57.875C soc0@55.781C gpu@59.718C tj@59.718C soc1@57.593C VDD_IN 10141mW/6973mW VDD_CPU_GPU_CV 4304mW/2124mW VDD_SOC 1941mW/1601mW
06-14-2026 18:01:55 RAM 2865/7607MB (lfb 1x1MB) SWAP 314/3804MB (cached 1MB) CPU [0%@1510,0%@1510,5%@1510,13%@1510,12%@1510,2%@1510] GR3D_FREQ 97% cpu@59.218C soc2@57.875C soc0@55.812C gpu@59.937C tj@59.937C soc1@57.718C VDD_IN 10300mW/7195mW VDD_CPU_GPU_CV 3988mW/2248mW VDD_SOC 2096mW/1634mW
06-14-2026 18:01:56 RAM 2868/7607MB (lfb 1x4MB) SWAP 314/3804MB (cached 1MB) CPU [0%@1510,0%@1510,0%@1510,0%@1510,1%@1510,0%@1510] GR3D_FREQ 98% cpu@59.437C soc2@58.031C soc0@55.968C gpu@60.125C tj@60.125C soc1@57.937C VDD_IN 11390mW/7457mW VDD_CPU_GPU_CV 4218mW/2371mW VDD_SOC 2412mW/1683mW
06-14-2026 18:01:57 RAM 2868/7607MB (lfb 1x4MB) SWAP 314/3804MB (cached 1MB) CPU [0%@1510,0%@1510,0%@1510,0%@1510,0%@1510,0%@1510] GR3D_FREQ 99% cpu@59.312C soc2@58.218C soc0@56.062C gpu@60.281C tj@60.281C soc1@57.843C VDD_IN 11430mW/7691mW VDD_CPU_GPU_CV 4218mW/2480mW VDD_SOC 2452mW/1728mW
06-14-2026 18:01:58 RAM 2868/7607MB (lfb 1x4MB) SWAP 314/3804MB (cached 1MB) CPU [0%@1510,1%@1510,0%@1510,0%@1510,0%@1510,0%@1510] GR3D_FREQ 99% cpu@59.5C soc2@58.281C soc0@56.218C gpu@60.375C tj@60.375C soc1@57.875C VDD_IN 11509mW/7903mW VDD_CPU_GPU_CV 4257mW/2579mW VDD_SOC 2448mW/1768mW
06-14-2026 18:01:59 RAM 2868/7607MB (lfb 1x4MB) SWAP 314/3804MB (cached 1MB) CPU [0%@1510,1%@1510,0%@1510,0%@1510,0%@1510,0%@1510] GR3D_FREQ 99% cpu@59.5C soc2@58.375C soc0@56.125C gpu@60.562C tj@60.562C soc1@57.937C VDD_IN 11509mW/8092mW VDD_CPU_GPU_CV 4257mW/2667mW VDD_SOC 2448mW/1804mW
06-14-2026 18:02:00 RAM 2868/7607MB (lfb 1x4MB) SWAP 314/3804MB (cached 1MB) CPU [0%@1510,0%@1510,0%@1510,0%@1510,0%@1510,0%@1510] GR3D_FREQ 99% cpu@59.531C soc2@58.343C soc0@56.218C gpu@60.687C tj@60.687C soc1@57.937C VDD_IN 11509mW/8263mW VDD_CPU_GPU_CV 4257mW/2746mW VDD_SOC 2448mW/1836mW
06-14-2026 18:02:01 RAM 2868/7607MB (lfb 1x4MB) SWAP 314/3804MB (cached 1MB) CPU [0%@1510,1%@1510,0%@1510,0%@1510,0%@1510,0%@1510] GR3D_FREQ 99% cpu@59.718C soc2@58.437C soc0@56.281C gpu@60.656C tj@60.656C soc1@58.187C VDD_IN 11509mW/8418mW VDD_CPU_GPU_CV 4218mW/2816mW VDD_SOC 2487mW/1867mW
06-14-2026 18:02:02 RAM 2868/7607MB (lfb 1x4MB) SWAP 314/3804MB (cached 1MB) CPU [0%@1510,0%@1510,0%@1510,0%@1510,0%@1510,0%@1510] GR3D_FREQ 88% cpu@59.656C soc2@58.562C soc0@56.406C gpu@60.625C tj@60.625C soc1@58.25C VDD_IN 11430mW/8555mW VDD_CPU_GPU_CV 4218mW/2880mW VDD_SOC 2452mW/1894mW
06-14-2026 18:02:03 RAM 2868/7607MB (lfb 1x4MB) SWAP 314/3804MB (cached 1MB) CPU [0%@1510,1%@1510,0%@1510,0%@1510,0%@1510,0%@1510] GR3D_FREQ 99% cpu@59.937C soc2@58.625C soc0@56.5C gpu@60.781C tj@60.781C soc1@58.187C VDD_IN 11430mW/8680mW VDD_CPU_GPU_CV 4218mW/2938mW VDD_SOC 2452mW/1918mW
06-14-2026 18:02:04 RAM 2868/7607MB (lfb 1x4MB) SWAP 314/3804MB (cached 1MB) CPU [0%@1510,1%@1510,0%@1510,0%@1510,0%@1510,0%@1510] GR3D_FREQ 98% cpu@59.906C soc2@58.687C soc0@56.625C gpu@60.906C tj@60.906C soc1@58.218C VDD_IN 11470mW/8796mW VDD_CPU_GPU_CV 4257mW/2993mW VDD_SOC 2448mW/1940mW
06-14-2026 18:02:05 RAM 2851/7607MB (lfb 1x1MB) SWAP 314/3804MB (cached 1MB) CPU [0%@1510,2%@1510,1%@1510,0%@1510,0%@1510,0%@1510] GR3D_FREQ 99% cpu@59.875C soc2@58.656C soc0@56.5C gpu@60.937C tj@60.937C soc1@58.406C VDD_IN 11430mW/8901mW VDD_CPU_GPU_CV 4218mW/3042mW VDD_SOC 2452mW/1960mW
06-14-2026 18:02:06 RAM 2852/7607MB (lfb 1x1MB) SWAP 314/3804MB (cached 1MB) CPU [0%@1510,0%@1510,0%@1510,0%@1510,0%@1510,0%@1510] GR3D_FREQ 99% cpu@59.968C soc2@58.781C soc0@56.531C gpu@61.062C tj@61.062C soc1@58.406C VDD_IN 11509mW/9002mW VDD_CPU_GPU_CV 4218mW/3087mW VDD_SOC 2452mW/1979mW
06-14-2026 18:02:07 RAM 2851/7607MB (lfb 1x1MB) SWAP 314/3804MB (cached 1MB) CPU [0%@1510,1%@1510,0%@1510,0%@1510,0%@1510,0%@1510] GR3D_FREQ 99% cpu@60.031C soc2@58.843C soc0@56.687C gpu@61.093C tj@61.093C soc1@58.437C VDD_IN 11114mW/9080mW VDD_CPU_GPU_CV 4060mW/3123mW VDD_SOC 2412mW/1995mW
06-14-2026 18:02:08 RAM 2852/7607MB (lfb 1x1MB) SWAP 314/3804MB (cached 1MB) CPU [0%@1510,1%@1510,0%@1510,0%@1510,0%@1510,0%@1510] GR3D_FREQ 68% cpu@60.187C soc2@58.937C soc0@56.656C gpu@61C tj@61C soc1@58.593C VDD_IN 11311mW/9160mW VDD_CPU_GPU_CV 4139mW/3160mW VDD_SOC 2412mW/2010mW
06-14-2026 18:02:09 RAM 2851/7607MB (lfb 1x1MB) SWAP 314/3804MB (cached 1MB) CPU [0%@1510,1%@1510,0%@1510,0%@1510,0%@1510,0%@1510] GR3D_FREQ 99% cpu@60.187C soc2@58.968C soc0@56.843C gpu@61.25C tj@61.25C soc1@58.718C VDD_IN 11351mW/9235mW VDD_CPU_GPU_CV 4139mW/3194mW VDD_SOC 2448mW/2025mW
06-14-2026 18:02:10 RAM 2852/7607MB (lfb 1x1MB) SWAP 314/3804MB (cached 1MB) CPU [0%@1510,0%@1510,0%@1510,0%@1510,0%@1510,0%@1510] GR3D_FREQ 97% cpu@60.375C soc2@59.062C soc0@56.812C gpu@61.343C tj@61.343C soc1@58.593C VDD_IN 11390mW/9307mW VDD_CPU_GPU_CV 4178mW/3226mW VDD_SOC 2448mW/2039mW
06-14-2026 18:02:11 RAM 2852/7607MB (lfb 1x1MB) SWAP 314/3804MB (cached 1MB) CPU [0%@1510,1%@1510,0%@1510,0%@1510,1%@1510,0%@1510] GR3D_FREQ 99% cpu@60.218C soc2@59C soc0@56.906C gpu@61.093C tj@61.093C soc1@58.625C VDD_IN 11430mW/9375mW VDD_CPU_GPU_CV 4218mW/3258mW VDD_SOC 2448mW/2053mW
06-14-2026 18:02:12 RAM 2852/7607MB (lfb 1x1MB) SWAP 314/3804MB (cached 1MB) CPU [0%@1510,1%@1510,0%@1510,0%@1510,0%@1510,0%@1510] GR3D_FREQ 97% cpu@60.312C soc2@59.125C soc0@56.937C gpu@61C tj@61C soc1@58.75C VDD_IN 11390mW/9438mW VDD_CPU_GPU_CV 4178mW/3287mW VDD_SOC 2448mW/2065mW
06-14-2026 18:02:13 RAM 2852/7607MB (lfb 1x1MB) SWAP 314/3804MB (cached 1MB) CPU [0%@1510,1%@1510,0%@1510,0%@1510,0%@1510,0%@1510] GR3D_FREQ 99% cpu@60.531C soc2@59.187C soc0@57.031C gpu@61.031C tj@61.031C soc1@58.812C VDD_IN 11470mW/9500mW VDD_CPU_GPU_CV 4218mW/3315mW VDD_SOC 2448mW/2077mW
06-14-2026 18:02:14 RAM 2852/7607MB (lfb 1x1MB) SWAP 314/3804MB (cached 1MB) CPU [0%@1510,1%@1510,0%@1510,0%@1510,0%@1510,0%@1510] GR3D_FREQ 99% cpu@60.437C soc2@59.218C soc0@57C gpu@61.062C tj@61.062C soc1@58.906C VDD_IN 11390mW/9556mW VDD_CPU_GPU_CV 4178mW/3341mW VDD_SOC 2452mW/2088mW
06-14-2026 18:02:15 RAM 2852/7607MB (lfb 1x1MB) SWAP 314/3804MB (cached 1MB) CPU [0%@1510,1%@1510,0%@1510,0%@1510,0%@1510,0%@1510] GR3D_FREQ 63% cpu@60.687C soc2@59.343C soc0@57.156C gpu@61.156C tj@61.156C soc1@58.968C VDD_IN 11470mW/9610mW VDD_CPU_GPU_CV 4218mW/3366mW VDD_SOC 2448mW/2098mW
06-14-2026 18:02:16 RAM 2852/7607MB (lfb 1x1MB) SWAP 314/3804MB (cached 1MB) CPU [0%@1510,1%@1510,0%@1510,0%@1510,0%@1510,0%@1510] GR3D_FREQ 98% cpu@60.531C soc2@59.343C soc0@57.062C gpu@61.281C tj@61.281C soc1@58.906C VDD_IN 11470mW/9662mW VDD_CPU_GPU_CV 4218mW/3389mW VDD_SOC 2448mW/2108mW
06-14-2026 18:02:17 RAM 2852/7607MB (lfb 1x1MB) SWAP 314/3804MB (cached 1MB) CPU [0%@1510,1%@1510,0%@1510,0%@1510,0%@1510,0%@1510] GR3D_FREQ 99% cpu@60.5C soc2@59.343C soc0@57.062C gpu@61.406C tj@61.406C soc1@58.906C VDD_IN 11549mW/9713mW VDD_CPU_GPU_CV 4257mW/3413mW VDD_SOC 2487mW/2118mW
06-14-2026 18:02:18 RAM 2852/7607MB (lfb 1x1MB) SWAP 314/3804MB (cached 1MB) CPU [0%@1510,1%@1510,0%@1510,0%@1510,0%@1510,0%@1510] GR3D_FREQ 99% cpu@60.531C soc2@59.468C soc0@57.187C gpu@61.343C tj@61.343C soc1@58.937C VDD_IN 11430mW/9758mW VDD_CPU_GPU_CV 4178mW/3433mW VDD_SOC 2448mW/2127mW
06-14-2026 18:02:19 RAM 2852/7607MB (lfb 1x1MB) SWAP 314/3804MB (cached 1MB) CPU [0%@1510,1%@1510,0%@1510,0%@1510,0%@1510,0%@1510] GR3D_FREQ 96% cpu@60.718C soc2@59.468C soc0@57.187C gpu@61.531C tj@61.531C soc1@59.093C VDD_IN 11430mW/9801mW VDD_CPU_GPU_CV 4178mW/3452mW VDD_SOC 2448mW/2135mW
06-14-2026 18:02:20 RAM 2852/7607MB (lfb 1x1MB) SWAP 314/3804MB (cached 1MB) CPU [0%@1510,1%@1510,0%@1510,0%@1510,0%@1510,0%@1510] GR3D_FREQ 98% cpu@60.937C soc2@59.531C soc0@57.281C gpu@61.593C tj@61.593C soc1@59.062C VDD_IN 11509mW/9844mW VDD_CPU_GPU_CV 4257mW/3472mW VDD_SOC 2448mW/2143mW
06-14-2026 18:02:21 RAM 2852/7607MB (lfb 1x1MB) SWAP 314/3804MB (cached 1MB) CPU [0%@1510,1%@1510,0%@1510,0%@1510,0%@1510,0%@1510] GR3D_FREQ 99% cpu@60.875C soc2@59.593C soc0@57.406C gpu@61.656C tj@61.656C soc1@59.281C VDD_IN 11470mW/9883mW VDD_CPU_GPU_CV 4218mW/3490mW VDD_SOC 2448mW/2150mW
06-14-2026 18:02:22 RAM 2852/7607MB (lfb 1x1MB) SWAP 314/3804MB (cached 1MB) CPU [0%@1510,1%@1510,0%@1510,0%@1510,0%@1510,0%@1510] GR3D_FREQ 99% cpu@60.718C soc2@59.718C soc0@57.562C gpu@61.75C tj@61.75C soc1@59.125C VDD_IN 11390mW/9919mW VDD_CPU_GPU_CV 4178mW/3507mW VDD_SOC 2448mW/2157mW
06-14-2026 18:02:23 RAM 2852/7607MB (lfb 1x1MB) SWAP 314/3804MB (cached 1MB) CPU [0%@1510,0%@1510,0%@1510,0%@1510,0%@1510,0%@1510] GR3D_FREQ 99% cpu@60.781C soc2@59.656C soc0@57.343C gpu@61.875C tj@61.875C soc1@59.156C VDD_IN 11470mW/9955mW VDD_CPU_GPU_CV 4218mW/3523mW VDD_SOC 2448mW/2164mW
06-14-2026 18:02:24 RAM 2852/7607MB (lfb 1x1MB) SWAP 314/3804MB (cached 1MB) CPU [0%@1510,2%@1510,0%@1510,0%@1510,0%@1510,0%@1510] GR3D_FREQ 98% cpu@60.906C soc2@59.687C soc0@57.468C gpu@61.843C tj@61.843C soc1@59.25C VDD_IN 11470mW/9990mW VDD_CPU_GPU_CV 4218mW/3539mW VDD_SOC 2487mW/2171mW
06-14-2026 18:02:25 RAM 2852/7607MB (lfb 1x1MB) SWAP 314/3804MB (cached 1MB) CPU [0%@1510,0%@1510,0%@1510,0%@1510,0%@1510,0%@1510] GR3D_FREQ 65% cpu@60.937C soc2@59.718C soc0@57.5C gpu@61.875C tj@61.875C soc1@59.375C VDD_IN 11430mW/10022mW VDD_CPU_GPU_CV 4178mW/3553mW VDD_SOC 2448mW/2177mW
06-14-2026 18:02:26 RAM 2852/7607MB (lfb 1x1MB) SWAP 314/3804MB (cached 1MB) CPU [0%@1510,0%@1510,0%@1510,0%@1510,0%@1510,0%@1510] GR3D_FREQ 98% cpu@61.062C soc2@59.781C soc0@57.593C gpu@61.906C tj@61.906C soc1@59.375C VDD_IN 11153mW/10046mW VDD_CPU_GPU_CV 4060mW/3564mW VDD_SOC 2412mW/2183mW
06-14-2026 18:02:27 RAM 1497/7607MB (lfb 4x4MB) SWAP 314/3804MB (cached 1MB) CPU [7%@1510,86%@1510,5%@1510,3%@1510,20%@1510,3%@1510] GR3D_FREQ 0% cpu@61C soc2@59.5C soc0@57.5C gpu@60.781C tj@61C soc1@59.25C VDD_IN 6734mW/9976mW VDD_CPU_GPU_CV 1819mW/3527mW VDD_SOC 1584mW/2170mW
06-14-2026 18:02:28 RAM 1622/7607MB (lfb 251x1MB) SWAP 314/3804MB (cached 1MB) CPU [2%@1510,2%@1510,1%@1510,89%@1510,8%@1510,3%@1510] GR3D_FREQ 0% cpu@60.687C soc2@59.156C soc0@57.437C gpu@60.687C tj@60.687C soc1@59.25C VDD_IN 6110mW/9895mW VDD_CPU_GPU_CV 1505mW/3485mW VDD_SOC 1465mW/2155mW
06-14-2026 18:02:29 RAM 1683/7607MB (lfb 251x1MB) SWAP 314/3804MB (cached 1MB) CPU [0%@1510,0%@1510,0%@1510,100%@1510,0%@1510,0%@1510] GR3D_FREQ 0% cpu@60.593C soc2@59.031C soc0@57.218C gpu@60.593C tj@60.593C soc1@59.125C VDD_IN 5952mW/9815mW VDD_CPU_GPU_CV 1386mW/3442mW VDD_SOC 1465mW/2141mW
06-14-2026 18:02:30 RAM 1337/7607MB (lfb 241x1MB) SWAP 314/3804MB (cached 1MB) CPU [30%@1510,10%@1510,3%@1510,48%@1510,41%@1510,25%@1510] GR3D_FREQ 0% cpu@60.687C soc2@59C soc0@57.125C gpu@60.531C tj@60.687C soc1@59.093C VDD_IN 6269mW/9744mW VDD_CPU_GPU_CV 1703mW/3407mW VDD_SOC 1465mW/2128mW
06-14-2026 18:02:31 RAM 2167/7607MB (lfb 6783x32kB) SWAP 314/3804MB (cached 1MB) CPU [5%@1510,32%@1510,69%@1510,0%@1510,2%@1510,8%@1510] GR3D_FREQ 38% cpu@60.781C soc2@59.093C soc0@57.187C gpu@60.156C tj@60.781C soc1@59.218C VDD_IN 6944mW/9689mW VDD_CPU_GPU_CV 1624mW/3372mW VDD_SOC 1782mW/2121mW
06-14-2026 18:02:32 RAM 2830/7607MB (lfb 2x1MB) SWAP 314/3804MB (cached 1MB) CPU [0%@1510,64%@1510,1%@1510,0%@1510,0%@1510,24%@1510] GR3D_FREQ 99% cpu@60.343C soc2@59.156C soc0@57.156C gpu@61.25C tj@61.25C soc1@59.156C VDD_IN 9032mW/9676mW VDD_CPU_GPU_CV 3480mW/3375mW VDD_SOC 1861mW/2116mW
06-14-2026 18:02:33 RAM 2859/7607MB (lfb 3x4MB) SWAP 314/3804MB (cached 1MB) CPU [0%@1510,5%@1510,0%@1510,0%@1510,9%@1510,0%@1510] GR3D_FREQ 99% cpu@60.562C soc2@59.468C soc0@57.375C gpu@61.593C tj@61.593C soc1@59.062C VDD_IN 10537mW/9693mW VDD_CPU_GPU_CV 4580mW/3397mW VDD_SOC 1977mW/2113mW
06-14-2026 18:02:34 RAM 2859/7607MB (lfb 3x4MB) SWAP 314/3804MB (cached 1MB) CPU [0%@1510,1%@1510,2%@1510,0%@1510,0%@1510,0%@1510] GR3D_FREQ 99% cpu@60.656C soc2@59.468C soc0@57.25C gpu@61.625C tj@61.625C soc1@59.062C VDD_IN 10656mW/9710mW VDD_CPU_GPU_CV 4659mW/3421mW VDD_SOC 2017mW/2111mW
06-14-2026 18:02:35 RAM 2950/7607MB (lfb 3x256kB) SWAP 314/3804MB (cached 1MB) CPU [0%@1510,0%@1510,23%@1510,3%@1510,9%@1510,2%@1510] GR3D_FREQ 99% cpu@60.75C soc2@59.437C soc0@57.343C gpu@61.406C tj@61.406C soc1@59.218C VDD_IN 9785mW/9712mW VDD_CPU_GPU_CV 3593mW/3424mW VDD_SOC 2056mW/2110mW
06-14-2026 18:02:36 RAM 2953/7607MB (lfb 2x4MB) SWAP 314/3804MB (cached 1MB) CPU [0%@1510,0%@1510,0%@1510,1%@1510,4%@1510,0%@1510] GR3D_FREQ 99% cpu@60.875C soc2@59.718C soc0@57.375C gpu@61.781C tj@61.781C soc1@59.312C VDD_IN 11470mW/9743mW VDD_CPU_GPU_CV 4257mW/3439mW VDD_SOC 2448mW/2116mW
06-14-2026 18:02:37 RAM 2953/7607MB (lfb 2x4MB) SWAP 314/3804MB (cached 1MB) CPU [0%@1510,0%@1510,0%@1510,1%@1510,0%@1510,0%@1510] GR3D_FREQ 98% cpu@61.125C soc2@59.75C soc0@57.468C gpu@61.75C tj@61.75C soc1@59.406C VDD_IN 11628mW/9776mW VDD_CPU_GPU_CV 4297mW/3454mW VDD_SOC 2487mW/2123mW
06-14-2026 18:02:38 RAM 2953/7607MB (lfb 2x4MB) SWAP 314/3804MB (cached 1MB) CPU [1%@1510,0%@1510,0%@1510,1%@1510,0%@1510,0%@1510] GR3D_FREQ 97% cpu@60.937C soc2@59.937C soc0@57.656C gpu@61.875C tj@61.875C soc1@59.468C VDD_IN 11588mW/9808mW VDD_CPU_GPU_CV 4297mW/3468mW VDD_SOC 2487mW/2129mW
06-14-2026 18:02:39 RAM 2952/7607MB (lfb 2x4MB) SWAP 314/3804MB (cached 1MB) CPU [0%@1510,0%@1510,0%@1510,0%@1510,0%@1510,0%@1510] GR3D_FREQ 99% cpu@60.968C soc2@59.937C soc0@57.625C gpu@61.843C tj@61.843C soc1@59.406C VDD_IN 11628mW/9838mW VDD_CPU_GPU_CV 4297mW/3482mW VDD_SOC 2487mW/2135mW
06-14-2026 18:02:40 RAM 2952/7607MB (lfb 2x4MB) SWAP 314/3804MB (cached 1MB) CPU [0%@1510,0%@1510,0%@1510,1%@1510,0%@1510,0%@1510] GR3D_FREQ 99% cpu@61.125C soc2@59.937C soc0@57.625C gpu@61.875C tj@61.875C soc1@59.406C VDD_IN 11628mW/9868mW VDD_CPU_GPU_CV 4297mW/3496mW VDD_SOC 2487mW/2141mW
06-14-2026 18:02:41 RAM 2953/7607MB (lfb 2x4MB) SWAP 314/3804MB (cached 1MB) CPU [0%@1510,0%@1510,0%@1510,1%@1510,0%@1510,0%@1510] GR3D_FREQ 99% cpu@61.187C soc2@59.906C soc0@57.718C gpu@62.093C tj@62.093C soc1@59.437C VDD_IN 11628mW/9897mW VDD_CPU_GPU_CV 4297mW/3509mW VDD_SOC 2487mW/2147mW
06-14-2026 18:02:42 RAM 2953/7607MB (lfb 2x4MB) SWAP 314/3804MB (cached 1MB) CPU [0%@1510,0%@1510,4%@1510,1%@1510,0%@1510,0%@1510] GR3D_FREQ 99% cpu@61.156C soc2@60C soc0@57.781C gpu@62.062C tj@62.062C soc1@59.437C VDD_IN 11628mW/9925mW VDD_CPU_GPU_CV 4297mW/3522mW VDD_SOC 2487mW/2152mW
06-14-2026 18:02:43 RAM 2953/7607MB (lfb 2x4MB) SWAP 314/3804MB (cached 1MB) CPU [0%@1510,0%@1510,0%@1510,1%@1510,0%@1510,0%@1510] GR3D_FREQ 97% cpu@61.312C soc2@60C soc0@57.937C gpu@62.031C tj@62.031C soc1@59.625C VDD_IN 11628mW/9952mW VDD_CPU_GPU_CV 4297mW/3534mW VDD_SOC 2487mW/2158mW
06-14-2026 18:02:44 RAM 2953/7607MB (lfb 2x4MB) SWAP 314/3804MB (cached 1MB) CPU [0%@1510,0%@1510,0%@1510,1%@1510,0%@1510,0%@1510] GR3D_FREQ 97% cpu@61.187C soc2@60.156C soc0@57.906C gpu@62.156C tj@62.156C soc1@59.718C VDD_IN 11628mW/9978mW VDD_CPU_GPU_CV 4297mW/3546mW VDD_SOC 2487mW/2163mW
06-14-2026 18:02:45 RAM 2953/7607MB (lfb 2x4MB) SWAP 314/3804MB (cached 1MB) CPU [0%@1510,0%@1510,0%@1510,0%@1510,0%@1510,0%@1510] GR3D_FREQ 99% cpu@61.187C soc2@60.062C soc0@57.875C gpu@62.156C tj@62.156C soc1@59.531C VDD_IN 11628mW/10004mW VDD_CPU_GPU_CV 4297mW/3557mW VDD_SOC 2487mW/2168mW
06-14-2026 18:02:46 RAM 2968/7607MB (lfb 1x4MB) SWAP 314/3804MB (cached 1MB) CPU [4%@1510,8%@1510,4%@1510,48%@1510,0%@1510,2%@1510] GR3D_FREQ 99% cpu@61.343C soc2@60.156C soc0@57.875C gpu@62.343C tj@62.343C soc1@59.593C VDD_IN 11944mW/10033mW VDD_CPU_GPU_CV 4573mW/3573mW VDD_SOC 2527mW/2173mW
06-14-2026 18:02:47 RAM 2955/7607MB (lfb 2x4MB) SWAP 314/3804MB (cached 1MB) CPU [1%@1510,1%@1510,4%@1510,52%@1510,0%@1510,0%@1510] GR3D_FREQ 99% cpu@61.406C soc2@60.25C soc0@57.968C gpu@62.343C tj@62.343C soc1@59.75C VDD_IN 11628mW/10057mW VDD_CPU_GPU_CV 4336mW/3584mW VDD_SOC 2487mW/2178mW
06-14-2026 18:02:48 RAM 2955/7607MB (lfb 2x4MB) SWAP 314/3804MB (cached 1MB) CPU [0%@1510,0%@1510,0%@1510,0%@1510,0%@1510,0%@1510] GR3D_FREQ 99% cpu@61.468C soc2@60.343C soc0@57.968C gpu@62.281C tj@62.281C soc1@59.781C VDD_IN 11628mW/10080mW VDD_CPU_GPU_CV 4297mW/3595mW VDD_SOC 2487mW/2182mW
06-14-2026 18:02:49 RAM 2955/7607MB (lfb 2x4MB) SWAP 314/3804MB (cached 1MB) CPU [1%@1510,0%@1510,0%@1510,0%@1510,0%@1510,0%@1510] GR3D_FREQ 99% cpu@61.406C soc2@60.281C soc0@58C gpu@62.312C tj@62.312C soc1@59.937C VDD_IN 11628mW/10102mW VDD_CPU_GPU_CV 4297mW/3605mW VDD_SOC 2487mW/2187mW
06-14-2026 18:02:50 RAM 2955/7607MB (lfb 2x4MB) SWAP 314/3804MB (cached 1MB) CPU [1%@1510,0%@1510,0%@1510,0%@1510,0%@1510,0%@1510] GR3D_FREQ 99% cpu@61.656C soc2@60.406C soc0@58.093C gpu@62.406C tj@62.406C soc1@59.781C VDD_IN 11628mW/10124mW VDD_CPU_GPU_CV 4297mW/3615mW VDD_SOC 2487mW/2191mW
06-14-2026 18:02:51 RAM 2955/7607MB (lfb 2x4MB) SWAP 314/3804MB (cached 1MB) CPU [0%@1510,0%@1510,0%@1510,0%@1510,0%@1510,0%@1510] GR3D_FREQ 99% cpu@61.406C soc2@60.343C soc0@58.062C gpu@62.375C tj@62.375C soc1@59.781C VDD_IN 11667mW/10146mW VDD_CPU_GPU_CV 4336mW/3625mW VDD_SOC 2487mW/2195mW
06-14-2026 18:02:52 RAM 2955/7607MB (lfb 2x4MB) SWAP 314/3804MB (cached 1MB) CPU [2%@1510,0%@1510,0%@1510,0%@1510,0%@1510,0%@1510] GR3D_FREQ 99% cpu@61.562C soc2@60.406C soc0@58.156C gpu@62.375C tj@62.375C soc1@59.875C VDD_IN 11667mW/10167mW VDD_CPU_GPU_CV 4297mW/3634mW VDD_SOC 2487mW/2199mW
06-14-2026 18:02:53 RAM 2955/7607MB (lfb 2x4MB) SWAP 314/3804MB (cached 1MB) CPU [0%@1510,0%@1510,0%@1510,0%@1510,0%@1510,0%@1510] GR3D_FREQ 97% cpu@61.5C soc2@60.375C soc0@58.093C gpu@62.5C tj@62.5C soc1@59.875C VDD_IN 11667mW/10188mW VDD_CPU_GPU_CV 4297mW/3643mW VDD_SOC 2487mW/2203mW
06-14-2026 18:02:54 RAM 2955/7607MB (lfb 2x4MB) SWAP 314/3804MB (cached 1MB) CPU [1%@1510,0%@1510,0%@1510,0%@1510,0%@1510,0%@1510] GR3D_FREQ 99% cpu@61.625C soc2@60.406C soc0@58.093C gpu@62.468C tj@62.468C soc1@60C VDD_IN 11628mW/10207mW VDD_CPU_GPU_CV 4297mW/3652mW VDD_SOC 2487mW/2207mW
06-14-2026 18:02:55 RAM 2955/7607MB (lfb 2x4MB) SWAP 314/3804MB (cached 1MB) CPU [1%@1510,0%@1510,0%@1510,0%@1510,0%@1510,0%@1510] GR3D_FREQ 99% cpu@61.843C soc2@60.562C soc0@58.187C gpu@62.562C tj@62.562C soc1@60.156C VDD_IN 11628mW/10226mW VDD_CPU_GPU_CV 4297mW/3661mW VDD_SOC 2487mW/2211mW
06-14-2026 18:02:56 RAM 2955/7607MB (lfb 2x4MB) SWAP 314/3804MB (cached 1MB) CPU [1%@1510,0%@1510,0%@1510,0%@1510,0%@1510,0%@1510] GR3D_FREQ 97% cpu@61.625C soc2@60.562C soc0@58.312C gpu@62.531C tj@62.531C soc1@60C VDD_IN 11628mW/10244mW VDD_CPU_GPU_CV 4297mW/3669mW VDD_SOC 2487mW/2214mW
06-14-2026 18:02:57 RAM 2955/7607MB (lfb 2x4MB) SWAP 314/3804MB (cached 1MB) CPU [0%@1510,0%@1510,0%@1510,0%@1510,0%@1510,0%@1510] GR3D_FREQ 97% cpu@61.718C soc2@60.562C soc0@58.25C gpu@62.5C tj@62.5C soc1@60C VDD_IN 11667mW/10263mW VDD_CPU_GPU_CV 4297mW/3677mW VDD_SOC 2487mW/2218mW
06-14-2026 18:02:58 RAM 2955/7607MB (lfb 2x4MB) SWAP 314/3804MB (cached 1MB) CPU [0%@1510,0%@1510,0%@1510,0%@1510,0%@1510,0%@1510] GR3D_FREQ 97% cpu@61.687C soc2@60.625C soc0@58.312C gpu@62.718C tj@62.718C soc1@60.062C VDD_IN 11628mW/10280mW VDD_CPU_GPU_CV 4297mW/3685mW VDD_SOC 2487mW/2221mW
06-14-2026 18:02:59 RAM 2955/7607MB (lfb 2x4MB) SWAP 314/3804MB (cached 1MB) CPU [1%@1510,0%@1510,0%@1510,0%@1510,0%@1510,0%@1510] GR3D_FREQ 97% cpu@61.875C soc2@60.656C soc0@58.437C gpu@62.687C tj@62.687C soc1@60.156C VDD_IN 11628mW/10297mW VDD_CPU_GPU_CV 4297mW/3693mW VDD_SOC 2487mW/2225mW
06-14-2026 18:03:00 RAM 2955/7607MB (lfb 2x4MB) SWAP 314/3804MB (cached 1MB) CPU [2%@1510,0%@1510,0%@1510,0%@1510,0%@1510,0%@1510] GR3D_FREQ 97% cpu@61.968C soc2@60.656C soc0@58.437C gpu@62.687C tj@62.687C soc1@60.218C VDD_IN 11628mW/10314mW VDD_CPU_GPU_CV 4297mW/3701mW VDD_SOC 2487mW/2228mW
06-14-2026 18:03:01 RAM 2955/7607MB (lfb 2x4MB) SWAP 314/3804MB (cached 1MB) CPU [1%@1510,0%@1510,0%@1510,0%@1510,0%@1510,0%@1510] GR3D_FREQ 97% cpu@61.968C soc2@60.843C soc0@58.437C gpu@62.75C tj@62.75C soc1@60.312C VDD_IN 11628mW/10330mW VDD_CPU_GPU_CV 4297mW/3708mW VDD_SOC 2487mW/2231mW
06-14-2026 18:03:02 RAM 2955/7607MB (lfb 2x4MB) SWAP 314/3804MB (cached 1MB) CPU [0%@1510,1%@1510,0%@1510,0%@1510,0%@1510,0%@1510] GR3D_FREQ 99% cpu@62.125C soc2@60.843C soc0@58.562C gpu@62.843C tj@62.843C soc1@60.187C VDD_IN 11667mW/10347mW VDD_CPU_GPU_CV 4297mW/3715mW VDD_SOC 2487mW/2234mW
06-14-2026 18:03:03 RAM 2955/7607MB (lfb 2x4MB) SWAP 314/3804MB (cached 1MB) CPU [0%@1510,0%@1510,0%@1510,0%@1510,0%@1510,0%@1510] GR3D_FREQ 99% cpu@61.937C soc2@60.75C soc0@58.562C gpu@62.843C tj@62.843C soc1@60.156C VDD_IN 11667mW/10362mW VDD_CPU_GPU_CV 4336mW/3723mW VDD_SOC 2487mW/2237mW
06-14-2026 18:03:04 RAM 2955/7607MB (lfb 2x4MB) SWAP 314/3804MB (cached 1MB) CPU [0%@1510,1%@1510,0%@1510,0%@1510,0%@1510,0%@1510] GR3D_FREQ 98% cpu@61.968C soc2@60.812C soc0@58.531C gpu@62.937C tj@62.937C soc1@60.25C VDD_IN 11628mW/10378mW VDD_CPU_GPU_CV 4297mW/3729mW VDD_SOC 2487mW/2240mW
06-14-2026 18:03:05 RAM 2955/7607MB (lfb 2x4MB) SWAP 314/3804MB (cached 1MB) CPU [0%@1510,1%@1510,0%@1510,0%@1510,0%@1510,0%@1510] GR3D_FREQ 97% cpu@62C soc2@60.875C soc0@58.531C gpu@62.875C tj@62.875C soc1@60.343C VDD_IN 11628mW/10392mW VDD_CPU_GPU_CV 4297mW/3736mW VDD_SOC 2487mW/2243mW
06-14-2026 18:03:06 RAM 2955/7607MB (lfb 2x4MB) SWAP 314/3804MB (cached 1MB) CPU [0%@1510,1%@1510,0%@1510,0%@1510,0%@1510,0%@1510] GR3D_FREQ 99% cpu@62C soc2@60.906C soc0@58.656C gpu@62.968C tj@62.968C soc1@60.406C VDD_IN 11667mW/10407mW VDD_CPU_GPU_CV 4297mW/3743mW VDD_SOC 2487mW/2246mW
06-14-2026 18:03:07 RAM 2955/7607MB (lfb 2x4MB) SWAP 314/3804MB (cached 1MB) CPU [0%@1510,1%@1510,0%@1510,0%@1510,0%@1510,0%@1510] GR3D_FREQ 99% cpu@62.281C soc2@60.968C soc0@58.656C gpu@63.031C tj@63.031C soc1@60.468C VDD_IN 11628mW/10421mW VDD_CPU_GPU_CV 4297mW/3749mW VDD_SOC 2487mW/2249mW
06-14-2026 18:03:08 RAM 2955/7607MB (lfb 2x4MB) SWAP 314/3804MB (cached 1MB) CPU [0%@1510,0%@1510,0%@1510,0%@1510,0%@1510,0%@1510] GR3D_FREQ 99% cpu@62.187C soc2@60.968C soc0@58.75C gpu@63.093C tj@63.093C soc1@60.531C VDD_IN 11667mW/10435mW VDD_CPU_GPU_CV 4336mW/3756mW VDD_SOC 2487mW/2252mW
06-14-2026 18:03:09 RAM 2955/7607MB (lfb 2x4MB) SWAP 314/3804MB (cached 1MB) CPU [1%@1510,0%@1510,0%@1510,0%@1510,0%@1510,0%@1510] GR3D_FREQ 99% cpu@62.125C soc2@60.968C soc0@58.656C gpu@63.187C tj@63.187C soc1@60.406C VDD_IN 11667mW/10449mW VDD_CPU_GPU_CV 4336mW/3762mW VDD_SOC 2487mW/2254mW
06-14-2026 18:03:10 RAM 2955/7607MB (lfb 2x4MB) SWAP 314/3804MB (cached 1MB) CPU [1%@1510,1%@1510,0%@1510,0%@1510,0%@1510,0%@1510] GR3D_FREQ 97% cpu@62.125C soc2@61C soc0@58.687C gpu@63.156C tj@63.156C soc1@60.468C VDD_IN 11667mW/10463mW VDD_CPU_GPU_CV 4336mW/3769mW VDD_SOC 2487mW/2257mW
06-14-2026 18:03:11 RAM 2955/7607MB (lfb 2x4MB) SWAP 314/3804MB (cached 1MB) CPU [1%@1510,0%@1510,0%@1510,0%@1510,0%@1510,0%@1510] GR3D_FREQ 98% cpu@62.125C soc2@60.968C soc0@58.718C gpu@63.156C tj@63.156C soc1@60.5C VDD_IN 11628mW/10475mW VDD_CPU_GPU_CV 4297mW/3774mW VDD_SOC 2487mW/2259mW
06-14-2026 18:03:12 RAM 2955/7607MB (lfb 2x4MB) SWAP 314/3804MB (cached 1MB) CPU [2%@1510,0%@1510,0%@1510,0%@1510,0%@1510,0%@1510] GR3D_FREQ 97% cpu@62.125C soc2@61.062C soc0@58.843C gpu@63.281C tj@63.281C soc1@60.593C VDD_IN 11628mW/10488mW VDD_CPU_GPU_CV 4297mW/3780mW VDD_SOC 2487mW/2262mW
06-14-2026 18:03:13 RAM 2955/7607MB (lfb 2x4MB) SWAP 314/3804MB (cached 1MB) CPU [1%@1510,0%@1510,0%@1510,0%@1510,0%@1510,0%@1510] GR3D_FREQ 97% cpu@62.312C soc2@61.156C soc0@58.937C gpu@62.937C tj@62.937C soc1@60.656C VDD_IN 11628mW/10500mW VDD_CPU_GPU_CV 4297mW/3786mW VDD_SOC 2487mW/2264mW
06-14-2026 18:03:14 RAM 2955/7607MB (lfb 2x4MB) SWAP 314/3804MB (cached 1MB) CPU [1%@1510,0%@1510,0%@1510,0%@1510,0%@1510,0%@1510] GR3D_FREQ 97% cpu@62.156C soc2@61.156C soc0@58.937C gpu@62.937C tj@62.937C soc1@60.593C VDD_IN 11628mW/10512mW VDD_CPU_GPU_CV 4297mW/3791mW VDD_SOC 2487mW/2267mW
06-14-2026 18:03:15 RAM 2955/7607MB (lfb 2x4MB) SWAP 314/3804MB (cached 1MB) CPU [1%@1510,0%@1510,0%@1510,0%@1510,0%@1510,0%@1510] GR3D_FREQ 98% cpu@62.156C soc2@61.125C soc0@58.812C gpu@62.875C tj@62.875C soc1@60.562C VDD_IN 11628mW/10524mW VDD_CPU_GPU_CV 4297mW/3796mW VDD_SOC 2487mW/2269mW
06-14-2026 18:03:16 RAM 2955/7607MB (lfb 2x4MB) SWAP 314/3804MB (cached 1MB) CPU [0%@1510,0%@1510,0%@1510,0%@1510,0%@1510,0%@1510] GR3D_FREQ 99% cpu@62.312C soc2@61.156C soc0@58.812C gpu@63.031C tj@63.031C soc1@60.593C VDD_IN 11628mW/10535mW VDD_CPU_GPU_CV 4297mW/3802mW VDD_SOC 2487mW/2271mW
06-14-2026 18:03:17 RAM 2959/7607MB (lfb 2x4MB) SWAP 314/3804MB (cached 1MB) CPU [1%@1510,0%@1510,1%@1510,0%@1510,1%@1510,0%@1510] GR3D_FREQ 97% cpu@62.343C soc2@61.218C soc0@58.843C gpu@62.937C tj@62.937C soc1@60.625C VDD_IN 11667mW/10547mW VDD_CPU_GPU_CV 4297mW/3807mW VDD_SOC 2487mW/2273mW
06-14-2026 18:03:18 RAM 2959/7607MB (lfb 2x4MB) SWAP 314/3804MB (cached 1MB) CPU [0%@1510,0%@1510,0%@1510,0%@1510,0%@1510,0%@1510] GR3D_FREQ 99% cpu@62.375C soc2@61.281C soc0@58.937C gpu@63.031C tj@63.031C soc1@60.718C VDD_IN 11667mW/10559mW VDD_CPU_GPU_CV 4297mW/3812mW VDD_SOC 2487mW/2276mW
06-14-2026 18:03:19 RAM 2959/7607MB (lfb 2x4MB) SWAP 314/3804MB (cached 1MB) CPU [0%@1510,0%@1510,0%@1510,0%@1510,0%@1510,0%@1510] GR3D_FREQ 99% cpu@62.375C soc2@61.218C soc0@59C gpu@63.031C tj@63.218C soc1@60.718C VDD_IN 11667mW/10570mW VDD_CPU_GPU_CV 4297mW/3817mW VDD_SOC 2487mW/2278mW
06-14-2026 18:03:20 RAM 2959/7607MB (lfb 2x4MB) SWAP 314/3804MB (cached 1MB) CPU [0%@1510,0%@1510,0%@1510,0%@1510,0%@1510,0%@1510] GR3D_FREQ 99% cpu@62.625C soc2@61.25C soc0@59.062C gpu@63.281C tj@63.281C soc1@60.687C VDD_IN 11667mW/10581mW VDD_CPU_GPU_CV 4297mW/3821mW VDD_SOC 2487mW/2280mW
06-14-2026 18:03:21 RAM 2959/7607MB (lfb 2x4MB) SWAP 314/3804MB (cached 1MB) CPU [1%@1510,0%@1510,0%@1510,0%@1510,0%@1510,0%@1510] GR3D_FREQ 99% cpu@62.343C soc2@61.25C soc0@59.093C gpu@63.343C tj@63.343C soc1@60.687C VDD_IN 11667mW/10591mW VDD_CPU_GPU_CV 4336mW/3827mW VDD_SOC 2487mW/2282mW
06-14-2026 18:03:22 RAM 2959/7607MB (lfb 2x4MB) SWAP 314/3804MB (cached 1MB) CPU [0%@1510,0%@1510,0%@1510,0%@1510,0%@1510,0%@1510] GR3D_FREQ 99% cpu@62.437C soc2@61.312C soc0@59C gpu@63.343C tj@63.343C soc1@60.781C VDD_IN 11667mW/10602mW VDD_CPU_GPU_CV 4336mW/3832mW VDD_SOC 2487mW/2284mW
06-14-2026 18:03:23 RAM 2959/7607MB (lfb 2x4MB) SWAP 314/3804MB (cached 1MB) CPU [1%@1510,0%@1510,0%@1510,0%@1510,0%@1510,0%@1510] GR3D_FREQ 99% cpu@62.375C soc2@61.281C soc0@58.937C gpu@63.343C tj@63.343C soc1@60.687C VDD_IN 11667mW/10612mW VDD_CPU_GPU_CV 4336mW/3836mW VDD_SOC 2487mW/2286mW
06-14-2026 18:03:24 RAM 2959/7607MB (lfb 2x4MB) SWAP 314/3804MB (cached 1MB) CPU [3%@1510,0%@1510,0%@1510,0%@1510,0%@1510,0%@1510] GR3D_FREQ 99% cpu@62.468C soc2@61.406C soc0@59.031C gpu@63.5C tj@63.5C soc1@60.843C VDD_IN 11628mW/10622mW VDD_CPU_GPU_CV 4297mW/3841mW VDD_SOC 2487mW/2288mW
06-14-2026 18:03:25 RAM 2959/7607MB (lfb 2x4MB) SWAP 314/3804MB (cached 1MB) CPU [1%@1510,0%@1510,0%@1510,0%@1510,0%@1510,0%@1510] GR3D_FREQ 99% cpu@62.625C soc2@61.406C soc0@59.187C gpu@63.468C tj@63.468C soc1@60.906C VDD_IN 11667mW/10632mW VDD_CPU_GPU_CV 4297mW/3845mW VDD_SOC 2487mW/2290mW
06-14-2026 18:03:26 RAM 2959/7607MB (lfb 2x4MB) SWAP 314/3804MB (cached 1MB) CPU [0%@1510,1%@1510,0%@1510,0%@1510,0%@1510,0%@1510] GR3D_FREQ 98% cpu@62.343C soc2@61.531C soc0@59.343C gpu@63.406C tj@63.406C soc1@60.781C VDD_IN 11628mW/10641mW VDD_CPU_GPU_CV 4297mW/3849mW VDD_SOC 2487mW/2292mW
06-14-2026 18:03:27 RAM 2943/7607MB (lfb 3x2MB) SWAP 314/3804MB (cached 1MB) CPU [0%@1510,2%@1510,0%@1510,0%@1510,2%@1510,0%@1510] GR3D_FREQ 98% cpu@62.687C soc2@61.468C soc0@59.062C gpu@63.531C tj@63.531C soc1@60.812C VDD_IN 11667mW/10651mW VDD_CPU_GPU_CV 4336mW/3854mW VDD_SOC 2487mW/2293mW
06-14-2026 18:03:28 RAM 2946/7607MB (lfb 4x2MB) SWAP 314/3804MB (cached 1MB) CPU [0%@1510,1%@1510,0%@1510,0%@1510,0%@1510,0%@1510] GR3D_FREQ 99% cpu@62.562C soc2@61.406C soc0@59.093C gpu@63.5C tj@63.5C soc1@60.875C VDD_IN 11667mW/10660mW VDD_CPU_GPU_CV 4297mW/3858mW VDD_SOC 2527mW/2296mW
06-14-2026 18:03:29 RAM 2946/7607MB (lfb 4x2MB) SWAP 314/3804MB (cached 1MB) CPU [0%@1510,1%@1510,0%@1510,0%@1510,0%@1510,0%@1510] GR3D_FREQ 99% cpu@62.593C soc2@61.468C soc0@59.125C gpu@63.656C tj@63.656C soc1@60.906C VDD_IN 11707mW/10670mW VDD_CPU_GPU_CV 4336mW/3862mW VDD_SOC 2487mW/2297mW
06-14-2026 18:03:30 RAM 2946/7607MB (lfb 4x2MB) SWAP 314/3804MB (cached 1MB) CPU [0%@1510,1%@1510,0%@1510,0%@1510,0%@1510,0%@1510] GR3D_FREQ 99% cpu@62.781C soc2@61.531C soc0@59.25C gpu@63.718C tj@63.718C soc1@60.937C VDD_IN 11667mW/10679mW VDD_CPU_GPU_CV 4336mW/3867mW VDD_SOC 2487mW/2299mW
06-14-2026 18:03:31 RAM 2946/7607MB (lfb 4x2MB) SWAP 314/3804MB (cached 1MB) CPU [0%@1510,0%@1510,0%@1510,0%@1510,0%@1510,0%@1510] GR3D_FREQ 99% cpu@62.625C soc2@61.562C soc0@59.281C gpu@63.656C tj@63.656C soc1@61.093C VDD_IN 11667mW/10688mW VDD_CPU_GPU_CV 4297mW/3871mW VDD_SOC 2487mW/2301mW
06-14-2026 18:03:32 RAM 2946/7607MB (lfb 4x2MB) SWAP 314/3804MB (cached 1MB) CPU [0%@1510,0%@1510,0%@1510,0%@1510,0%@1510,0%@1510] GR3D_FREQ 98% cpu@62.843C soc2@61.593C soc0@59.312C gpu@63.781C tj@63.781C soc1@60.906C VDD_IN 11667mW/10697mW VDD_CPU_GPU_CV 4297mW/3874mW VDD_SOC 2487mW/2302mW
06-14-2026 18:03:33 RAM 2946/7607MB (lfb 4x2MB) SWAP 314/3804MB (cached 1MB) CPU [0%@1510,1%@1510,0%@1510,0%@1510,0%@1510,0%@1510] GR3D_FREQ 98% cpu@62.656C soc2@61.562C soc0@59.187C gpu@63.312C tj@63.312C soc1@60.875C VDD_IN 11667mW/10705mW VDD_CPU_GPU_CV 4297mW/3878mW VDD_SOC 2487mW/2304mW
06-14-2026 18:03:34 RAM 2946/7607MB (lfb 4x2MB) SWAP 314/3804MB (cached 1MB) CPU [0%@1510,0%@1510,0%@1510,0%@1510,0%@1510,0%@1510] GR3D_FREQ 99% cpu@62.625C soc2@61.562C soc0@59.312C gpu@63.375C tj@63.375C soc1@61.062C VDD_IN 11667mW/10714mW VDD_CPU_GPU_CV 4297mW/3882mW VDD_SOC 2487mW/2306mW
06-14-2026 18:03:35 RAM 2946/7607MB (lfb 4x2MB) SWAP 314/3804MB (cached 1MB) CPU [0%@1510,2%@1510,0%@1510,0%@1510,0%@1510,0%@1510] GR3D_FREQ 99% cpu@62.656C soc2@61.75C soc0@59.281C gpu@63.5C tj@63.5C soc1@61C VDD_IN 11667mW/10722mW VDD_CPU_GPU_CV 4336mW/3886mW VDD_SOC 2487mW/2307mW
06-14-2026 18:03:36 RAM 2946/7607MB (lfb 4x2MB) SWAP 314/3804MB (cached 1MB) CPU [0%@1510,2%@1510,0%@1510,0%@1510,0%@1510,0%@1510] GR3D_FREQ 99% cpu@62.718C soc2@61.687C soc0@59.375C gpu@63.531C tj@63.531C soc1@61.093C VDD_IN 11667mW/10730mW VDD_CPU_GPU_CV 4297mW/3889mW VDD_SOC 2487mW/2309mW
06-14-2026 18:03:37 RAM 2932/7607MB (lfb 1x4MB) SWAP 314/3804MB (cached 1MB) CPU [0%@1510,0%@1510,0%@1510,0%@1510,0%@1510,0%@1510] GR3D_FREQ 99% cpu@62.968C soc2@61.687C soc0@59.375C gpu@63.593C tj@63.593C soc1@61.187C VDD_IN 11707mW/10739mW VDD_CPU_GPU_CV 4336mW/3893mW VDD_SOC 2487mW/2310mW
06-14-2026 18:03:38 RAM 2932/7607MB (lfb 1x4MB) SWAP 314/3804MB (cached 1MB) CPU [0%@1510,1%@1510,0%@1510,0%@1510,0%@1510,0%@1510] GR3D_FREQ 99% cpu@62.656C soc2@61.812C soc0@59.562C gpu@63.531C tj@63.531C soc1@61.156C VDD_IN 11707mW/10747mW VDD_CPU_GPU_CV 4336mW/3897mW VDD_SOC 2487mW/2312mW
06-14-2026 18:03:39 RAM 2932/7607MB (lfb 1x4MB) SWAP 314/3804MB (cached 1MB) CPU [0%@1510,0%@1510,0%@1510,0%@1510,0%@1510,0%@1510] GR3D_FREQ 99% cpu@62.75C soc2@61.656C soc0@59.375C gpu@63.531C tj@63.531C soc1@61.031C VDD_IN 11667mW/10755mW VDD_CPU_GPU_CV 4336mW/3901mW VDD_SOC 2487mW/2313mW
06-14-2026 18:03:40 RAM 2932/7607MB (lfb 1x4MB) SWAP 314/3804MB (cached 1MB) CPU [0%@1510,1%@1510,0%@1510,0%@1510,0%@1510,0%@1510] GR3D_FREQ 98% cpu@62.812C soc2@61.718C soc0@59.406C gpu@63.531C tj@63.531C soc1@61.125C VDD_IN 11667mW/10762mW VDD_CPU_GPU_CV 4336mW/3904mW VDD_SOC 2487mW/2315mW
06-14-2026 18:03:41 RAM 2932/7607MB (lfb 1x4MB) SWAP 314/3804MB (cached 1MB) CPU [0%@1510,0%@1510,0%@1510,0%@1510,0%@1510,0%@1510] GR3D_FREQ 98% cpu@62.906C soc2@61.75C soc0@59.406C gpu@63.531C tj@63.531C soc1@61.187C VDD_IN 11667mW/10770mW VDD_CPU_GPU_CV 4336mW/3908mW VDD_SOC 2487mW/2316mW
06-14-2026 18:03:42 RAM 2932/7607MB (lfb 1x4MB) SWAP 314/3804MB (cached 1MB) CPU [0%@1510,1%@1510,0%@1510,0%@1510,0%@1510,0%@1510] GR3D_FREQ 99% cpu@62.812C soc2@61.781C soc0@59.5C gpu@63.625C tj@63.625C soc1@61.25C VDD_IN 11667mW/10777mW VDD_CPU_GPU_CV 4297mW/3911mW VDD_SOC 2487mW/2318mW
06-14-2026 18:03:43 RAM 2933/7607MB (lfb 1x4MB) SWAP 314/3804MB (cached 1MB) CPU [0%@1510,0%@1510,0%@1510,0%@1510,0%@1510,0%@1510] GR3D_FREQ 97% cpu@63C soc2@61.781C soc0@59.562C gpu@63.531C tj@63.531C soc1@61.343C VDD_IN 11667mW/10784mW VDD_CPU_GPU_CV 4297mW/3914mW VDD_SOC 2487mW/2319mW
06-14-2026 18:03:44 RAM 2933/7607MB (lfb 1x4MB) SWAP 314/3804MB (cached 1MB) CPU [0%@1510,0%@1510,0%@1510,0%@1510,0%@1510,0%@1510] GR3D_FREQ 98% cpu@62.875C soc2@61.875C soc0@59.531C gpu@63.531C tj@63.531C soc1@61.25C VDD_IN 11667mW/10791mW VDD_CPU_GPU_CV 4297mW/3917mW VDD_SOC 2527mW/2321mW
06-14-2026 18:03:45 RAM 2933/7607MB (lfb 1x4MB) SWAP 314/3804MB (cached 1MB) CPU [0%@1510,1%@1510,0%@1510,0%@1510,0%@1510,0%@1510] GR3D_FREQ 99% cpu@62.875C soc2@61.781C soc0@59.406C gpu@63.687C tj@63.687C soc1@61.25C VDD_IN 11667mW/10798mW VDD_CPU_GPU_CV 4297mW/3920mW VDD_SOC 2487mW/2322mW
06-14-2026 18:03:46 RAM 2933/7607MB (lfb 1x4MB) SWAP 314/3804MB (cached 1MB) CPU [0%@1510,0%@1510,0%@1510,0%@1510,0%@1510,0%@1510] GR3D_FREQ 98% cpu@62.906C soc2@61.843C soc0@59.562C gpu@63.625C tj@63.625C soc1@61.25C VDD_IN 11667mW/10805mW VDD_CPU_GPU_CV 4297mW/3923mW VDD_SOC 2487mW/2323mW
06-14-2026 18:03:47 RAM 2933/7607MB (lfb 1x4MB) SWAP 314/3804MB (cached 1MB) CPU [0%@1510,1%@1510,0%@1510,0%@1510,0%@1510,0%@1510] GR3D_FREQ 99% cpu@62.968C soc2@61.812C soc0@59.562C gpu@63.687C tj@63.906C soc1@61.312C VDD_IN 11667mW/10812mW VDD_CPU_GPU_CV 4297mW/3926mW VDD_SOC 2527mW/2325mW
06-14-2026 18:03:48 RAM 1890/7607MB (lfb 1x4MB) SWAP 314/3804MB (cached 1MB) CPU [0%@1510,43%@1510,0%@1510,0%@1510,27%@1510,0%@1510] GR3D_FREQ 0% cpu@63.218C soc2@61.687C soc0@59.5C gpu@63C tj@63.218C soc1@61.312C VDD_IN 8477mW/10794mW VDD_CPU_GPU_CV 2570mW/3916mW VDD_SOC 1938mW/2322mW
06-14-2026 18:03:49 RAM 1605/7607MB (lfb 1x4MB) SWAP 314/3804MB (cached 1MB) CPU [11%@1510,44%@1510,11%@1510,9%@1510,40%@1510,17%@1510] GR3D_FREQ 0% cpu@62.781C soc2@61.406C soc0@59.406C gpu@62.656C tj@62.781C soc1@61.312C VDD_IN 6497mW/10760mW VDD_CPU_GPU_CV 1743mW/3899mW VDD_SOC 1545mW/2316mW
06-14-2026 18:03:50 RAM 1672/7607MB (lfb 249x1MB) SWAP 314/3804MB (cached 1MB) CPU [0%@1510,0%@1510,0%@1510,0%@1510,99%@1510,2%@1510] GR3D_FREQ 0% cpu@62.812C soc2@61.218C soc0@59.125C gpu@62.562C tj@62.812C soc1@61.031C VDD_IN 6071mW/10724mW VDD_CPU_GPU_CV 1426mW/3880mW VDD_SOC 1505mW/2310mW
06-14-2026 18:03:51 RAM 1683/7607MB (lfb 2x4MB) SWAP 314/3804MB (cached 1MB) CPU [1%@1510,0%@1510,0%@1510,0%@1510,98%@1510,3%@1510] GR3D_FREQ 0% cpu@62.5C soc2@60.937C soc0@59C gpu@62.406C tj@62.5C soc1@60.968C VDD_IN 6031mW/10689mW VDD_CPU_GPU_CV 1426mW/3861mW VDD_SOC 1505mW/2303mW
06-14-2026 18:03:52 RAM 1683/7607MB (lfb 2x4MB) SWAP 314/3804MB (cached 1MB) CPU [0%@1510,0%@1510,0%@1510,0%@1510,100%@1510,2%@1510] GR3D_FREQ 0% cpu@62.5C soc2@60.906C soc0@59.031C gpu@62.343C tj@62.5C soc1@60.937C VDD_IN 6071mW/10654mW VDD_CPU_GPU_CV 1465mW/3843mW VDD_SOC 1505mW/2297mW
06-14-2026 18:03:53 RAM 1692/7607MB (lfb 2x4MB) SWAP 314/3804MB (cached 1MB) CPU [0%@1510,0%@1510,0%@1510,0%@1510,100%@1510,0%@1510] GR3D_FREQ 0% cpu@62.531C soc2@60.906C soc0@58.937C gpu@62.281C tj@62.531C soc1@60.906C VDD_IN 5991mW/10619mW VDD_CPU_GPU_CV 1426mW/3825mW VDD_SOC 1465mW/2291mW
06-14-2026 18:03:54 RAM 1509/7607MB (lfb 242x1MB) SWAP 314/3804MB (cached 1MB) CPU [27%@1510,17%@1510,0%@1510,5%@1510,55%@1510,11%@1510] GR3D_FREQ 3% cpu@62.406C soc2@60.906C soc0@58.906C gpu@61.812C tj@62.406C soc1@60.843C VDD_IN 6150mW/10585mW VDD_CPU_GPU_CV 1545mW/3808mW VDD_SOC 1505mW/2285mW
06-14-2026 18:03:55 RAM 2806/7607MB (lfb 4x64kB) SWAP 314/3804MB (cached 1MB) CPU [0%@1510,95%@1510,0%@1510,0%@1510,0%@1510,10%@1510] GR3D_FREQ 46% cpu@62.593C soc2@60.875C soc0@58.906C gpu@61.968C tj@62.593C soc1@60.687C VDD_IN 6705mW/10556mW VDD_CPU_GPU_CV 1663mW/3792mW VDD_SOC 1663mW/2281mW
06-14-2026 18:03:56 RAM 2847/7607MB (lfb 2x4MB) SWAP 314/3804MB (cached 1MB) CPU [2%@1510,10%@1510,1%@1510,0%@1510,3%@1510,5%@1510] GR3D_FREQ 99% cpu@62.281C soc2@61.031C soc0@58.781C gpu@62.875C tj@62.875C soc1@60.718C VDD_IN 10995mW/10560mW VDD_CPU_GPU_CV 3981mW/3793mW VDD_SOC 2373mW/2281mW
06-14-2026 18:03:57 RAM 2842/7607MB (lfb 2x4MB) SWAP 314/3804MB (cached 1MB) CPU [0%@1510,0%@1510,0%@1510,0%@1510,0%@1510,0%@1510] GR3D_FREQ 94% cpu@62.312C soc2@61.218C soc0@58.968C gpu@63.093C tj@63.218C soc1@60.812C VDD_IN 11549mW/10567mW VDD_CPU_GPU_CV 4257mW/3797mW VDD_SOC 2487mW/2283mW
06-14-2026 18:03:58 RAM 2842/7607MB (lfb 2x4MB) SWAP 314/3804MB (cached 1MB) CPU [0%@1510,4%@1510,0%@1510,0%@1510,0%@1510,0%@1510] GR3D_FREQ 99% cpu@62.531C soc2@61.281C soc0@58.968C gpu@63.218C tj@63.218C soc1@60.843C VDD_IN 11588mW/10574mW VDD_CPU_GPU_CV 4297mW/3800mW VDD_SOC 2487mW/2284mW
06-14-2026 18:03:59 RAM 2842/7607MB (lfb 2x4MB) SWAP 314/3804MB (cached 1MB) CPU [1%@1510,0%@1510,0%@1510,0%@1510,0%@1510,0%@1510] GR3D_FREQ 99% cpu@62.468C soc2@61.406C soc0@59.062C gpu@63.343C tj@63.343C soc1@60.937C VDD_IN 11628mW/10582mW VDD_CPU_GPU_CV 4297mW/3804mW VDD_SOC 2487mW/2286mW
06-14-2026 18:04:00 RAM 2842/7607MB (lfb 2x4MB) SWAP 314/3804MB (cached 1MB) CPU [0%@1510,3%@1510,0%@1510,0%@1510,0%@1510,0%@1510] GR3D_FREQ 99% cpu@62.656C soc2@61.406C soc0@59.125C gpu@63.343C tj@63.343C soc1@60.968C VDD_IN 11588mW/10589mW VDD_CPU_GPU_CV 4297mW/3807mW VDD_SOC 2487mW/2287mW
06-14-2026 18:04:01 RAM 1838/7607MB (lfb 2x4MB) SWAP 314/3804MB (cached 1MB) CPU [0%@1510,19%@1510,0%@1510,0%@1510,0%@1510,15%@1510] GR3D_FREQ 0% cpu@62.781C soc2@61.281C soc0@59.187C gpu@62.687C tj@62.781C soc1@60.843C VDD_IN 9967mW/10585mW VDD_CPU_GPU_CV 3435mW/3805mW VDD_SOC 2175mW/2286mW
06-14-2026 18:04:02 RAM 1497/7607MB (lfb 12x4MB) SWAP 314/3804MB (cached 1MB) CPU [1%@1510,56%@1510,3%@1510,4%@1510,12%@1510,16%@1510] GR3D_FREQ 0% cpu@62.25C soc2@60.906C soc0@58.875C gpu@62.062C tj@62.25C soc1@60.812C VDD_IN 6100mW/10553mW VDD_CPU_GPU_CV 1426mW/3788mW VDD_SOC 1545mW/2281mW
06-14-2026 18:04:03 RAM 1497/7607MB (lfb 12x4MB) SWAP 314/3804MB (cached 1MB) CPU [0%@1510,0%@1510,0%@1510,0%@1510,0%@1510,0%@1510] GR3D_FREQ 0% cpu@62.031C soc2@60.75C soc0@58.843C gpu@61.937C tj@62.031C soc1@60.718C VDD_IN 5356mW/10517mW VDD_CPU_GPU_CV 1030mW/3769mW VDD_SOC 1426mW/2275mW
