06-14-2026 18:13:45 RAM 619/7607MB (lfb 154x1MB) SWAP 324/3804MB (cached 1MB) CPU [2%@1510,0%@1510,2%@1510,12%@1510,1%@1510,1%@1510] GR3D_FREQ 0% cpu@56.281C soc2@54.781C soc0@53.093C gpu@56.187C tj@56.281C soc1@55.125C VDD_IN 5277mW/5277mW VDD_CPU_GPU_CV 1030mW/1030mW VDD_SOC 1386mW/1386mW
06-14-2026 18:13:46 RAM 619/7607MB (lfb 154x1MB) SWAP 324/3804MB (cached 1MB) CPU [0%@1510,0%@1510,0%@1510,0%@1510,0%@1510,0%@1510] GR3D_FREQ 0% cpu@56.093C soc2@54.781C soc0@53C gpu@56.218C tj@56.218C soc1@55.156C VDD_IN 5198mW/5238mW VDD_CPU_GPU_CV 990mW/1010mW VDD_SOC 1386mW/1386mW
06-14-2026 18:13:47 RAM 619/7607MB (lfb 154x1MB) SWAP 324/3804MB (cached 1MB) CPU [0%@1510,0%@1510,0%@1510,0%@1510,0%@1510,0%@1510] GR3D_FREQ 0% cpu@56.156C soc2@54.625C soc0@53.031C gpu@56.218C tj@56.218C soc1@55.125C VDD_IN 5198mW/5224mW VDD_CPU_GPU_CV 950mW/990mW VDD_SOC 1386mW/1386mW
06-14-2026 18:13:48 RAM 619/7607MB (lfb 154x1MB) SWAP 324/3804MB (cached 1MB) CPU [0%@1510,0%@1510,0%@1510,0%@1510,0%@1510,0%@1510] GR3D_FREQ 0% cpu@56.312C soc2@54.656C soc0@53.031C gpu@56.218C tj@56.312C soc1@55.156C VDD_IN 5198mW/5218mW VDD_CPU_GPU_CV 950mW/980mW VDD_SOC 1386mW/1386mW
06-14-2026 18:13:49 RAM 619/7607MB (lfb 154x1MB) SWAP 324/3804MB (cached 1MB) CPU [0%@1510,0%@1510,0%@1510,0%@1510,0%@1510,0%@1510] GR3D_FREQ 0% cpu@56.125C soc2@54.625C soc0@53C gpu@55.75C tj@56.125C soc1@55.093C VDD_IN 5189mW/5212mW VDD_CPU_GPU_CV 950mW/974mW VDD_SOC 1386mW/1386mW
06-14-2026 18:13:50 RAM 708/7607MB (lfb 145x1MB) SWAP 324/3804MB (cached 1MB) CPU [18%@1510,59%@1510,8%@1510,8%@1510,2%@1510,2%@1510] GR3D_FREQ 0% cpu@56.562C soc2@54.812C soc0@53.125C gpu@55.75C tj@56.562C soc1@55.312C VDD_IN 5872mW/5322mW VDD_CPU_GPU_CV 1426mW/1049mW VDD_SOC 1426mW/1393mW
06-14-2026 18:13:51 RAM 745/7607MB (lfb 2x2MB) SWAP 324/3804MB (cached 1MB) CPU [11%@1510,90%@1510,5%@1510,2%@1510,0%@1510,0%@1510] GR3D_FREQ 0% cpu@56.406C soc2@54.781C soc0@53C gpu@55.906C tj@56.406C soc1@55.031C VDD_IN 6031mW/5423mW VDD_CPU_GPU_CV 1465mW/1109mW VDD_SOC 1465mW/1403mW
06-14-2026 18:13:52 RAM 741/7607MB (lfb 158x512kB) SWAP 324/3804MB (cached 1MB) CPU [29%@1510,30%@1510,0%@1510,66%@1510,15%@1510,0%@1510] GR3D_FREQ 0% cpu@56.406C soc2@54.75C soc0@53C gpu@56.062C tj@56.406C soc1@55.125C VDD_IN 6269mW/5529mW VDD_CPU_GPU_CV 1624mW/1173mW VDD_SOC 1505mW/1416mW
06-14-2026 18:13:53 RAM 741/7607MB (lfb 98x128kB) SWAP 324/3804MB (cached 1MB) CPU [6%@1510,30%@1510,0%@1510,73%@1510,54%@1510,1%@1510] GR3D_FREQ 0% cpu@56.312C soc2@54.718C soc0@53C gpu@56.093C tj@56.625C soc1@55.125C VDD_IN 6309mW/5616mW VDD_CPU_GPU_CV 1663mW/1228mW VDD_SOC 1505mW/1426mW
06-14-2026 18:13:54 RAM 680/7607MB (lfb 1x1MB) SWAP 324/3804MB (cached 1MB) CPU [5%@1510,25%@1510,2%@1510,76%@1510,63%@1510,0%@1510] GR3D_FREQ 0% cpu@56.468C soc2@54.843C soc0@53.031C gpu@55.968C tj@56.468C soc1@55.187C VDD_IN 6309mW/5685mW VDD_CPU_GPU_CV 1663mW/1271mW VDD_SOC 1505mW/1434mW
06-14-2026 18:13:55 RAM 664/7607MB (lfb 1x1MB) SWAP 324/3804MB (cached 1MB) CPU [5%@1510,30%@1510,0%@1510,76%@1510,83%@1510,0%@1510] GR3D_FREQ 0% cpu@56.812C soc2@54.968C soc0@53.156C gpu@56.062C tj@56.812C soc1@55.218C VDD_IN 6428mW/5753mW VDD_CPU_GPU_CV 1782mW/1318mW VDD_SOC 1505mW/1440mW
06-14-2026 18:13:56 RAM 666/7607MB (lfb 1x1MB) SWAP 325/3804MB (cached 1MB) CPU [4%@1510,21%@1510,0%@1510,78%@1510,72%@1510,0%@1510] GR3D_FREQ 0% cpu@56.5C soc2@54.75C soc0@52.937C gpu@56.093C tj@56.5C soc1@55.093C VDD_IN 6309mW/5799mW VDD_CPU_GPU_CV 1703mW/1350mW VDD_SOC 1505mW/1446mW
06-14-2026 18:13:57 RAM 591/7607MB (lfb 1x4MB) SWAP 325/3804MB (cached 0MB) CPU [7%@1510,9%@1510,11%@1510,77%@1510,7%@1510,10%@1510] GR3D_FREQ 0% cpu@56.625C soc2@54.812C soc0@53.031C gpu@56.125C tj@56.625C soc1@55.031C VDD_IN 6229mW/5832mW VDD_CPU_GPU_CV 1624mW/1371mW VDD_SOC 1465mW/1447mW
06-14-2026 18:13:58 RAM 741/7607MB (lfb 4x1MB) SWAP 325/3804MB (cached 0MB) CPU [9%@1510,91%@1510,3%@1510,3%@1510,1%@1510,3%@1510] GR3D_FREQ 0% cpu@56.437C soc2@54.843C soc0@53.156C gpu@56.125C tj@56.437C soc1@55.187C VDD_IN 5991mW/5843mW VDD_CPU_GPU_CV 1465mW/1378mW VDD_SOC 1465mW/1448mW
06-14-2026 18:13:59 RAM 731/7607MB (lfb 3x1MB) SWAP 325/3804MB (cached 0MB) CPU [15%@1510,97%@1510,21%@1510,0%@1510,29%@1510,1%@1510] GR3D_FREQ 0% cpu@56.656C soc2@54.937C soc0@53.031C gpu@56.187C tj@56.656C soc1@55.281C VDD_IN 6388mW/5880mW VDD_CPU_GPU_CV 1743mW/1402mW VDD_SOC 1505mW/1452mW
06-14-2026 18:14:00 RAM 699/7607MB (lfb 1x1MB) SWAP 325/3804MB (cached 0MB) CPU [24%@1510,22%@1510,8%@1510,27%@1510,34%@1510,68%@1510] GR3D_FREQ 0% cpu@56.687C soc2@54.906C soc0@53.187C gpu@55.968C tj@56.687C soc1@55.343C VDD_IN 6348mW/5909mW VDD_CPU_GPU_CV 1703mW/1421mW VDD_SOC 1505mW/1455mW
06-14-2026 18:14:01 RAM 688/7607MB (lfb 4x512kB) SWAP 325/3804MB (cached 0MB) CPU [18%@1510,0%@1510,5%@1510,56%@1510,0%@1510,100%@1510] GR3D_FREQ 0% cpu@56.406C soc2@54.906C soc0@53.031C gpu@56C tj@56.406C soc1@55.093C VDD_IN 6309mW/5932mW VDD_CPU_GPU_CV 1703mW/1437mW VDD_SOC 1505mW/1458mW
06-14-2026 18:14:02 RAM 670/7607MB (lfb 1x1MB) SWAP 326/3804MB (cached 0MB) CPU [24%@1510,16%@1510,12%@1510,49%@1510,0%@1510,98%@1510] GR3D_FREQ 0% cpu@56.562C soc2@54.843C soc0@53.093C gpu@56.062C tj@56.562C soc1@55.125C VDD_IN 6388mW/5958mW VDD_CPU_GPU_CV 1782mW/1456mW VDD_SOC 1505mW/1461mW
06-14-2026 18:14:03 RAM 667/7607MB (lfb 6x512kB) SWAP 327/3804MB (cached 0MB) CPU [26%@1510,39%@1510,9%@1510,40%@1510,37%@1510,54%@1510] GR3D_FREQ 0% cpu@56.562C soc2@54.875C soc0@53.031C gpu@56.031C tj@56.562C soc1@55.156C VDD_IN 6428mW/5983mW VDD_CPU_GPU_CV 1782mW/1474mW VDD_SOC 1505mW/1463mW
06-14-2026 18:14:04 RAM 665/7607MB (lfb 4x512kB) SWAP 331/3804MB (cached 0MB) CPU [27%@1510,12%@1510,0%@1510,50%@1510,97%@1510,0%@1510] GR3D_FREQ 0% cpu@56.562C soc2@54.906C soc0@53.156C gpu@56.062C tj@56.562C soc1@55.25C VDD_IN 6309mW/5999mW VDD_CPU_GPU_CV 1743mW/1487mW VDD_SOC 1465mW/1463mW
06-14-2026 18:14:05 RAM 589/7607MB (lfb 2x4MB) SWAP 328/3804MB (cached 0MB) CPU [7%@1510,12%@1510,1%@1510,8%@1510,90%@1510,2%@1510] GR3D_FREQ 0% cpu@56.781C soc2@54.906C soc0@53.25C gpu@56.062C tj@56.781C soc1@55.312C VDD_IN 6150mW/6006mW VDD_CPU_GPU_CV 1545mW/1490mW VDD_SOC 1465mW/1463mW
06-14-2026 18:14:06 RAM 737/7607MB (lfb 3x512kB) SWAP 328/3804MB (cached 0MB) CPU [15%@1510,81%@1510,6%@1510,9%@1510,6%@1510,6%@1510] GR3D_FREQ 0% cpu@56.468C soc2@54.875C soc0@53.062C gpu@56.218C tj@56.468C soc1@55.156C VDD_IN 6031mW/6007mW VDD_CPU_GPU_CV 1465mW/1489mW VDD_SOC 1465mW/1463mW
06-14-2026 18:14:07 RAM 758/7607MB (lfb 4x512kB) SWAP 328/3804MB (cached 0MB) CPU [8%@1510,72%@1510,0%@1510,0%@1510,24%@1510,0%@1510] GR3D_FREQ 0% cpu@56.437C soc2@54.75C soc0@53.031C gpu@56.218C tj@56.437C soc1@55.156C VDD_IN 5991mW/6006mW VDD_CPU_GPU_CV 1426mW/1486mW VDD_SOC 1465mW/1464mW
06-14-2026 18:14:08 RAM 766/7607MB (lfb 4x512kB) SWAP 328/3804MB (cached 0MB) CPU [3%@1510,0%@1510,0%@1510,1%@1510,99%@1510,0%@1510] GR3D_FREQ 1% cpu@56.406C soc2@54.875C soc0@53.093C gpu@56.218C tj@56.406C soc1@55.187C VDD_IN 5952mW/6004mW VDD_CPU_GPU_CV 1386mW/1482mW VDD_SOC 1426mW/1462mW
06-14-2026 18:14:09 RAM 680/7607MB (lfb 1x512kB) SWAP 330/3804MB (cached 0MB) CPU [26%@1510,31%@1510,6%@1510,68%@1510,26%@1510,55%@1510] GR3D_FREQ 0% cpu@56.687C soc2@54.812C soc0@53.156C gpu@56.312C tj@56.687C soc1@55.156C VDD_IN 6507mW/6024mW VDD_CPU_GPU_CV 1861mW/1497mW VDD_SOC 1505mW/1464mW
06-14-2026 18:14:10 RAM 649/7607MB (lfb 10x512kB) SWAP 337/3804MB (cached 0MB) CPU [28%@1510,44%@1510,0%@1510,100%@1510,0%@1510,79%@1510] GR3D_FREQ 0% cpu@56.843C soc2@54.875C soc0@53.156C gpu@56.437C tj@56.843C soc1@55.375C VDD_IN 6626mW/6047mW VDD_CPU_GPU_CV 1941mW/1514mW VDD_SOC 1545mW/1467mW
06-14-2026 18:14:11 RAM 651/7607MB (lfb 1x1MB) SWAP 340/3804MB (cached 0MB) CPU [25%@1510,33%@1510,1%@1510,95%@1510,0%@1510,74%@1510] GR3D_FREQ 0% cpu@56.687C soc2@55.031C soc0@53.218C gpu@56.5C tj@56.687C soc1@55.281C VDD_IN 6547mW/6066mW VDD_CPU_GPU_CV 1901mW/1528mW VDD_SOC 1505mW/1468mW
06-14-2026 18:14:12 RAM 654/7607MB (lfb 2x1MB) SWAP 343/3804MB (cached 0MB) CPU [32%@1510,32%@1510,0%@1510,97%@1510,1%@1510,51%@1510] GR3D_FREQ 0% cpu@56.718C soc2@54.968C soc0@53.062C gpu@56.031C tj@56.718C soc1@55.218C VDD_IN 6428mW/6079mW VDD_CPU_GPU_CV 1822mW/1539mW VDD_SOC 1465mW/1468mW
06-14-2026 18:14:13 RAM 722/7607MB (lfb 1x512kB) SWAP 374/3804MB (cached 0MB) CPU [18%@1510,20%@1510,0%@1510,93%@1510,1%@1510,47%@1510] GR3D_FREQ 0% cpu@56.468C soc2@54.937C soc0@53.156C gpu@56.062C tj@56.468C soc1@55.25C VDD_IN 6190mW/6083mW VDD_CPU_GPU_CV 1584mW/1540mW VDD_SOC 1465mW/1468mW
06-14-2026 18:14:14 RAM 579/7607MB (lfb 2x4MB) SWAP 339/3804MB (cached 0MB) CPU [2%@1510,2%@1510,13%@1510,53%@1510,13%@1510,4%@1510] GR3D_FREQ 0% cpu@56.343C soc2@54.875C soc0@53.218C gpu@56.125C tj@56.343C soc1@55.218C VDD_IN 5713mW/6070mW VDD_CPU_GPU_CV 1267mW/1531mW VDD_SOC 1426mW/1467mW
06-14-2026 18:14:15 RAM 579/7607MB (lfb 2x4MB) SWAP 339/3804MB (cached 0MB) CPU [0%@1510,0%@1510,0%@1510,0%@1510,0%@1510,0%@1510] GR3D_FREQ 0% cpu@56.343C soc2@54.906C soc0@53.218C gpu@56.062C tj@56.343C soc1@55.375C VDD_IN 5237mW/6044mW VDD_CPU_GPU_CV 990mW/1514mW VDD_SOC 1386mW/1464mW
